2025-06-15 14:42:36,945 - Main - INFO - Starting ML pipeline (MLflow run: a121798ba965451d955ceeb239f5f4e2)
2025-06-15 14:42:36,945 - Main - INFO - Generating customer churn dataset
2025-06-15 14:42:36,962 - Main - INFO - Dataset saved to 'data/customer_churn_data.csv'
2025-06-15 14:42:36,962 - Main - INFO - Initializing pipeline components
2025-06-15 14:42:36,964 - Main - INFO - Loading and preprocessing data
2025-06-15 14:42:36,985 - Main - INFO - Starting model training and evaluation
2025-06-15 14:42:48,764 - Main - INFO - Model Evaluation Results:
2025-06-15 14:42:48,764 - Main - INFO - 
LOGISTIC_REGRESSION:
2025-06-15 14:42:48,764 - Main - INFO - accuracy: 0.7300
2025-06-15 14:42:48,764 - Main - INFO - precision: 0.7115
2025-06-15 14:42:48,764 - Main - INFO - recall: 0.7300
2025-06-15 14:42:48,764 - Main - INFO - f1: 0.7084
2025-06-15 14:42:48,764 - Main - INFO - 
RANDOM_FOREST:
2025-06-15 14:42:48,764 - Main - INFO - accuracy: 0.7000
2025-06-15 14:42:48,764 - Main - INFO - precision: 0.6777
2025-06-15 14:42:48,764 - Main - INFO - recall: 0.7000
2025-06-15 14:42:48,764 - Main - INFO - f1: 0.6813
2025-06-15 14:42:48,764 - Main - INFO - 
GRADIENT_BOOSTING:
2025-06-15 14:42:48,764 - Main - INFO - accuracy: 0.6750
2025-06-15 14:42:48,764 - Main - INFO - precision: 0.6547
2025-06-15 14:42:48,764 - Main - INFO - recall: 0.6750
2025-06-15 14:42:48,764 - Main - INFO - f1: 0.6610
2025-06-15 14:42:48,764 - Main - INFO - 
SVM:
2025-06-15 14:42:48,764 - Main - INFO - accuracy: 0.7100
2025-06-15 14:42:48,764 - Main - INFO - precision: 0.6845
2025-06-15 14:42:48,764 - Main - INFO - recall: 0.7100
2025-06-15 14:42:48,765 - Main - INFO - f1: 0.6811
2025-06-15 14:42:48,765 - Main - INFO - Saving best model without complex wrappers
2025-06-15 14:42:48,766 - Main - INFO - Best model saved to 'models/best_model.joblib'
2025-06-15 14:42:48,766 - Main - INFO - Creating dependency-free preprocessor
2025-06-15 14:42:48,768 - Main - INFO - Fixed preprocessor saved to 'models/preprocessor.joblib'
2025-06-15 14:42:48,768 - Main - INFO - Testing saved model and preprocessor...
2025-06-15 14:42:48,777 - Main - ERROR - Model testing failed: The feature names should match those that were passed during fit.
Feature names seen at fit time, yet now missing:
- contract_type
- device_protection
- internet_service
- online_backup
- online_security
- ...

2025-06-15 14:42:48,779 - Main - WARNING - MLflow logging failed (non-critical): Unable to map 'object' type to MLflow DataType. object can be mapped iff all values have identical data type which is one of (string, (bytes or byterray),  int, float).
2025-06-15 14:42:48,779 - Main - INFO - ML pipeline completed successfully
