2025-06-03 16:06:02,821 - Main - INFO - Starting ML pipeline (MLflow run: 388abe9afc8a4f6796f4df5c5ee7f79d)
2025-06-03 16:06:02,821 - Main - INFO - Generating customer churn dataset
2025-06-03 16:06:02,847 - Main - INFO - Dataset saved to 'data/customer_churn_data.csv'
2025-06-03 16:06:02,847 - Main - INFO - Initializing pipeline components
2025-06-03 16:06:02,853 - Main - INFO - Loading and preprocessing data
2025-06-03 16:06:02,893 - Main - INFO - Starting model training and evaluation
2025-06-03 16:06:18,537 - Main - INFO - Model Evaluation Results:
2025-06-03 16:06:18,537 - Main - INFO - 
LOGISTIC_REGRESSION:
2025-06-03 16:06:18,537 - Main - INFO - accuracy: 0.7300
2025-06-03 16:06:18,537 - Main - INFO - precision: 0.7115
2025-06-03 16:06:18,537 - Main - INFO - recall: 0.7300
2025-06-03 16:06:18,537 - Main - INFO - f1: 0.7084
2025-06-03 16:06:18,537 - Main - INFO - 
RANDOM_FOREST:
2025-06-03 16:06:18,537 - Main - INFO - accuracy: 0.7000
2025-06-03 16:06:18,537 - Main - INFO - precision: 0.6777
2025-06-03 16:06:18,537 - Main - INFO - recall: 0.7000
2025-06-03 16:06:18,537 - Main - INFO - f1: 0.6813
2025-06-03 16:06:18,537 - Main - INFO - 
GRADIENT_BOOSTING:
2025-06-03 16:06:18,537 - Main - INFO - accuracy: 0.6750
2025-06-03 16:06:18,537 - Main - INFO - precision: 0.6547
2025-06-03 16:06:18,537 - Main - INFO - recall: 0.6750
2025-06-03 16:06:18,537 - Main - INFO - f1: 0.6610
2025-06-03 16:06:18,537 - Main - INFO - 
SVM:
2025-06-03 16:06:18,537 - Main - INFO - accuracy: 0.7100
2025-06-03 16:06:18,537 - Main - INFO - precision: 0.6845
2025-06-03 16:06:18,537 - Main - INFO - recall: 0.7100
2025-06-03 16:06:18,537 - Main - INFO - f1: 0.6811
2025-06-03 16:06:20,061 - Main - INFO - Best model saved to 'models/best_model.joblib'
2025-06-03 16:06:20,061 - Main - INFO - ML pipeline completed successfully
