2025-06-03 16:12:23,116 - Main - INFO - Starting ML pipeline (MLflow run: f9f6959060f745e7aaef493805ff4e1c)
2025-06-03 16:12:23,116 - Main - INFO - Generating customer churn dataset
2025-06-03 16:12:23,134 - Main - INFO - Dataset saved to 'data/customer_churn_data.csv'
2025-06-03 16:12:23,135 - Main - INFO - Initializing pipeline components
2025-06-03 16:12:23,137 - Main - INFO - Loading and preprocessing data
2025-06-03 16:12:23,158 - Main - INFO - Starting model training and evaluation
2025-06-03 16:12:34,119 - Main - INFO - Model Evaluation Results:
2025-06-03 16:12:34,119 - Main - INFO - 
LOGISTIC_REGRESSION:
2025-06-03 16:12:34,119 - Main - INFO - accuracy: 0.7300
2025-06-03 16:12:34,121 - Main - INFO - precision: 0.7115
2025-06-03 16:12:34,122 - Main - INFO - recall: 0.7300
2025-06-03 16:12:34,123 - Main - INFO - f1: 0.7084
2025-06-03 16:12:34,124 - Main - INFO - 
RANDOM_FOREST:
2025-06-03 16:12:34,124 - Main - INFO - accuracy: 0.7000
2025-06-03 16:12:34,125 - Main - INFO - precision: 0.6777
2025-06-03 16:12:34,126 - Main - INFO - recall: 0.7000
2025-06-03 16:12:34,128 - Main - INFO - f1: 0.6813
2025-06-03 16:12:34,129 - Main - INFO - 
GRADIENT_BOOSTING:
2025-06-03 16:12:34,129 - Main - INFO - accuracy: 0.6750
2025-06-03 16:12:34,130 - Main - INFO - precision: 0.6547
2025-06-03 16:12:34,131 - Main - INFO - recall: 0.6750
2025-06-03 16:12:34,132 - Main - INFO - f1: 0.6610
2025-06-03 16:12:34,133 - Main - INFO - 
SVM:
2025-06-03 16:12:34,133 - Main - INFO - accuracy: 0.7100
2025-06-03 16:12:34,134 - Main - INFO - precision: 0.6845
2025-06-03 16:12:34,135 - Main - INFO - recall: 0.7100
2025-06-03 16:12:34,136 - Main - INFO - f1: 0.6811
2025-06-03 16:12:35,717 - Main - INFO - Best model saved to 'models/best_model.joblib'
2025-06-03 16:12:35,717 - Main - INFO - ML pipeline completed successfully
