2025-06-04 12:08:44,736 - Main - INFO - Starting ML pipeline (MLflow run: 44e33d66cee34c898c5528eecd8330d9)
2025-06-04 12:08:44,736 - Main - INFO - Generating customer churn dataset
2025-06-04 12:08:44,751 - Main - INFO - Dataset saved to 'data/customer_churn_data.csv'
2025-06-04 12:08:44,752 - Main - INFO - Initializing pipeline components
2025-06-04 12:08:44,755 - Main - INFO - Loading and preprocessing data
2025-06-04 12:08:44,779 - Main - INFO - Starting model training and evaluation
2025-06-04 12:08:55,672 - Main - INFO - Model Evaluation Results:
2025-06-04 12:08:55,672 - Main - INFO - 
LOGISTIC_REGRESSION:
2025-06-04 12:08:55,672 - Main - INFO - accuracy: 0.7300
2025-06-04 12:08:55,672 - Main - INFO - precision: 0.7115
2025-06-04 12:08:55,672 - Main - INFO - recall: 0.7300
2025-06-04 12:08:55,672 - Main - INFO - f1: 0.7084
2025-06-04 12:08:55,673 - Main - INFO - 
RANDOM_FOREST:
2025-06-04 12:08:55,673 - Main - INFO - accuracy: 0.7000
2025-06-04 12:08:55,673 - Main - INFO - precision: 0.6777
2025-06-04 12:08:55,673 - Main - INFO - recall: 0.7000
2025-06-04 12:08:55,673 - Main - INFO - f1: 0.6813
2025-06-04 12:08:55,673 - Main - INFO - 
GRADIENT_BOOSTING:
2025-06-04 12:08:55,673 - Main - INFO - accuracy: 0.6750
2025-06-04 12:08:55,673 - Main - INFO - precision: 0.6547
2025-06-04 12:08:55,673 - Main - INFO - recall: 0.6750
2025-06-04 12:08:55,673 - Main - INFO - f1: 0.6610
2025-06-04 12:08:55,673 - Main - INFO - 
SVM:
2025-06-04 12:08:55,673 - Main - INFO - accuracy: 0.7100
2025-06-04 12:08:55,673 - Main - INFO - precision: 0.6845
2025-06-04 12:08:55,673 - Main - INFO - recall: 0.7100
2025-06-04 12:08:55,673 - Main - INFO - f1: 0.6811
2025-06-04 12:08:57,526 - Main - INFO - Best model saved to 'models/best_model.joblib'
2025-06-04 12:08:57,527 - Main - INFO - ML pipeline completed successfully
