2025-06-15 14:41:49,612 - Main - INFO - Starting ML pipeline (MLflow run: 02dc14eadab845af9912d4d20354d7b0)
2025-06-15 14:41:49,612 - Main - INFO - Generating customer churn dataset
2025-06-15 14:41:49,632 - Main - INFO - Dataset saved to 'data/customer_churn_data.csv'
2025-06-15 14:41:49,632 - Main - INFO - Initializing pipeline components
2025-06-15 14:41:49,636 - Main - INFO - Loading and preprocessing data
2025-06-15 14:41:49,661 - Main - INFO - Starting model training and evaluation
2025-06-15 14:42:05,826 - Main - INFO - Model Evaluation Results:
2025-06-15 14:42:05,827 - Main - INFO - 
LOGISTIC_REGRESSION:
2025-06-15 14:42:05,827 - Main - INFO - accuracy: 0.7300
2025-06-15 14:42:05,827 - Main - INFO - precision: 0.7115
2025-06-15 14:42:05,827 - Main - INFO - recall: 0.7300
2025-06-15 14:42:05,827 - Main - INFO - f1: 0.7084
2025-06-15 14:42:05,827 - Main - INFO - 
RANDOM_FOREST:
2025-06-15 14:42:05,827 - Main - INFO - accuracy: 0.7000
2025-06-15 14:42:05,827 - Main - INFO - precision: 0.6777
2025-06-15 14:42:05,827 - Main - INFO - recall: 0.7000
2025-06-15 14:42:05,827 - Main - INFO - f1: 0.6813
2025-06-15 14:42:05,827 - Main - INFO - 
GRADIENT_BOOSTING:
2025-06-15 14:42:05,827 - Main - INFO - accuracy: 0.6750
2025-06-15 14:42:05,827 - Main - INFO - precision: 0.6547
2025-06-15 14:42:05,827 - Main - INFO - recall: 0.6750
2025-06-15 14:42:05,827 - Main - INFO - f1: 0.6610
2025-06-15 14:42:05,827 - Main - INFO - 
SVM:
2025-06-15 14:42:05,827 - Main - INFO - accuracy: 0.7100
2025-06-15 14:42:05,827 - Main - INFO - precision: 0.6845
2025-06-15 14:42:05,827 - Main - INFO - recall: 0.7100
2025-06-15 14:42:05,827 - Main - INFO - f1: 0.6811
2025-06-15 14:42:05,827 - Main - INFO - Saving best model without complex wrappers
2025-06-15 14:42:05,829 - Main - INFO - Best model saved to 'models/best_model.joblib'
2025-06-15 14:42:05,829 - Main - INFO - Creating dependency-free preprocessor
