2025-06-03 15:45:19,769 - Main - INFO - Starting ML pipeline (MLflow run: dbf38dd235e74ea492eee0c2e136b133)
2025-06-03 15:45:19,770 - Main - INFO - Generating customer churn dataset
2025-06-03 15:45:19,784 - Main - INFO - Dataset saved to 'data/customer_churn_data.csv'
2025-06-03 15:45:19,785 - Main - INFO - Initializing pipeline components
2025-06-03 15:45:19,787 - Main - INFO - Loading and preprocessing data
2025-06-03 15:45:19,807 - Main - INFO - Starting model training and evaluation
2025-06-03 15:45:20,397 - Main - INFO - Model Evaluation Results:
2025-06-03 15:45:20,397 - Main - INFO - 
LOGISTIC_REGRESSION:
2025-06-03 15:45:20,397 - Main - INFO - accuracy: 0.7300
2025-06-03 15:45:20,398 - Main - INFO - precision: 0.7115
2025-06-03 15:45:20,399 - Main - INFO - recall: 0.7300
2025-06-03 15:45:20,400 - Main - INFO - f1: 0.7084
2025-06-03 15:45:20,400 - Main - INFO - 
RANDOM_FOREST:
2025-06-03 15:45:20,400 - Main - INFO - accuracy: 0.7000
2025-06-03 15:45:20,401 - Main - INFO - precision: 0.6777
2025-06-03 15:45:20,402 - Main - INFO - recall: 0.7000
2025-06-03 15:45:20,403 - Main - INFO - f1: 0.6813
2025-06-03 15:45:20,404 - Main - INFO - 
GRADIENT_BOOSTING:
2025-06-03 15:45:20,404 - Main - INFO - accuracy: 0.6750
2025-06-03 15:45:20,405 - Main - INFO - precision: 0.6547
2025-06-03 15:45:20,406 - Main - INFO - recall: 0.6750
2025-06-03 15:45:20,407 - Main - INFO - f1: 0.6610
2025-06-03 15:45:20,407 - Main - INFO - 
SVM:
2025-06-03 15:45:20,407 - Main - INFO - accuracy: 0.7100
2025-06-03 15:45:20,409 - Main - INFO - precision: 0.6845
2025-06-03 15:45:20,410 - Main - INFO - recall: 0.7100
2025-06-03 15:45:20,410 - Main - INFO - f1: 0.6811
2025-06-03 15:45:22,733 - Main - INFO - Best model saved to 'models/best_model.joblib'
2025-06-03 15:45:22,733 - Main - INFO - ML pipeline completed successfully
