2025-06-15 14:29:20,984 - Main - INFO - Starting ML pipeline (MLflow run: e07adb6959ed4645a2d0ff1af37aaff7)
2025-06-15 14:29:20,985 - Main - INFO - Generating customer churn dataset
2025-06-15 14:29:21,000 - Main - INFO - Dataset saved to 'data/customer_churn_data.csv'
2025-06-15 14:29:21,000 - Main - INFO - Initializing pipeline components
2025-06-15 14:29:21,003 - Main - INFO - Loading and preprocessing data
2025-06-15 14:29:21,026 - Main - INFO - Starting model training and evaluation
2025-06-15 14:29:41,590 - Main - INFO - Model Evaluation Results:
2025-06-15 14:29:41,591 - Main - INFO - 
LOGISTIC_REGRESSION:
2025-06-15 14:29:41,591 - Main - INFO - accuracy: 0.7300
2025-06-15 14:29:41,591 - Main - INFO - precision: 0.7115
2025-06-15 14:29:41,591 - Main - INFO - recall: 0.7300
2025-06-15 14:29:41,591 - Main - INFO - f1: 0.7084
2025-06-15 14:29:41,591 - Main - INFO - 
RANDOM_FOREST:
2025-06-15 14:29:41,591 - Main - INFO - accuracy: 0.7000
2025-06-15 14:29:41,591 - Main - INFO - precision: 0.6777
2025-06-15 14:29:41,591 - Main - INFO - recall: 0.7000
2025-06-15 14:29:41,591 - Main - INFO - f1: 0.6813
2025-06-15 14:29:41,591 - Main - INFO - 
GRADIENT_BOOSTING:
2025-06-15 14:29:41,591 - Main - INFO - accuracy: 0.6750
2025-06-15 14:29:41,591 - Main - INFO - precision: 0.6547
2025-06-15 14:29:41,591 - Main - INFO - recall: 0.6750
2025-06-15 14:29:41,591 - Main - INFO - f1: 0.6610
2025-06-15 14:29:41,591 - Main - INFO - 
SVM:
2025-06-15 14:29:41,591 - Main - INFO - accuracy: 0.7100
2025-06-15 14:29:41,591 - Main - INFO - precision: 0.6845
2025-06-15 14:29:41,591 - Main - INFO - recall: 0.7100
2025-06-15 14:29:41,591 - Main - INFO - f1: 0.6811
2025-06-15 14:29:41,598 - Main - INFO - Preprocessor saved to 'models/preprocessor.joblib'
2025-06-15 14:29:41,600 - Main - INFO - Best model saved to 'models/best_model.joblib'
