2025-06-03 15:48:34,361 - Main - INFO - Starting ML pipeline (MLflow run: 9d52a94897f341c6a62e18fcc426f2fe)
2025-06-03 15:48:34,361 - Main - INFO - Generating customer churn dataset
2025-06-03 15:48:34,378 - Main - INFO - Dataset saved to 'data/customer_churn_data.csv'
2025-06-03 15:48:34,379 - Main - INFO - Initializing pipeline components
2025-06-03 15:48:34,382 - Main - INFO - Loading and preprocessing data
2025-06-03 15:48:34,402 - Main - INFO - Starting model training and evaluation
2025-06-03 15:48:35,008 - Main - INFO - Model Evaluation Results:
2025-06-03 15:48:35,008 - Main - INFO - 
LOGISTIC_REGRESSION:
2025-06-03 15:48:35,008 - Main - INFO - accuracy: 0.7300
2025-06-03 15:48:35,010 - Main - INFO - precision: 0.7115
2025-06-03 15:48:35,011 - Main - INFO - recall: 0.7300
2025-06-03 15:48:35,012 - Main - INFO - f1: 0.7084
2025-06-03 15:48:35,013 - Main - INFO - 
RANDOM_FOREST:
2025-06-03 15:48:35,013 - Main - INFO - accuracy: 0.7000
2025-06-03 15:48:35,014 - Main - INFO - precision: 0.6777
2025-06-03 15:48:35,015 - Main - INFO - recall: 0.7000
2025-06-03 15:48:35,016 - Main - INFO - f1: 0.6813
2025-06-03 15:48:35,017 - Main - INFO - 
GRADIENT_BOOSTING:
2025-06-03 15:48:35,017 - Main - INFO - accuracy: 0.6750
2025-06-03 15:48:35,017 - Main - INFO - precision: 0.6547
2025-06-03 15:48:35,018 - Main - INFO - recall: 0.6750
2025-06-03 15:48:35,019 - Main - INFO - f1: 0.6610
2025-06-03 15:48:35,020 - Main - INFO - 
SVM:
2025-06-03 15:48:35,020 - Main - INFO - accuracy: 0.7100
2025-06-03 15:48:35,021 - Main - INFO - precision: 0.6845
2025-06-03 15:48:35,022 - Main - INFO - recall: 0.7100
2025-06-03 15:48:35,022 - Main - INFO - f1: 0.6811
2025-06-03 15:48:37,146 - Main - INFO - Best model saved to 'models/best_model.joblib'
2025-06-03 15:48:37,147 - Main - INFO - ML pipeline completed successfully
