2025-06-04 11:54:36,238 - Main - INFO - Starting ML pipeline (MLflow run: d4bfc0633d7749b4af59dd3d5d36dac3)
2025-06-04 11:54:36,238 - Main - INFO - Generating customer churn dataset
2025-06-04 11:54:36,258 - Main - INFO - Dataset saved to 'data/customer_churn_data.csv'
2025-06-04 11:54:36,260 - Main - INFO - Initializing pipeline components
2025-06-04 11:54:36,264 - Main - INFO - Loading and preprocessing data
2025-06-04 11:54:36,289 - Main - INFO - Starting model training and evaluation
2025-06-04 11:54:36,995 - Main - INFO - Model Evaluation Results:
2025-06-04 11:54:36,996 - Main - INFO - 
LOGISTIC_REGRESSION:
2025-06-04 11:54:36,996 - Main - INFO - accuracy: 0.7300
2025-06-04 11:54:36,997 - Main - INFO - precision: 0.7115
2025-06-04 11:54:36,997 - Main - INFO - recall: 0.7300
2025-06-04 11:54:36,999 - Main - INFO - f1: 0.7084
2025-06-04 11:54:37,000 - Main - INFO - 
RANDOM_FOREST:
2025-06-04 11:54:37,000 - Main - INFO - accuracy: 0.7000
2025-06-04 11:54:37,001 - Main - INFO - precision: 0.6777
2025-06-04 11:54:37,002 - Main - INFO - recall: 0.7000
2025-06-04 11:54:37,003 - Main - INFO - f1: 0.6813
2025-06-04 11:54:37,004 - Main - INFO - 
GRADIENT_BOOSTING:
2025-06-04 11:54:37,004 - Main - INFO - accuracy: 0.6750
2025-06-04 11:54:37,005 - Main - INFO - precision: 0.6547
2025-06-04 11:54:37,006 - Main - INFO - recall: 0.6750
2025-06-04 11:54:37,007 - Main - INFO - f1: 0.6610
2025-06-04 11:54:37,008 - Main - INFO - 
SVM:
2025-06-04 11:54:37,008 - Main - INFO - accuracy: 0.7100
2025-06-04 11:54:37,009 - Main - INFO - precision: 0.6845
2025-06-04 11:54:37,010 - Main - INFO - recall: 0.7100
2025-06-04 11:54:37,011 - Main - INFO - f1: 0.6811
2025-06-04 11:54:39,277 - Main - INFO - Best model saved to 'models/best_model.joblib'
2025-06-04 11:54:39,277 - Main - INFO - ML pipeline completed successfully
