2025-06-15 12:32:11,879 - Main - INFO - Starting ML pipeline (MLflow run: a79d80c8cb5143c9b1ae6dd3d9a5fa8c)
2025-06-15 12:32:11,879 - Main - INFO - Generating customer churn dataset
2025-06-15 12:32:11,889 - Main - INFO - Dataset saved to 'data/customer_churn_data.csv'
2025-06-15 12:32:11,889 - Main - INFO - Initializing pipeline components
2025-06-15 12:32:11,890 - Main - INFO - Loading and preprocessing data
2025-06-15 12:32:11,905 - Main - INFO - Starting model training and evaluation
2025-06-15 12:32:19,876 - Main - INFO - Model Evaluation Results:
2025-06-15 12:32:19,876 - Main - INFO - 
LOGISTIC_REGRESSION:
2025-06-15 12:32:19,876 - Main - INFO - accuracy: 0.7300
2025-06-15 12:32:19,876 - Main - INFO - precision: 0.7115
2025-06-15 12:32:19,876 - Main - INFO - recall: 0.7300
2025-06-15 12:32:19,876 - Main - INFO - f1: 0.7084
2025-06-15 12:32:19,876 - Main - INFO - 
RANDOM_FOREST:
2025-06-15 12:32:19,876 - Main - INFO - accuracy: 0.7000
2025-06-15 12:32:19,876 - Main - INFO - precision: 0.6777
2025-06-15 12:32:19,876 - Main - INFO - recall: 0.7000
2025-06-15 12:32:19,876 - Main - INFO - f1: 0.6813
2025-06-15 12:32:19,876 - Main - INFO - 
GRADIENT_BOOSTING:
2025-06-15 12:32:19,876 - Main - INFO - accuracy: 0.6750
2025-06-15 12:32:19,876 - Main - INFO - precision: 0.6547
2025-06-15 12:32:19,877 - Main - INFO - recall: 0.6750
2025-06-15 12:32:19,877 - Main - INFO - f1: 0.6610
2025-06-15 12:32:19,877 - Main - INFO - 
SVM:
2025-06-15 12:32:19,877 - Main - INFO - accuracy: 0.7100
2025-06-15 12:32:19,877 - Main - INFO - precision: 0.6845
2025-06-15 12:32:19,877 - Main - INFO - recall: 0.7100
2025-06-15 12:32:19,877 - Main - INFO - f1: 0.6811
2025-06-15 12:32:19,879 - Main - INFO - Preprocessor saved to 'models/preprocessor.joblib'
2025-06-15 12:32:19,880 - Main - INFO - Best model saved to 'models/best_model.joblib'
2025-06-15 12:32:23,012 - Main - INFO - ML pipeline completed successfully
