2025-06-03 15:44:22,056 - Main - INFO - Starting ML pipeline (MLflow run: 1c94e39a46494ee7875b773c959d8801)
2025-06-03 15:44:22,056 - Main - INFO - Generating customer churn dataset
2025-06-03 15:44:22,096 - Main - INFO - Dataset saved to 'data/customer_churn_data.csv'
2025-06-03 15:44:22,099 - Main - INFO - Initializing pipeline components
2025-06-03 15:44:22,108 - Main - INFO - Loading and preprocessing data
2025-06-03 15:44:22,164 - Main - INFO - Starting model training and evaluation
2025-06-03 15:44:23,243 - Main - INFO - Model Evaluation Results:
2025-06-03 15:44:23,244 - Main - INFO - 
LOGISTIC_REGRESSION:
2025-06-03 15:44:23,244 - Main - INFO - accuracy: 0.7300
2025-06-03 15:44:23,246 - Main - INFO - precision: 0.7115
2025-06-03 15:44:23,247 - Main - INFO - recall: 0.7300
2025-06-03 15:44:23,249 - Main - INFO - f1: 0.7084
2025-06-03 15:44:23,252 - Main - INFO - 
RANDOM_FOREST:
2025-06-03 15:44:23,252 - Main - INFO - accuracy: 0.7000
2025-06-03 15:44:23,254 - Main - INFO - precision: 0.6777
2025-06-03 15:44:23,257 - Main - INFO - recall: 0.7000
2025-06-03 15:44:23,260 - Main - INFO - f1: 0.6813
2025-06-03 15:44:23,263 - Main - INFO - 
GRADIENT_BOOSTING:
2025-06-03 15:44:23,263 - Main - INFO - accuracy: 0.6750
2025-06-03 15:44:23,265 - Main - INFO - precision: 0.6547
2025-06-03 15:44:23,267 - Main - INFO - recall: 0.6750
2025-06-03 15:44:23,270 - Main - INFO - f1: 0.6610
2025-06-03 15:44:23,272 - Main - INFO - 
SVM:
2025-06-03 15:44:23,273 - Main - INFO - accuracy: 0.7100
2025-06-03 15:44:23,274 - Main - INFO - precision: 0.6845
2025-06-03 15:44:23,277 - Main - INFO - recall: 0.7100
2025-06-03 15:44:23,279 - Main - INFO - f1: 0.6811
2025-06-03 15:44:25,698 - Main - INFO - Best model saved to 'models/best_model.joblib'
2025-06-03 15:44:25,698 - Main - INFO - ML pipeline completed successfully
