2025-06-15 14:49:28,124 - Main - INFO - Starting ML pipeline (MLflow run: b6096d6d08894f21bafd375c208fdfb1)
2025-06-15 14:49:28,125 - Main - INFO - Generating customer churn dataset
2025-06-15 14:49:28,143 - Main - INFO - Dataset saved to 'data/customer_churn_data.csv'
2025-06-15 14:49:28,143 - Main - INFO - Initializing pipeline components
2025-06-15 14:49:28,145 - Main - INFO - Loading and preprocessing data
2025-06-15 14:49:28,168 - Main - INFO - Starting model training and evaluation
2025-06-15 14:49:40,907 - Main - INFO - Model Evaluation Results:
2025-06-15 14:49:40,907 - Main - INFO - 
LOGISTIC_REGRESSION:
2025-06-15 14:49:40,907 - Main - INFO - accuracy: 0.7300
2025-06-15 14:49:40,907 - Main - INFO - precision: 0.7115
2025-06-15 14:49:40,907 - Main - INFO - recall: 0.7300
2025-06-15 14:49:40,907 - Main - INFO - f1: 0.7084
2025-06-15 14:49:40,907 - Main - INFO - 
RANDOM_FOREST:
2025-06-15 14:49:40,907 - Main - INFO - accuracy: 0.7000
2025-06-15 14:49:40,907 - Main - INFO - precision: 0.6777
2025-06-15 14:49:40,907 - Main - INFO - recall: 0.7000
2025-06-15 14:49:40,907 - Main - INFO - f1: 0.6813
2025-06-15 14:49:40,907 - Main - INFO - 
GRADIENT_BOOSTING:
2025-06-15 14:49:40,907 - Main - INFO - accuracy: 0.6750
2025-06-15 14:49:40,907 - Main - INFO - precision: 0.6547
2025-06-15 14:49:40,907 - Main - INFO - recall: 0.6750
2025-06-15 14:49:40,907 - Main - INFO - f1: 0.6610
2025-06-15 14:49:40,907 - Main - INFO - 
SVM:
2025-06-15 14:49:40,907 - Main - INFO - accuracy: 0.7100
2025-06-15 14:49:40,907 - Main - INFO - precision: 0.6845
2025-06-15 14:49:40,907 - Main - INFO - recall: 0.7100
2025-06-15 14:49:40,907 - Main - INFO - f1: 0.6811
2025-06-15 14:49:40,907 - Main - INFO - Saving best model without complex wrappers
2025-06-15 14:49:40,909 - Main - INFO - Best model saved to 'models/best_model.joblib'
2025-06-15 14:49:40,909 - Main - INFO - Creating dependency-free preprocessor
2025-06-15 14:49:40,914 - Main - INFO - Fixed preprocessor saved to 'models/preprocessor.joblib'
2025-06-15 14:49:40,914 - Main - INFO - Testing saved model and preprocessor...
2025-06-15 14:49:40,941 - Main - INFO - High-risk test case - Churn probability: 0.530
2025-06-15 14:49:40,941 - Main - INFO - Low-risk test case - Churn probability: 0.026
2025-06-15 14:49:40,941 - Main - INFO - ✅ Model test PASSED - Different predictions for different inputs
2025-06-15 14:49:40,943 - Main - WARNING - MLflow logging failed (non-critical): Unable to map 'object' type to MLflow DataType. object can be mapped iff all values have identical data type which is one of (string, (bytes or byterray),  int, float).
2025-06-15 14:49:40,943 - Main - INFO - ML pipeline completed successfully
