2025-06-04 14:40:49,245 - Main - INFO - Starting ML pipeline (MLflow run: 5dbeba55339e4edb90dda70e3bf4bede)
2025-06-04 14:40:49,245 - Main - INFO - Generating customer churn dataset
2025-06-04 14:40:49,261 - Main - INFO - Dataset saved to 'data/customer_churn_data.csv'
2025-06-04 14:40:49,261 - Main - INFO - Initializing pipeline components
2025-06-04 14:40:49,264 - Main - INFO - Loading and preprocessing data
2025-06-04 14:40:49,281 - Main - INFO - Starting model training and evaluation
2025-06-04 14:41:00,285 - Main - INFO - Model Evaluation Results:
2025-06-04 14:41:00,286 - Main - INFO - 
LOGISTIC_REGRESSION:
2025-06-04 14:41:00,286 - Main - INFO - accuracy: 0.7300
2025-06-04 14:41:00,286 - Main - INFO - precision: 0.7115
2025-06-04 14:41:00,286 - Main - INFO - recall: 0.7300
2025-06-04 14:41:00,286 - Main - INFO - f1: 0.7084
2025-06-04 14:41:00,286 - Main - INFO - 
RANDOM_FOREST:
2025-06-04 14:41:00,286 - Main - INFO - accuracy: 0.7000
2025-06-04 14:41:00,286 - Main - INFO - precision: 0.6777
2025-06-04 14:41:00,286 - Main - INFO - recall: 0.7000
2025-06-04 14:41:00,286 - Main - INFO - f1: 0.6813
2025-06-04 14:41:00,286 - Main - INFO - 
GRADIENT_BOOSTING:
2025-06-04 14:41:00,286 - Main - INFO - accuracy: 0.6750
2025-06-04 14:41:00,286 - Main - INFO - precision: 0.6547
2025-06-04 14:41:00,286 - Main - INFO - recall: 0.6750
2025-06-04 14:41:00,286 - Main - INFO - f1: 0.6610
2025-06-04 14:41:00,286 - Main - INFO - 
SVM:
2025-06-04 14:41:00,286 - Main - INFO - accuracy: 0.7100
2025-06-04 14:41:00,286 - Main - INFO - precision: 0.6845
2025-06-04 14:41:00,286 - Main - INFO - recall: 0.7100
2025-06-04 14:41:00,286 - Main - INFO - f1: 0.6811
2025-06-04 14:41:01,815 - Main - INFO - Best model saved to 'models/best_model.joblib'
2025-06-04 14:41:01,815 - Main - INFO - ML pipeline completed successfully
