2025-06-04 14:08:40,817 - SklearnModel - INFO - Initializing SklearnModel with LogisticRegression
2025-06-04 14:08:40,817 - SklearnModel - INFO - Initializing SklearnModel with RandomForestClassifier
2025-06-04 14:08:40,817 - SklearnModel - INFO - Initializing SklearnModel with RandomForestClassifier
2025-06-04 14:08:40,817 - SklearnModel - INFO - Initializing SklearnModel with GradientBoostingClassifier
2025-06-04 14:08:40,817 - SklearnModel - INFO - Initializing SklearnModel with GradientBoostingClassifier
2025-06-04 14:08:40,817 - SklearnModel - INFO - Initializing SklearnModel with GradientBoostingClassifier
2025-06-04 14:08:40,818 - SklearnModel - INFO - Initializing SklearnModel with SVC
2025-06-04 14:08:40,818 - SklearnModel - INFO - Initializing SklearnModel with SVC
2025-06-04 14:08:40,818 - SklearnModel - INFO - Initializing SklearnModel with SVC
2025-06-04 14:08:40,818 - SklearnModel - INFO - Initializing SklearnModel with SVC
2025-06-04 14:08:40,842 - SklearnModel - INFO - Training LogisticRegression
2025-06-04 14:08:40,842 - SklearnModel - INFO - Training LogisticRegression
2025-06-04 14:08:40,842 - SklearnModel - INFO - Training LogisticRegression
2025-06-04 14:08:40,842 - SklearnModel - INFO - Training LogisticRegression
2025-06-04 14:08:44,870 - SklearnModel - INFO - Training completed
2025-06-04 14:08:44,870 - SklearnModel - INFO - Training completed
2025-06-04 14:08:44,870 - SklearnModel - INFO - Training completed
2025-06-04 14:08:44,870 - SklearnModel - INFO - Training completed
2025-06-04 14:08:44,870 - SklearnModel - INFO - Evaluating model performance
2025-06-04 14:08:44,870 - SklearnModel - INFO - Evaluating model performance
2025-06-04 14:08:44,870 - SklearnModel - INFO - Evaluating model performance
2025-06-04 14:08:44,870 - SklearnModel - INFO - Evaluating model performance
2025-06-04 14:08:44,870 - SklearnModel - DEBUG - Making predictions
2025-06-04 14:08:44,870 - SklearnModel - DEBUG - Making predictions
2025-06-04 14:08:44,870 - SklearnModel - DEBUG - Making predictions
2025-06-04 14:08:44,870 - SklearnModel - DEBUG - Making predictions
2025-06-04 14:08:44,890 - SklearnModel - INFO - Evaluation metrics: {'accuracy': 0.73, 'precision': 0.7115204678362573, 'recall': 0.73, 'f1': 0.7084}
2025-06-04 14:08:44,890 - SklearnModel - INFO - Evaluation metrics: {'accuracy': 0.73, 'precision': 0.7115204678362573, 'recall': 0.73, 'f1': 0.7084}
2025-06-04 14:08:44,890 - SklearnModel - INFO - Evaluation metrics: {'accuracy': 0.73, 'precision': 0.7115204678362573, 'recall': 0.73, 'f1': 0.7084}
2025-06-04 14:08:44,890 - SklearnModel - INFO - Evaluation metrics: {'accuracy': 0.73, 'precision': 0.7115204678362573, 'recall': 0.73, 'f1': 0.7084}
2025-06-04 14:08:44,917 - SklearnModel - INFO - Training RandomForestClassifier
2025-06-04 14:08:44,917 - SklearnModel - INFO - Training RandomForestClassifier
2025-06-04 14:08:44,917 - SklearnModel - INFO - Training RandomForestClassifier
2025-06-04 14:08:44,917 - SklearnModel - INFO - Training RandomForestClassifier
2025-06-04 14:08:47,814 - SklearnModel - INFO - Training completed
2025-06-04 14:08:47,814 - SklearnModel - INFO - Training completed
2025-06-04 14:08:47,814 - SklearnModel - INFO - Training completed
2025-06-04 14:08:47,814 - SklearnModel - INFO - Training completed
2025-06-04 14:08:47,814 - SklearnModel - INFO - Evaluating model performance
2025-06-04 14:08:47,814 - SklearnModel - INFO - Evaluating model performance
2025-06-04 14:08:47,814 - SklearnModel - INFO - Evaluating model performance
2025-06-04 14:08:47,814 - SklearnModel - INFO - Evaluating model performance
2025-06-04 14:08:47,814 - SklearnModel - DEBUG - Making predictions
2025-06-04 14:08:47,814 - SklearnModel - DEBUG - Making predictions
2025-06-04 14:08:47,814 - SklearnModel - DEBUG - Making predictions
2025-06-04 14:08:47,814 - SklearnModel - DEBUG - Making predictions
2025-06-04 14:08:47,847 - SklearnModel - INFO - Evaluation metrics: {'accuracy': 0.7, 'precision': 0.677697408077155, 'recall': 0.7, 'f1': 0.6812889812889813}
2025-06-04 14:08:47,847 - SklearnModel - INFO - Evaluation metrics: {'accuracy': 0.7, 'precision': 0.677697408077155, 'recall': 0.7, 'f1': 0.6812889812889813}
2025-06-04 14:08:47,847 - SklearnModel - INFO - Evaluation metrics: {'accuracy': 0.7, 'precision': 0.677697408077155, 'recall': 0.7, 'f1': 0.6812889812889813}
2025-06-04 14:08:47,847 - SklearnModel - INFO - Evaluation metrics: {'accuracy': 0.7, 'precision': 0.677697408077155, 'recall': 0.7, 'f1': 0.6812889812889813}
2025-06-04 14:08:47,866 - SklearnModel - INFO - Training GradientBoostingClassifier
2025-06-04 14:08:47,866 - SklearnModel - INFO - Training GradientBoostingClassifier
2025-06-04 14:08:47,866 - SklearnModel - INFO - Training GradientBoostingClassifier
2025-06-04 14:08:47,866 - SklearnModel - INFO - Training GradientBoostingClassifier
2025-06-04 14:08:50,022 - SklearnModel - INFO - Training completed
2025-06-04 14:08:50,022 - SklearnModel - INFO - Training completed
2025-06-04 14:08:50,022 - SklearnModel - INFO - Training completed
2025-06-04 14:08:50,022 - SklearnModel - INFO - Training completed
2025-06-04 14:08:50,022 - SklearnModel - INFO - Evaluating model performance
2025-06-04 14:08:50,022 - SklearnModel - INFO - Evaluating model performance
2025-06-04 14:08:50,022 - SklearnModel - INFO - Evaluating model performance
2025-06-04 14:08:50,022 - SklearnModel - INFO - Evaluating model performance
2025-06-04 14:08:50,022 - SklearnModel - DEBUG - Making predictions
2025-06-04 14:08:50,022 - SklearnModel - DEBUG - Making predictions
2025-06-04 14:08:50,022 - SklearnModel - DEBUG - Making predictions
2025-06-04 14:08:50,022 - SklearnModel - DEBUG - Making predictions
2025-06-04 14:08:50,029 - SklearnModel - INFO - Evaluation metrics: {'accuracy': 0.675, 'precision': 0.6547142261159783, 'recall': 0.675, 'f1': 0.6610139033386929}
2025-06-04 14:08:50,029 - SklearnModel - INFO - Evaluation metrics: {'accuracy': 0.675, 'precision': 0.6547142261159783, 'recall': 0.675, 'f1': 0.6610139033386929}
2025-06-04 14:08:50,029 - SklearnModel - INFO - Evaluation metrics: {'accuracy': 0.675, 'precision': 0.6547142261159783, 'recall': 0.675, 'f1': 0.6610139033386929}
2025-06-04 14:08:50,029 - SklearnModel - INFO - Evaluation metrics: {'accuracy': 0.675, 'precision': 0.6547142261159783, 'recall': 0.675, 'f1': 0.6610139033386929}
2025-06-04 14:08:50,049 - SklearnModel - INFO - Training SVC
2025-06-04 14:08:50,049 - SklearnModel - INFO - Training SVC
2025-06-04 14:08:50,049 - SklearnModel - INFO - Training SVC
2025-06-04 14:08:50,049 - SklearnModel - INFO - Training SVC
2025-06-04 14:08:52,219 - SklearnModel - INFO - Training completed
2025-06-04 14:08:52,219 - SklearnModel - INFO - Training completed
2025-06-04 14:08:52,219 - SklearnModel - INFO - Training completed
2025-06-04 14:08:52,219 - SklearnModel - INFO - Training completed
2025-06-04 14:08:52,219 - SklearnModel - INFO - Evaluating model performance
2025-06-04 14:08:52,219 - SklearnModel - INFO - Evaluating model performance
2025-06-04 14:08:52,219 - SklearnModel - INFO - Evaluating model performance
2025-06-04 14:08:52,219 - SklearnModel - INFO - Evaluating model performance
2025-06-04 14:08:52,219 - SklearnModel - DEBUG - Making predictions
2025-06-04 14:08:52,219 - SklearnModel - DEBUG - Making predictions
2025-06-04 14:08:52,219 - SklearnModel - DEBUG - Making predictions
2025-06-04 14:08:52,219 - SklearnModel - DEBUG - Making predictions
2025-06-04 14:08:52,231 - SklearnModel - INFO - Evaluation metrics: {'accuracy': 0.71, 'precision': 0.684500354358611, 'recall': 0.71, 'f1': 0.681063596491228}
2025-06-04 14:08:52,231 - SklearnModel - INFO - Evaluation metrics: {'accuracy': 0.71, 'precision': 0.684500354358611, 'recall': 0.71, 'f1': 0.681063596491228}
2025-06-04 14:08:52,231 - SklearnModel - INFO - Evaluation metrics: {'accuracy': 0.71, 'precision': 0.684500354358611, 'recall': 0.71, 'f1': 0.681063596491228}
2025-06-04 14:08:52,231 - SklearnModel - INFO - Evaluation metrics: {'accuracy': 0.71, 'precision': 0.684500354358611, 'recall': 0.71, 'f1': 0.681063596491228}
