2025-06-03 16:12:23,136 - SklearnModel - INFO - Initializing SklearnModel with LogisticRegression
2025-06-03 16:12:23,137 - SklearnModel - INFO - Initializing SklearnModel with RandomForestClassifier
2025-06-03 16:12:23,137 - SklearnModel - INFO - Initializing SklearnModel with RandomForestClassifier
2025-06-03 16:12:23,137 - SklearnModel - INFO - Initializing SklearnModel with GradientBoostingClassifier
2025-06-03 16:12:23,137 - SklearnModel - INFO - Initializing SklearnModel with GradientBoostingClassifier
2025-06-03 16:12:23,137 - SklearnModel - INFO - Initializing SklearnModel with GradientBoostingClassifier
2025-06-03 16:12:23,137 - SklearnModel - INFO - Initializing SklearnModel with SVC
2025-06-03 16:12:23,137 - SklearnModel - INFO - Initializing SklearnModel with SVC
2025-06-03 16:12:23,137 - SklearnModel - INFO - Initializing SklearnModel with SVC
2025-06-03 16:12:23,137 - SklearnModel - INFO - Initializing SklearnModel with SVC
2025-06-03 16:12:23,160 - SklearnModel - INFO - Training LogisticRegression
2025-06-03 16:12:23,160 - SklearnModel - INFO - Training LogisticRegression
2025-06-03 16:12:23,160 - SklearnModel - INFO - Training LogisticRegression
2025-06-03 16:12:23,160 - SklearnModel - INFO - Training LogisticRegression
2025-06-03 16:12:26,697 - SklearnModel - INFO - Training completed
2025-06-03 16:12:26,697 - SklearnModel - INFO - Training completed
2025-06-03 16:12:26,697 - SklearnModel - INFO - Training completed
2025-06-03 16:12:26,697 - SklearnModel - INFO - Training completed
2025-06-03 16:12:26,697 - SklearnModel - INFO - Evaluating model performance
2025-06-03 16:12:26,697 - SklearnModel - INFO - Evaluating model performance
2025-06-03 16:12:26,697 - SklearnModel - INFO - Evaluating model performance
2025-06-03 16:12:26,697 - SklearnModel - INFO - Evaluating model performance
2025-06-03 16:12:26,697 - SklearnModel - DEBUG - Making predictions
2025-06-03 16:12:26,697 - SklearnModel - DEBUG - Making predictions
2025-06-03 16:12:26,697 - SklearnModel - DEBUG - Making predictions
2025-06-03 16:12:26,697 - SklearnModel - DEBUG - Making predictions
2025-06-03 16:12:26,714 - SklearnModel - INFO - Evaluation metrics: {'accuracy': 0.73, 'precision': 0.7115204678362573, 'recall': 0.73, 'f1': 0.7084}
2025-06-03 16:12:26,714 - SklearnModel - INFO - Evaluation metrics: {'accuracy': 0.73, 'precision': 0.7115204678362573, 'recall': 0.73, 'f1': 0.7084}
2025-06-03 16:12:26,714 - SklearnModel - INFO - Evaluation metrics: {'accuracy': 0.73, 'precision': 0.7115204678362573, 'recall': 0.73, 'f1': 0.7084}
2025-06-03 16:12:26,714 - SklearnModel - INFO - Evaluation metrics: {'accuracy': 0.73, 'precision': 0.7115204678362573, 'recall': 0.73, 'f1': 0.7084}
2025-06-03 16:12:26,735 - SklearnModel - INFO - Training RandomForestClassifier
2025-06-03 16:12:26,735 - SklearnModel - INFO - Training RandomForestClassifier
2025-06-03 16:12:26,735 - SklearnModel - INFO - Training RandomForestClassifier
2025-06-03 16:12:26,735 - SklearnModel - INFO - Training RandomForestClassifier
2025-06-03 16:12:29,792 - SklearnModel - INFO - Training completed
2025-06-03 16:12:29,792 - SklearnModel - INFO - Training completed
2025-06-03 16:12:29,792 - SklearnModel - INFO - Training completed
2025-06-03 16:12:29,792 - SklearnModel - INFO - Training completed
2025-06-03 16:12:29,792 - SklearnModel - INFO - Evaluating model performance
2025-06-03 16:12:29,792 - SklearnModel - INFO - Evaluating model performance
2025-06-03 16:12:29,792 - SklearnModel - INFO - Evaluating model performance
2025-06-03 16:12:29,792 - SklearnModel - INFO - Evaluating model performance
2025-06-03 16:12:29,792 - SklearnModel - DEBUG - Making predictions
2025-06-03 16:12:29,792 - SklearnModel - DEBUG - Making predictions
2025-06-03 16:12:29,792 - SklearnModel - DEBUG - Making predictions
2025-06-03 16:12:29,792 - SklearnModel - DEBUG - Making predictions
2025-06-03 16:12:29,825 - SklearnModel - INFO - Evaluation metrics: {'accuracy': 0.7, 'precision': 0.677697408077155, 'recall': 0.7, 'f1': 0.6812889812889813}
2025-06-03 16:12:29,825 - SklearnModel - INFO - Evaluation metrics: {'accuracy': 0.7, 'precision': 0.677697408077155, 'recall': 0.7, 'f1': 0.6812889812889813}
2025-06-03 16:12:29,825 - SklearnModel - INFO - Evaluation metrics: {'accuracy': 0.7, 'precision': 0.677697408077155, 'recall': 0.7, 'f1': 0.6812889812889813}
2025-06-03 16:12:29,825 - SklearnModel - INFO - Evaluation metrics: {'accuracy': 0.7, 'precision': 0.677697408077155, 'recall': 0.7, 'f1': 0.6812889812889813}
2025-06-03 16:12:29,845 - SklearnModel - INFO - Training GradientBoostingClassifier
2025-06-03 16:12:29,845 - SklearnModel - INFO - Training GradientBoostingClassifier
2025-06-03 16:12:29,845 - SklearnModel - INFO - Training GradientBoostingClassifier
2025-06-03 16:12:29,845 - SklearnModel - INFO - Training GradientBoostingClassifier
2025-06-03 16:12:31,964 - SklearnModel - INFO - Training completed
2025-06-03 16:12:31,964 - SklearnModel - INFO - Training completed
2025-06-03 16:12:31,964 - SklearnModel - INFO - Training completed
2025-06-03 16:12:31,964 - SklearnModel - INFO - Training completed
2025-06-03 16:12:31,964 - SklearnModel - INFO - Evaluating model performance
2025-06-03 16:12:31,964 - SklearnModel - INFO - Evaluating model performance
2025-06-03 16:12:31,964 - SklearnModel - INFO - Evaluating model performance
2025-06-03 16:12:31,964 - SklearnModel - INFO - Evaluating model performance
2025-06-03 16:12:31,964 - SklearnModel - DEBUG - Making predictions
2025-06-03 16:12:31,964 - SklearnModel - DEBUG - Making predictions
2025-06-03 16:12:31,964 - SklearnModel - DEBUG - Making predictions
2025-06-03 16:12:31,964 - SklearnModel - DEBUG - Making predictions
2025-06-03 16:12:31,971 - SklearnModel - INFO - Evaluation metrics: {'accuracy': 0.675, 'precision': 0.6547142261159783, 'recall': 0.675, 'f1': 0.6610139033386929}
2025-06-03 16:12:31,971 - SklearnModel - INFO - Evaluation metrics: {'accuracy': 0.675, 'precision': 0.6547142261159783, 'recall': 0.675, 'f1': 0.6610139033386929}
2025-06-03 16:12:31,971 - SklearnModel - INFO - Evaluation metrics: {'accuracy': 0.675, 'precision': 0.6547142261159783, 'recall': 0.675, 'f1': 0.6610139033386929}
2025-06-03 16:12:31,971 - SklearnModel - INFO - Evaluation metrics: {'accuracy': 0.675, 'precision': 0.6547142261159783, 'recall': 0.675, 'f1': 0.6610139033386929}
2025-06-03 16:12:31,992 - SklearnModel - INFO - Training SVC
2025-06-03 16:12:31,992 - SklearnModel - INFO - Training SVC
2025-06-03 16:12:31,992 - SklearnModel - INFO - Training SVC
2025-06-03 16:12:31,992 - SklearnModel - INFO - Training SVC
2025-06-03 16:12:34,086 - SklearnModel - INFO - Training completed
2025-06-03 16:12:34,086 - SklearnModel - INFO - Training completed
2025-06-03 16:12:34,086 - SklearnModel - INFO - Training completed
2025-06-03 16:12:34,086 - SklearnModel - INFO - Training completed
2025-06-03 16:12:34,086 - SklearnModel - INFO - Evaluating model performance
2025-06-03 16:12:34,086 - SklearnModel - INFO - Evaluating model performance
2025-06-03 16:12:34,086 - SklearnModel - INFO - Evaluating model performance
2025-06-03 16:12:34,086 - SklearnModel - INFO - Evaluating model performance
2025-06-03 16:12:34,086 - SklearnModel - DEBUG - Making predictions
2025-06-03 16:12:34,086 - SklearnModel - DEBUG - Making predictions
2025-06-03 16:12:34,086 - SklearnModel - DEBUG - Making predictions
2025-06-03 16:12:34,086 - SklearnModel - DEBUG - Making predictions
2025-06-03 16:12:34,099 - SklearnModel - INFO - Evaluation metrics: {'accuracy': 0.71, 'precision': 0.684500354358611, 'recall': 0.71, 'f1': 0.681063596491228}
2025-06-03 16:12:34,099 - SklearnModel - INFO - Evaluation metrics: {'accuracy': 0.71, 'precision': 0.684500354358611, 'recall': 0.71, 'f1': 0.681063596491228}
2025-06-03 16:12:34,099 - SklearnModel - INFO - Evaluation metrics: {'accuracy': 0.71, 'precision': 0.684500354358611, 'recall': 0.71, 'f1': 0.681063596491228}
2025-06-03 16:12:34,099 - SklearnModel - INFO - Evaluation metrics: {'accuracy': 0.71, 'precision': 0.684500354358611, 'recall': 0.71, 'f1': 0.681063596491228}
