2025-06-15 12:29:19,818 - SklearnModel - INFO - Initializing SklearnModel with LogisticRegression
2025-06-15 12:29:19,818 - SklearnModel - INFO - Initializing SklearnModel with RandomForestClassifier
2025-06-15 12:29:19,818 - SklearnModel - INFO - Initializing SklearnModel with RandomForestClassifier
2025-06-15 12:29:19,818 - SklearnModel - INFO - Initializing SklearnModel with GradientBoostingClassifier
2025-06-15 12:29:19,818 - SklearnModel - INFO - Initializing SklearnModel with GradientBoostingClassifier
2025-06-15 12:29:19,818 - SklearnModel - INFO - Initializing SklearnModel with GradientBoostingClassifier
2025-06-15 12:29:19,818 - SklearnModel - INFO - Initializing SklearnModel with SVC
2025-06-15 12:29:19,818 - SklearnModel - INFO - Initializing SklearnModel with SVC
2025-06-15 12:29:19,818 - SklearnModel - INFO - Initializing SklearnModel with SVC
2025-06-15 12:29:19,818 - SklearnModel - INFO - Initializing SklearnModel with SVC
2025-06-15 12:29:19,838 - SklearnModel - INFO - Training LogisticRegression
2025-06-15 12:29:19,838 - SklearnModel - INFO - Training LogisticRegression
2025-06-15 12:29:19,838 - SklearnModel - INFO - Training LogisticRegression
2025-06-15 12:29:19,838 - SklearnModel - INFO - Training LogisticRegression
2025-06-15 12:29:22,091 - SklearnModel - INFO - Training completed
2025-06-15 12:29:22,091 - SklearnModel - INFO - Training completed
2025-06-15 12:29:22,091 - SklearnModel - INFO - Training completed
2025-06-15 12:29:22,091 - SklearnModel - INFO - Training completed
2025-06-15 12:29:22,091 - SklearnModel - INFO - Evaluating model performance
2025-06-15 12:29:22,091 - SklearnModel - INFO - Evaluating model performance
2025-06-15 12:29:22,091 - SklearnModel - INFO - Evaluating model performance
2025-06-15 12:29:22,091 - SklearnModel - INFO - Evaluating model performance
2025-06-15 12:29:22,091 - SklearnModel - DEBUG - Making predictions
2025-06-15 12:29:22,091 - SklearnModel - DEBUG - Making predictions
2025-06-15 12:29:22,091 - SklearnModel - DEBUG - Making predictions
2025-06-15 12:29:22,091 - SklearnModel - DEBUG - Making predictions
2025-06-15 12:29:22,101 - SklearnModel - INFO - Evaluation metrics: {'accuracy': 0.73, 'precision': 0.7115204678362573, 'recall': 0.73, 'f1': 0.7084}
2025-06-15 12:29:22,101 - SklearnModel - INFO - Evaluation metrics: {'accuracy': 0.73, 'precision': 0.7115204678362573, 'recall': 0.73, 'f1': 0.7084}
2025-06-15 12:29:22,101 - SklearnModel - INFO - Evaluation metrics: {'accuracy': 0.73, 'precision': 0.7115204678362573, 'recall': 0.73, 'f1': 0.7084}
2025-06-15 12:29:22,101 - SklearnModel - INFO - Evaluation metrics: {'accuracy': 0.73, 'precision': 0.7115204678362573, 'recall': 0.73, 'f1': 0.7084}
2025-06-15 12:29:22,113 - SklearnModel - INFO - Training RandomForestClassifier
2025-06-15 12:29:22,113 - SklearnModel - INFO - Training RandomForestClassifier
2025-06-15 12:29:22,113 - SklearnModel - INFO - Training RandomForestClassifier
2025-06-15 12:29:22,113 - SklearnModel - INFO - Training RandomForestClassifier
2025-06-15 12:29:23,851 - SklearnModel - INFO - Training completed
2025-06-15 12:29:23,851 - SklearnModel - INFO - Training completed
2025-06-15 12:29:23,851 - SklearnModel - INFO - Training completed
2025-06-15 12:29:23,851 - SklearnModel - INFO - Training completed
2025-06-15 12:29:23,852 - SklearnModel - INFO - Evaluating model performance
2025-06-15 12:29:23,852 - SklearnModel - INFO - Evaluating model performance
2025-06-15 12:29:23,852 - SklearnModel - INFO - Evaluating model performance
2025-06-15 12:29:23,852 - SklearnModel - INFO - Evaluating model performance
2025-06-15 12:29:23,852 - SklearnModel - DEBUG - Making predictions
2025-06-15 12:29:23,852 - SklearnModel - DEBUG - Making predictions
2025-06-15 12:29:23,852 - SklearnModel - DEBUG - Making predictions
2025-06-15 12:29:23,852 - SklearnModel - DEBUG - Making predictions
2025-06-15 12:29:23,875 - SklearnModel - INFO - Evaluation metrics: {'accuracy': 0.7, 'precision': 0.677697408077155, 'recall': 0.7, 'f1': 0.6812889812889813}
2025-06-15 12:29:23,875 - SklearnModel - INFO - Evaluation metrics: {'accuracy': 0.7, 'precision': 0.677697408077155, 'recall': 0.7, 'f1': 0.6812889812889813}
2025-06-15 12:29:23,875 - SklearnModel - INFO - Evaluation metrics: {'accuracy': 0.7, 'precision': 0.677697408077155, 'recall': 0.7, 'f1': 0.6812889812889813}
2025-06-15 12:29:23,875 - SklearnModel - INFO - Evaluation metrics: {'accuracy': 0.7, 'precision': 0.677697408077155, 'recall': 0.7, 'f1': 0.6812889812889813}
2025-06-15 12:29:23,894 - SklearnModel - INFO - Training GradientBoostingClassifier
2025-06-15 12:29:23,894 - SklearnModel - INFO - Training GradientBoostingClassifier
2025-06-15 12:29:23,894 - SklearnModel - INFO - Training GradientBoostingClassifier
2025-06-15 12:29:23,894 - SklearnModel - INFO - Training GradientBoostingClassifier
2025-06-15 12:29:25,784 - SklearnModel - INFO - Training completed
2025-06-15 12:29:25,784 - SklearnModel - INFO - Training completed
2025-06-15 12:29:25,784 - SklearnModel - INFO - Training completed
2025-06-15 12:29:25,784 - SklearnModel - INFO - Training completed
2025-06-15 12:29:25,784 - SklearnModel - INFO - Evaluating model performance
2025-06-15 12:29:25,784 - SklearnModel - INFO - Evaluating model performance
2025-06-15 12:29:25,784 - SklearnModel - INFO - Evaluating model performance
2025-06-15 12:29:25,784 - SklearnModel - INFO - Evaluating model performance
2025-06-15 12:29:25,784 - SklearnModel - DEBUG - Making predictions
2025-06-15 12:29:25,784 - SklearnModel - DEBUG - Making predictions
2025-06-15 12:29:25,784 - SklearnModel - DEBUG - Making predictions
2025-06-15 12:29:25,784 - SklearnModel - DEBUG - Making predictions
2025-06-15 12:29:25,789 - SklearnModel - INFO - Evaluation metrics: {'accuracy': 0.675, 'precision': 0.6547142261159783, 'recall': 0.675, 'f1': 0.6610139033386929}
2025-06-15 12:29:25,789 - SklearnModel - INFO - Evaluation metrics: {'accuracy': 0.675, 'precision': 0.6547142261159783, 'recall': 0.675, 'f1': 0.6610139033386929}
2025-06-15 12:29:25,789 - SklearnModel - INFO - Evaluation metrics: {'accuracy': 0.675, 'precision': 0.6547142261159783, 'recall': 0.675, 'f1': 0.6610139033386929}
2025-06-15 12:29:25,789 - SklearnModel - INFO - Evaluation metrics: {'accuracy': 0.675, 'precision': 0.6547142261159783, 'recall': 0.675, 'f1': 0.6610139033386929}
2025-06-15 12:29:25,801 - SklearnModel - INFO - Training SVC
2025-06-15 12:29:25,801 - SklearnModel - INFO - Training SVC
2025-06-15 12:29:25,801 - SklearnModel - INFO - Training SVC
2025-06-15 12:29:25,801 - SklearnModel - INFO - Training SVC
2025-06-15 12:29:27,364 - SklearnModel - INFO - Training completed
2025-06-15 12:29:27,364 - SklearnModel - INFO - Training completed
2025-06-15 12:29:27,364 - SklearnModel - INFO - Training completed
2025-06-15 12:29:27,364 - SklearnModel - INFO - Training completed
2025-06-15 12:29:27,364 - SklearnModel - INFO - Evaluating model performance
2025-06-15 12:29:27,364 - SklearnModel - INFO - Evaluating model performance
2025-06-15 12:29:27,364 - SklearnModel - INFO - Evaluating model performance
2025-06-15 12:29:27,364 - SklearnModel - INFO - Evaluating model performance
2025-06-15 12:29:27,364 - SklearnModel - DEBUG - Making predictions
2025-06-15 12:29:27,364 - SklearnModel - DEBUG - Making predictions
2025-06-15 12:29:27,364 - SklearnModel - DEBUG - Making predictions
2025-06-15 12:29:27,364 - SklearnModel - DEBUG - Making predictions
2025-06-15 12:29:27,373 - SklearnModel - INFO - Evaluation metrics: {'accuracy': 0.71, 'precision': 0.684500354358611, 'recall': 0.71, 'f1': 0.681063596491228}
2025-06-15 12:29:27,373 - SklearnModel - INFO - Evaluation metrics: {'accuracy': 0.71, 'precision': 0.684500354358611, 'recall': 0.71, 'f1': 0.681063596491228}
2025-06-15 12:29:27,373 - SklearnModel - INFO - Evaluation metrics: {'accuracy': 0.71, 'precision': 0.684500354358611, 'recall': 0.71, 'f1': 0.681063596491228}
2025-06-15 12:29:27,373 - SklearnModel - INFO - Evaluation metrics: {'accuracy': 0.71, 'precision': 0.684500354358611, 'recall': 0.71, 'f1': 0.681063596491228}
