2025-06-04 12:31:26,195 - SklearnModel - INFO - Initializing SklearnModel with LogisticRegression
2025-06-04 12:31:26,195 - SklearnModel - INFO - Initializing SklearnModel with RandomForestClassifier
2025-06-04 12:31:26,195 - SklearnModel - INFO - Initializing SklearnModel with RandomForestClassifier
2025-06-04 12:31:26,195 - SklearnModel - INFO - Initializing SklearnModel with GradientBoostingClassifier
2025-06-04 12:31:26,195 - SklearnModel - INFO - Initializing SklearnModel with GradientBoostingClassifier
2025-06-04 12:31:26,195 - SklearnModel - INFO - Initializing SklearnModel with GradientBoostingClassifier
2025-06-04 12:31:26,195 - SklearnModel - INFO - Initializing SklearnModel with SVC
2025-06-04 12:31:26,195 - SklearnModel - INFO - Initializing SklearnModel with SVC
2025-06-04 12:31:26,195 - SklearnModel - INFO - Initializing SklearnModel with SVC
2025-06-04 12:31:26,195 - SklearnModel - INFO - Initializing SklearnModel with SVC
2025-06-04 12:31:26,221 - SklearnModel - INFO - Training LogisticRegression
2025-06-04 12:31:26,221 - SklearnModel - INFO - Training LogisticRegression
2025-06-04 12:31:26,221 - SklearnModel - INFO - Training LogisticRegression
2025-06-04 12:31:26,221 - SklearnModel - INFO - Training LogisticRegression
2025-06-04 12:31:30,656 - SklearnModel - INFO - Training completed
2025-06-04 12:31:30,656 - SklearnModel - INFO - Training completed
2025-06-04 12:31:30,656 - SklearnModel - INFO - Training completed
2025-06-04 12:31:30,656 - SklearnModel - INFO - Training completed
2025-06-04 12:31:30,657 - SklearnModel - INFO - Evaluating model performance
2025-06-04 12:31:30,657 - SklearnModel - INFO - Evaluating model performance
2025-06-04 12:31:30,657 - SklearnModel - INFO - Evaluating model performance
2025-06-04 12:31:30,657 - SklearnModel - INFO - Evaluating model performance
2025-06-04 12:31:30,657 - SklearnModel - DEBUG - Making predictions
2025-06-04 12:31:30,657 - SklearnModel - DEBUG - Making predictions
2025-06-04 12:31:30,657 - SklearnModel - DEBUG - Making predictions
2025-06-04 12:31:30,657 - SklearnModel - DEBUG - Making predictions
2025-06-04 12:31:30,680 - SklearnModel - INFO - Evaluation metrics: {'accuracy': 0.73, 'precision': 0.7115204678362573, 'recall': 0.73, 'f1': 0.7084}
2025-06-04 12:31:30,680 - SklearnModel - INFO - Evaluation metrics: {'accuracy': 0.73, 'precision': 0.7115204678362573, 'recall': 0.73, 'f1': 0.7084}
2025-06-04 12:31:30,680 - SklearnModel - INFO - Evaluation metrics: {'accuracy': 0.73, 'precision': 0.7115204678362573, 'recall': 0.73, 'f1': 0.7084}
2025-06-04 12:31:30,680 - SklearnModel - INFO - Evaluation metrics: {'accuracy': 0.73, 'precision': 0.7115204678362573, 'recall': 0.73, 'f1': 0.7084}
2025-06-04 12:31:30,709 - SklearnModel - INFO - Training RandomForestClassifier
2025-06-04 12:31:30,709 - SklearnModel - INFO - Training RandomForestClassifier
2025-06-04 12:31:30,709 - SklearnModel - INFO - Training RandomForestClassifier
2025-06-04 12:31:30,709 - SklearnModel - INFO - Training RandomForestClassifier
2025-06-04 12:31:33,492 - SklearnModel - INFO - Training completed
2025-06-04 12:31:33,492 - SklearnModel - INFO - Training completed
2025-06-04 12:31:33,492 - SklearnModel - INFO - Training completed
2025-06-04 12:31:33,492 - SklearnModel - INFO - Training completed
2025-06-04 12:31:33,493 - SklearnModel - INFO - Evaluating model performance
2025-06-04 12:31:33,493 - SklearnModel - INFO - Evaluating model performance
2025-06-04 12:31:33,493 - SklearnModel - INFO - Evaluating model performance
2025-06-04 12:31:33,493 - SklearnModel - INFO - Evaluating model performance
2025-06-04 12:31:33,493 - SklearnModel - DEBUG - Making predictions
2025-06-04 12:31:33,493 - SklearnModel - DEBUG - Making predictions
2025-06-04 12:31:33,493 - SklearnModel - DEBUG - Making predictions
2025-06-04 12:31:33,493 - SklearnModel - DEBUG - Making predictions
2025-06-04 12:31:33,525 - SklearnModel - INFO - Evaluation metrics: {'accuracy': 0.7, 'precision': 0.677697408077155, 'recall': 0.7, 'f1': 0.6812889812889813}
2025-06-04 12:31:33,525 - SklearnModel - INFO - Evaluation metrics: {'accuracy': 0.7, 'precision': 0.677697408077155, 'recall': 0.7, 'f1': 0.6812889812889813}
2025-06-04 12:31:33,525 - SklearnModel - INFO - Evaluation metrics: {'accuracy': 0.7, 'precision': 0.677697408077155, 'recall': 0.7, 'f1': 0.6812889812889813}
2025-06-04 12:31:33,525 - SklearnModel - INFO - Evaluation metrics: {'accuracy': 0.7, 'precision': 0.677697408077155, 'recall': 0.7, 'f1': 0.6812889812889813}
2025-06-04 12:31:33,544 - SklearnModel - INFO - Training GradientBoostingClassifier
2025-06-04 12:31:33,544 - SklearnModel - INFO - Training GradientBoostingClassifier
2025-06-04 12:31:33,544 - SklearnModel - INFO - Training GradientBoostingClassifier
2025-06-04 12:31:33,544 - SklearnModel - INFO - Training GradientBoostingClassifier
2025-06-04 12:31:35,721 - SklearnModel - INFO - Training completed
2025-06-04 12:31:35,721 - SklearnModel - INFO - Training completed
2025-06-04 12:31:35,721 - SklearnModel - INFO - Training completed
2025-06-04 12:31:35,721 - SklearnModel - INFO - Training completed
2025-06-04 12:31:35,721 - SklearnModel - INFO - Evaluating model performance
2025-06-04 12:31:35,721 - SklearnModel - INFO - Evaluating model performance
2025-06-04 12:31:35,721 - SklearnModel - INFO - Evaluating model performance
2025-06-04 12:31:35,721 - SklearnModel - INFO - Evaluating model performance
2025-06-04 12:31:35,721 - SklearnModel - DEBUG - Making predictions
2025-06-04 12:31:35,721 - SklearnModel - DEBUG - Making predictions
2025-06-04 12:31:35,721 - SklearnModel - DEBUG - Making predictions
2025-06-04 12:31:35,721 - SklearnModel - DEBUG - Making predictions
2025-06-04 12:31:35,729 - SklearnModel - INFO - Evaluation metrics: {'accuracy': 0.675, 'precision': 0.6547142261159783, 'recall': 0.675, 'f1': 0.6610139033386929}
2025-06-04 12:31:35,729 - SklearnModel - INFO - Evaluation metrics: {'accuracy': 0.675, 'precision': 0.6547142261159783, 'recall': 0.675, 'f1': 0.6610139033386929}
2025-06-04 12:31:35,729 - SklearnModel - INFO - Evaluation metrics: {'accuracy': 0.675, 'precision': 0.6547142261159783, 'recall': 0.675, 'f1': 0.6610139033386929}
2025-06-04 12:31:35,729 - SklearnModel - INFO - Evaluation metrics: {'accuracy': 0.675, 'precision': 0.6547142261159783, 'recall': 0.675, 'f1': 0.6610139033386929}
2025-06-04 12:31:35,749 - SklearnModel - INFO - Training SVC
2025-06-04 12:31:35,749 - SklearnModel - INFO - Training SVC
2025-06-04 12:31:35,749 - SklearnModel - INFO - Training SVC
2025-06-04 12:31:35,749 - SklearnModel - INFO - Training SVC
2025-06-04 12:31:37,869 - SklearnModel - INFO - Training completed
2025-06-04 12:31:37,869 - SklearnModel - INFO - Training completed
2025-06-04 12:31:37,869 - SklearnModel - INFO - Training completed
2025-06-04 12:31:37,869 - SklearnModel - INFO - Training completed
2025-06-04 12:31:37,869 - SklearnModel - INFO - Evaluating model performance
2025-06-04 12:31:37,869 - SklearnModel - INFO - Evaluating model performance
2025-06-04 12:31:37,869 - SklearnModel - INFO - Evaluating model performance
2025-06-04 12:31:37,869 - SklearnModel - INFO - Evaluating model performance
2025-06-04 12:31:37,869 - SklearnModel - DEBUG - Making predictions
2025-06-04 12:31:37,869 - SklearnModel - DEBUG - Making predictions
2025-06-04 12:31:37,869 - SklearnModel - DEBUG - Making predictions
2025-06-04 12:31:37,869 - SklearnModel - DEBUG - Making predictions
2025-06-04 12:31:37,882 - SklearnModel - INFO - Evaluation metrics: {'accuracy': 0.71, 'precision': 0.684500354358611, 'recall': 0.71, 'f1': 0.681063596491228}
2025-06-04 12:31:37,882 - SklearnModel - INFO - Evaluation metrics: {'accuracy': 0.71, 'precision': 0.684500354358611, 'recall': 0.71, 'f1': 0.681063596491228}
2025-06-04 12:31:37,882 - SklearnModel - INFO - Evaluation metrics: {'accuracy': 0.71, 'precision': 0.684500354358611, 'recall': 0.71, 'f1': 0.681063596491228}
2025-06-04 12:31:37,882 - SklearnModel - INFO - Evaluation metrics: {'accuracy': 0.71, 'precision': 0.684500354358611, 'recall': 0.71, 'f1': 0.681063596491228}
