2025-06-04 14:46:01,845 - SklearnModel - INFO - Initializing SklearnModel with LogisticRegression
2025-06-04 14:46:01,845 - SklearnModel - INFO - Initializing SklearnModel with RandomForestClassifier
2025-06-04 14:46:01,845 - SklearnModel - INFO - Initializing SklearnModel with RandomForestClassifier
2025-06-04 14:46:01,845 - SklearnModel - INFO - Initializing SklearnModel with GradientBoostingClassifier
2025-06-04 14:46:01,845 - SklearnModel - INFO - Initializing SklearnModel with GradientBoostingClassifier
2025-06-04 14:46:01,845 - SklearnModel - INFO - Initializing SklearnModel with GradientBoostingClassifier
2025-06-04 14:46:01,846 - SklearnModel - INFO - Initializing SklearnModel with SVC
2025-06-04 14:46:01,846 - SklearnModel - INFO - Initializing SklearnModel with SVC
2025-06-04 14:46:01,846 - SklearnModel - INFO - Initializing SklearnModel with SVC
2025-06-04 14:46:01,846 - SklearnModel - INFO - Initializing SklearnModel with SVC
2025-06-04 14:46:01,870 - SklearnModel - INFO - Training LogisticRegression
2025-06-04 14:46:01,870 - SklearnModel - INFO - Training LogisticRegression
2025-06-04 14:46:01,870 - SklearnModel - INFO - Training LogisticRegression
2025-06-04 14:46:01,870 - SklearnModel - INFO - Training LogisticRegression
2025-06-04 14:46:06,794 - SklearnModel - INFO - Training completed
2025-06-04 14:46:06,794 - SklearnModel - INFO - Training completed
2025-06-04 14:46:06,794 - SklearnModel - INFO - Training completed
2025-06-04 14:46:06,794 - SklearnModel - INFO - Training completed
2025-06-04 14:46:06,794 - SklearnModel - INFO - Evaluating model performance
2025-06-04 14:46:06,794 - SklearnModel - INFO - Evaluating model performance
2025-06-04 14:46:06,794 - SklearnModel - INFO - Evaluating model performance
2025-06-04 14:46:06,794 - SklearnModel - INFO - Evaluating model performance
2025-06-04 14:46:06,794 - SklearnModel - DEBUG - Making predictions
2025-06-04 14:46:06,794 - SklearnModel - DEBUG - Making predictions
2025-06-04 14:46:06,794 - SklearnModel - DEBUG - Making predictions
2025-06-04 14:46:06,794 - SklearnModel - DEBUG - Making predictions
2025-06-04 14:46:06,822 - SklearnModel - INFO - Evaluation metrics: {'accuracy': 0.73, 'precision': 0.7115204678362573, 'recall': 0.73, 'f1': 0.7084}
2025-06-04 14:46:06,822 - SklearnModel - INFO - Evaluation metrics: {'accuracy': 0.73, 'precision': 0.7115204678362573, 'recall': 0.73, 'f1': 0.7084}
2025-06-04 14:46:06,822 - SklearnModel - INFO - Evaluation metrics: {'accuracy': 0.73, 'precision': 0.7115204678362573, 'recall': 0.73, 'f1': 0.7084}
2025-06-04 14:46:06,822 - SklearnModel - INFO - Evaluation metrics: {'accuracy': 0.73, 'precision': 0.7115204678362573, 'recall': 0.73, 'f1': 0.7084}
2025-06-04 14:46:06,856 - SklearnModel - INFO - Training RandomForestClassifier
2025-06-04 14:46:06,856 - SklearnModel - INFO - Training RandomForestClassifier
2025-06-04 14:46:06,856 - SklearnModel - INFO - Training RandomForestClassifier
2025-06-04 14:46:06,856 - SklearnModel - INFO - Training RandomForestClassifier
2025-06-04 14:46:10,390 - SklearnModel - INFO - Training completed
2025-06-04 14:46:10,390 - SklearnModel - INFO - Training completed
2025-06-04 14:46:10,390 - SklearnModel - INFO - Training completed
2025-06-04 14:46:10,390 - SklearnModel - INFO - Training completed
2025-06-04 14:46:10,390 - SklearnModel - INFO - Evaluating model performance
2025-06-04 14:46:10,390 - SklearnModel - INFO - Evaluating model performance
2025-06-04 14:46:10,390 - SklearnModel - INFO - Evaluating model performance
2025-06-04 14:46:10,390 - SklearnModel - INFO - Evaluating model performance
2025-06-04 14:46:10,390 - SklearnModel - DEBUG - Making predictions
2025-06-04 14:46:10,390 - SklearnModel - DEBUG - Making predictions
2025-06-04 14:46:10,390 - SklearnModel - DEBUG - Making predictions
2025-06-04 14:46:10,390 - SklearnModel - DEBUG - Making predictions
2025-06-04 14:46:10,424 - SklearnModel - INFO - Evaluation metrics: {'accuracy': 0.7, 'precision': 0.677697408077155, 'recall': 0.7, 'f1': 0.6812889812889813}
2025-06-04 14:46:10,424 - SklearnModel - INFO - Evaluation metrics: {'accuracy': 0.7, 'precision': 0.677697408077155, 'recall': 0.7, 'f1': 0.6812889812889813}
2025-06-04 14:46:10,424 - SklearnModel - INFO - Evaluation metrics: {'accuracy': 0.7, 'precision': 0.677697408077155, 'recall': 0.7, 'f1': 0.6812889812889813}
2025-06-04 14:46:10,424 - SklearnModel - INFO - Evaluation metrics: {'accuracy': 0.7, 'precision': 0.677697408077155, 'recall': 0.7, 'f1': 0.6812889812889813}
2025-06-04 14:46:10,445 - SklearnModel - INFO - Training GradientBoostingClassifier
2025-06-04 14:46:10,445 - SklearnModel - INFO - Training GradientBoostingClassifier
2025-06-04 14:46:10,445 - SklearnModel - INFO - Training GradientBoostingClassifier
2025-06-04 14:46:10,445 - SklearnModel - INFO - Training GradientBoostingClassifier
2025-06-04 14:46:12,711 - SklearnModel - INFO - Training completed
2025-06-04 14:46:12,711 - SklearnModel - INFO - Training completed
2025-06-04 14:46:12,711 - SklearnModel - INFO - Training completed
2025-06-04 14:46:12,711 - SklearnModel - INFO - Training completed
2025-06-04 14:46:12,711 - SklearnModel - INFO - Evaluating model performance
2025-06-04 14:46:12,711 - SklearnModel - INFO - Evaluating model performance
2025-06-04 14:46:12,711 - SklearnModel - INFO - Evaluating model performance
2025-06-04 14:46:12,711 - SklearnModel - INFO - Evaluating model performance
2025-06-04 14:46:12,711 - SklearnModel - DEBUG - Making predictions
2025-06-04 14:46:12,711 - SklearnModel - DEBUG - Making predictions
2025-06-04 14:46:12,711 - SklearnModel - DEBUG - Making predictions
2025-06-04 14:46:12,711 - SklearnModel - DEBUG - Making predictions
2025-06-04 14:46:12,718 - SklearnModel - INFO - Evaluation metrics: {'accuracy': 0.675, 'precision': 0.6547142261159783, 'recall': 0.675, 'f1': 0.6610139033386929}
2025-06-04 14:46:12,718 - SklearnModel - INFO - Evaluation metrics: {'accuracy': 0.675, 'precision': 0.6547142261159783, 'recall': 0.675, 'f1': 0.6610139033386929}
2025-06-04 14:46:12,718 - SklearnModel - INFO - Evaluation metrics: {'accuracy': 0.675, 'precision': 0.6547142261159783, 'recall': 0.675, 'f1': 0.6610139033386929}
2025-06-04 14:46:12,718 - SklearnModel - INFO - Evaluation metrics: {'accuracy': 0.675, 'precision': 0.6547142261159783, 'recall': 0.675, 'f1': 0.6610139033386929}
2025-06-04 14:46:12,740 - SklearnModel - INFO - Training SVC
2025-06-04 14:46:12,740 - SklearnModel - INFO - Training SVC
2025-06-04 14:46:12,740 - SklearnModel - INFO - Training SVC
2025-06-04 14:46:12,740 - SklearnModel - INFO - Training SVC
2025-06-04 14:46:15,186 - SklearnModel - INFO - Training completed
2025-06-04 14:46:15,186 - SklearnModel - INFO - Training completed
2025-06-04 14:46:15,186 - SklearnModel - INFO - Training completed
2025-06-04 14:46:15,186 - SklearnModel - INFO - Training completed
2025-06-04 14:46:15,187 - SklearnModel - INFO - Evaluating model performance
2025-06-04 14:46:15,187 - SklearnModel - INFO - Evaluating model performance
2025-06-04 14:46:15,187 - SklearnModel - INFO - Evaluating model performance
2025-06-04 14:46:15,187 - SklearnModel - INFO - Evaluating model performance
2025-06-04 14:46:15,187 - SklearnModel - DEBUG - Making predictions
2025-06-04 14:46:15,187 - SklearnModel - DEBUG - Making predictions
2025-06-04 14:46:15,187 - SklearnModel - DEBUG - Making predictions
2025-06-04 14:46:15,187 - SklearnModel - DEBUG - Making predictions
2025-06-04 14:46:15,199 - SklearnModel - INFO - Evaluation metrics: {'accuracy': 0.71, 'precision': 0.684500354358611, 'recall': 0.71, 'f1': 0.681063596491228}
2025-06-04 14:46:15,199 - SklearnModel - INFO - Evaluation metrics: {'accuracy': 0.71, 'precision': 0.684500354358611, 'recall': 0.71, 'f1': 0.681063596491228}
2025-06-04 14:46:15,199 - SklearnModel - INFO - Evaluation metrics: {'accuracy': 0.71, 'precision': 0.684500354358611, 'recall': 0.71, 'f1': 0.681063596491228}
2025-06-04 14:46:15,199 - SklearnModel - INFO - Evaluation metrics: {'accuracy': 0.71, 'precision': 0.684500354358611, 'recall': 0.71, 'f1': 0.681063596491228}
