2025-06-03 16:08:37,031 - SklearnModel - INFO - Initializing SklearnModel with LogisticRegression
2025-06-03 16:08:37,031 - SklearnModel - INFO - Initializing SklearnModel with RandomForestClassifier
2025-06-03 16:08:37,031 - SklearnModel - INFO - Initializing SklearnModel with RandomForestClassifier
2025-06-03 16:08:37,031 - SklearnModel - INFO - Initializing SklearnModel with GradientBoostingClassifier
2025-06-03 16:08:37,031 - SklearnModel - INFO - Initializing SklearnModel with GradientBoostingClassifier
2025-06-03 16:08:37,031 - SklearnModel - INFO - Initializing SklearnModel with GradientBoostingClassifier
2025-06-03 16:08:37,032 - SklearnModel - INFO - Initializing SklearnModel with SVC
2025-06-03 16:08:37,032 - SklearnModel - INFO - Initializing SklearnModel with SVC
2025-06-03 16:08:37,032 - SklearnModel - INFO - Initializing SklearnModel with SVC
2025-06-03 16:08:37,032 - SklearnModel - INFO - Initializing SklearnModel with SVC
2025-06-03 16:08:37,053 - SklearnModel - INFO - Training LogisticRegression
2025-06-03 16:08:37,053 - SklearnModel - INFO - Training LogisticRegression
2025-06-03 16:08:37,053 - SklearnModel - INFO - Training LogisticRegression
2025-06-03 16:08:37,053 - SklearnModel - INFO - Training LogisticRegression
2025-06-03 16:08:40,456 - SklearnModel - INFO - Training completed
2025-06-03 16:08:40,456 - SklearnModel - INFO - Training completed
2025-06-03 16:08:40,456 - SklearnModel - INFO - Training completed
2025-06-03 16:08:40,456 - SklearnModel - INFO - Training completed
2025-06-03 16:08:40,456 - SklearnModel - INFO - Evaluating model performance
2025-06-03 16:08:40,456 - SklearnModel - INFO - Evaluating model performance
2025-06-03 16:08:40,456 - SklearnModel - INFO - Evaluating model performance
2025-06-03 16:08:40,456 - SklearnModel - INFO - Evaluating model performance
2025-06-03 16:08:40,456 - SklearnModel - DEBUG - Making predictions
2025-06-03 16:08:40,456 - SklearnModel - DEBUG - Making predictions
2025-06-03 16:08:40,456 - SklearnModel - DEBUG - Making predictions
2025-06-03 16:08:40,456 - SklearnModel - DEBUG - Making predictions
2025-06-03 16:08:40,480 - SklearnModel - INFO - Evaluation metrics: {'accuracy': 0.73, 'precision': 0.7115204678362573, 'recall': 0.73, 'f1': 0.7084}
2025-06-03 16:08:40,480 - SklearnModel - INFO - Evaluation metrics: {'accuracy': 0.73, 'precision': 0.7115204678362573, 'recall': 0.73, 'f1': 0.7084}
2025-06-03 16:08:40,480 - SklearnModel - INFO - Evaluation metrics: {'accuracy': 0.73, 'precision': 0.7115204678362573, 'recall': 0.73, 'f1': 0.7084}
2025-06-03 16:08:40,480 - SklearnModel - INFO - Evaluation metrics: {'accuracy': 0.73, 'precision': 0.7115204678362573, 'recall': 0.73, 'f1': 0.7084}
2025-06-03 16:08:40,513 - SklearnModel - INFO - Training RandomForestClassifier
2025-06-03 16:08:40,513 - SklearnModel - INFO - Training RandomForestClassifier
2025-06-03 16:08:40,513 - SklearnModel - INFO - Training RandomForestClassifier
2025-06-03 16:08:40,513 - SklearnModel - INFO - Training RandomForestClassifier
2025-06-03 16:08:43,831 - SklearnModel - INFO - Training completed
2025-06-03 16:08:43,831 - SklearnModel - INFO - Training completed
2025-06-03 16:08:43,831 - SklearnModel - INFO - Training completed
2025-06-03 16:08:43,831 - SklearnModel - INFO - Training completed
2025-06-03 16:08:43,831 - SklearnModel - INFO - Evaluating model performance
2025-06-03 16:08:43,831 - SklearnModel - INFO - Evaluating model performance
2025-06-03 16:08:43,831 - SklearnModel - INFO - Evaluating model performance
2025-06-03 16:08:43,831 - SklearnModel - INFO - Evaluating model performance
2025-06-03 16:08:43,831 - SklearnModel - DEBUG - Making predictions
2025-06-03 16:08:43,831 - SklearnModel - DEBUG - Making predictions
2025-06-03 16:08:43,831 - SklearnModel - DEBUG - Making predictions
2025-06-03 16:08:43,831 - SklearnModel - DEBUG - Making predictions
2025-06-03 16:08:43,869 - SklearnModel - INFO - Evaluation metrics: {'accuracy': 0.7, 'precision': 0.677697408077155, 'recall': 0.7, 'f1': 0.6812889812889813}
2025-06-03 16:08:43,869 - SklearnModel - INFO - Evaluation metrics: {'accuracy': 0.7, 'precision': 0.677697408077155, 'recall': 0.7, 'f1': 0.6812889812889813}
2025-06-03 16:08:43,869 - SklearnModel - INFO - Evaluation metrics: {'accuracy': 0.7, 'precision': 0.677697408077155, 'recall': 0.7, 'f1': 0.6812889812889813}
2025-06-03 16:08:43,869 - SklearnModel - INFO - Evaluation metrics: {'accuracy': 0.7, 'precision': 0.677697408077155, 'recall': 0.7, 'f1': 0.6812889812889813}
2025-06-03 16:08:43,891 - SklearnModel - INFO - Training GradientBoostingClassifier
2025-06-03 16:08:43,891 - SklearnModel - INFO - Training GradientBoostingClassifier
2025-06-03 16:08:43,891 - SklearnModel - INFO - Training GradientBoostingClassifier
2025-06-03 16:08:43,891 - SklearnModel - INFO - Training GradientBoostingClassifier
2025-06-03 16:08:46,089 - SklearnModel - INFO - Training completed
2025-06-03 16:08:46,089 - SklearnModel - INFO - Training completed
2025-06-03 16:08:46,089 - SklearnModel - INFO - Training completed
2025-06-03 16:08:46,089 - SklearnModel - INFO - Training completed
2025-06-03 16:08:46,089 - SklearnModel - INFO - Evaluating model performance
2025-06-03 16:08:46,089 - SklearnModel - INFO - Evaluating model performance
2025-06-03 16:08:46,089 - SklearnModel - INFO - Evaluating model performance
2025-06-03 16:08:46,089 - SklearnModel - INFO - Evaluating model performance
2025-06-03 16:08:46,089 - SklearnModel - DEBUG - Making predictions
2025-06-03 16:08:46,089 - SklearnModel - DEBUG - Making predictions
2025-06-03 16:08:46,089 - SklearnModel - DEBUG - Making predictions
2025-06-03 16:08:46,089 - SklearnModel - DEBUG - Making predictions
2025-06-03 16:08:46,096 - SklearnModel - INFO - Evaluation metrics: {'accuracy': 0.675, 'precision': 0.6547142261159783, 'recall': 0.675, 'f1': 0.6610139033386929}
2025-06-03 16:08:46,096 - SklearnModel - INFO - Evaluation metrics: {'accuracy': 0.675, 'precision': 0.6547142261159783, 'recall': 0.675, 'f1': 0.6610139033386929}
2025-06-03 16:08:46,096 - SklearnModel - INFO - Evaluation metrics: {'accuracy': 0.675, 'precision': 0.6547142261159783, 'recall': 0.675, 'f1': 0.6610139033386929}
2025-06-03 16:08:46,096 - SklearnModel - INFO - Evaluation metrics: {'accuracy': 0.675, 'precision': 0.6547142261159783, 'recall': 0.675, 'f1': 0.6610139033386929}
2025-06-03 16:08:46,116 - SklearnModel - INFO - Training SVC
2025-06-03 16:08:46,116 - SklearnModel - INFO - Training SVC
2025-06-03 16:08:46,116 - SklearnModel - INFO - Training SVC
2025-06-03 16:08:46,116 - SklearnModel - INFO - Training SVC
2025-06-03 16:08:48,277 - SklearnModel - INFO - Training completed
2025-06-03 16:08:48,277 - SklearnModel - INFO - Training completed
2025-06-03 16:08:48,277 - SklearnModel - INFO - Training completed
2025-06-03 16:08:48,277 - SklearnModel - INFO - Training completed
2025-06-03 16:08:48,277 - SklearnModel - INFO - Evaluating model performance
2025-06-03 16:08:48,277 - SklearnModel - INFO - Evaluating model performance
2025-06-03 16:08:48,277 - SklearnModel - INFO - Evaluating model performance
2025-06-03 16:08:48,277 - SklearnModel - INFO - Evaluating model performance
2025-06-03 16:08:48,277 - SklearnModel - DEBUG - Making predictions
2025-06-03 16:08:48,277 - SklearnModel - DEBUG - Making predictions
2025-06-03 16:08:48,277 - SklearnModel - DEBUG - Making predictions
2025-06-03 16:08:48,277 - SklearnModel - DEBUG - Making predictions
2025-06-03 16:08:48,290 - SklearnModel - INFO - Evaluation metrics: {'accuracy': 0.71, 'precision': 0.684500354358611, 'recall': 0.71, 'f1': 0.681063596491228}
2025-06-03 16:08:48,290 - SklearnModel - INFO - Evaluation metrics: {'accuracy': 0.71, 'precision': 0.684500354358611, 'recall': 0.71, 'f1': 0.681063596491228}
2025-06-03 16:08:48,290 - SklearnModel - INFO - Evaluation metrics: {'accuracy': 0.71, 'precision': 0.684500354358611, 'recall': 0.71, 'f1': 0.681063596491228}
2025-06-03 16:08:48,290 - SklearnModel - INFO - Evaluation metrics: {'accuracy': 0.71, 'precision': 0.684500354358611, 'recall': 0.71, 'f1': 0.681063596491228}
