2025-06-04 12:08:59,339 - SklearnModel - INFO - Initializing SklearnModel with LogisticRegression
2025-06-04 12:08:59,339 - SklearnModel - INFO - Training LogisticRegression
2025-06-04 12:08:59,343 - SklearnModel - INFO - Training completed
2025-06-04 12:08:59,344 - SklearnModel - DEBUG - Making predictions
2025-06-04 12:08:59,357 - SklearnModel - INFO - Initializing SklearnModel with LogisticRegression
2025-06-04 12:08:59,357 - SklearnModel - INFO - Initializing SklearnModel with LogisticRegression
2025-06-04 12:08:59,357 - SklearnModel - INFO - Initializing SklearnModel with RandomForestClassifier
2025-06-04 12:08:59,357 - SklearnModel - INFO - Initializing SklearnModel with RandomForestClassifier
2025-06-04 12:08:59,357 - SklearnModel - INFO - Initializing SklearnModel with RandomForestClassifier
2025-06-04 12:08:59,357 - SklearnModel - INFO - Initializing SklearnModel with GradientBoostingClassifier
2025-06-04 12:08:59,357 - SklearnModel - INFO - Initializing SklearnModel with GradientBoostingClassifier
2025-06-04 12:08:59,357 - SklearnModel - INFO - Initializing SklearnModel with GradientBoostingClassifier
2025-06-04 12:08:59,357 - SklearnModel - INFO - Initializing SklearnModel with GradientBoostingClassifier
2025-06-04 12:08:59,358 - SklearnModel - INFO - Initializing SklearnModel with SVC
2025-06-04 12:08:59,358 - SklearnModel - INFO - Initializing SklearnModel with SVC
2025-06-04 12:08:59,358 - SklearnModel - INFO - Initializing SklearnModel with SVC
2025-06-04 12:08:59,358 - SklearnModel - INFO - Initializing SklearnModel with SVC
2025-06-04 12:08:59,358 - SklearnModel - INFO - Initializing SklearnModel with SVC
2025-06-04 12:08:59,731 - SklearnModel - INFO - Training LogisticRegression
2025-06-04 12:08:59,731 - SklearnModel - INFO - Training LogisticRegression
2025-06-04 12:08:59,731 - SklearnModel - INFO - Training LogisticRegression
2025-06-04 12:08:59,731 - SklearnModel - INFO - Training LogisticRegression
2025-06-04 12:08:59,731 - SklearnModel - INFO - Training LogisticRegression
2025-06-04 12:08:59,734 - SklearnModel - INFO - Training completed
2025-06-04 12:08:59,734 - SklearnModel - INFO - Training completed
2025-06-04 12:08:59,734 - SklearnModel - INFO - Training completed
2025-06-04 12:08:59,734 - SklearnModel - INFO - Training completed
2025-06-04 12:08:59,734 - SklearnModel - INFO - Training completed
2025-06-04 12:08:59,734 - SklearnModel - INFO - Evaluating model performance
2025-06-04 12:08:59,734 - SklearnModel - INFO - Evaluating model performance
2025-06-04 12:08:59,734 - SklearnModel - INFO - Evaluating model performance
2025-06-04 12:08:59,734 - SklearnModel - INFO - Evaluating model performance
2025-06-04 12:08:59,734 - SklearnModel - INFO - Evaluating model performance
2025-06-04 12:08:59,734 - SklearnModel - DEBUG - Making predictions
2025-06-04 12:08:59,734 - SklearnModel - DEBUG - Making predictions
2025-06-04 12:08:59,734 - SklearnModel - DEBUG - Making predictions
2025-06-04 12:08:59,734 - SklearnModel - DEBUG - Making predictions
2025-06-04 12:08:59,734 - SklearnModel - DEBUG - Making predictions
2025-06-04 12:08:59,739 - SklearnModel - INFO - Evaluation metrics: {'accuracy': 0.0, 'precision': 0.0, 'recall': 0.0, 'f1': 0.0}
2025-06-04 12:08:59,739 - SklearnModel - INFO - Evaluation metrics: {'accuracy': 0.0, 'precision': 0.0, 'recall': 0.0, 'f1': 0.0}
2025-06-04 12:08:59,739 - SklearnModel - INFO - Evaluation metrics: {'accuracy': 0.0, 'precision': 0.0, 'recall': 0.0, 'f1': 0.0}
2025-06-04 12:08:59,739 - SklearnModel - INFO - Evaluation metrics: {'accuracy': 0.0, 'precision': 0.0, 'recall': 0.0, 'f1': 0.0}
2025-06-04 12:08:59,739 - SklearnModel - INFO - Evaluation metrics: {'accuracy': 0.0, 'precision': 0.0, 'recall': 0.0, 'f1': 0.0}
2025-06-04 12:08:59,739 - SklearnModel - INFO - Training RandomForestClassifier
2025-06-04 12:08:59,739 - SklearnModel - INFO - Training RandomForestClassifier
2025-06-04 12:08:59,739 - SklearnModel - INFO - Training RandomForestClassifier
2025-06-04 12:08:59,739 - SklearnModel - INFO - Training RandomForestClassifier
2025-06-04 12:08:59,739 - SklearnModel - INFO - Training RandomForestClassifier
2025-06-04 12:08:59,809 - SklearnModel - INFO - Training completed
2025-06-04 12:08:59,809 - SklearnModel - INFO - Training completed
2025-06-04 12:08:59,809 - SklearnModel - INFO - Training completed
2025-06-04 12:08:59,809 - SklearnModel - INFO - Training completed
2025-06-04 12:08:59,809 - SklearnModel - INFO - Training completed
2025-06-04 12:08:59,810 - SklearnModel - INFO - Evaluating model performance
2025-06-04 12:08:59,810 - SklearnModel - INFO - Evaluating model performance
2025-06-04 12:08:59,810 - SklearnModel - INFO - Evaluating model performance
2025-06-04 12:08:59,810 - SklearnModel - INFO - Evaluating model performance
2025-06-04 12:08:59,810 - SklearnModel - INFO - Evaluating model performance
2025-06-04 12:08:59,810 - SklearnModel - DEBUG - Making predictions
2025-06-04 12:08:59,810 - SklearnModel - DEBUG - Making predictions
2025-06-04 12:08:59,810 - SklearnModel - DEBUG - Making predictions
2025-06-04 12:08:59,810 - SklearnModel - DEBUG - Making predictions
2025-06-04 12:08:59,810 - SklearnModel - DEBUG - Making predictions
2025-06-04 12:08:59,817 - SklearnModel - INFO - Evaluation metrics: {'accuracy': 0.0, 'precision': 0.0, 'recall': 0.0, 'f1': 0.0}
2025-06-04 12:08:59,817 - SklearnModel - INFO - Evaluation metrics: {'accuracy': 0.0, 'precision': 0.0, 'recall': 0.0, 'f1': 0.0}
2025-06-04 12:08:59,817 - SklearnModel - INFO - Evaluation metrics: {'accuracy': 0.0, 'precision': 0.0, 'recall': 0.0, 'f1': 0.0}
2025-06-04 12:08:59,817 - SklearnModel - INFO - Evaluation metrics: {'accuracy': 0.0, 'precision': 0.0, 'recall': 0.0, 'f1': 0.0}
2025-06-04 12:08:59,817 - SklearnModel - INFO - Evaluation metrics: {'accuracy': 0.0, 'precision': 0.0, 'recall': 0.0, 'f1': 0.0}
2025-06-04 12:08:59,818 - SklearnModel - INFO - Training GradientBoostingClassifier
2025-06-04 12:08:59,818 - SklearnModel - INFO - Training GradientBoostingClassifier
2025-06-04 12:08:59,818 - SklearnModel - INFO - Training GradientBoostingClassifier
2025-06-04 12:08:59,818 - SklearnModel - INFO - Training GradientBoostingClassifier
2025-06-04 12:08:59,818 - SklearnModel - INFO - Training GradientBoostingClassifier
2025-06-04 12:08:59,844 - SklearnModel - INFO - Training completed
2025-06-04 12:08:59,844 - SklearnModel - INFO - Training completed
2025-06-04 12:08:59,844 - SklearnModel - INFO - Training completed
2025-06-04 12:08:59,844 - SklearnModel - INFO - Training completed
2025-06-04 12:08:59,844 - SklearnModel - INFO - Training completed
2025-06-04 12:08:59,844 - SklearnModel - INFO - Evaluating model performance
2025-06-04 12:08:59,844 - SklearnModel - INFO - Evaluating model performance
2025-06-04 12:08:59,844 - SklearnModel - INFO - Evaluating model performance
2025-06-04 12:08:59,844 - SklearnModel - INFO - Evaluating model performance
2025-06-04 12:08:59,844 - SklearnModel - INFO - Evaluating model performance
2025-06-04 12:08:59,845 - SklearnModel - DEBUG - Making predictions
2025-06-04 12:08:59,845 - SklearnModel - DEBUG - Making predictions
2025-06-04 12:08:59,845 - SklearnModel - DEBUG - Making predictions
2025-06-04 12:08:59,845 - SklearnModel - DEBUG - Making predictions
2025-06-04 12:08:59,845 - SklearnModel - DEBUG - Making predictions
2025-06-04 12:08:59,850 - SklearnModel - INFO - Evaluation metrics: {'accuracy': 0.0, 'precision': 0.0, 'recall': 0.0, 'f1': 0.0}
2025-06-04 12:08:59,850 - SklearnModel - INFO - Evaluation metrics: {'accuracy': 0.0, 'precision': 0.0, 'recall': 0.0, 'f1': 0.0}
2025-06-04 12:08:59,850 - SklearnModel - INFO - Evaluation metrics: {'accuracy': 0.0, 'precision': 0.0, 'recall': 0.0, 'f1': 0.0}
2025-06-04 12:08:59,850 - SklearnModel - INFO - Evaluation metrics: {'accuracy': 0.0, 'precision': 0.0, 'recall': 0.0, 'f1': 0.0}
2025-06-04 12:08:59,850 - SklearnModel - INFO - Evaluation metrics: {'accuracy': 0.0, 'precision': 0.0, 'recall': 0.0, 'f1': 0.0}
2025-06-04 12:08:59,850 - SklearnModel - INFO - Training SVC
2025-06-04 12:08:59,850 - SklearnModel - INFO - Training SVC
2025-06-04 12:08:59,850 - SklearnModel - INFO - Training SVC
2025-06-04 12:08:59,850 - SklearnModel - INFO - Training SVC
2025-06-04 12:08:59,850 - SklearnModel - INFO - Training SVC
2025-06-04 12:08:59,851 - SklearnModel - INFO - Training completed
2025-06-04 12:08:59,851 - SklearnModel - INFO - Training completed
2025-06-04 12:08:59,851 - SklearnModel - INFO - Training completed
2025-06-04 12:08:59,851 - SklearnModel - INFO - Training completed
2025-06-04 12:08:59,851 - SklearnModel - INFO - Training completed
2025-06-04 12:08:59,852 - SklearnModel - INFO - Evaluating model performance
2025-06-04 12:08:59,852 - SklearnModel - INFO - Evaluating model performance
2025-06-04 12:08:59,852 - SklearnModel - INFO - Evaluating model performance
2025-06-04 12:08:59,852 - SklearnModel - INFO - Evaluating model performance
2025-06-04 12:08:59,852 - SklearnModel - INFO - Evaluating model performance
2025-06-04 12:08:59,852 - SklearnModel - DEBUG - Making predictions
2025-06-04 12:08:59,852 - SklearnModel - DEBUG - Making predictions
2025-06-04 12:08:59,852 - SklearnModel - DEBUG - Making predictions
2025-06-04 12:08:59,852 - SklearnModel - DEBUG - Making predictions
2025-06-04 12:08:59,852 - SklearnModel - DEBUG - Making predictions
2025-06-04 12:08:59,856 - SklearnModel - INFO - Evaluation metrics: {'accuracy': 0.0, 'precision': 0.0, 'recall': 0.0, 'f1': 0.0}
2025-06-04 12:08:59,856 - SklearnModel - INFO - Evaluation metrics: {'accuracy': 0.0, 'precision': 0.0, 'recall': 0.0, 'f1': 0.0}
2025-06-04 12:08:59,856 - SklearnModel - INFO - Evaluation metrics: {'accuracy': 0.0, 'precision': 0.0, 'recall': 0.0, 'f1': 0.0}
2025-06-04 12:08:59,856 - SklearnModel - INFO - Evaluation metrics: {'accuracy': 0.0, 'precision': 0.0, 'recall': 0.0, 'f1': 0.0}
2025-06-04 12:08:59,856 - SklearnModel - INFO - Evaluation metrics: {'accuracy': 0.0, 'precision': 0.0, 'recall': 0.0, 'f1': 0.0}
