2025-06-15 12:32:11,890 - SklearnModel - INFO - Initializing SklearnModel with LogisticRegression
2025-06-15 12:32:11,890 - SklearnModel - INFO - Initializing SklearnModel with RandomForestClassifier
2025-06-15 12:32:11,890 - SklearnModel - INFO - Initializing SklearnModel with RandomForestClassifier
2025-06-15 12:32:11,890 - SklearnModel - INFO - Initializing SklearnModel with GradientBoostingClassifier
2025-06-15 12:32:11,890 - SklearnModel - INFO - Initializing SklearnModel with GradientBoostingClassifier
2025-06-15 12:32:11,890 - SklearnModel - INFO - Initializing SklearnModel with GradientBoostingClassifier
2025-06-15 12:32:11,890 - SklearnModel - INFO - Initializing SklearnModel with SVC
2025-06-15 12:32:11,890 - SklearnModel - INFO - Initializing SklearnModel with SVC
2025-06-15 12:32:11,890 - SklearnModel - INFO - Initializing SklearnModel with SVC
2025-06-15 12:32:11,890 - SklearnModel - INFO - Initializing SklearnModel with SVC
2025-06-15 12:32:11,906 - SklearnModel - INFO - Training LogisticRegression
2025-06-15 12:32:11,906 - SklearnModel - INFO - Training LogisticRegression
2025-06-15 12:32:11,906 - SklearnModel - INFO - Training LogisticRegression
2025-06-15 12:32:11,906 - SklearnModel - INFO - Training LogisticRegression
2025-06-15 12:32:14,654 - SklearnModel - INFO - Training completed
2025-06-15 12:32:14,654 - SklearnModel - INFO - Training completed
2025-06-15 12:32:14,654 - SklearnModel - INFO - Training completed
2025-06-15 12:32:14,654 - SklearnModel - INFO - Training completed
2025-06-15 12:32:14,654 - SklearnModel - INFO - Evaluating model performance
2025-06-15 12:32:14,654 - SklearnModel - INFO - Evaluating model performance
2025-06-15 12:32:14,654 - SklearnModel - INFO - Evaluating model performance
2025-06-15 12:32:14,654 - SklearnModel - INFO - Evaluating model performance
2025-06-15 12:32:14,654 - SklearnModel - DEBUG - Making predictions
2025-06-15 12:32:14,654 - SklearnModel - DEBUG - Making predictions
2025-06-15 12:32:14,654 - SklearnModel - DEBUG - Making predictions
2025-06-15 12:32:14,654 - SklearnModel - DEBUG - Making predictions
2025-06-15 12:32:14,667 - SklearnModel - INFO - Evaluation metrics: {'accuracy': 0.73, 'precision': 0.7115204678362573, 'recall': 0.73, 'f1': 0.7084}
2025-06-15 12:32:14,667 - SklearnModel - INFO - Evaluation metrics: {'accuracy': 0.73, 'precision': 0.7115204678362573, 'recall': 0.73, 'f1': 0.7084}
2025-06-15 12:32:14,667 - SklearnModel - INFO - Evaluation metrics: {'accuracy': 0.73, 'precision': 0.7115204678362573, 'recall': 0.73, 'f1': 0.7084}
2025-06-15 12:32:14,667 - SklearnModel - INFO - Evaluation metrics: {'accuracy': 0.73, 'precision': 0.7115204678362573, 'recall': 0.73, 'f1': 0.7084}
2025-06-15 12:32:14,688 - SklearnModel - INFO - Training RandomForestClassifier
2025-06-15 12:32:14,688 - SklearnModel - INFO - Training RandomForestClassifier
2025-06-15 12:32:14,688 - SklearnModel - INFO - Training RandomForestClassifier
2025-06-15 12:32:14,688 - SklearnModel - INFO - Training RandomForestClassifier
2025-06-15 12:32:16,346 - SklearnModel - INFO - Training completed
2025-06-15 12:32:16,346 - SklearnModel - INFO - Training completed
2025-06-15 12:32:16,346 - SklearnModel - INFO - Training completed
2025-06-15 12:32:16,346 - SklearnModel - INFO - Training completed
2025-06-15 12:32:16,346 - SklearnModel - INFO - Evaluating model performance
2025-06-15 12:32:16,346 - SklearnModel - INFO - Evaluating model performance
2025-06-15 12:32:16,346 - SklearnModel - INFO - Evaluating model performance
2025-06-15 12:32:16,346 - SklearnModel - INFO - Evaluating model performance
2025-06-15 12:32:16,346 - SklearnModel - DEBUG - Making predictions
2025-06-15 12:32:16,346 - SklearnModel - DEBUG - Making predictions
2025-06-15 12:32:16,346 - SklearnModel - DEBUG - Making predictions
2025-06-15 12:32:16,346 - SklearnModel - DEBUG - Making predictions
2025-06-15 12:32:16,368 - SklearnModel - INFO - Evaluation metrics: {'accuracy': 0.7, 'precision': 0.677697408077155, 'recall': 0.7, 'f1': 0.6812889812889813}
2025-06-15 12:32:16,368 - SklearnModel - INFO - Evaluation metrics: {'accuracy': 0.7, 'precision': 0.677697408077155, 'recall': 0.7, 'f1': 0.6812889812889813}
2025-06-15 12:32:16,368 - SklearnModel - INFO - Evaluation metrics: {'accuracy': 0.7, 'precision': 0.677697408077155, 'recall': 0.7, 'f1': 0.6812889812889813}
2025-06-15 12:32:16,368 - SklearnModel - INFO - Evaluation metrics: {'accuracy': 0.7, 'precision': 0.677697408077155, 'recall': 0.7, 'f1': 0.6812889812889813}
2025-06-15 12:32:16,380 - SklearnModel - INFO - Training GradientBoostingClassifier
2025-06-15 12:32:16,380 - SklearnModel - INFO - Training GradientBoostingClassifier
2025-06-15 12:32:16,380 - SklearnModel - INFO - Training GradientBoostingClassifier
2025-06-15 12:32:16,380 - SklearnModel - INFO - Training GradientBoostingClassifier
2025-06-15 12:32:18,032 - SklearnModel - INFO - Training completed
2025-06-15 12:32:18,032 - SklearnModel - INFO - Training completed
2025-06-15 12:32:18,032 - SklearnModel - INFO - Training completed
2025-06-15 12:32:18,032 - SklearnModel - INFO - Training completed
2025-06-15 12:32:18,032 - SklearnModel - INFO - Evaluating model performance
2025-06-15 12:32:18,032 - SklearnModel - INFO - Evaluating model performance
2025-06-15 12:32:18,032 - SklearnModel - INFO - Evaluating model performance
2025-06-15 12:32:18,032 - SklearnModel - INFO - Evaluating model performance
2025-06-15 12:32:18,032 - SklearnModel - DEBUG - Making predictions
2025-06-15 12:32:18,032 - SklearnModel - DEBUG - Making predictions
2025-06-15 12:32:18,032 - SklearnModel - DEBUG - Making predictions
2025-06-15 12:32:18,032 - SklearnModel - DEBUG - Making predictions
2025-06-15 12:32:18,037 - SklearnModel - INFO - Evaluation metrics: {'accuracy': 0.675, 'precision': 0.6547142261159783, 'recall': 0.675, 'f1': 0.6610139033386929}
2025-06-15 12:32:18,037 - SklearnModel - INFO - Evaluation metrics: {'accuracy': 0.675, 'precision': 0.6547142261159783, 'recall': 0.675, 'f1': 0.6610139033386929}
2025-06-15 12:32:18,037 - SklearnModel - INFO - Evaluation metrics: {'accuracy': 0.675, 'precision': 0.6547142261159783, 'recall': 0.675, 'f1': 0.6610139033386929}
2025-06-15 12:32:18,037 - SklearnModel - INFO - Evaluation metrics: {'accuracy': 0.675, 'precision': 0.6547142261159783, 'recall': 0.675, 'f1': 0.6610139033386929}
2025-06-15 12:32:18,051 - SklearnModel - INFO - Training SVC
2025-06-15 12:32:18,051 - SklearnModel - INFO - Training SVC
2025-06-15 12:32:18,051 - SklearnModel - INFO - Training SVC
2025-06-15 12:32:18,051 - SklearnModel - INFO - Training SVC
2025-06-15 12:32:19,854 - SklearnModel - INFO - Training completed
2025-06-15 12:32:19,854 - SklearnModel - INFO - Training completed
2025-06-15 12:32:19,854 - SklearnModel - INFO - Training completed
2025-06-15 12:32:19,854 - SklearnModel - INFO - Training completed
2025-06-15 12:32:19,854 - SklearnModel - INFO - Evaluating model performance
2025-06-15 12:32:19,854 - SklearnModel - INFO - Evaluating model performance
2025-06-15 12:32:19,854 - SklearnModel - INFO - Evaluating model performance
2025-06-15 12:32:19,854 - SklearnModel - INFO - Evaluating model performance
2025-06-15 12:32:19,854 - SklearnModel - DEBUG - Making predictions
2025-06-15 12:32:19,854 - SklearnModel - DEBUG - Making predictions
2025-06-15 12:32:19,854 - SklearnModel - DEBUG - Making predictions
2025-06-15 12:32:19,854 - SklearnModel - DEBUG - Making predictions
2025-06-15 12:32:19,864 - SklearnModel - INFO - Evaluation metrics: {'accuracy': 0.71, 'precision': 0.684500354358611, 'recall': 0.71, 'f1': 0.681063596491228}
2025-06-15 12:32:19,864 - SklearnModel - INFO - Evaluation metrics: {'accuracy': 0.71, 'precision': 0.684500354358611, 'recall': 0.71, 'f1': 0.681063596491228}
2025-06-15 12:32:19,864 - SklearnModel - INFO - Evaluation metrics: {'accuracy': 0.71, 'precision': 0.684500354358611, 'recall': 0.71, 'f1': 0.681063596491228}
2025-06-15 12:32:19,864 - SklearnModel - INFO - Evaluation metrics: {'accuracy': 0.71, 'precision': 0.684500354358611, 'recall': 0.71, 'f1': 0.681063596491228}
