2025-06-04 11:59:55,397 - SklearnModel - INFO - Initializing SklearnModel with LogisticRegression
2025-06-04 11:59:55,397 - SklearnModel - INFO - Training LogisticRegression
2025-06-04 11:59:55,403 - SklearnModel - INFO - Training completed
2025-06-04 11:59:55,403 - SklearnModel - DEBUG - Making predictions
2025-06-04 11:59:55,427 - SklearnModel - INFO - Initializing SklearnModel with LogisticRegression
2025-06-04 11:59:55,427 - SklearnModel - INFO - Initializing SklearnModel with LogisticRegression
2025-06-04 11:59:55,427 - SklearnModel - INFO - Initializing SklearnModel with RandomForestClassifier
2025-06-04 11:59:55,427 - SklearnModel - INFO - Initializing SklearnModel with RandomForestClassifier
2025-06-04 11:59:55,427 - SklearnModel - INFO - Initializing SklearnModel with RandomForestClassifier
2025-06-04 11:59:55,427 - SklearnModel - INFO - Initializing SklearnModel with GradientBoostingClassifier
2025-06-04 11:59:55,427 - SklearnModel - INFO - Initializing SklearnModel with GradientBoostingClassifier
2025-06-04 11:59:55,427 - SklearnModel - INFO - Initializing SklearnModel with GradientBoostingClassifier
2025-06-04 11:59:55,427 - SklearnModel - INFO - Initializing SklearnModel with GradientBoostingClassifier
2025-06-04 11:59:55,428 - SklearnModel - INFO - Initializing SklearnModel with SVC
2025-06-04 11:59:55,428 - SklearnModel - INFO - Initializing SklearnModel with SVC
2025-06-04 11:59:55,428 - SklearnModel - INFO - Initializing SklearnModel with SVC
2025-06-04 11:59:55,428 - SklearnModel - INFO - Initializing SklearnModel with SVC
2025-06-04 11:59:55,428 - SklearnModel - INFO - Initializing SklearnModel with SVC
2025-06-04 11:59:55,886 - SklearnModel - INFO - Training LogisticRegression
2025-06-04 11:59:55,886 - SklearnModel - INFO - Training LogisticRegression
2025-06-04 11:59:55,886 - SklearnModel - INFO - Training LogisticRegression
2025-06-04 11:59:55,886 - SklearnModel - INFO - Training LogisticRegression
2025-06-04 11:59:55,886 - SklearnModel - INFO - Training LogisticRegression
2025-06-04 11:59:55,890 - SklearnModel - INFO - Training completed
2025-06-04 11:59:55,890 - SklearnModel - INFO - Training completed
2025-06-04 11:59:55,890 - SklearnModel - INFO - Training completed
2025-06-04 11:59:55,890 - SklearnModel - INFO - Training completed
2025-06-04 11:59:55,890 - SklearnModel - INFO - Training completed
2025-06-04 11:59:55,890 - SklearnModel - INFO - Evaluating model performance
2025-06-04 11:59:55,890 - SklearnModel - INFO - Evaluating model performance
2025-06-04 11:59:55,890 - SklearnModel - INFO - Evaluating model performance
2025-06-04 11:59:55,890 - SklearnModel - INFO - Evaluating model performance
2025-06-04 11:59:55,890 - SklearnModel - INFO - Evaluating model performance
2025-06-04 11:59:55,891 - SklearnModel - DEBUG - Making predictions
2025-06-04 11:59:55,891 - SklearnModel - DEBUG - Making predictions
2025-06-04 11:59:55,891 - SklearnModel - DEBUG - Making predictions
2025-06-04 11:59:55,891 - SklearnModel - DEBUG - Making predictions
2025-06-04 11:59:55,891 - SklearnModel - DEBUG - Making predictions
2025-06-04 11:59:55,898 - SklearnModel - INFO - Evaluation metrics: {'accuracy': 0.0, 'precision': 0.0, 'recall': 0.0, 'f1': 0.0}
2025-06-04 11:59:55,898 - SklearnModel - INFO - Evaluation metrics: {'accuracy': 0.0, 'precision': 0.0, 'recall': 0.0, 'f1': 0.0}
2025-06-04 11:59:55,898 - SklearnModel - INFO - Evaluation metrics: {'accuracy': 0.0, 'precision': 0.0, 'recall': 0.0, 'f1': 0.0}
2025-06-04 11:59:55,898 - SklearnModel - INFO - Evaluation metrics: {'accuracy': 0.0, 'precision': 0.0, 'recall': 0.0, 'f1': 0.0}
2025-06-04 11:59:55,898 - SklearnModel - INFO - Evaluation metrics: {'accuracy': 0.0, 'precision': 0.0, 'recall': 0.0, 'f1': 0.0}
2025-06-04 11:59:55,898 - SklearnModel - INFO - Training RandomForestClassifier
2025-06-04 11:59:55,898 - SklearnModel - INFO - Training RandomForestClassifier
2025-06-04 11:59:55,898 - SklearnModel - INFO - Training RandomForestClassifier
2025-06-04 11:59:55,898 - SklearnModel - INFO - Training RandomForestClassifier
2025-06-04 11:59:55,898 - SklearnModel - INFO - Training RandomForestClassifier
2025-06-04 11:59:55,994 - SklearnModel - INFO - Training completed
2025-06-04 11:59:55,994 - SklearnModel - INFO - Training completed
2025-06-04 11:59:55,994 - SklearnModel - INFO - Training completed
2025-06-04 11:59:55,994 - SklearnModel - INFO - Training completed
2025-06-04 11:59:55,994 - SklearnModel - INFO - Training completed
2025-06-04 11:59:55,994 - SklearnModel - INFO - Evaluating model performance
2025-06-04 11:59:55,994 - SklearnModel - INFO - Evaluating model performance
2025-06-04 11:59:55,994 - SklearnModel - INFO - Evaluating model performance
2025-06-04 11:59:55,994 - SklearnModel - INFO - Evaluating model performance
2025-06-04 11:59:55,994 - SklearnModel - INFO - Evaluating model performance
2025-06-04 11:59:55,994 - SklearnModel - DEBUG - Making predictions
2025-06-04 11:59:55,994 - SklearnModel - DEBUG - Making predictions
2025-06-04 11:59:55,994 - SklearnModel - DEBUG - Making predictions
2025-06-04 11:59:55,994 - SklearnModel - DEBUG - Making predictions
2025-06-04 11:59:55,994 - SklearnModel - DEBUG - Making predictions
2025-06-04 11:59:56,005 - SklearnModel - INFO - Evaluation metrics: {'accuracy': 0.0, 'precision': 0.0, 'recall': 0.0, 'f1': 0.0}
2025-06-04 11:59:56,005 - SklearnModel - INFO - Evaluation metrics: {'accuracy': 0.0, 'precision': 0.0, 'recall': 0.0, 'f1': 0.0}
2025-06-04 11:59:56,005 - SklearnModel - INFO - Evaluation metrics: {'accuracy': 0.0, 'precision': 0.0, 'recall': 0.0, 'f1': 0.0}
2025-06-04 11:59:56,005 - SklearnModel - INFO - Evaluation metrics: {'accuracy': 0.0, 'precision': 0.0, 'recall': 0.0, 'f1': 0.0}
2025-06-04 11:59:56,005 - SklearnModel - INFO - Evaluation metrics: {'accuracy': 0.0, 'precision': 0.0, 'recall': 0.0, 'f1': 0.0}
2025-06-04 11:59:56,005 - SklearnModel - INFO - Training GradientBoostingClassifier
2025-06-04 11:59:56,005 - SklearnModel - INFO - Training GradientBoostingClassifier
2025-06-04 11:59:56,005 - SklearnModel - INFO - Training GradientBoostingClassifier
2025-06-04 11:59:56,005 - SklearnModel - INFO - Training GradientBoostingClassifier
2025-06-04 11:59:56,005 - SklearnModel - INFO - Training GradientBoostingClassifier
2025-06-04 11:59:56,041 - SklearnModel - INFO - Training completed
2025-06-04 11:59:56,041 - SklearnModel - INFO - Training completed
2025-06-04 11:59:56,041 - SklearnModel - INFO - Training completed
2025-06-04 11:59:56,041 - SklearnModel - INFO - Training completed
2025-06-04 11:59:56,041 - SklearnModel - INFO - Training completed
2025-06-04 11:59:56,042 - SklearnModel - INFO - Evaluating model performance
2025-06-04 11:59:56,042 - SklearnModel - INFO - Evaluating model performance
2025-06-04 11:59:56,042 - SklearnModel - INFO - Evaluating model performance
2025-06-04 11:59:56,042 - SklearnModel - INFO - Evaluating model performance
2025-06-04 11:59:56,042 - SklearnModel - INFO - Evaluating model performance
2025-06-04 11:59:56,042 - SklearnModel - DEBUG - Making predictions
2025-06-04 11:59:56,042 - SklearnModel - DEBUG - Making predictions
2025-06-04 11:59:56,042 - SklearnModel - DEBUG - Making predictions
2025-06-04 11:59:56,042 - SklearnModel - DEBUG - Making predictions
2025-06-04 11:59:56,042 - SklearnModel - DEBUG - Making predictions
2025-06-04 11:59:56,048 - SklearnModel - INFO - Evaluation metrics: {'accuracy': 0.0, 'precision': 0.0, 'recall': 0.0, 'f1': 0.0}
2025-06-04 11:59:56,048 - SklearnModel - INFO - Evaluation metrics: {'accuracy': 0.0, 'precision': 0.0, 'recall': 0.0, 'f1': 0.0}
2025-06-04 11:59:56,048 - SklearnModel - INFO - Evaluation metrics: {'accuracy': 0.0, 'precision': 0.0, 'recall': 0.0, 'f1': 0.0}
2025-06-04 11:59:56,048 - SklearnModel - INFO - Evaluation metrics: {'accuracy': 0.0, 'precision': 0.0, 'recall': 0.0, 'f1': 0.0}
2025-06-04 11:59:56,048 - SklearnModel - INFO - Evaluation metrics: {'accuracy': 0.0, 'precision': 0.0, 'recall': 0.0, 'f1': 0.0}
2025-06-04 11:59:56,048 - SklearnModel - INFO - Training SVC
2025-06-04 11:59:56,048 - SklearnModel - INFO - Training SVC
2025-06-04 11:59:56,048 - SklearnModel - INFO - Training SVC
2025-06-04 11:59:56,048 - SklearnModel - INFO - Training SVC
2025-06-04 11:59:56,048 - SklearnModel - INFO - Training SVC
2025-06-04 11:59:56,050 - SklearnModel - INFO - Training completed
2025-06-04 11:59:56,050 - SklearnModel - INFO - Training completed
2025-06-04 11:59:56,050 - SklearnModel - INFO - Training completed
2025-06-04 11:59:56,050 - SklearnModel - INFO - Training completed
2025-06-04 11:59:56,050 - SklearnModel - INFO - Training completed
2025-06-04 11:59:56,051 - SklearnModel - INFO - Evaluating model performance
2025-06-04 11:59:56,051 - SklearnModel - INFO - Evaluating model performance
2025-06-04 11:59:56,051 - SklearnModel - INFO - Evaluating model performance
2025-06-04 11:59:56,051 - SklearnModel - INFO - Evaluating model performance
2025-06-04 11:59:56,051 - SklearnModel - INFO - Evaluating model performance
2025-06-04 11:59:56,051 - SklearnModel - DEBUG - Making predictions
2025-06-04 11:59:56,051 - SklearnModel - DEBUG - Making predictions
2025-06-04 11:59:56,051 - SklearnModel - DEBUG - Making predictions
2025-06-04 11:59:56,051 - SklearnModel - DEBUG - Making predictions
2025-06-04 11:59:56,051 - SklearnModel - DEBUG - Making predictions
2025-06-04 11:59:56,057 - SklearnModel - INFO - Evaluation metrics: {'accuracy': 0.0, 'precision': 0.0, 'recall': 0.0, 'f1': 0.0}
2025-06-04 11:59:56,057 - SklearnModel - INFO - Evaluation metrics: {'accuracy': 0.0, 'precision': 0.0, 'recall': 0.0, 'f1': 0.0}
2025-06-04 11:59:56,057 - SklearnModel - INFO - Evaluation metrics: {'accuracy': 0.0, 'precision': 0.0, 'recall': 0.0, 'f1': 0.0}
2025-06-04 11:59:56,057 - SklearnModel - INFO - Evaluation metrics: {'accuracy': 0.0, 'precision': 0.0, 'recall': 0.0, 'f1': 0.0}
2025-06-04 11:59:56,057 - SklearnModel - INFO - Evaluation metrics: {'accuracy': 0.0, 'precision': 0.0, 'recall': 0.0, 'f1': 0.0}
