2025-06-03 16:06:21,749 - SklearnModel - INFO - Initializing SklearnModel with LogisticRegression
2025-06-03 16:06:21,749 - SklearnModel - INFO - Training LogisticRegression
2025-06-03 16:06:21,757 - SklearnModel - INFO - Training completed
2025-06-03 16:06:21,757 - SklearnModel - DEBUG - Making predictions
2025-06-03 16:06:21,773 - SklearnModel - INFO - Initializing SklearnModel with LogisticRegression
2025-06-03 16:06:21,773 - SklearnModel - INFO - Initializing SklearnModel with LogisticRegression
2025-06-03 16:06:21,774 - SklearnModel - INFO - Initializing SklearnModel with RandomForestClassifier
2025-06-03 16:06:21,774 - SklearnModel - INFO - Initializing SklearnModel with RandomForestClassifier
2025-06-03 16:06:21,774 - SklearnModel - INFO - Initializing SklearnModel with RandomForestClassifier
2025-06-03 16:06:21,774 - SklearnModel - INFO - Initializing SklearnModel with GradientBoostingClassifier
2025-06-03 16:06:21,774 - SklearnModel - INFO - Initializing SklearnModel with GradientBoostingClassifier
2025-06-03 16:06:21,774 - SklearnModel - INFO - Initializing SklearnModel with GradientBoostingClassifier
2025-06-03 16:06:21,774 - SklearnModel - INFO - Initializing SklearnModel with GradientBoostingClassifier
2025-06-03 16:06:21,774 - SklearnModel - INFO - Initializing SklearnModel with SVC
2025-06-03 16:06:21,774 - SklearnModel - INFO - Initializing SklearnModel with SVC
2025-06-03 16:06:21,774 - SklearnModel - INFO - Initializing SklearnModel with SVC
2025-06-03 16:06:21,774 - SklearnModel - INFO - Initializing SklearnModel with SVC
2025-06-03 16:06:21,774 - SklearnModel - INFO - Initializing SklearnModel with SVC
2025-06-03 16:06:22,168 - SklearnModel - INFO - Training LogisticRegression
2025-06-03 16:06:22,168 - SklearnModel - INFO - Training LogisticRegression
2025-06-03 16:06:22,168 - SklearnModel - INFO - Training LogisticRegression
2025-06-03 16:06:22,168 - SklearnModel - INFO - Training LogisticRegression
2025-06-03 16:06:22,168 - SklearnModel - INFO - Training LogisticRegression
2025-06-03 16:06:22,171 - SklearnModel - INFO - Training completed
2025-06-03 16:06:22,171 - SklearnModel - INFO - Training completed
2025-06-03 16:06:22,171 - SklearnModel - INFO - Training completed
2025-06-03 16:06:22,171 - SklearnModel - INFO - Training completed
2025-06-03 16:06:22,171 - SklearnModel - INFO - Training completed
2025-06-03 16:06:22,171 - SklearnModel - INFO - Evaluating model performance
2025-06-03 16:06:22,171 - SklearnModel - INFO - Evaluating model performance
2025-06-03 16:06:22,171 - SklearnModel - INFO - Evaluating model performance
2025-06-03 16:06:22,171 - SklearnModel - INFO - Evaluating model performance
2025-06-03 16:06:22,171 - SklearnModel - INFO - Evaluating model performance
2025-06-03 16:06:22,171 - SklearnModel - DEBUG - Making predictions
2025-06-03 16:06:22,171 - SklearnModel - DEBUG - Making predictions
2025-06-03 16:06:22,171 - SklearnModel - DEBUG - Making predictions
2025-06-03 16:06:22,171 - SklearnModel - DEBUG - Making predictions
2025-06-03 16:06:22,171 - SklearnModel - DEBUG - Making predictions
2025-06-03 16:06:22,176 - SklearnModel - INFO - Evaluation metrics: {'accuracy': 0.0, 'precision': 0.0, 'recall': 0.0, 'f1': 0.0}
2025-06-03 16:06:22,176 - SklearnModel - INFO - Evaluation metrics: {'accuracy': 0.0, 'precision': 0.0, 'recall': 0.0, 'f1': 0.0}
2025-06-03 16:06:22,176 - SklearnModel - INFO - Evaluation metrics: {'accuracy': 0.0, 'precision': 0.0, 'recall': 0.0, 'f1': 0.0}
2025-06-03 16:06:22,176 - SklearnModel - INFO - Evaluation metrics: {'accuracy': 0.0, 'precision': 0.0, 'recall': 0.0, 'f1': 0.0}
2025-06-03 16:06:22,176 - SklearnModel - INFO - Evaluation metrics: {'accuracy': 0.0, 'precision': 0.0, 'recall': 0.0, 'f1': 0.0}
2025-06-03 16:06:22,176 - SklearnModel - INFO - Training RandomForestClassifier
2025-06-03 16:06:22,176 - SklearnModel - INFO - Training RandomForestClassifier
2025-06-03 16:06:22,176 - SklearnModel - INFO - Training RandomForestClassifier
2025-06-03 16:06:22,176 - SklearnModel - INFO - Training RandomForestClassifier
2025-06-03 16:06:22,176 - SklearnModel - INFO - Training RandomForestClassifier
2025-06-03 16:06:22,246 - SklearnModel - INFO - Training completed
2025-06-03 16:06:22,246 - SklearnModel - INFO - Training completed
2025-06-03 16:06:22,246 - SklearnModel - INFO - Training completed
2025-06-03 16:06:22,246 - SklearnModel - INFO - Training completed
2025-06-03 16:06:22,246 - SklearnModel - INFO - Training completed
2025-06-03 16:06:22,246 - SklearnModel - INFO - Evaluating model performance
2025-06-03 16:06:22,246 - SklearnModel - INFO - Evaluating model performance
2025-06-03 16:06:22,246 - SklearnModel - INFO - Evaluating model performance
2025-06-03 16:06:22,246 - SklearnModel - INFO - Evaluating model performance
2025-06-03 16:06:22,246 - SklearnModel - INFO - Evaluating model performance
2025-06-03 16:06:22,246 - SklearnModel - DEBUG - Making predictions
2025-06-03 16:06:22,246 - SklearnModel - DEBUG - Making predictions
2025-06-03 16:06:22,246 - SklearnModel - DEBUG - Making predictions
2025-06-03 16:06:22,246 - SklearnModel - DEBUG - Making predictions
2025-06-03 16:06:22,246 - SklearnModel - DEBUG - Making predictions
2025-06-03 16:06:22,254 - SklearnModel - INFO - Evaluation metrics: {'accuracy': 0.0, 'precision': 0.0, 'recall': 0.0, 'f1': 0.0}
2025-06-03 16:06:22,254 - SklearnModel - INFO - Evaluation metrics: {'accuracy': 0.0, 'precision': 0.0, 'recall': 0.0, 'f1': 0.0}
2025-06-03 16:06:22,254 - SklearnModel - INFO - Evaluation metrics: {'accuracy': 0.0, 'precision': 0.0, 'recall': 0.0, 'f1': 0.0}
2025-06-03 16:06:22,254 - SklearnModel - INFO - Evaluation metrics: {'accuracy': 0.0, 'precision': 0.0, 'recall': 0.0, 'f1': 0.0}
2025-06-03 16:06:22,254 - SklearnModel - INFO - Evaluation metrics: {'accuracy': 0.0, 'precision': 0.0, 'recall': 0.0, 'f1': 0.0}
2025-06-03 16:06:22,254 - SklearnModel - INFO - Training GradientBoostingClassifier
2025-06-03 16:06:22,254 - SklearnModel - INFO - Training GradientBoostingClassifier
2025-06-03 16:06:22,254 - SklearnModel - INFO - Training GradientBoostingClassifier
2025-06-03 16:06:22,254 - SklearnModel - INFO - Training GradientBoostingClassifier
2025-06-03 16:06:22,254 - SklearnModel - INFO - Training GradientBoostingClassifier
2025-06-03 16:06:22,281 - SklearnModel - INFO - Training completed
2025-06-03 16:06:22,281 - SklearnModel - INFO - Training completed
2025-06-03 16:06:22,281 - SklearnModel - INFO - Training completed
2025-06-03 16:06:22,281 - SklearnModel - INFO - Training completed
2025-06-03 16:06:22,281 - SklearnModel - INFO - Training completed
2025-06-03 16:06:22,281 - SklearnModel - INFO - Evaluating model performance
2025-06-03 16:06:22,281 - SklearnModel - INFO - Evaluating model performance
2025-06-03 16:06:22,281 - SklearnModel - INFO - Evaluating model performance
2025-06-03 16:06:22,281 - SklearnModel - INFO - Evaluating model performance
2025-06-03 16:06:22,281 - SklearnModel - INFO - Evaluating model performance
2025-06-03 16:06:22,281 - SklearnModel - DEBUG - Making predictions
2025-06-03 16:06:22,281 - SklearnModel - DEBUG - Making predictions
2025-06-03 16:06:22,281 - SklearnModel - DEBUG - Making predictions
2025-06-03 16:06:22,281 - SklearnModel - DEBUG - Making predictions
2025-06-03 16:06:22,281 - SklearnModel - DEBUG - Making predictions
2025-06-03 16:06:22,286 - SklearnModel - INFO - Evaluation metrics: {'accuracy': 0.0, 'precision': 0.0, 'recall': 0.0, 'f1': 0.0}
2025-06-03 16:06:22,286 - SklearnModel - INFO - Evaluation metrics: {'accuracy': 0.0, 'precision': 0.0, 'recall': 0.0, 'f1': 0.0}
2025-06-03 16:06:22,286 - SklearnModel - INFO - Evaluation metrics: {'accuracy': 0.0, 'precision': 0.0, 'recall': 0.0, 'f1': 0.0}
2025-06-03 16:06:22,286 - SklearnModel - INFO - Evaluation metrics: {'accuracy': 0.0, 'precision': 0.0, 'recall': 0.0, 'f1': 0.0}
2025-06-03 16:06:22,286 - SklearnModel - INFO - Evaluation metrics: {'accuracy': 0.0, 'precision': 0.0, 'recall': 0.0, 'f1': 0.0}
2025-06-03 16:06:22,286 - SklearnModel - INFO - Training SVC
2025-06-03 16:06:22,286 - SklearnModel - INFO - Training SVC
2025-06-03 16:06:22,286 - SklearnModel - INFO - Training SVC
2025-06-03 16:06:22,286 - SklearnModel - INFO - Training SVC
2025-06-03 16:06:22,286 - SklearnModel - INFO - Training SVC
2025-06-03 16:06:22,288 - SklearnModel - INFO - Training completed
2025-06-03 16:06:22,288 - SklearnModel - INFO - Training completed
2025-06-03 16:06:22,288 - SklearnModel - INFO - Training completed
2025-06-03 16:06:22,288 - SklearnModel - INFO - Training completed
2025-06-03 16:06:22,288 - SklearnModel - INFO - Training completed
2025-06-03 16:06:22,288 - SklearnModel - INFO - Evaluating model performance
2025-06-03 16:06:22,288 - SklearnModel - INFO - Evaluating model performance
2025-06-03 16:06:22,288 - SklearnModel - INFO - Evaluating model performance
2025-06-03 16:06:22,288 - SklearnModel - INFO - Evaluating model performance
2025-06-03 16:06:22,288 - SklearnModel - INFO - Evaluating model performance
2025-06-03 16:06:22,288 - SklearnModel - DEBUG - Making predictions
2025-06-03 16:06:22,288 - SklearnModel - DEBUG - Making predictions
2025-06-03 16:06:22,288 - SklearnModel - DEBUG - Making predictions
2025-06-03 16:06:22,288 - SklearnModel - DEBUG - Making predictions
2025-06-03 16:06:22,288 - SklearnModel - DEBUG - Making predictions
2025-06-03 16:06:22,293 - SklearnModel - INFO - Evaluation metrics: {'accuracy': 0.0, 'precision': 0.0, 'recall': 0.0, 'f1': 0.0}
2025-06-03 16:06:22,293 - SklearnModel - INFO - Evaluation metrics: {'accuracy': 0.0, 'precision': 0.0, 'recall': 0.0, 'f1': 0.0}
2025-06-03 16:06:22,293 - SklearnModel - INFO - Evaluation metrics: {'accuracy': 0.0, 'precision': 0.0, 'recall': 0.0, 'f1': 0.0}
2025-06-03 16:06:22,293 - SklearnModel - INFO - Evaluation metrics: {'accuracy': 0.0, 'precision': 0.0, 'recall': 0.0, 'f1': 0.0}
2025-06-03 16:06:22,293 - SklearnModel - INFO - Evaluation metrics: {'accuracy': 0.0, 'precision': 0.0, 'recall': 0.0, 'f1': 0.0}
