2025-06-03 16:07:56,134 - SklearnModel - INFO - Initializing SklearnModel with LogisticRegression
2025-06-03 16:07:56,135 - SklearnModel - INFO - Training LogisticRegression
2025-06-03 16:07:56,140 - SklearnModel - INFO - Training completed
2025-06-03 16:07:56,140 - SklearnModel - DEBUG - Making predictions
2025-06-03 16:07:56,153 - SklearnModel - INFO - Initializing SklearnModel with LogisticRegression
2025-06-03 16:07:56,153 - SklearnModel - INFO - Initializing SklearnModel with LogisticRegression
2025-06-03 16:07:56,154 - SklearnModel - INFO - Initializing SklearnModel with RandomForestClassifier
2025-06-03 16:07:56,154 - SklearnModel - INFO - Initializing SklearnModel with RandomForestClassifier
2025-06-03 16:07:56,154 - SklearnModel - INFO - Initializing SklearnModel with RandomForestClassifier
2025-06-03 16:07:56,154 - SklearnModel - INFO - Initializing SklearnModel with GradientBoostingClassifier
2025-06-03 16:07:56,154 - SklearnModel - INFO - Initializing SklearnModel with GradientBoostingClassifier
2025-06-03 16:07:56,154 - SklearnModel - INFO - Initializing SklearnModel with GradientBoostingClassifier
2025-06-03 16:07:56,154 - SklearnModel - INFO - Initializing SklearnModel with GradientBoostingClassifier
2025-06-03 16:07:56,154 - SklearnModel - INFO - Initializing SklearnModel with SVC
2025-06-03 16:07:56,154 - SklearnModel - INFO - Initializing SklearnModel with SVC
2025-06-03 16:07:56,154 - SklearnModel - INFO - Initializing SklearnModel with SVC
2025-06-03 16:07:56,154 - SklearnModel - INFO - Initializing SklearnModel with SVC
2025-06-03 16:07:56,154 - SklearnModel - INFO - Initializing SklearnModel with SVC
2025-06-03 16:07:56,517 - SklearnModel - INFO - Training LogisticRegression
2025-06-03 16:07:56,517 - SklearnModel - INFO - Training LogisticRegression
2025-06-03 16:07:56,517 - SklearnModel - INFO - Training LogisticRegression
2025-06-03 16:07:56,517 - SklearnModel - INFO - Training LogisticRegression
2025-06-03 16:07:56,517 - SklearnModel - INFO - Training LogisticRegression
2025-06-03 16:07:56,520 - SklearnModel - INFO - Training completed
2025-06-03 16:07:56,520 - SklearnModel - INFO - Training completed
2025-06-03 16:07:56,520 - SklearnModel - INFO - Training completed
2025-06-03 16:07:56,520 - SklearnModel - INFO - Training completed
2025-06-03 16:07:56,520 - SklearnModel - INFO - Training completed
2025-06-03 16:07:56,520 - SklearnModel - INFO - Evaluating model performance
2025-06-03 16:07:56,520 - SklearnModel - INFO - Evaluating model performance
2025-06-03 16:07:56,520 - SklearnModel - INFO - Evaluating model performance
2025-06-03 16:07:56,520 - SklearnModel - INFO - Evaluating model performance
2025-06-03 16:07:56,520 - SklearnModel - INFO - Evaluating model performance
2025-06-03 16:07:56,520 - SklearnModel - DEBUG - Making predictions
2025-06-03 16:07:56,520 - SklearnModel - DEBUG - Making predictions
2025-06-03 16:07:56,520 - SklearnModel - DEBUG - Making predictions
2025-06-03 16:07:56,520 - SklearnModel - DEBUG - Making predictions
2025-06-03 16:07:56,520 - SklearnModel - DEBUG - Making predictions
2025-06-03 16:07:56,524 - SklearnModel - INFO - Evaluation metrics: {'accuracy': 0.0, 'precision': 0.0, 'recall': 0.0, 'f1': 0.0}
2025-06-03 16:07:56,524 - SklearnModel - INFO - Evaluation metrics: {'accuracy': 0.0, 'precision': 0.0, 'recall': 0.0, 'f1': 0.0}
2025-06-03 16:07:56,524 - SklearnModel - INFO - Evaluation metrics: {'accuracy': 0.0, 'precision': 0.0, 'recall': 0.0, 'f1': 0.0}
2025-06-03 16:07:56,524 - SklearnModel - INFO - Evaluation metrics: {'accuracy': 0.0, 'precision': 0.0, 'recall': 0.0, 'f1': 0.0}
2025-06-03 16:07:56,524 - SklearnModel - INFO - Evaluation metrics: {'accuracy': 0.0, 'precision': 0.0, 'recall': 0.0, 'f1': 0.0}
2025-06-03 16:07:56,525 - SklearnModel - INFO - Training RandomForestClassifier
2025-06-03 16:07:56,525 - SklearnModel - INFO - Training RandomForestClassifier
2025-06-03 16:07:56,525 - SklearnModel - INFO - Training RandomForestClassifier
2025-06-03 16:07:56,525 - SklearnModel - INFO - Training RandomForestClassifier
2025-06-03 16:07:56,525 - SklearnModel - INFO - Training RandomForestClassifier
2025-06-03 16:07:56,593 - SklearnModel - INFO - Training completed
2025-06-03 16:07:56,593 - SklearnModel - INFO - Training completed
2025-06-03 16:07:56,593 - SklearnModel - INFO - Training completed
2025-06-03 16:07:56,593 - SklearnModel - INFO - Training completed
2025-06-03 16:07:56,593 - SklearnModel - INFO - Training completed
2025-06-03 16:07:56,593 - SklearnModel - INFO - Evaluating model performance
2025-06-03 16:07:56,593 - SklearnModel - INFO - Evaluating model performance
2025-06-03 16:07:56,593 - SklearnModel - INFO - Evaluating model performance
2025-06-03 16:07:56,593 - SklearnModel - INFO - Evaluating model performance
2025-06-03 16:07:56,593 - SklearnModel - INFO - Evaluating model performance
2025-06-03 16:07:56,594 - SklearnModel - DEBUG - Making predictions
2025-06-03 16:07:56,594 - SklearnModel - DEBUG - Making predictions
2025-06-03 16:07:56,594 - SklearnModel - DEBUG - Making predictions
2025-06-03 16:07:56,594 - SklearnModel - DEBUG - Making predictions
2025-06-03 16:07:56,594 - SklearnModel - DEBUG - Making predictions
2025-06-03 16:07:56,601 - SklearnModel - INFO - Evaluation metrics: {'accuracy': 0.0, 'precision': 0.0, 'recall': 0.0, 'f1': 0.0}
2025-06-03 16:07:56,601 - SklearnModel - INFO - Evaluation metrics: {'accuracy': 0.0, 'precision': 0.0, 'recall': 0.0, 'f1': 0.0}
2025-06-03 16:07:56,601 - SklearnModel - INFO - Evaluation metrics: {'accuracy': 0.0, 'precision': 0.0, 'recall': 0.0, 'f1': 0.0}
2025-06-03 16:07:56,601 - SklearnModel - INFO - Evaluation metrics: {'accuracy': 0.0, 'precision': 0.0, 'recall': 0.0, 'f1': 0.0}
2025-06-03 16:07:56,601 - SklearnModel - INFO - Evaluation metrics: {'accuracy': 0.0, 'precision': 0.0, 'recall': 0.0, 'f1': 0.0}
2025-06-03 16:07:56,601 - SklearnModel - INFO - Training GradientBoostingClassifier
2025-06-03 16:07:56,601 - SklearnModel - INFO - Training GradientBoostingClassifier
2025-06-03 16:07:56,601 - SklearnModel - INFO - Training GradientBoostingClassifier
2025-06-03 16:07:56,601 - SklearnModel - INFO - Training GradientBoostingClassifier
2025-06-03 16:07:56,601 - SklearnModel - INFO - Training GradientBoostingClassifier
2025-06-03 16:07:56,628 - SklearnModel - INFO - Training completed
2025-06-03 16:07:56,628 - SklearnModel - INFO - Training completed
2025-06-03 16:07:56,628 - SklearnModel - INFO - Training completed
2025-06-03 16:07:56,628 - SklearnModel - INFO - Training completed
2025-06-03 16:07:56,628 - SklearnModel - INFO - Training completed
2025-06-03 16:07:56,628 - SklearnModel - INFO - Evaluating model performance
2025-06-03 16:07:56,628 - SklearnModel - INFO - Evaluating model performance
2025-06-03 16:07:56,628 - SklearnModel - INFO - Evaluating model performance
2025-06-03 16:07:56,628 - SklearnModel - INFO - Evaluating model performance
2025-06-03 16:07:56,628 - SklearnModel - INFO - Evaluating model performance
2025-06-03 16:07:56,628 - SklearnModel - DEBUG - Making predictions
2025-06-03 16:07:56,628 - SklearnModel - DEBUG - Making predictions
2025-06-03 16:07:56,628 - SklearnModel - DEBUG - Making predictions
2025-06-03 16:07:56,628 - SklearnModel - DEBUG - Making predictions
2025-06-03 16:07:56,628 - SklearnModel - DEBUG - Making predictions
2025-06-03 16:07:56,633 - SklearnModel - INFO - Evaluation metrics: {'accuracy': 0.0, 'precision': 0.0, 'recall': 0.0, 'f1': 0.0}
2025-06-03 16:07:56,633 - SklearnModel - INFO - Evaluation metrics: {'accuracy': 0.0, 'precision': 0.0, 'recall': 0.0, 'f1': 0.0}
2025-06-03 16:07:56,633 - SklearnModel - INFO - Evaluation metrics: {'accuracy': 0.0, 'precision': 0.0, 'recall': 0.0, 'f1': 0.0}
2025-06-03 16:07:56,633 - SklearnModel - INFO - Evaluation metrics: {'accuracy': 0.0, 'precision': 0.0, 'recall': 0.0, 'f1': 0.0}
2025-06-03 16:07:56,633 - SklearnModel - INFO - Evaluation metrics: {'accuracy': 0.0, 'precision': 0.0, 'recall': 0.0, 'f1': 0.0}
2025-06-03 16:07:56,633 - SklearnModel - INFO - Training SVC
2025-06-03 16:07:56,633 - SklearnModel - INFO - Training SVC
2025-06-03 16:07:56,633 - SklearnModel - INFO - Training SVC
2025-06-03 16:07:56,633 - SklearnModel - INFO - Training SVC
2025-06-03 16:07:56,633 - SklearnModel - INFO - Training SVC
2025-06-03 16:07:56,634 - SklearnModel - INFO - Training completed
2025-06-03 16:07:56,634 - SklearnModel - INFO - Training completed
2025-06-03 16:07:56,634 - SklearnModel - INFO - Training completed
2025-06-03 16:07:56,634 - SklearnModel - INFO - Training completed
2025-06-03 16:07:56,634 - SklearnModel - INFO - Training completed
2025-06-03 16:07:56,634 - SklearnModel - INFO - Evaluating model performance
2025-06-03 16:07:56,634 - SklearnModel - INFO - Evaluating model performance
2025-06-03 16:07:56,634 - SklearnModel - INFO - Evaluating model performance
2025-06-03 16:07:56,634 - SklearnModel - INFO - Evaluating model performance
2025-06-03 16:07:56,634 - SklearnModel - INFO - Evaluating model performance
2025-06-03 16:07:56,635 - SklearnModel - DEBUG - Making predictions
2025-06-03 16:07:56,635 - SklearnModel - DEBUG - Making predictions
2025-06-03 16:07:56,635 - SklearnModel - DEBUG - Making predictions
2025-06-03 16:07:56,635 - SklearnModel - DEBUG - Making predictions
2025-06-03 16:07:56,635 - SklearnModel - DEBUG - Making predictions
2025-06-03 16:07:56,639 - SklearnModel - INFO - Evaluation metrics: {'accuracy': 0.0, 'precision': 0.0, 'recall': 0.0, 'f1': 0.0}
2025-06-03 16:07:56,639 - SklearnModel - INFO - Evaluation metrics: {'accuracy': 0.0, 'precision': 0.0, 'recall': 0.0, 'f1': 0.0}
2025-06-03 16:07:56,639 - SklearnModel - INFO - Evaluation metrics: {'accuracy': 0.0, 'precision': 0.0, 'recall': 0.0, 'f1': 0.0}
2025-06-03 16:07:56,639 - SklearnModel - INFO - Evaluation metrics: {'accuracy': 0.0, 'precision': 0.0, 'recall': 0.0, 'f1': 0.0}
2025-06-03 16:07:56,639 - SklearnModel - INFO - Evaluation metrics: {'accuracy': 0.0, 'precision': 0.0, 'recall': 0.0, 'f1': 0.0}
