2025-06-04 14:12:07,705 - SklearnModel - INFO - Initializing SklearnModel with LogisticRegression
2025-06-04 14:12:07,706 - SklearnModel - INFO - Initializing SklearnModel with RandomForestClassifier
2025-06-04 14:12:07,706 - SklearnModel - INFO - Initializing SklearnModel with RandomForestClassifier
2025-06-04 14:12:07,706 - SklearnModel - INFO - Initializing SklearnModel with GradientBoostingClassifier
2025-06-04 14:12:07,706 - SklearnModel - INFO - Initializing SklearnModel with GradientBoostingClassifier
2025-06-04 14:12:07,706 - SklearnModel - INFO - Initializing SklearnModel with GradientBoostingClassifier
2025-06-04 14:12:07,706 - SklearnModel - INFO - Initializing SklearnModel with SVC
2025-06-04 14:12:07,706 - SklearnModel - INFO - Initializing SklearnModel with SVC
2025-06-04 14:12:07,706 - SklearnModel - INFO - Initializing SklearnModel with SVC
2025-06-04 14:12:07,706 - SklearnModel - INFO - Initializing SklearnModel with SVC
2025-06-04 14:12:07,730 - SklearnModel - INFO - Training LogisticRegression
2025-06-04 14:12:07,730 - SklearnModel - INFO - Training LogisticRegression
2025-06-04 14:12:07,730 - SklearnModel - INFO - Training LogisticRegression
2025-06-04 14:12:07,730 - SklearnModel - INFO - Training LogisticRegression
2025-06-04 14:12:11,133 - SklearnModel - INFO - Training completed
2025-06-04 14:12:11,133 - SklearnModel - INFO - Training completed
2025-06-04 14:12:11,133 - SklearnModel - INFO - Training completed
2025-06-04 14:12:11,133 - SklearnModel - INFO - Training completed
2025-06-04 14:12:11,133 - SklearnModel - INFO - Evaluating model performance
2025-06-04 14:12:11,133 - SklearnModel - INFO - Evaluating model performance
2025-06-04 14:12:11,133 - SklearnModel - INFO - Evaluating model performance
2025-06-04 14:12:11,133 - SklearnModel - INFO - Evaluating model performance
2025-06-04 14:12:11,133 - SklearnModel - DEBUG - Making predictions
2025-06-04 14:12:11,133 - SklearnModel - DEBUG - Making predictions
2025-06-04 14:12:11,133 - SklearnModel - DEBUG - Making predictions
2025-06-04 14:12:11,133 - SklearnModel - DEBUG - Making predictions
2025-06-04 14:12:11,154 - SklearnModel - INFO - Evaluation metrics: {'accuracy': 0.73, 'precision': 0.7115204678362573, 'recall': 0.73, 'f1': 0.7084}
2025-06-04 14:12:11,154 - SklearnModel - INFO - Evaluation metrics: {'accuracy': 0.73, 'precision': 0.7115204678362573, 'recall': 0.73, 'f1': 0.7084}
2025-06-04 14:12:11,154 - SklearnModel - INFO - Evaluation metrics: {'accuracy': 0.73, 'precision': 0.7115204678362573, 'recall': 0.73, 'f1': 0.7084}
2025-06-04 14:12:11,154 - SklearnModel - INFO - Evaluation metrics: {'accuracy': 0.73, 'precision': 0.7115204678362573, 'recall': 0.73, 'f1': 0.7084}
2025-06-04 14:12:11,179 - SklearnModel - INFO - Training RandomForestClassifier
2025-06-04 14:12:11,179 - SklearnModel - INFO - Training RandomForestClassifier
2025-06-04 14:12:11,179 - SklearnModel - INFO - Training RandomForestClassifier
2025-06-04 14:12:11,179 - SklearnModel - INFO - Training RandomForestClassifier
2025-06-04 14:12:14,368 - SklearnModel - INFO - Training completed
2025-06-04 14:12:14,368 - SklearnModel - INFO - Training completed
2025-06-04 14:12:14,368 - SklearnModel - INFO - Training completed
2025-06-04 14:12:14,368 - SklearnModel - INFO - Training completed
2025-06-04 14:12:14,368 - SklearnModel - INFO - Evaluating model performance
2025-06-04 14:12:14,368 - SklearnModel - INFO - Evaluating model performance
2025-06-04 14:12:14,368 - SklearnModel - INFO - Evaluating model performance
2025-06-04 14:12:14,368 - SklearnModel - INFO - Evaluating model performance
2025-06-04 14:12:14,368 - SklearnModel - DEBUG - Making predictions
2025-06-04 14:12:14,368 - SklearnModel - DEBUG - Making predictions
2025-06-04 14:12:14,368 - SklearnModel - DEBUG - Making predictions
2025-06-04 14:12:14,368 - SklearnModel - DEBUG - Making predictions
2025-06-04 14:12:14,402 - SklearnModel - INFO - Evaluation metrics: {'accuracy': 0.7, 'precision': 0.677697408077155, 'recall': 0.7, 'f1': 0.6812889812889813}
2025-06-04 14:12:14,402 - SklearnModel - INFO - Evaluation metrics: {'accuracy': 0.7, 'precision': 0.677697408077155, 'recall': 0.7, 'f1': 0.6812889812889813}
2025-06-04 14:12:14,402 - SklearnModel - INFO - Evaluation metrics: {'accuracy': 0.7, 'precision': 0.677697408077155, 'recall': 0.7, 'f1': 0.6812889812889813}
2025-06-04 14:12:14,402 - SklearnModel - INFO - Evaluation metrics: {'accuracy': 0.7, 'precision': 0.677697408077155, 'recall': 0.7, 'f1': 0.6812889812889813}
2025-06-04 14:12:14,424 - SklearnModel - INFO - Training GradientBoostingClassifier
2025-06-04 14:12:14,424 - SklearnModel - INFO - Training GradientBoostingClassifier
2025-06-04 14:12:14,424 - SklearnModel - INFO - Training GradientBoostingClassifier
2025-06-04 14:12:14,424 - SklearnModel - INFO - Training GradientBoostingClassifier
2025-06-04 14:12:16,561 - SklearnModel - INFO - Training completed
2025-06-04 14:12:16,561 - SklearnModel - INFO - Training completed
2025-06-04 14:12:16,561 - SklearnModel - INFO - Training completed
2025-06-04 14:12:16,561 - SklearnModel - INFO - Training completed
2025-06-04 14:12:16,561 - SklearnModel - INFO - Evaluating model performance
2025-06-04 14:12:16,561 - SklearnModel - INFO - Evaluating model performance
2025-06-04 14:12:16,561 - SklearnModel - INFO - Evaluating model performance
2025-06-04 14:12:16,561 - SklearnModel - INFO - Evaluating model performance
2025-06-04 14:12:16,561 - SklearnModel - DEBUG - Making predictions
2025-06-04 14:12:16,561 - SklearnModel - DEBUG - Making predictions
2025-06-04 14:12:16,561 - SklearnModel - DEBUG - Making predictions
2025-06-04 14:12:16,561 - SklearnModel - DEBUG - Making predictions
2025-06-04 14:12:16,568 - SklearnModel - INFO - Evaluation metrics: {'accuracy': 0.675, 'precision': 0.6547142261159783, 'recall': 0.675, 'f1': 0.6610139033386929}
2025-06-04 14:12:16,568 - SklearnModel - INFO - Evaluation metrics: {'accuracy': 0.675, 'precision': 0.6547142261159783, 'recall': 0.675, 'f1': 0.6610139033386929}
2025-06-04 14:12:16,568 - SklearnModel - INFO - Evaluation metrics: {'accuracy': 0.675, 'precision': 0.6547142261159783, 'recall': 0.675, 'f1': 0.6610139033386929}
2025-06-04 14:12:16,568 - SklearnModel - INFO - Evaluation metrics: {'accuracy': 0.675, 'precision': 0.6547142261159783, 'recall': 0.675, 'f1': 0.6610139033386929}
2025-06-04 14:12:16,589 - SklearnModel - INFO - Training SVC
2025-06-04 14:12:16,589 - SklearnModel - INFO - Training SVC
2025-06-04 14:12:16,589 - SklearnModel - INFO - Training SVC
2025-06-04 14:12:16,589 - SklearnModel - INFO - Training SVC
2025-06-04 14:12:18,756 - SklearnModel - INFO - Training completed
2025-06-04 14:12:18,756 - SklearnModel - INFO - Training completed
2025-06-04 14:12:18,756 - SklearnModel - INFO - Training completed
2025-06-04 14:12:18,756 - SklearnModel - INFO - Training completed
2025-06-04 14:12:18,756 - SklearnModel - INFO - Evaluating model performance
2025-06-04 14:12:18,756 - SklearnModel - INFO - Evaluating model performance
2025-06-04 14:12:18,756 - SklearnModel - INFO - Evaluating model performance
2025-06-04 14:12:18,756 - SklearnModel - INFO - Evaluating model performance
2025-06-04 14:12:18,756 - SklearnModel - DEBUG - Making predictions
2025-06-04 14:12:18,756 - SklearnModel - DEBUG - Making predictions
2025-06-04 14:12:18,756 - SklearnModel - DEBUG - Making predictions
2025-06-04 14:12:18,756 - SklearnModel - DEBUG - Making predictions
2025-06-04 14:12:18,769 - SklearnModel - INFO - Evaluation metrics: {'accuracy': 0.71, 'precision': 0.684500354358611, 'recall': 0.71, 'f1': 0.681063596491228}
2025-06-04 14:12:18,769 - SklearnModel - INFO - Evaluation metrics: {'accuracy': 0.71, 'precision': 0.684500354358611, 'recall': 0.71, 'f1': 0.681063596491228}
2025-06-04 14:12:18,769 - SklearnModel - INFO - Evaluation metrics: {'accuracy': 0.71, 'precision': 0.684500354358611, 'recall': 0.71, 'f1': 0.681063596491228}
2025-06-04 14:12:18,769 - SklearnModel - INFO - Evaluation metrics: {'accuracy': 0.71, 'precision': 0.684500354358611, 'recall': 0.71, 'f1': 0.681063596491228}
