2025-06-15 14:40:55,113 - SklearnModel - INFO - Initializing SklearnModel with LogisticRegression
2025-06-15 14:40:55,113 - SklearnModel - INFO - Initializing SklearnModel with RandomForestClassifier
2025-06-15 14:40:55,113 - SklearnModel - INFO - Initializing SklearnModel with RandomForestClassifier
2025-06-15 14:40:55,114 - SklearnModel - INFO - Initializing SklearnModel with GradientBoostingClassifier
2025-06-15 14:40:55,114 - SklearnModel - INFO - Initializing SklearnModel with GradientBoostingClassifier
2025-06-15 14:40:55,114 - SklearnModel - INFO - Initializing SklearnModel with GradientBoostingClassifier
2025-06-15 14:40:55,114 - SklearnModel - INFO - Initializing SklearnModel with SVC
2025-06-15 14:40:55,114 - SklearnModel - INFO - Initializing SklearnModel with SVC
2025-06-15 14:40:55,114 - SklearnModel - INFO - Initializing SklearnModel with SVC
2025-06-15 14:40:55,114 - SklearnModel - INFO - Initializing SklearnModel with SVC
2025-06-15 14:40:55,137 - SklearnModel - INFO - Training LogisticRegression
2025-06-15 14:40:55,137 - SklearnModel - INFO - Training LogisticRegression
2025-06-15 14:40:55,137 - SklearnModel - INFO - Training LogisticRegression
2025-06-15 14:40:55,137 - SklearnModel - INFO - Training LogisticRegression
2025-06-15 14:40:59,612 - SklearnModel - INFO - Training completed
2025-06-15 14:40:59,612 - SklearnModel - INFO - Training completed
2025-06-15 14:40:59,612 - SklearnModel - INFO - Training completed
2025-06-15 14:40:59,612 - SklearnModel - INFO - Training completed
2025-06-15 14:40:59,612 - SklearnModel - INFO - Evaluating model performance
2025-06-15 14:40:59,612 - SklearnModel - INFO - Evaluating model performance
2025-06-15 14:40:59,612 - SklearnModel - INFO - Evaluating model performance
2025-06-15 14:40:59,612 - SklearnModel - INFO - Evaluating model performance
2025-06-15 14:40:59,613 - SklearnModel - DEBUG - Making predictions
2025-06-15 14:40:59,613 - SklearnModel - DEBUG - Making predictions
2025-06-15 14:40:59,613 - SklearnModel - DEBUG - Making predictions
2025-06-15 14:40:59,613 - SklearnModel - DEBUG - Making predictions
2025-06-15 14:40:59,625 - SklearnModel - INFO - Evaluation metrics: {'accuracy': 0.73, 'precision': 0.7115204678362573, 'recall': 0.73, 'f1': 0.7084}
2025-06-15 14:40:59,625 - SklearnModel - INFO - Evaluation metrics: {'accuracy': 0.73, 'precision': 0.7115204678362573, 'recall': 0.73, 'f1': 0.7084}
2025-06-15 14:40:59,625 - SklearnModel - INFO - Evaluation metrics: {'accuracy': 0.73, 'precision': 0.7115204678362573, 'recall': 0.73, 'f1': 0.7084}
2025-06-15 14:40:59,625 - SklearnModel - INFO - Evaluation metrics: {'accuracy': 0.73, 'precision': 0.7115204678362573, 'recall': 0.73, 'f1': 0.7084}
2025-06-15 14:40:59,643 - SklearnModel - INFO - Training RandomForestClassifier
2025-06-15 14:40:59,643 - SklearnModel - INFO - Training RandomForestClassifier
2025-06-15 14:40:59,643 - SklearnModel - INFO - Training RandomForestClassifier
2025-06-15 14:40:59,643 - SklearnModel - INFO - Training RandomForestClassifier
2025-06-15 14:41:02,229 - SklearnModel - INFO - Training completed
2025-06-15 14:41:02,229 - SklearnModel - INFO - Training completed
2025-06-15 14:41:02,229 - SklearnModel - INFO - Training completed
2025-06-15 14:41:02,229 - SklearnModel - INFO - Training completed
2025-06-15 14:41:02,230 - SklearnModel - INFO - Evaluating model performance
2025-06-15 14:41:02,230 - SklearnModel - INFO - Evaluating model performance
2025-06-15 14:41:02,230 - SklearnModel - INFO - Evaluating model performance
2025-06-15 14:41:02,230 - SklearnModel - INFO - Evaluating model performance
2025-06-15 14:41:02,230 - SklearnModel - DEBUG - Making predictions
2025-06-15 14:41:02,230 - SklearnModel - DEBUG - Making predictions
2025-06-15 14:41:02,230 - SklearnModel - DEBUG - Making predictions
2025-06-15 14:41:02,230 - SklearnModel - DEBUG - Making predictions
2025-06-15 14:41:02,260 - SklearnModel - INFO - Evaluation metrics: {'accuracy': 0.7, 'precision': 0.677697408077155, 'recall': 0.7, 'f1': 0.6812889812889813}
2025-06-15 14:41:02,260 - SklearnModel - INFO - Evaluation metrics: {'accuracy': 0.7, 'precision': 0.677697408077155, 'recall': 0.7, 'f1': 0.6812889812889813}
2025-06-15 14:41:02,260 - SklearnModel - INFO - Evaluation metrics: {'accuracy': 0.7, 'precision': 0.677697408077155, 'recall': 0.7, 'f1': 0.6812889812889813}
2025-06-15 14:41:02,260 - SklearnModel - INFO - Evaluation metrics: {'accuracy': 0.7, 'precision': 0.677697408077155, 'recall': 0.7, 'f1': 0.6812889812889813}
2025-06-15 14:41:02,278 - SklearnModel - INFO - Training GradientBoostingClassifier
2025-06-15 14:41:02,278 - SklearnModel - INFO - Training GradientBoostingClassifier
2025-06-15 14:41:02,278 - SklearnModel - INFO - Training GradientBoostingClassifier
2025-06-15 14:41:02,278 - SklearnModel - INFO - Training GradientBoostingClassifier
2025-06-15 14:41:04,947 - SklearnModel - INFO - Training completed
2025-06-15 14:41:04,947 - SklearnModel - INFO - Training completed
2025-06-15 14:41:04,947 - SklearnModel - INFO - Training completed
2025-06-15 14:41:04,947 - SklearnModel - INFO - Training completed
2025-06-15 14:41:04,947 - SklearnModel - INFO - Evaluating model performance
2025-06-15 14:41:04,947 - SklearnModel - INFO - Evaluating model performance
2025-06-15 14:41:04,947 - SklearnModel - INFO - Evaluating model performance
2025-06-15 14:41:04,947 - SklearnModel - INFO - Evaluating model performance
2025-06-15 14:41:04,947 - SklearnModel - DEBUG - Making predictions
2025-06-15 14:41:04,947 - SklearnModel - DEBUG - Making predictions
2025-06-15 14:41:04,947 - SklearnModel - DEBUG - Making predictions
2025-06-15 14:41:04,947 - SklearnModel - DEBUG - Making predictions
2025-06-15 14:41:04,954 - SklearnModel - INFO - Evaluation metrics: {'accuracy': 0.675, 'precision': 0.6547142261159783, 'recall': 0.675, 'f1': 0.6610139033386929}
2025-06-15 14:41:04,954 - SklearnModel - INFO - Evaluation metrics: {'accuracy': 0.675, 'precision': 0.6547142261159783, 'recall': 0.675, 'f1': 0.6610139033386929}
2025-06-15 14:41:04,954 - SklearnModel - INFO - Evaluation metrics: {'accuracy': 0.675, 'precision': 0.6547142261159783, 'recall': 0.675, 'f1': 0.6610139033386929}
2025-06-15 14:41:04,954 - SklearnModel - INFO - Evaluation metrics: {'accuracy': 0.675, 'precision': 0.6547142261159783, 'recall': 0.675, 'f1': 0.6610139033386929}
2025-06-15 14:41:04,973 - SklearnModel - INFO - Training SVC
2025-06-15 14:41:04,973 - SklearnModel - INFO - Training SVC
2025-06-15 14:41:04,973 - SklearnModel - INFO - Training SVC
2025-06-15 14:41:04,973 - SklearnModel - INFO - Training SVC
2025-06-15 14:41:07,451 - SklearnModel - INFO - Training completed
2025-06-15 14:41:07,451 - SklearnModel - INFO - Training completed
2025-06-15 14:41:07,451 - SklearnModel - INFO - Training completed
2025-06-15 14:41:07,451 - SklearnModel - INFO - Training completed
2025-06-15 14:41:07,451 - SklearnModel - INFO - Evaluating model performance
2025-06-15 14:41:07,451 - SklearnModel - INFO - Evaluating model performance
2025-06-15 14:41:07,451 - SklearnModel - INFO - Evaluating model performance
2025-06-15 14:41:07,451 - SklearnModel - INFO - Evaluating model performance
2025-06-15 14:41:07,452 - SklearnModel - DEBUG - Making predictions
2025-06-15 14:41:07,452 - SklearnModel - DEBUG - Making predictions
2025-06-15 14:41:07,452 - SklearnModel - DEBUG - Making predictions
2025-06-15 14:41:07,452 - SklearnModel - DEBUG - Making predictions
2025-06-15 14:41:07,464 - SklearnModel - INFO - Evaluation metrics: {'accuracy': 0.71, 'precision': 0.684500354358611, 'recall': 0.71, 'f1': 0.681063596491228}
2025-06-15 14:41:07,464 - SklearnModel - INFO - Evaluation metrics: {'accuracy': 0.71, 'precision': 0.684500354358611, 'recall': 0.71, 'f1': 0.681063596491228}
2025-06-15 14:41:07,464 - SklearnModel - INFO - Evaluation metrics: {'accuracy': 0.71, 'precision': 0.684500354358611, 'recall': 0.71, 'f1': 0.681063596491228}
2025-06-15 14:41:07,464 - SklearnModel - INFO - Evaluation metrics: {'accuracy': 0.71, 'precision': 0.684500354358611, 'recall': 0.71, 'f1': 0.681063596491228}
