2025-06-04 14:13:39,654 - SklearnModel - INFO - Initializing SklearnModel with LogisticRegression
2025-06-04 14:13:39,655 - SklearnModel - INFO - Initializing SklearnModel with RandomForestClassifier
2025-06-04 14:13:39,655 - SklearnModel - INFO - Initializing SklearnModel with RandomForestClassifier
2025-06-04 14:13:39,655 - SklearnModel - INFO - Initializing SklearnModel with GradientBoostingClassifier
2025-06-04 14:13:39,655 - SklearnModel - INFO - Initializing SklearnModel with GradientBoostingClassifier
2025-06-04 14:13:39,655 - SklearnModel - INFO - Initializing SklearnModel with GradientBoostingClassifier
2025-06-04 14:13:39,655 - SklearnModel - INFO - Initializing SklearnModel with SVC
2025-06-04 14:13:39,655 - SklearnModel - INFO - Initializing SklearnModel with SVC
2025-06-04 14:13:39,655 - SklearnModel - INFO - Initializing SklearnModel with SVC
2025-06-04 14:13:39,655 - SklearnModel - INFO - Initializing SklearnModel with SVC
2025-06-04 14:13:39,675 - SklearnModel - INFO - Training LogisticRegression
2025-06-04 14:13:39,675 - SklearnModel - INFO - Training LogisticRegression
2025-06-04 14:13:39,675 - SklearnModel - INFO - Training LogisticRegression
2025-06-04 14:13:39,675 - SklearnModel - INFO - Training LogisticRegression
2025-06-04 14:13:43,125 - SklearnModel - INFO - Training completed
2025-06-04 14:13:43,125 - SklearnModel - INFO - Training completed
2025-06-04 14:13:43,125 - SklearnModel - INFO - Training completed
2025-06-04 14:13:43,125 - SklearnModel - INFO - Training completed
2025-06-04 14:13:43,126 - SklearnModel - INFO - Evaluating model performance
2025-06-04 14:13:43,126 - SklearnModel - INFO - Evaluating model performance
2025-06-04 14:13:43,126 - SklearnModel - INFO - Evaluating model performance
2025-06-04 14:13:43,126 - SklearnModel - INFO - Evaluating model performance
2025-06-04 14:13:43,126 - SklearnModel - DEBUG - Making predictions
2025-06-04 14:13:43,126 - SklearnModel - DEBUG - Making predictions
2025-06-04 14:13:43,126 - SklearnModel - DEBUG - Making predictions
2025-06-04 14:13:43,126 - SklearnModel - DEBUG - Making predictions
2025-06-04 14:13:43,147 - SklearnModel - INFO - Evaluation metrics: {'accuracy': 0.73, 'precision': 0.7115204678362573, 'recall': 0.73, 'f1': 0.7084}
2025-06-04 14:13:43,147 - SklearnModel - INFO - Evaluation metrics: {'accuracy': 0.73, 'precision': 0.7115204678362573, 'recall': 0.73, 'f1': 0.7084}
2025-06-04 14:13:43,147 - SklearnModel - INFO - Evaluation metrics: {'accuracy': 0.73, 'precision': 0.7115204678362573, 'recall': 0.73, 'f1': 0.7084}
2025-06-04 14:13:43,147 - SklearnModel - INFO - Evaluation metrics: {'accuracy': 0.73, 'precision': 0.7115204678362573, 'recall': 0.73, 'f1': 0.7084}
2025-06-04 14:13:43,175 - SklearnModel - INFO - Training RandomForestClassifier
2025-06-04 14:13:43,175 - SklearnModel - INFO - Training RandomForestClassifier
2025-06-04 14:13:43,175 - SklearnModel - INFO - Training RandomForestClassifier
2025-06-04 14:13:43,175 - SklearnModel - INFO - Training RandomForestClassifier
2025-06-04 14:13:46,464 - SklearnModel - INFO - Training completed
2025-06-04 14:13:46,464 - SklearnModel - INFO - Training completed
2025-06-04 14:13:46,464 - SklearnModel - INFO - Training completed
2025-06-04 14:13:46,464 - SklearnModel - INFO - Training completed
2025-06-04 14:13:46,464 - SklearnModel - INFO - Evaluating model performance
2025-06-04 14:13:46,464 - SklearnModel - INFO - Evaluating model performance
2025-06-04 14:13:46,464 - SklearnModel - INFO - Evaluating model performance
2025-06-04 14:13:46,464 - SklearnModel - INFO - Evaluating model performance
2025-06-04 14:13:46,464 - SklearnModel - DEBUG - Making predictions
2025-06-04 14:13:46,464 - SklearnModel - DEBUG - Making predictions
2025-06-04 14:13:46,464 - SklearnModel - DEBUG - Making predictions
2025-06-04 14:13:46,464 - SklearnModel - DEBUG - Making predictions
2025-06-04 14:13:46,497 - SklearnModel - INFO - Evaluation metrics: {'accuracy': 0.7, 'precision': 0.677697408077155, 'recall': 0.7, 'f1': 0.6812889812889813}
2025-06-04 14:13:46,497 - SklearnModel - INFO - Evaluation metrics: {'accuracy': 0.7, 'precision': 0.677697408077155, 'recall': 0.7, 'f1': 0.6812889812889813}
2025-06-04 14:13:46,497 - SklearnModel - INFO - Evaluation metrics: {'accuracy': 0.7, 'precision': 0.677697408077155, 'recall': 0.7, 'f1': 0.6812889812889813}
2025-06-04 14:13:46,497 - SklearnModel - INFO - Evaluation metrics: {'accuracy': 0.7, 'precision': 0.677697408077155, 'recall': 0.7, 'f1': 0.6812889812889813}
2025-06-04 14:13:46,517 - SklearnModel - INFO - Training GradientBoostingClassifier
2025-06-04 14:13:46,517 - SklearnModel - INFO - Training GradientBoostingClassifier
2025-06-04 14:13:46,517 - SklearnModel - INFO - Training GradientBoostingClassifier
2025-06-04 14:13:46,517 - SklearnModel - INFO - Training GradientBoostingClassifier
2025-06-04 14:13:48,682 - SklearnModel - INFO - Training completed
2025-06-04 14:13:48,682 - SklearnModel - INFO - Training completed
2025-06-04 14:13:48,682 - SklearnModel - INFO - Training completed
2025-06-04 14:13:48,682 - SklearnModel - INFO - Training completed
2025-06-04 14:13:48,682 - SklearnModel - INFO - Evaluating model performance
2025-06-04 14:13:48,682 - SklearnModel - INFO - Evaluating model performance
2025-06-04 14:13:48,682 - SklearnModel - INFO - Evaluating model performance
2025-06-04 14:13:48,682 - SklearnModel - INFO - Evaluating model performance
2025-06-04 14:13:48,682 - SklearnModel - DEBUG - Making predictions
2025-06-04 14:13:48,682 - SklearnModel - DEBUG - Making predictions
2025-06-04 14:13:48,682 - SklearnModel - DEBUG - Making predictions
2025-06-04 14:13:48,682 - SklearnModel - DEBUG - Making predictions
2025-06-04 14:13:48,689 - SklearnModel - INFO - Evaluation metrics: {'accuracy': 0.675, 'precision': 0.6547142261159783, 'recall': 0.675, 'f1': 0.6610139033386929}
2025-06-04 14:13:48,689 - SklearnModel - INFO - Evaluation metrics: {'accuracy': 0.675, 'precision': 0.6547142261159783, 'recall': 0.675, 'f1': 0.6610139033386929}
2025-06-04 14:13:48,689 - SklearnModel - INFO - Evaluation metrics: {'accuracy': 0.675, 'precision': 0.6547142261159783, 'recall': 0.675, 'f1': 0.6610139033386929}
2025-06-04 14:13:48,689 - SklearnModel - INFO - Evaluation metrics: {'accuracy': 0.675, 'precision': 0.6547142261159783, 'recall': 0.675, 'f1': 0.6610139033386929}
2025-06-04 14:13:48,710 - SklearnModel - INFO - Training SVC
2025-06-04 14:13:48,710 - SklearnModel - INFO - Training SVC
2025-06-04 14:13:48,710 - SklearnModel - INFO - Training SVC
2025-06-04 14:13:48,710 - SklearnModel - INFO - Training SVC
2025-06-04 14:13:50,829 - SklearnModel - INFO - Training completed
2025-06-04 14:13:50,829 - SklearnModel - INFO - Training completed
2025-06-04 14:13:50,829 - SklearnModel - INFO - Training completed
2025-06-04 14:13:50,829 - SklearnModel - INFO - Training completed
2025-06-04 14:13:50,829 - SklearnModel - INFO - Evaluating model performance
2025-06-04 14:13:50,829 - SklearnModel - INFO - Evaluating model performance
2025-06-04 14:13:50,829 - SklearnModel - INFO - Evaluating model performance
2025-06-04 14:13:50,829 - SklearnModel - INFO - Evaluating model performance
2025-06-04 14:13:50,829 - SklearnModel - DEBUG - Making predictions
2025-06-04 14:13:50,829 - SklearnModel - DEBUG - Making predictions
2025-06-04 14:13:50,829 - SklearnModel - DEBUG - Making predictions
2025-06-04 14:13:50,829 - SklearnModel - DEBUG - Making predictions
2025-06-04 14:13:50,842 - SklearnModel - INFO - Evaluation metrics: {'accuracy': 0.71, 'precision': 0.684500354358611, 'recall': 0.71, 'f1': 0.681063596491228}
2025-06-04 14:13:50,842 - SklearnModel - INFO - Evaluation metrics: {'accuracy': 0.71, 'precision': 0.684500354358611, 'recall': 0.71, 'f1': 0.681063596491228}
2025-06-04 14:13:50,842 - SklearnModel - INFO - Evaluation metrics: {'accuracy': 0.71, 'precision': 0.684500354358611, 'recall': 0.71, 'f1': 0.681063596491228}
2025-06-04 14:13:50,842 - SklearnModel - INFO - Evaluation metrics: {'accuracy': 0.71, 'precision': 0.684500354358611, 'recall': 0.71, 'f1': 0.681063596491228}
