2025-07-06 11:36:03,083 - SklearnModel - INFO - Initializing SklearnModel with LogisticRegression
2025-07-06 11:36:03,083 - SklearnModel - INFO - Initializing SklearnModel with RandomForestClassifier
2025-07-06 11:36:03,083 - SklearnModel - INFO - Initializing SklearnModel with RandomForestClassifier
2025-07-06 11:36:03,083 - SklearnModel - INFO - Initializing SklearnModel with GradientBoostingClassifier
2025-07-06 11:36:03,083 - SklearnModel - INFO - Initializing SklearnModel with GradientBoostingClassifier
2025-07-06 11:36:03,083 - SklearnModel - INFO - Initializing SklearnModel with GradientBoostingClassifier
2025-07-06 11:36:03,084 - SklearnModel - INFO - Initializing SklearnModel with SVC
2025-07-06 11:36:03,084 - SklearnModel - INFO - Initializing SklearnModel with SVC
2025-07-06 11:36:03,084 - SklearnModel - INFO - Initializing SklearnModel with SVC
2025-07-06 11:36:03,084 - SklearnModel - INFO - Initializing SklearnModel with SVC
2025-07-06 11:36:03,098 - SklearnModel - INFO - Training LogisticRegression
2025-07-06 11:36:03,098 - SklearnModel - INFO - Training LogisticRegression
2025-07-06 11:36:03,098 - SklearnModel - INFO - Training LogisticRegression
2025-07-06 11:36:03,098 - SklearnModel - INFO - Training LogisticRegression
2025-07-06 11:36:06,254 - SklearnModel - INFO - Training completed
2025-07-06 11:36:06,254 - SklearnModel - INFO - Training completed
2025-07-06 11:36:06,254 - SklearnModel - INFO - Training completed
2025-07-06 11:36:06,254 - SklearnModel - INFO - Training completed
2025-07-06 11:36:06,255 - SklearnModel - INFO - Evaluating model performance
2025-07-06 11:36:06,255 - SklearnModel - INFO - Evaluating model performance
2025-07-06 11:36:06,255 - SklearnModel - INFO - Evaluating model performance
2025-07-06 11:36:06,255 - SklearnModel - INFO - Evaluating model performance
2025-07-06 11:36:06,255 - SklearnModel - DEBUG - Making predictions
2025-07-06 11:36:06,255 - SklearnModel - DEBUG - Making predictions
2025-07-06 11:36:06,255 - SklearnModel - DEBUG - Making predictions
2025-07-06 11:36:06,255 - SklearnModel - DEBUG - Making predictions
2025-07-06 11:36:06,264 - SklearnModel - INFO - Evaluation metrics: {'accuracy': 0.73, 'precision': 0.7115204678362573, 'recall': 0.73, 'f1': 0.7084}
2025-07-06 11:36:06,264 - SklearnModel - INFO - Evaluation metrics: {'accuracy': 0.73, 'precision': 0.7115204678362573, 'recall': 0.73, 'f1': 0.7084}
2025-07-06 11:36:06,264 - SklearnModel - INFO - Evaluation metrics: {'accuracy': 0.73, 'precision': 0.7115204678362573, 'recall': 0.73, 'f1': 0.7084}
2025-07-06 11:36:06,264 - SklearnModel - INFO - Evaluation metrics: {'accuracy': 0.73, 'precision': 0.7115204678362573, 'recall': 0.73, 'f1': 0.7084}
2025-07-06 11:36:06,275 - SklearnModel - INFO - Training RandomForestClassifier
2025-07-06 11:36:06,275 - SklearnModel - INFO - Training RandomForestClassifier
2025-07-06 11:36:06,275 - SklearnModel - INFO - Training RandomForestClassifier
2025-07-06 11:36:06,275 - SklearnModel - INFO - Training RandomForestClassifier
2025-07-06 11:36:08,012 - SklearnModel - INFO - Training completed
2025-07-06 11:36:08,012 - SklearnModel - INFO - Training completed
2025-07-06 11:36:08,012 - SklearnModel - INFO - Training completed
2025-07-06 11:36:08,012 - SklearnModel - INFO - Training completed
2025-07-06 11:36:08,012 - SklearnModel - INFO - Evaluating model performance
2025-07-06 11:36:08,012 - SklearnModel - INFO - Evaluating model performance
2025-07-06 11:36:08,012 - SklearnModel - INFO - Evaluating model performance
2025-07-06 11:36:08,012 - SklearnModel - INFO - Evaluating model performance
2025-07-06 11:36:08,012 - SklearnModel - DEBUG - Making predictions
2025-07-06 11:36:08,012 - SklearnModel - DEBUG - Making predictions
2025-07-06 11:36:08,012 - SklearnModel - DEBUG - Making predictions
2025-07-06 11:36:08,012 - SklearnModel - DEBUG - Making predictions
2025-07-06 11:36:08,033 - SklearnModel - INFO - Evaluation metrics: {'accuracy': 0.7, 'precision': 0.677697408077155, 'recall': 0.7, 'f1': 0.6812889812889813}
2025-07-06 11:36:08,033 - SklearnModel - INFO - Evaluation metrics: {'accuracy': 0.7, 'precision': 0.677697408077155, 'recall': 0.7, 'f1': 0.6812889812889813}
2025-07-06 11:36:08,033 - SklearnModel - INFO - Evaluation metrics: {'accuracy': 0.7, 'precision': 0.677697408077155, 'recall': 0.7, 'f1': 0.6812889812889813}
2025-07-06 11:36:08,033 - SklearnModel - INFO - Evaluation metrics: {'accuracy': 0.7, 'precision': 0.677697408077155, 'recall': 0.7, 'f1': 0.6812889812889813}
2025-07-06 11:36:08,045 - SklearnModel - INFO - Training GradientBoostingClassifier
2025-07-06 11:36:08,045 - SklearnModel - INFO - Training GradientBoostingClassifier
2025-07-06 11:36:08,045 - SklearnModel - INFO - Training GradientBoostingClassifier
2025-07-06 11:36:08,045 - SklearnModel - INFO - Training GradientBoostingClassifier
2025-07-06 11:36:09,723 - SklearnModel - INFO - Training completed
2025-07-06 11:36:09,723 - SklearnModel - INFO - Training completed
2025-07-06 11:36:09,723 - SklearnModel - INFO - Training completed
2025-07-06 11:36:09,723 - SklearnModel - INFO - Training completed
2025-07-06 11:36:09,723 - SklearnModel - INFO - Evaluating model performance
2025-07-06 11:36:09,723 - SklearnModel - INFO - Evaluating model performance
2025-07-06 11:36:09,723 - SklearnModel - INFO - Evaluating model performance
2025-07-06 11:36:09,723 - SklearnModel - INFO - Evaluating model performance
2025-07-06 11:36:09,723 - SklearnModel - DEBUG - Making predictions
2025-07-06 11:36:09,723 - SklearnModel - DEBUG - Making predictions
2025-07-06 11:36:09,723 - SklearnModel - DEBUG - Making predictions
2025-07-06 11:36:09,723 - SklearnModel - DEBUG - Making predictions
2025-07-06 11:36:09,728 - SklearnModel - INFO - Evaluation metrics: {'accuracy': 0.675, 'precision': 0.6547142261159783, 'recall': 0.675, 'f1': 0.6610139033386929}
2025-07-06 11:36:09,728 - SklearnModel - INFO - Evaluation metrics: {'accuracy': 0.675, 'precision': 0.6547142261159783, 'recall': 0.675, 'f1': 0.6610139033386929}
2025-07-06 11:36:09,728 - SklearnModel - INFO - Evaluation metrics: {'accuracy': 0.675, 'precision': 0.6547142261159783, 'recall': 0.675, 'f1': 0.6610139033386929}
2025-07-06 11:36:09,728 - SklearnModel - INFO - Evaluation metrics: {'accuracy': 0.675, 'precision': 0.6547142261159783, 'recall': 0.675, 'f1': 0.6610139033386929}
2025-07-06 11:36:09,741 - SklearnModel - INFO - Training SVC
2025-07-06 11:36:09,741 - SklearnModel - INFO - Training SVC
2025-07-06 11:36:09,741 - SklearnModel - INFO - Training SVC
2025-07-06 11:36:09,741 - SklearnModel - INFO - Training SVC
2025-07-06 11:36:11,321 - SklearnModel - INFO - Training completed
2025-07-06 11:36:11,321 - SklearnModel - INFO - Training completed
2025-07-06 11:36:11,321 - SklearnModel - INFO - Training completed
2025-07-06 11:36:11,321 - SklearnModel - INFO - Training completed
2025-07-06 11:36:11,321 - SklearnModel - INFO - Evaluating model performance
2025-07-06 11:36:11,321 - SklearnModel - INFO - Evaluating model performance
2025-07-06 11:36:11,321 - SklearnModel - INFO - Evaluating model performance
2025-07-06 11:36:11,321 - SklearnModel - INFO - Evaluating model performance
2025-07-06 11:36:11,321 - SklearnModel - DEBUG - Making predictions
2025-07-06 11:36:11,321 - SklearnModel - DEBUG - Making predictions
2025-07-06 11:36:11,321 - SklearnModel - DEBUG - Making predictions
2025-07-06 11:36:11,321 - SklearnModel - DEBUG - Making predictions
2025-07-06 11:36:11,329 - SklearnModel - INFO - Evaluation metrics: {'accuracy': 0.71, 'precision': 0.684500354358611, 'recall': 0.71, 'f1': 0.681063596491228}
2025-07-06 11:36:11,329 - SklearnModel - INFO - Evaluation metrics: {'accuracy': 0.71, 'precision': 0.684500354358611, 'recall': 0.71, 'f1': 0.681063596491228}
2025-07-06 11:36:11,329 - SklearnModel - INFO - Evaluation metrics: {'accuracy': 0.71, 'precision': 0.684500354358611, 'recall': 0.71, 'f1': 0.681063596491228}
2025-07-06 11:36:11,329 - SklearnModel - INFO - Evaluation metrics: {'accuracy': 0.71, 'precision': 0.684500354358611, 'recall': 0.71, 'f1': 0.681063596491228}
