2025-06-04 12:04:55,428 - SklearnModel - INFO - Initializing SklearnModel with LogisticRegression
2025-06-04 12:04:55,428 - SklearnModel - INFO - Initializing SklearnModel with RandomForestClassifier
2025-06-04 12:04:55,428 - SklearnModel - INFO - Initializing SklearnModel with RandomForestClassifier
2025-06-04 12:04:55,428 - SklearnModel - INFO - Initializing SklearnModel with GradientBoostingClassifier
2025-06-04 12:04:55,428 - SklearnModel - INFO - Initializing SklearnModel with GradientBoostingClassifier
2025-06-04 12:04:55,428 - SklearnModel - INFO - Initializing SklearnModel with GradientBoostingClassifier
2025-06-04 12:04:55,428 - SklearnModel - INFO - Initializing SklearnModel with SVC
2025-06-04 12:04:55,428 - SklearnModel - INFO - Initializing SklearnModel with SVC
2025-06-04 12:04:55,428 - SklearnModel - INFO - Initializing SklearnModel with SVC
2025-06-04 12:04:55,428 - SklearnModel - INFO - Initializing SklearnModel with SVC
2025-06-04 12:04:55,447 - SklearnModel - INFO - Training LogisticRegression
2025-06-04 12:04:55,447 - SklearnModel - INFO - Training LogisticRegression
2025-06-04 12:04:55,447 - SklearnModel - INFO - Training LogisticRegression
2025-06-04 12:04:55,447 - SklearnModel - INFO - Training LogisticRegression
2025-06-04 12:05:00,223 - SklearnModel - INFO - Training completed
2025-06-04 12:05:00,223 - SklearnModel - INFO - Training completed
2025-06-04 12:05:00,223 - SklearnModel - INFO - Training completed
2025-06-04 12:05:00,223 - SklearnModel - INFO - Training completed
2025-06-04 12:05:00,224 - SklearnModel - INFO - Evaluating model performance
2025-06-04 12:05:00,224 - SklearnModel - INFO - Evaluating model performance
2025-06-04 12:05:00,224 - SklearnModel - INFO - Evaluating model performance
2025-06-04 12:05:00,224 - SklearnModel - INFO - Evaluating model performance
2025-06-04 12:05:00,224 - SklearnModel - DEBUG - Making predictions
2025-06-04 12:05:00,224 - SklearnModel - DEBUG - Making predictions
2025-06-04 12:05:00,224 - SklearnModel - DEBUG - Making predictions
2025-06-04 12:05:00,224 - SklearnModel - DEBUG - Making predictions
2025-06-04 12:05:00,252 - SklearnModel - INFO - Evaluation metrics: {'accuracy': 0.73, 'precision': 0.7115204678362573, 'recall': 0.73, 'f1': 0.7084}
2025-06-04 12:05:00,252 - SklearnModel - INFO - Evaluation metrics: {'accuracy': 0.73, 'precision': 0.7115204678362573, 'recall': 0.73, 'f1': 0.7084}
2025-06-04 12:05:00,252 - SklearnModel - INFO - Evaluation metrics: {'accuracy': 0.73, 'precision': 0.7115204678362573, 'recall': 0.73, 'f1': 0.7084}
2025-06-04 12:05:00,252 - SklearnModel - INFO - Evaluation metrics: {'accuracy': 0.73, 'precision': 0.7115204678362573, 'recall': 0.73, 'f1': 0.7084}
2025-06-04 12:05:00,289 - SklearnModel - INFO - Training RandomForestClassifier
2025-06-04 12:05:00,289 - SklearnModel - INFO - Training RandomForestClassifier
2025-06-04 12:05:00,289 - SklearnModel - INFO - Training RandomForestClassifier
2025-06-04 12:05:00,289 - SklearnModel - INFO - Training RandomForestClassifier
2025-06-04 12:05:03,322 - SklearnModel - INFO - Training completed
2025-06-04 12:05:03,322 - SklearnModel - INFO - Training completed
2025-06-04 12:05:03,322 - SklearnModel - INFO - Training completed
2025-06-04 12:05:03,322 - SklearnModel - INFO - Training completed
2025-06-04 12:05:03,323 - SklearnModel - INFO - Evaluating model performance
2025-06-04 12:05:03,323 - SklearnModel - INFO - Evaluating model performance
2025-06-04 12:05:03,323 - SklearnModel - INFO - Evaluating model performance
2025-06-04 12:05:03,323 - SklearnModel - INFO - Evaluating model performance
2025-06-04 12:05:03,323 - SklearnModel - DEBUG - Making predictions
2025-06-04 12:05:03,323 - SklearnModel - DEBUG - Making predictions
2025-06-04 12:05:03,323 - SklearnModel - DEBUG - Making predictions
2025-06-04 12:05:03,323 - SklearnModel - DEBUG - Making predictions
2025-06-04 12:05:03,356 - SklearnModel - INFO - Evaluation metrics: {'accuracy': 0.7, 'precision': 0.677697408077155, 'recall': 0.7, 'f1': 0.6812889812889813}
2025-06-04 12:05:03,356 - SklearnModel - INFO - Evaluation metrics: {'accuracy': 0.7, 'precision': 0.677697408077155, 'recall': 0.7, 'f1': 0.6812889812889813}
2025-06-04 12:05:03,356 - SklearnModel - INFO - Evaluation metrics: {'accuracy': 0.7, 'precision': 0.677697408077155, 'recall': 0.7, 'f1': 0.6812889812889813}
2025-06-04 12:05:03,356 - SklearnModel - INFO - Evaluation metrics: {'accuracy': 0.7, 'precision': 0.677697408077155, 'recall': 0.7, 'f1': 0.6812889812889813}
2025-06-04 12:05:03,375 - SklearnModel - INFO - Training GradientBoostingClassifier
2025-06-04 12:05:03,375 - SklearnModel - INFO - Training GradientBoostingClassifier
2025-06-04 12:05:03,375 - SklearnModel - INFO - Training GradientBoostingClassifier
2025-06-04 12:05:03,375 - SklearnModel - INFO - Training GradientBoostingClassifier
2025-06-04 12:05:05,560 - SklearnModel - INFO - Training completed
2025-06-04 12:05:05,560 - SklearnModel - INFO - Training completed
2025-06-04 12:05:05,560 - SklearnModel - INFO - Training completed
2025-06-04 12:05:05,560 - SklearnModel - INFO - Training completed
2025-06-04 12:05:05,560 - SklearnModel - INFO - Evaluating model performance
2025-06-04 12:05:05,560 - SklearnModel - INFO - Evaluating model performance
2025-06-04 12:05:05,560 - SklearnModel - INFO - Evaluating model performance
2025-06-04 12:05:05,560 - SklearnModel - INFO - Evaluating model performance
2025-06-04 12:05:05,560 - SklearnModel - DEBUG - Making predictions
2025-06-04 12:05:05,560 - SklearnModel - DEBUG - Making predictions
2025-06-04 12:05:05,560 - SklearnModel - DEBUG - Making predictions
2025-06-04 12:05:05,560 - SklearnModel - DEBUG - Making predictions
2025-06-04 12:05:05,568 - SklearnModel - INFO - Evaluation metrics: {'accuracy': 0.675, 'precision': 0.6547142261159783, 'recall': 0.675, 'f1': 0.6610139033386929}
2025-06-04 12:05:05,568 - SklearnModel - INFO - Evaluation metrics: {'accuracy': 0.675, 'precision': 0.6547142261159783, 'recall': 0.675, 'f1': 0.6610139033386929}
2025-06-04 12:05:05,568 - SklearnModel - INFO - Evaluation metrics: {'accuracy': 0.675, 'precision': 0.6547142261159783, 'recall': 0.675, 'f1': 0.6610139033386929}
2025-06-04 12:05:05,568 - SklearnModel - INFO - Evaluation metrics: {'accuracy': 0.675, 'precision': 0.6547142261159783, 'recall': 0.675, 'f1': 0.6610139033386929}
2025-06-04 12:05:05,589 - SklearnModel - INFO - Training SVC
2025-06-04 12:05:05,589 - SklearnModel - INFO - Training SVC
2025-06-04 12:05:05,589 - SklearnModel - INFO - Training SVC
2025-06-04 12:05:05,589 - SklearnModel - INFO - Training SVC
2025-06-04 12:05:07,992 - SklearnModel - INFO - Training completed
2025-06-04 12:05:07,992 - SklearnModel - INFO - Training completed
2025-06-04 12:05:07,992 - SklearnModel - INFO - Training completed
2025-06-04 12:05:07,992 - SklearnModel - INFO - Training completed
2025-06-04 12:05:07,993 - SklearnModel - INFO - Evaluating model performance
2025-06-04 12:05:07,993 - SklearnModel - INFO - Evaluating model performance
2025-06-04 12:05:07,993 - SklearnModel - INFO - Evaluating model performance
2025-06-04 12:05:07,993 - SklearnModel - INFO - Evaluating model performance
2025-06-04 12:05:07,993 - SklearnModel - DEBUG - Making predictions
2025-06-04 12:05:07,993 - SklearnModel - DEBUG - Making predictions
2025-06-04 12:05:07,993 - SklearnModel - DEBUG - Making predictions
2025-06-04 12:05:07,993 - SklearnModel - DEBUG - Making predictions
2025-06-04 12:05:08,005 - SklearnModel - INFO - Evaluation metrics: {'accuracy': 0.71, 'precision': 0.684500354358611, 'recall': 0.71, 'f1': 0.681063596491228}
2025-06-04 12:05:08,005 - SklearnModel - INFO - Evaluation metrics: {'accuracy': 0.71, 'precision': 0.684500354358611, 'recall': 0.71, 'f1': 0.681063596491228}
2025-06-04 12:05:08,005 - SklearnModel - INFO - Evaluation metrics: {'accuracy': 0.71, 'precision': 0.684500354358611, 'recall': 0.71, 'f1': 0.681063596491228}
2025-06-04 12:05:08,005 - SklearnModel - INFO - Evaluation metrics: {'accuracy': 0.71, 'precision': 0.684500354358611, 'recall': 0.71, 'f1': 0.681063596491228}
