2025-06-04 14:43:52,202 - SklearnModel - INFO - Initializing SklearnModel with LogisticRegression
2025-06-04 14:43:52,202 - SklearnModel - INFO - Training LogisticRegression
2025-06-04 14:43:52,206 - SklearnModel - INFO - Training completed
2025-06-04 14:43:52,206 - SklearnModel - DEBUG - Making predictions
2025-06-04 14:43:52,219 - SklearnModel - INFO - Initializing SklearnModel with LogisticRegression
2025-06-04 14:43:52,219 - SklearnModel - INFO - Initializing SklearnModel with LogisticRegression
2025-06-04 14:43:52,220 - SklearnModel - INFO - Initializing SklearnModel with RandomForestClassifier
2025-06-04 14:43:52,220 - SklearnModel - INFO - Initializing SklearnModel with RandomForestClassifier
2025-06-04 14:43:52,220 - SklearnModel - INFO - Initializing SklearnModel with RandomForestClassifier
2025-06-04 14:43:52,220 - SklearnModel - INFO - Initializing SklearnModel with GradientBoostingClassifier
2025-06-04 14:43:52,220 - SklearnModel - INFO - Initializing SklearnModel with GradientBoostingClassifier
2025-06-04 14:43:52,220 - SklearnModel - INFO - Initializing SklearnModel with GradientBoostingClassifier
2025-06-04 14:43:52,220 - SklearnModel - INFO - Initializing SklearnModel with GradientBoostingClassifier
2025-06-04 14:43:52,220 - SklearnModel - INFO - Initializing SklearnModel with SVC
2025-06-04 14:43:52,220 - SklearnModel - INFO - Initializing SklearnModel with SVC
2025-06-04 14:43:52,220 - SklearnModel - INFO - Initializing SklearnModel with SVC
2025-06-04 14:43:52,220 - SklearnModel - INFO - Initializing SklearnModel with SVC
2025-06-04 14:43:52,220 - SklearnModel - INFO - Initializing SklearnModel with SVC
2025-06-04 14:43:52,222 - SklearnModel - INFO - Training LogisticRegression
2025-06-04 14:43:52,222 - SklearnModel - INFO - Training LogisticRegression
2025-06-04 14:43:52,222 - SklearnModel - INFO - Training LogisticRegression
2025-06-04 14:43:52,222 - SklearnModel - INFO - Training LogisticRegression
2025-06-04 14:43:52,222 - SklearnModel - INFO - Training LogisticRegression
2025-06-04 14:43:52,224 - SklearnModel - INFO - Training completed
2025-06-04 14:43:52,224 - SklearnModel - INFO - Training completed
2025-06-04 14:43:52,224 - SklearnModel - INFO - Training completed
2025-06-04 14:43:52,224 - SklearnModel - INFO - Training completed
2025-06-04 14:43:52,224 - SklearnModel - INFO - Training completed
2025-06-04 14:43:52,224 - SklearnModel - INFO - Evaluating model performance
2025-06-04 14:43:52,224 - SklearnModel - INFO - Evaluating model performance
2025-06-04 14:43:52,224 - SklearnModel - INFO - Evaluating model performance
2025-06-04 14:43:52,224 - SklearnModel - INFO - Evaluating model performance
2025-06-04 14:43:52,224 - SklearnModel - INFO - Evaluating model performance
2025-06-04 14:43:52,224 - SklearnModel - DEBUG - Making predictions
2025-06-04 14:43:52,224 - SklearnModel - DEBUG - Making predictions
2025-06-04 14:43:52,224 - SklearnModel - DEBUG - Making predictions
2025-06-04 14:43:52,224 - SklearnModel - DEBUG - Making predictions
2025-06-04 14:43:52,224 - SklearnModel - DEBUG - Making predictions
2025-06-04 14:43:52,229 - SklearnModel - INFO - Evaluation metrics: {'accuracy': 0.0, 'precision': 0.0, 'recall': 0.0, 'f1': 0.0}
2025-06-04 14:43:52,229 - SklearnModel - INFO - Evaluation metrics: {'accuracy': 0.0, 'precision': 0.0, 'recall': 0.0, 'f1': 0.0}
2025-06-04 14:43:52,229 - SklearnModel - INFO - Evaluation metrics: {'accuracy': 0.0, 'precision': 0.0, 'recall': 0.0, 'f1': 0.0}
2025-06-04 14:43:52,229 - SklearnModel - INFO - Evaluation metrics: {'accuracy': 0.0, 'precision': 0.0, 'recall': 0.0, 'f1': 0.0}
2025-06-04 14:43:52,229 - SklearnModel - INFO - Evaluation metrics: {'accuracy': 0.0, 'precision': 0.0, 'recall': 0.0, 'f1': 0.0}
2025-06-04 14:43:52,229 - SklearnModel - INFO - Training RandomForestClassifier
2025-06-04 14:43:52,229 - SklearnModel - INFO - Training RandomForestClassifier
2025-06-04 14:43:52,229 - SklearnModel - INFO - Training RandomForestClassifier
2025-06-04 14:43:52,229 - SklearnModel - INFO - Training RandomForestClassifier
2025-06-04 14:43:52,229 - SklearnModel - INFO - Training RandomForestClassifier
2025-06-04 14:43:52,299 - SklearnModel - INFO - Training completed
2025-06-04 14:43:52,299 - SklearnModel - INFO - Training completed
2025-06-04 14:43:52,299 - SklearnModel - INFO - Training completed
2025-06-04 14:43:52,299 - SklearnModel - INFO - Training completed
2025-06-04 14:43:52,299 - SklearnModel - INFO - Training completed
2025-06-04 14:43:52,299 - SklearnModel - INFO - Evaluating model performance
2025-06-04 14:43:52,299 - SklearnModel - INFO - Evaluating model performance
2025-06-04 14:43:52,299 - SklearnModel - INFO - Evaluating model performance
2025-06-04 14:43:52,299 - SklearnModel - INFO - Evaluating model performance
2025-06-04 14:43:52,299 - SklearnModel - INFO - Evaluating model performance
2025-06-04 14:43:52,299 - SklearnModel - DEBUG - Making predictions
2025-06-04 14:43:52,299 - SklearnModel - DEBUG - Making predictions
2025-06-04 14:43:52,299 - SklearnModel - DEBUG - Making predictions
2025-06-04 14:43:52,299 - SklearnModel - DEBUG - Making predictions
2025-06-04 14:43:52,299 - SklearnModel - DEBUG - Making predictions
2025-06-04 14:43:52,307 - SklearnModel - INFO - Evaluation metrics: {'accuracy': 0.0, 'precision': 0.0, 'recall': 0.0, 'f1': 0.0}
2025-06-04 14:43:52,307 - SklearnModel - INFO - Evaluation metrics: {'accuracy': 0.0, 'precision': 0.0, 'recall': 0.0, 'f1': 0.0}
2025-06-04 14:43:52,307 - SklearnModel - INFO - Evaluation metrics: {'accuracy': 0.0, 'precision': 0.0, 'recall': 0.0, 'f1': 0.0}
2025-06-04 14:43:52,307 - SklearnModel - INFO - Evaluation metrics: {'accuracy': 0.0, 'precision': 0.0, 'recall': 0.0, 'f1': 0.0}
2025-06-04 14:43:52,307 - SklearnModel - INFO - Evaluation metrics: {'accuracy': 0.0, 'precision': 0.0, 'recall': 0.0, 'f1': 0.0}
2025-06-04 14:43:52,307 - SklearnModel - INFO - Training GradientBoostingClassifier
2025-06-04 14:43:52,307 - SklearnModel - INFO - Training GradientBoostingClassifier
2025-06-04 14:43:52,307 - SklearnModel - INFO - Training GradientBoostingClassifier
2025-06-04 14:43:52,307 - SklearnModel - INFO - Training GradientBoostingClassifier
2025-06-04 14:43:52,307 - SklearnModel - INFO - Training GradientBoostingClassifier
2025-06-04 14:43:52,334 - SklearnModel - INFO - Training completed
2025-06-04 14:43:52,334 - SklearnModel - INFO - Training completed
2025-06-04 14:43:52,334 - SklearnModel - INFO - Training completed
2025-06-04 14:43:52,334 - SklearnModel - INFO - Training completed
2025-06-04 14:43:52,334 - SklearnModel - INFO - Training completed
2025-06-04 14:43:52,335 - SklearnModel - INFO - Evaluating model performance
2025-06-04 14:43:52,335 - SklearnModel - INFO - Evaluating model performance
2025-06-04 14:43:52,335 - SklearnModel - INFO - Evaluating model performance
2025-06-04 14:43:52,335 - SklearnModel - INFO - Evaluating model performance
2025-06-04 14:43:52,335 - SklearnModel - INFO - Evaluating model performance
2025-06-04 14:43:52,335 - SklearnModel - DEBUG - Making predictions
2025-06-04 14:43:52,335 - SklearnModel - DEBUG - Making predictions
2025-06-04 14:43:52,335 - SklearnModel - DEBUG - Making predictions
2025-06-04 14:43:52,335 - SklearnModel - DEBUG - Making predictions
2025-06-04 14:43:52,335 - SklearnModel - DEBUG - Making predictions
2025-06-04 14:43:52,339 - SklearnModel - INFO - Evaluation metrics: {'accuracy': 0.0, 'precision': 0.0, 'recall': 0.0, 'f1': 0.0}
2025-06-04 14:43:52,339 - SklearnModel - INFO - Evaluation metrics: {'accuracy': 0.0, 'precision': 0.0, 'recall': 0.0, 'f1': 0.0}
2025-06-04 14:43:52,339 - SklearnModel - INFO - Evaluation metrics: {'accuracy': 0.0, 'precision': 0.0, 'recall': 0.0, 'f1': 0.0}
2025-06-04 14:43:52,339 - SklearnModel - INFO - Evaluation metrics: {'accuracy': 0.0, 'precision': 0.0, 'recall': 0.0, 'f1': 0.0}
2025-06-04 14:43:52,339 - SklearnModel - INFO - Evaluation metrics: {'accuracy': 0.0, 'precision': 0.0, 'recall': 0.0, 'f1': 0.0}
2025-06-04 14:43:52,339 - SklearnModel - INFO - Training SVC
2025-06-04 14:43:52,339 - SklearnModel - INFO - Training SVC
2025-06-04 14:43:52,339 - SklearnModel - INFO - Training SVC
2025-06-04 14:43:52,339 - SklearnModel - INFO - Training SVC
2025-06-04 14:43:52,339 - SklearnModel - INFO - Training SVC
2025-06-04 14:43:52,341 - SklearnModel - INFO - Training completed
2025-06-04 14:43:52,341 - SklearnModel - INFO - Training completed
2025-06-04 14:43:52,341 - SklearnModel - INFO - Training completed
2025-06-04 14:43:52,341 - SklearnModel - INFO - Training completed
2025-06-04 14:43:52,341 - SklearnModel - INFO - Training completed
2025-06-04 14:43:52,341 - SklearnModel - INFO - Evaluating model performance
2025-06-04 14:43:52,341 - SklearnModel - INFO - Evaluating model performance
2025-06-04 14:43:52,341 - SklearnModel - INFO - Evaluating model performance
2025-06-04 14:43:52,341 - SklearnModel - INFO - Evaluating model performance
2025-06-04 14:43:52,341 - SklearnModel - INFO - Evaluating model performance
2025-06-04 14:43:52,341 - SklearnModel - DEBUG - Making predictions
2025-06-04 14:43:52,341 - SklearnModel - DEBUG - Making predictions
2025-06-04 14:43:52,341 - SklearnModel - DEBUG - Making predictions
2025-06-04 14:43:52,341 - SklearnModel - DEBUG - Making predictions
2025-06-04 14:43:52,341 - SklearnModel - DEBUG - Making predictions
2025-06-04 14:43:52,345 - SklearnModel - INFO - Evaluation metrics: {'accuracy': 0.0, 'precision': 0.0, 'recall': 0.0, 'f1': 0.0}
2025-06-04 14:43:52,345 - SklearnModel - INFO - Evaluation metrics: {'accuracy': 0.0, 'precision': 0.0, 'recall': 0.0, 'f1': 0.0}
2025-06-04 14:43:52,345 - SklearnModel - INFO - Evaluation metrics: {'accuracy': 0.0, 'precision': 0.0, 'recall': 0.0, 'f1': 0.0}
2025-06-04 14:43:52,345 - SklearnModel - INFO - Evaluation metrics: {'accuracy': 0.0, 'precision': 0.0, 'recall': 0.0, 'f1': 0.0}
2025-06-04 14:43:52,345 - SklearnModel - INFO - Evaluation metrics: {'accuracy': 0.0, 'precision': 0.0, 'recall': 0.0, 'f1': 0.0}
