2025-06-04 14:40:49,263 - SklearnModel - INFO - Initializing SklearnModel with LogisticRegression
2025-06-04 14:40:49,263 - SklearnModel - INFO - Initializing SklearnModel with RandomForestClassifier
2025-06-04 14:40:49,263 - SklearnModel - INFO - Initializing SklearnModel with RandomForestClassifier
2025-06-04 14:40:49,263 - SklearnModel - INFO - Initializing SklearnModel with GradientBoostingClassifier
2025-06-04 14:40:49,263 - SklearnModel - INFO - Initializing SklearnModel with GradientBoostingClassifier
2025-06-04 14:40:49,263 - SklearnModel - INFO - Initializing SklearnModel with GradientBoostingClassifier
2025-06-04 14:40:49,264 - SklearnModel - INFO - Initializing SklearnModel with SVC
2025-06-04 14:40:49,264 - SklearnModel - INFO - Initializing SklearnModel with SVC
2025-06-04 14:40:49,264 - SklearnModel - INFO - Initializing SklearnModel with SVC
2025-06-04 14:40:49,264 - SklearnModel - INFO - Initializing SklearnModel with SVC
2025-06-04 14:40:49,283 - SklearnModel - INFO - Training LogisticRegression
2025-06-04 14:40:49,283 - SklearnModel - INFO - Training LogisticRegression
2025-06-04 14:40:49,283 - SklearnModel - INFO - Training LogisticRegression
2025-06-04 14:40:49,283 - SklearnModel - INFO - Training LogisticRegression
2025-06-04 14:40:52,595 - SklearnModel - INFO - Training completed
2025-06-04 14:40:52,595 - SklearnModel - INFO - Training completed
2025-06-04 14:40:52,595 - SklearnModel - INFO - Training completed
2025-06-04 14:40:52,595 - SklearnModel - INFO - Training completed
2025-06-04 14:40:52,595 - SklearnModel - INFO - Evaluating model performance
2025-06-04 14:40:52,595 - SklearnModel - INFO - Evaluating model performance
2025-06-04 14:40:52,595 - SklearnModel - INFO - Evaluating model performance
2025-06-04 14:40:52,595 - SklearnModel - INFO - Evaluating model performance
2025-06-04 14:40:52,595 - SklearnModel - DEBUG - Making predictions
2025-06-04 14:40:52,595 - SklearnModel - DEBUG - Making predictions
2025-06-04 14:40:52,595 - SklearnModel - DEBUG - Making predictions
2025-06-04 14:40:52,595 - SklearnModel - DEBUG - Making predictions
2025-06-04 14:40:52,616 - SklearnModel - INFO - Evaluation metrics: {'accuracy': 0.73, 'precision': 0.7115204678362573, 'recall': 0.73, 'f1': 0.7084}
2025-06-04 14:40:52,616 - SklearnModel - INFO - Evaluation metrics: {'accuracy': 0.73, 'precision': 0.7115204678362573, 'recall': 0.73, 'f1': 0.7084}
2025-06-04 14:40:52,616 - SklearnModel - INFO - Evaluation metrics: {'accuracy': 0.73, 'precision': 0.7115204678362573, 'recall': 0.73, 'f1': 0.7084}
2025-06-04 14:40:52,616 - SklearnModel - INFO - Evaluation metrics: {'accuracy': 0.73, 'precision': 0.7115204678362573, 'recall': 0.73, 'f1': 0.7084}
2025-06-04 14:40:52,642 - SklearnModel - INFO - Training RandomForestClassifier
2025-06-04 14:40:52,642 - SklearnModel - INFO - Training RandomForestClassifier
2025-06-04 14:40:52,642 - SklearnModel - INFO - Training RandomForestClassifier
2025-06-04 14:40:52,642 - SklearnModel - INFO - Training RandomForestClassifier
2025-06-04 14:40:55,820 - SklearnModel - INFO - Training completed
2025-06-04 14:40:55,820 - SklearnModel - INFO - Training completed
2025-06-04 14:40:55,820 - SklearnModel - INFO - Training completed
2025-06-04 14:40:55,820 - SklearnModel - INFO - Training completed
2025-06-04 14:40:55,820 - SklearnModel - INFO - Evaluating model performance
2025-06-04 14:40:55,820 - SklearnModel - INFO - Evaluating model performance
2025-06-04 14:40:55,820 - SklearnModel - INFO - Evaluating model performance
2025-06-04 14:40:55,820 - SklearnModel - INFO - Evaluating model performance
2025-06-04 14:40:55,820 - SklearnModel - DEBUG - Making predictions
2025-06-04 14:40:55,820 - SklearnModel - DEBUG - Making predictions
2025-06-04 14:40:55,820 - SklearnModel - DEBUG - Making predictions
2025-06-04 14:40:55,820 - SklearnModel - DEBUG - Making predictions
2025-06-04 14:40:55,853 - SklearnModel - INFO - Evaluation metrics: {'accuracy': 0.7, 'precision': 0.677697408077155, 'recall': 0.7, 'f1': 0.6812889812889813}
2025-06-04 14:40:55,853 - SklearnModel - INFO - Evaluation metrics: {'accuracy': 0.7, 'precision': 0.677697408077155, 'recall': 0.7, 'f1': 0.6812889812889813}
2025-06-04 14:40:55,853 - SklearnModel - INFO - Evaluation metrics: {'accuracy': 0.7, 'precision': 0.677697408077155, 'recall': 0.7, 'f1': 0.6812889812889813}
2025-06-04 14:40:55,853 - SklearnModel - INFO - Evaluation metrics: {'accuracy': 0.7, 'precision': 0.677697408077155, 'recall': 0.7, 'f1': 0.6812889812889813}
2025-06-04 14:40:55,873 - SklearnModel - INFO - Training GradientBoostingClassifier
2025-06-04 14:40:55,873 - SklearnModel - INFO - Training GradientBoostingClassifier
2025-06-04 14:40:55,873 - SklearnModel - INFO - Training GradientBoostingClassifier
2025-06-04 14:40:55,873 - SklearnModel - INFO - Training GradientBoostingClassifier
2025-06-04 14:40:57,984 - SklearnModel - INFO - Training completed
2025-06-04 14:40:57,984 - SklearnModel - INFO - Training completed
2025-06-04 14:40:57,984 - SklearnModel - INFO - Training completed
2025-06-04 14:40:57,984 - SklearnModel - INFO - Training completed
2025-06-04 14:40:57,984 - SklearnModel - INFO - Evaluating model performance
2025-06-04 14:40:57,984 - SklearnModel - INFO - Evaluating model performance
2025-06-04 14:40:57,984 - SklearnModel - INFO - Evaluating model performance
2025-06-04 14:40:57,984 - SklearnModel - INFO - Evaluating model performance
2025-06-04 14:40:57,984 - SklearnModel - DEBUG - Making predictions
2025-06-04 14:40:57,984 - SklearnModel - DEBUG - Making predictions
2025-06-04 14:40:57,984 - SklearnModel - DEBUG - Making predictions
2025-06-04 14:40:57,984 - SklearnModel - DEBUG - Making predictions
2025-06-04 14:40:57,991 - SklearnModel - INFO - Evaluation metrics: {'accuracy': 0.675, 'precision': 0.6547142261159783, 'recall': 0.675, 'f1': 0.6610139033386929}
2025-06-04 14:40:57,991 - SklearnModel - INFO - Evaluation metrics: {'accuracy': 0.675, 'precision': 0.6547142261159783, 'recall': 0.675, 'f1': 0.6610139033386929}
2025-06-04 14:40:57,991 - SklearnModel - INFO - Evaluation metrics: {'accuracy': 0.675, 'precision': 0.6547142261159783, 'recall': 0.675, 'f1': 0.6610139033386929}
2025-06-04 14:40:57,991 - SklearnModel - INFO - Evaluation metrics: {'accuracy': 0.675, 'precision': 0.6547142261159783, 'recall': 0.675, 'f1': 0.6610139033386929}
2025-06-04 14:40:58,011 - SklearnModel - INFO - Training SVC
2025-06-04 14:40:58,011 - SklearnModel - INFO - Training SVC
2025-06-04 14:40:58,011 - SklearnModel - INFO - Training SVC
2025-06-04 14:40:58,011 - SklearnModel - INFO - Training SVC
2025-06-04 14:41:00,251 - SklearnModel - INFO - Training completed
2025-06-04 14:41:00,251 - SklearnModel - INFO - Training completed
2025-06-04 14:41:00,251 - SklearnModel - INFO - Training completed
2025-06-04 14:41:00,251 - SklearnModel - INFO - Training completed
2025-06-04 14:41:00,251 - SklearnModel - INFO - Evaluating model performance
2025-06-04 14:41:00,251 - SklearnModel - INFO - Evaluating model performance
2025-06-04 14:41:00,251 - SklearnModel - INFO - Evaluating model performance
2025-06-04 14:41:00,251 - SklearnModel - INFO - Evaluating model performance
2025-06-04 14:41:00,251 - SklearnModel - DEBUG - Making predictions
2025-06-04 14:41:00,251 - SklearnModel - DEBUG - Making predictions
2025-06-04 14:41:00,251 - SklearnModel - DEBUG - Making predictions
2025-06-04 14:41:00,251 - SklearnModel - DEBUG - Making predictions
2025-06-04 14:41:00,265 - SklearnModel - INFO - Evaluation metrics: {'accuracy': 0.71, 'precision': 0.684500354358611, 'recall': 0.71, 'f1': 0.681063596491228}
2025-06-04 14:41:00,265 - SklearnModel - INFO - Evaluation metrics: {'accuracy': 0.71, 'precision': 0.684500354358611, 'recall': 0.71, 'f1': 0.681063596491228}
2025-06-04 14:41:00,265 - SklearnModel - INFO - Evaluation metrics: {'accuracy': 0.71, 'precision': 0.684500354358611, 'recall': 0.71, 'f1': 0.681063596491228}
2025-06-04 14:41:00,265 - SklearnModel - INFO - Evaluation metrics: {'accuracy': 0.71, 'precision': 0.684500354358611, 'recall': 0.71, 'f1': 0.681063596491228}
