2025-06-15 14:03:09,520 - SklearnModel - INFO - Initializing SklearnModel with LogisticRegression
2025-06-15 14:03:09,520 - SklearnModel - INFO - Initializing SklearnModel with RandomForestClassifier
2025-06-15 14:03:09,520 - SklearnModel - INFO - Initializing SklearnModel with RandomForestClassifier
2025-06-15 14:03:09,521 - SklearnModel - INFO - Initializing SklearnModel with GradientBoostingClassifier
2025-06-15 14:03:09,521 - SklearnModel - INFO - Initializing SklearnModel with GradientBoostingClassifier
2025-06-15 14:03:09,521 - SklearnModel - INFO - Initializing SklearnModel with GradientBoostingClassifier
2025-06-15 14:03:09,521 - SklearnModel - INFO - Initializing SklearnModel with SVC
2025-06-15 14:03:09,521 - SklearnModel - INFO - Initializing SklearnModel with SVC
2025-06-15 14:03:09,521 - SklearnModel - INFO - Initializing SklearnModel with SVC
2025-06-15 14:03:09,521 - SklearnModel - INFO - Initializing SklearnModel with SVC
2025-06-15 14:03:09,564 - SklearnModel - INFO - Training LogisticRegression
2025-06-15 14:03:09,564 - SklearnModel - INFO - Training LogisticRegression
2025-06-15 14:03:09,564 - SklearnModel - INFO - Training LogisticRegression
2025-06-15 14:03:09,564 - SklearnModel - INFO - Training LogisticRegression
2025-06-15 14:03:15,944 - SklearnModel - INFO - Training completed
2025-06-15 14:03:15,944 - SklearnModel - INFO - Training completed
2025-06-15 14:03:15,944 - SklearnModel - INFO - Training completed
2025-06-15 14:03:15,944 - SklearnModel - INFO - Training completed
2025-06-15 14:03:15,945 - SklearnModel - INFO - Evaluating model performance
2025-06-15 14:03:15,945 - SklearnModel - INFO - Evaluating model performance
2025-06-15 14:03:15,945 - SklearnModel - INFO - Evaluating model performance
2025-06-15 14:03:15,945 - SklearnModel - INFO - Evaluating model performance
2025-06-15 14:03:15,945 - SklearnModel - DEBUG - Making predictions
2025-06-15 14:03:15,945 - SklearnModel - DEBUG - Making predictions
2025-06-15 14:03:15,945 - SklearnModel - DEBUG - Making predictions
2025-06-15 14:03:15,945 - SklearnModel - DEBUG - Making predictions
2025-06-15 14:03:15,959 - SklearnModel - INFO - Evaluation metrics: {'accuracy': 0.73, 'precision': 0.7115204678362573, 'recall': 0.73, 'f1': 0.7084}
2025-06-15 14:03:15,959 - SklearnModel - INFO - Evaluation metrics: {'accuracy': 0.73, 'precision': 0.7115204678362573, 'recall': 0.73, 'f1': 0.7084}
2025-06-15 14:03:15,959 - SklearnModel - INFO - Evaluation metrics: {'accuracy': 0.73, 'precision': 0.7115204678362573, 'recall': 0.73, 'f1': 0.7084}
2025-06-15 14:03:15,959 - SklearnModel - INFO - Evaluation metrics: {'accuracy': 0.73, 'precision': 0.7115204678362573, 'recall': 0.73, 'f1': 0.7084}
2025-06-15 14:03:15,977 - SklearnModel - INFO - Training RandomForestClassifier
2025-06-15 14:03:15,977 - SklearnModel - INFO - Training RandomForestClassifier
2025-06-15 14:03:15,977 - SklearnModel - INFO - Training RandomForestClassifier
2025-06-15 14:03:15,977 - SklearnModel - INFO - Training RandomForestClassifier
2025-06-15 14:03:20,069 - SklearnModel - INFO - Training completed
2025-06-15 14:03:20,069 - SklearnModel - INFO - Training completed
2025-06-15 14:03:20,069 - SklearnModel - INFO - Training completed
2025-06-15 14:03:20,069 - SklearnModel - INFO - Training completed
2025-06-15 14:03:20,070 - SklearnModel - INFO - Evaluating model performance
2025-06-15 14:03:20,070 - SklearnModel - INFO - Evaluating model performance
2025-06-15 14:03:20,070 - SklearnModel - INFO - Evaluating model performance
2025-06-15 14:03:20,070 - SklearnModel - INFO - Evaluating model performance
2025-06-15 14:03:20,070 - SklearnModel - DEBUG - Making predictions
2025-06-15 14:03:20,070 - SklearnModel - DEBUG - Making predictions
2025-06-15 14:03:20,070 - SklearnModel - DEBUG - Making predictions
2025-06-15 14:03:20,070 - SklearnModel - DEBUG - Making predictions
2025-06-15 14:03:20,110 - SklearnModel - INFO - Evaluation metrics: {'accuracy': 0.7, 'precision': 0.677697408077155, 'recall': 0.7, 'f1': 0.6812889812889813}
2025-06-15 14:03:20,110 - SklearnModel - INFO - Evaluation metrics: {'accuracy': 0.7, 'precision': 0.677697408077155, 'recall': 0.7, 'f1': 0.6812889812889813}
2025-06-15 14:03:20,110 - SklearnModel - INFO - Evaluation metrics: {'accuracy': 0.7, 'precision': 0.677697408077155, 'recall': 0.7, 'f1': 0.6812889812889813}
2025-06-15 14:03:20,110 - SklearnModel - INFO - Evaluation metrics: {'accuracy': 0.7, 'precision': 0.677697408077155, 'recall': 0.7, 'f1': 0.6812889812889813}
2025-06-15 14:03:20,131 - SklearnModel - INFO - Training GradientBoostingClassifier
2025-06-15 14:03:20,131 - SklearnModel - INFO - Training GradientBoostingClassifier
2025-06-15 14:03:20,131 - SklearnModel - INFO - Training GradientBoostingClassifier
2025-06-15 14:03:20,131 - SklearnModel - INFO - Training GradientBoostingClassifier
2025-06-15 14:03:22,858 - SklearnModel - INFO - Training completed
2025-06-15 14:03:22,858 - SklearnModel - INFO - Training completed
2025-06-15 14:03:22,858 - SklearnModel - INFO - Training completed
2025-06-15 14:03:22,858 - SklearnModel - INFO - Training completed
2025-06-15 14:03:22,858 - SklearnModel - INFO - Evaluating model performance
2025-06-15 14:03:22,858 - SklearnModel - INFO - Evaluating model performance
2025-06-15 14:03:22,858 - SklearnModel - INFO - Evaluating model performance
2025-06-15 14:03:22,858 - SklearnModel - INFO - Evaluating model performance
2025-06-15 14:03:22,858 - SklearnModel - DEBUG - Making predictions
2025-06-15 14:03:22,858 - SklearnModel - DEBUG - Making predictions
2025-06-15 14:03:22,858 - SklearnModel - DEBUG - Making predictions
2025-06-15 14:03:22,858 - SklearnModel - DEBUG - Making predictions
2025-06-15 14:03:22,865 - SklearnModel - INFO - Evaluation metrics: {'accuracy': 0.675, 'precision': 0.6547142261159783, 'recall': 0.675, 'f1': 0.6610139033386929}
2025-06-15 14:03:22,865 - SklearnModel - INFO - Evaluation metrics: {'accuracy': 0.675, 'precision': 0.6547142261159783, 'recall': 0.675, 'f1': 0.6610139033386929}
2025-06-15 14:03:22,865 - SklearnModel - INFO - Evaluation metrics: {'accuracy': 0.675, 'precision': 0.6547142261159783, 'recall': 0.675, 'f1': 0.6610139033386929}
2025-06-15 14:03:22,865 - SklearnModel - INFO - Evaluation metrics: {'accuracy': 0.675, 'precision': 0.6547142261159783, 'recall': 0.675, 'f1': 0.6610139033386929}
2025-06-15 14:03:22,883 - SklearnModel - INFO - Training SVC
2025-06-15 14:03:22,883 - SklearnModel - INFO - Training SVC
2025-06-15 14:03:22,883 - SklearnModel - INFO - Training SVC
2025-06-15 14:03:22,883 - SklearnModel - INFO - Training SVC
2025-06-15 14:03:25,328 - SklearnModel - INFO - Training completed
2025-06-15 14:03:25,328 - SklearnModel - INFO - Training completed
2025-06-15 14:03:25,328 - SklearnModel - INFO - Training completed
2025-06-15 14:03:25,328 - SklearnModel - INFO - Training completed
2025-06-15 14:03:25,329 - SklearnModel - INFO - Evaluating model performance
2025-06-15 14:03:25,329 - SklearnModel - INFO - Evaluating model performance
2025-06-15 14:03:25,329 - SklearnModel - INFO - Evaluating model performance
2025-06-15 14:03:25,329 - SklearnModel - INFO - Evaluating model performance
2025-06-15 14:03:25,329 - SklearnModel - DEBUG - Making predictions
2025-06-15 14:03:25,329 - SklearnModel - DEBUG - Making predictions
2025-06-15 14:03:25,329 - SklearnModel - DEBUG - Making predictions
2025-06-15 14:03:25,329 - SklearnModel - DEBUG - Making predictions
2025-06-15 14:03:25,342 - SklearnModel - INFO - Evaluation metrics: {'accuracy': 0.71, 'precision': 0.684500354358611, 'recall': 0.71, 'f1': 0.681063596491228}
2025-06-15 14:03:25,342 - SklearnModel - INFO - Evaluation metrics: {'accuracy': 0.71, 'precision': 0.684500354358611, 'recall': 0.71, 'f1': 0.681063596491228}
2025-06-15 14:03:25,342 - SklearnModel - INFO - Evaluation metrics: {'accuracy': 0.71, 'precision': 0.684500354358611, 'recall': 0.71, 'f1': 0.681063596491228}
2025-06-15 14:03:25,342 - SklearnModel - INFO - Evaluation metrics: {'accuracy': 0.71, 'precision': 0.684500354358611, 'recall': 0.71, 'f1': 0.681063596491228}
