2025-06-15 14:42:36,963 - SklearnModel - INFO - Initializing SklearnModel with LogisticRegression
2025-06-15 14:42:36,964 - SklearnModel - INFO - Initializing SklearnModel with RandomForestClassifier
2025-06-15 14:42:36,964 - SklearnModel - INFO - Initializing SklearnModel with RandomForestClassifier
2025-06-15 14:42:36,964 - SklearnModel - INFO - Initializing SklearnModel with GradientBoostingClassifier
2025-06-15 14:42:36,964 - SklearnModel - INFO - Initializing SklearnModel with GradientBoostingClassifier
2025-06-15 14:42:36,964 - SklearnModel - INFO - Initializing SklearnModel with GradientBoostingClassifier
2025-06-15 14:42:36,964 - SklearnModel - INFO - Initializing SklearnModel with SVC
2025-06-15 14:42:36,964 - SklearnModel - INFO - Initializing SklearnModel with SVC
2025-06-15 14:42:36,964 - SklearnModel - INFO - Initializing SklearnModel with SVC
2025-06-15 14:42:36,964 - SklearnModel - INFO - Initializing SklearnModel with SVC
2025-06-15 14:42:36,986 - SklearnModel - INFO - Training LogisticRegression
2025-06-15 14:42:36,986 - SklearnModel - INFO - Training LogisticRegression
2025-06-15 14:42:36,986 - SklearnModel - INFO - Training LogisticRegression
2025-06-15 14:42:36,986 - SklearnModel - INFO - Training LogisticRegression
2025-06-15 14:42:40,991 - SklearnModel - INFO - Training completed
2025-06-15 14:42:40,991 - SklearnModel - INFO - Training completed
2025-06-15 14:42:40,991 - SklearnModel - INFO - Training completed
2025-06-15 14:42:40,991 - SklearnModel - INFO - Training completed
2025-06-15 14:42:40,992 - SklearnModel - INFO - Evaluating model performance
2025-06-15 14:42:40,992 - SklearnModel - INFO - Evaluating model performance
2025-06-15 14:42:40,992 - SklearnModel - INFO - Evaluating model performance
2025-06-15 14:42:40,992 - SklearnModel - INFO - Evaluating model performance
2025-06-15 14:42:40,992 - SklearnModel - DEBUG - Making predictions
2025-06-15 14:42:40,992 - SklearnModel - DEBUG - Making predictions
2025-06-15 14:42:40,992 - SklearnModel - DEBUG - Making predictions
2025-06-15 14:42:40,992 - SklearnModel - DEBUG - Making predictions
2025-06-15 14:42:41,004 - SklearnModel - INFO - Evaluation metrics: {'accuracy': 0.73, 'precision': 0.7115204678362573, 'recall': 0.73, 'f1': 0.7084}
2025-06-15 14:42:41,004 - SklearnModel - INFO - Evaluation metrics: {'accuracy': 0.73, 'precision': 0.7115204678362573, 'recall': 0.73, 'f1': 0.7084}
2025-06-15 14:42:41,004 - SklearnModel - INFO - Evaluation metrics: {'accuracy': 0.73, 'precision': 0.7115204678362573, 'recall': 0.73, 'f1': 0.7084}
2025-06-15 14:42:41,004 - SklearnModel - INFO - Evaluation metrics: {'accuracy': 0.73, 'precision': 0.7115204678362573, 'recall': 0.73, 'f1': 0.7084}
2025-06-15 14:42:41,023 - SklearnModel - INFO - Training RandomForestClassifier
2025-06-15 14:42:41,023 - SklearnModel - INFO - Training RandomForestClassifier
2025-06-15 14:42:41,023 - SklearnModel - INFO - Training RandomForestClassifier
2025-06-15 14:42:41,023 - SklearnModel - INFO - Training RandomForestClassifier
2025-06-15 14:42:43,590 - SklearnModel - INFO - Training completed
2025-06-15 14:42:43,590 - SklearnModel - INFO - Training completed
2025-06-15 14:42:43,590 - SklearnModel - INFO - Training completed
2025-06-15 14:42:43,590 - SklearnModel - INFO - Training completed
2025-06-15 14:42:43,590 - SklearnModel - INFO - Evaluating model performance
2025-06-15 14:42:43,590 - SklearnModel - INFO - Evaluating model performance
2025-06-15 14:42:43,590 - SklearnModel - INFO - Evaluating model performance
2025-06-15 14:42:43,590 - SklearnModel - INFO - Evaluating model performance
2025-06-15 14:42:43,590 - SklearnModel - DEBUG - Making predictions
2025-06-15 14:42:43,590 - SklearnModel - DEBUG - Making predictions
2025-06-15 14:42:43,590 - SklearnModel - DEBUG - Making predictions
2025-06-15 14:42:43,590 - SklearnModel - DEBUG - Making predictions
2025-06-15 14:42:43,621 - SklearnModel - INFO - Evaluation metrics: {'accuracy': 0.7, 'precision': 0.677697408077155, 'recall': 0.7, 'f1': 0.6812889812889813}
2025-06-15 14:42:43,621 - SklearnModel - INFO - Evaluation metrics: {'accuracy': 0.7, 'precision': 0.677697408077155, 'recall': 0.7, 'f1': 0.6812889812889813}
2025-06-15 14:42:43,621 - SklearnModel - INFO - Evaluation metrics: {'accuracy': 0.7, 'precision': 0.677697408077155, 'recall': 0.7, 'f1': 0.6812889812889813}
2025-06-15 14:42:43,621 - SklearnModel - INFO - Evaluation metrics: {'accuracy': 0.7, 'precision': 0.677697408077155, 'recall': 0.7, 'f1': 0.6812889812889813}
2025-06-15 14:42:43,641 - SklearnModel - INFO - Training GradientBoostingClassifier
2025-06-15 14:42:43,641 - SklearnModel - INFO - Training GradientBoostingClassifier
2025-06-15 14:42:43,641 - SklearnModel - INFO - Training GradientBoostingClassifier
2025-06-15 14:42:43,641 - SklearnModel - INFO - Training GradientBoostingClassifier
2025-06-15 14:42:46,229 - SklearnModel - INFO - Training completed
2025-06-15 14:42:46,229 - SklearnModel - INFO - Training completed
2025-06-15 14:42:46,229 - SklearnModel - INFO - Training completed
2025-06-15 14:42:46,229 - SklearnModel - INFO - Training completed
2025-06-15 14:42:46,230 - SklearnModel - INFO - Evaluating model performance
2025-06-15 14:42:46,230 - SklearnModel - INFO - Evaluating model performance
2025-06-15 14:42:46,230 - SklearnModel - INFO - Evaluating model performance
2025-06-15 14:42:46,230 - SklearnModel - INFO - Evaluating model performance
2025-06-15 14:42:46,230 - SklearnModel - DEBUG - Making predictions
2025-06-15 14:42:46,230 - SklearnModel - DEBUG - Making predictions
2025-06-15 14:42:46,230 - SklearnModel - DEBUG - Making predictions
2025-06-15 14:42:46,230 - SklearnModel - DEBUG - Making predictions
2025-06-15 14:42:46,237 - SklearnModel - INFO - Evaluation metrics: {'accuracy': 0.675, 'precision': 0.6547142261159783, 'recall': 0.675, 'f1': 0.6610139033386929}
2025-06-15 14:42:46,237 - SklearnModel - INFO - Evaluation metrics: {'accuracy': 0.675, 'precision': 0.6547142261159783, 'recall': 0.675, 'f1': 0.6610139033386929}
2025-06-15 14:42:46,237 - SklearnModel - INFO - Evaluation metrics: {'accuracy': 0.675, 'precision': 0.6547142261159783, 'recall': 0.675, 'f1': 0.6610139033386929}
2025-06-15 14:42:46,237 - SklearnModel - INFO - Evaluation metrics: {'accuracy': 0.675, 'precision': 0.6547142261159783, 'recall': 0.675, 'f1': 0.6610139033386929}
2025-06-15 14:42:46,258 - SklearnModel - INFO - Training SVC
2025-06-15 14:42:46,258 - SklearnModel - INFO - Training SVC
2025-06-15 14:42:46,258 - SklearnModel - INFO - Training SVC
2025-06-15 14:42:46,258 - SklearnModel - INFO - Training SVC
2025-06-15 14:42:48,732 - SklearnModel - INFO - Training completed
2025-06-15 14:42:48,732 - SklearnModel - INFO - Training completed
2025-06-15 14:42:48,732 - SklearnModel - INFO - Training completed
2025-06-15 14:42:48,732 - SklearnModel - INFO - Training completed
2025-06-15 14:42:48,732 - SklearnModel - INFO - Evaluating model performance
2025-06-15 14:42:48,732 - SklearnModel - INFO - Evaluating model performance
2025-06-15 14:42:48,732 - SklearnModel - INFO - Evaluating model performance
2025-06-15 14:42:48,732 - SklearnModel - INFO - Evaluating model performance
2025-06-15 14:42:48,732 - SklearnModel - DEBUG - Making predictions
2025-06-15 14:42:48,732 - SklearnModel - DEBUG - Making predictions
2025-06-15 14:42:48,732 - SklearnModel - DEBUG - Making predictions
2025-06-15 14:42:48,732 - SklearnModel - DEBUG - Making predictions
2025-06-15 14:42:48,745 - SklearnModel - INFO - Evaluation metrics: {'accuracy': 0.71, 'precision': 0.684500354358611, 'recall': 0.71, 'f1': 0.681063596491228}
2025-06-15 14:42:48,745 - SklearnModel - INFO - Evaluation metrics: {'accuracy': 0.71, 'precision': 0.684500354358611, 'recall': 0.71, 'f1': 0.681063596491228}
2025-06-15 14:42:48,745 - SklearnModel - INFO - Evaluation metrics: {'accuracy': 0.71, 'precision': 0.684500354358611, 'recall': 0.71, 'f1': 0.681063596491228}
2025-06-15 14:42:48,745 - SklearnModel - INFO - Evaluation metrics: {'accuracy': 0.71, 'precision': 0.684500354358611, 'recall': 0.71, 'f1': 0.681063596491228}
