2025-06-03 16:07:41,498 - SklearnModel - INFO - Initializing SklearnModel with LogisticRegression
2025-06-03 16:07:41,498 - SklearnModel - INFO - Initializing SklearnModel with RandomForestClassifier
2025-06-03 16:07:41,498 - SklearnModel - INFO - Initializing SklearnModel with RandomForestClassifier
2025-06-03 16:07:41,499 - SklearnModel - INFO - Initializing SklearnModel with GradientBoostingClassifier
2025-06-03 16:07:41,499 - SklearnModel - INFO - Initializing SklearnModel with GradientBoostingClassifier
2025-06-03 16:07:41,499 - SklearnModel - INFO - Initializing SklearnModel with GradientBoostingClassifier
2025-06-03 16:07:41,499 - SklearnModel - INFO - Initializing SklearnModel with SVC
2025-06-03 16:07:41,499 - SklearnModel - INFO - Initializing SklearnModel with SVC
2025-06-03 16:07:41,499 - SklearnModel - INFO - Initializing SklearnModel with SVC
2025-06-03 16:07:41,499 - SklearnModel - INFO - Initializing SklearnModel with SVC
2025-06-03 16:07:41,520 - SklearnModel - INFO - Training LogisticRegression
2025-06-03 16:07:41,520 - SklearnModel - INFO - Training LogisticRegression
2025-06-03 16:07:41,520 - SklearnModel - INFO - Training LogisticRegression
2025-06-03 16:07:41,520 - SklearnModel - INFO - Training LogisticRegression
2025-06-03 16:07:45,002 - SklearnModel - INFO - Training completed
2025-06-03 16:07:45,002 - SklearnModel - INFO - Training completed
2025-06-03 16:07:45,002 - SklearnModel - INFO - Training completed
2025-06-03 16:07:45,002 - SklearnModel - INFO - Training completed
2025-06-03 16:07:45,002 - SklearnModel - INFO - Evaluating model performance
2025-06-03 16:07:45,002 - SklearnModel - INFO - Evaluating model performance
2025-06-03 16:07:45,002 - SklearnModel - INFO - Evaluating model performance
2025-06-03 16:07:45,002 - SklearnModel - INFO - Evaluating model performance
2025-06-03 16:07:45,002 - SklearnModel - DEBUG - Making predictions
2025-06-03 16:07:45,002 - SklearnModel - DEBUG - Making predictions
2025-06-03 16:07:45,002 - SklearnModel - DEBUG - Making predictions
2025-06-03 16:07:45,002 - SklearnModel - DEBUG - Making predictions
2025-06-03 16:07:45,019 - SklearnModel - INFO - Evaluation metrics: {'accuracy': 0.73, 'precision': 0.7115204678362573, 'recall': 0.73, 'f1': 0.7084}
2025-06-03 16:07:45,019 - SklearnModel - INFO - Evaluation metrics: {'accuracy': 0.73, 'precision': 0.7115204678362573, 'recall': 0.73, 'f1': 0.7084}
2025-06-03 16:07:45,019 - SklearnModel - INFO - Evaluation metrics: {'accuracy': 0.73, 'precision': 0.7115204678362573, 'recall': 0.73, 'f1': 0.7084}
2025-06-03 16:07:45,019 - SklearnModel - INFO - Evaluation metrics: {'accuracy': 0.73, 'precision': 0.7115204678362573, 'recall': 0.73, 'f1': 0.7084}
2025-06-03 16:07:45,039 - SklearnModel - INFO - Training RandomForestClassifier
2025-06-03 16:07:45,039 - SklearnModel - INFO - Training RandomForestClassifier
2025-06-03 16:07:45,039 - SklearnModel - INFO - Training RandomForestClassifier
2025-06-03 16:07:45,039 - SklearnModel - INFO - Training RandomForestClassifier
2025-06-03 16:07:48,090 - SklearnModel - INFO - Training completed
2025-06-03 16:07:48,090 - SklearnModel - INFO - Training completed
2025-06-03 16:07:48,090 - SklearnModel - INFO - Training completed
2025-06-03 16:07:48,090 - SklearnModel - INFO - Training completed
2025-06-03 16:07:48,090 - SklearnModel - INFO - Evaluating model performance
2025-06-03 16:07:48,090 - SklearnModel - INFO - Evaluating model performance
2025-06-03 16:07:48,090 - SklearnModel - INFO - Evaluating model performance
2025-06-03 16:07:48,090 - SklearnModel - INFO - Evaluating model performance
2025-06-03 16:07:48,090 - SklearnModel - DEBUG - Making predictions
2025-06-03 16:07:48,090 - SklearnModel - DEBUG - Making predictions
2025-06-03 16:07:48,090 - SklearnModel - DEBUG - Making predictions
2025-06-03 16:07:48,090 - SklearnModel - DEBUG - Making predictions
2025-06-03 16:07:48,123 - SklearnModel - INFO - Evaluation metrics: {'accuracy': 0.7, 'precision': 0.677697408077155, 'recall': 0.7, 'f1': 0.6812889812889813}
2025-06-03 16:07:48,123 - SklearnModel - INFO - Evaluation metrics: {'accuracy': 0.7, 'precision': 0.677697408077155, 'recall': 0.7, 'f1': 0.6812889812889813}
2025-06-03 16:07:48,123 - SklearnModel - INFO - Evaluation metrics: {'accuracy': 0.7, 'precision': 0.677697408077155, 'recall': 0.7, 'f1': 0.6812889812889813}
2025-06-03 16:07:48,123 - SklearnModel - INFO - Evaluation metrics: {'accuracy': 0.7, 'precision': 0.677697408077155, 'recall': 0.7, 'f1': 0.6812889812889813}
2025-06-03 16:07:48,143 - SklearnModel - INFO - Training GradientBoostingClassifier
2025-06-03 16:07:48,143 - SklearnModel - INFO - Training GradientBoostingClassifier
2025-06-03 16:07:48,143 - SklearnModel - INFO - Training GradientBoostingClassifier
2025-06-03 16:07:48,143 - SklearnModel - INFO - Training GradientBoostingClassifier
2025-06-03 16:07:50,275 - SklearnModel - INFO - Training completed
2025-06-03 16:07:50,275 - SklearnModel - INFO - Training completed
2025-06-03 16:07:50,275 - SklearnModel - INFO - Training completed
2025-06-03 16:07:50,275 - SklearnModel - INFO - Training completed
2025-06-03 16:07:50,275 - SklearnModel - INFO - Evaluating model performance
2025-06-03 16:07:50,275 - SklearnModel - INFO - Evaluating model performance
2025-06-03 16:07:50,275 - SklearnModel - INFO - Evaluating model performance
2025-06-03 16:07:50,275 - SklearnModel - INFO - Evaluating model performance
2025-06-03 16:07:50,275 - SklearnModel - DEBUG - Making predictions
2025-06-03 16:07:50,275 - SklearnModel - DEBUG - Making predictions
2025-06-03 16:07:50,275 - SklearnModel - DEBUG - Making predictions
2025-06-03 16:07:50,275 - SklearnModel - DEBUG - Making predictions
2025-06-03 16:07:50,283 - SklearnModel - INFO - Evaluation metrics: {'accuracy': 0.675, 'precision': 0.6547142261159783, 'recall': 0.675, 'f1': 0.6610139033386929}
2025-06-03 16:07:50,283 - SklearnModel - INFO - Evaluation metrics: {'accuracy': 0.675, 'precision': 0.6547142261159783, 'recall': 0.675, 'f1': 0.6610139033386929}
2025-06-03 16:07:50,283 - SklearnModel - INFO - Evaluation metrics: {'accuracy': 0.675, 'precision': 0.6547142261159783, 'recall': 0.675, 'f1': 0.6610139033386929}
2025-06-03 16:07:50,283 - SklearnModel - INFO - Evaluation metrics: {'accuracy': 0.675, 'precision': 0.6547142261159783, 'recall': 0.675, 'f1': 0.6610139033386929}
2025-06-03 16:07:50,303 - SklearnModel - INFO - Training SVC
2025-06-03 16:07:50,303 - SklearnModel - INFO - Training SVC
2025-06-03 16:07:50,303 - SklearnModel - INFO - Training SVC
2025-06-03 16:07:50,303 - SklearnModel - INFO - Training SVC
2025-06-03 16:07:52,384 - SklearnModel - INFO - Training completed
2025-06-03 16:07:52,384 - SklearnModel - INFO - Training completed
2025-06-03 16:07:52,384 - SklearnModel - INFO - Training completed
2025-06-03 16:07:52,384 - SklearnModel - INFO - Training completed
2025-06-03 16:07:52,385 - SklearnModel - INFO - Evaluating model performance
2025-06-03 16:07:52,385 - SklearnModel - INFO - Evaluating model performance
2025-06-03 16:07:52,385 - SklearnModel - INFO - Evaluating model performance
2025-06-03 16:07:52,385 - SklearnModel - INFO - Evaluating model performance
2025-06-03 16:07:52,385 - SklearnModel - DEBUG - Making predictions
2025-06-03 16:07:52,385 - SklearnModel - DEBUG - Making predictions
2025-06-03 16:07:52,385 - SklearnModel - DEBUG - Making predictions
2025-06-03 16:07:52,385 - SklearnModel - DEBUG - Making predictions
2025-06-03 16:07:52,397 - SklearnModel - INFO - Evaluation metrics: {'accuracy': 0.71, 'precision': 0.684500354358611, 'recall': 0.71, 'f1': 0.681063596491228}
2025-06-03 16:07:52,397 - SklearnModel - INFO - Evaluation metrics: {'accuracy': 0.71, 'precision': 0.684500354358611, 'recall': 0.71, 'f1': 0.681063596491228}
2025-06-03 16:07:52,397 - SklearnModel - INFO - Evaluation metrics: {'accuracy': 0.71, 'precision': 0.684500354358611, 'recall': 0.71, 'f1': 0.681063596491228}
2025-06-03 16:07:52,397 - SklearnModel - INFO - Evaluation metrics: {'accuracy': 0.71, 'precision': 0.684500354358611, 'recall': 0.71, 'f1': 0.681063596491228}
