2025-06-15 14:41:49,634 - SklearnModel - INFO - Initializing SklearnModel with LogisticRegression
2025-06-15 14:41:49,635 - SklearnModel - INFO - Initializing SklearnModel with RandomForestClassifier
2025-06-15 14:41:49,635 - SklearnModel - INFO - Initializing SklearnModel with RandomForestClassifier
2025-06-15 14:41:49,635 - SklearnModel - INFO - Initializing SklearnModel with GradientBoostingClassifier
2025-06-15 14:41:49,635 - SklearnModel - INFO - Initializing SklearnModel with GradientBoostingClassifier
2025-06-15 14:41:49,635 - SklearnModel - INFO - Initializing SklearnModel with GradientBoostingClassifier
2025-06-15 14:41:49,635 - SklearnModel - INFO - Initializing SklearnModel with SVC
2025-06-15 14:41:49,635 - SklearnModel - INFO - Initializing SklearnModel with SVC
2025-06-15 14:41:49,635 - SklearnModel - INFO - Initializing SklearnModel with SVC
2025-06-15 14:41:49,635 - SklearnModel - INFO - Initializing SklearnModel with SVC
2025-06-15 14:41:49,663 - SklearnModel - INFO - Training LogisticRegression
2025-06-15 14:41:49,663 - SklearnModel - INFO - Training LogisticRegression
2025-06-15 14:41:49,663 - SklearnModel - INFO - Training LogisticRegression
2025-06-15 14:41:49,663 - SklearnModel - INFO - Training LogisticRegression
2025-06-15 14:41:54,490 - SklearnModel - INFO - Training completed
2025-06-15 14:41:54,490 - SklearnModel - INFO - Training completed
2025-06-15 14:41:54,490 - SklearnModel - INFO - Training completed
2025-06-15 14:41:54,490 - SklearnModel - INFO - Training completed
2025-06-15 14:41:54,490 - SklearnModel - INFO - Evaluating model performance
2025-06-15 14:41:54,490 - SklearnModel - INFO - Evaluating model performance
2025-06-15 14:41:54,490 - SklearnModel - INFO - Evaluating model performance
2025-06-15 14:41:54,490 - SklearnModel - INFO - Evaluating model performance
2025-06-15 14:41:54,490 - SklearnModel - DEBUG - Making predictions
2025-06-15 14:41:54,490 - SklearnModel - DEBUG - Making predictions
2025-06-15 14:41:54,490 - SklearnModel - DEBUG - Making predictions
2025-06-15 14:41:54,490 - SklearnModel - DEBUG - Making predictions
2025-06-15 14:41:54,508 - SklearnModel - INFO - Evaluation metrics: {'accuracy': 0.73, 'precision': 0.7115204678362573, 'recall': 0.73, 'f1': 0.7084}
2025-06-15 14:41:54,508 - SklearnModel - INFO - Evaluation metrics: {'accuracy': 0.73, 'precision': 0.7115204678362573, 'recall': 0.73, 'f1': 0.7084}
2025-06-15 14:41:54,508 - SklearnModel - INFO - Evaluation metrics: {'accuracy': 0.73, 'precision': 0.7115204678362573, 'recall': 0.73, 'f1': 0.7084}
2025-06-15 14:41:54,508 - SklearnModel - INFO - Evaluation metrics: {'accuracy': 0.73, 'precision': 0.7115204678362573, 'recall': 0.73, 'f1': 0.7084}
2025-06-15 14:41:54,526 - SklearnModel - INFO - Training RandomForestClassifier
2025-06-15 14:41:54,526 - SklearnModel - INFO - Training RandomForestClassifier
2025-06-15 14:41:54,526 - SklearnModel - INFO - Training RandomForestClassifier
2025-06-15 14:41:54,526 - SklearnModel - INFO - Training RandomForestClassifier
2025-06-15 14:41:57,813 - SklearnModel - INFO - Training completed
2025-06-15 14:41:57,813 - SklearnModel - INFO - Training completed
2025-06-15 14:41:57,813 - SklearnModel - INFO - Training completed
2025-06-15 14:41:57,813 - SklearnModel - INFO - Training completed
2025-06-15 14:41:57,814 - SklearnModel - INFO - Evaluating model performance
2025-06-15 14:41:57,814 - SklearnModel - INFO - Evaluating model performance
2025-06-15 14:41:57,814 - SklearnModel - INFO - Evaluating model performance
2025-06-15 14:41:57,814 - SklearnModel - INFO - Evaluating model performance
2025-06-15 14:41:57,814 - SklearnModel - DEBUG - Making predictions
2025-06-15 14:41:57,814 - SklearnModel - DEBUG - Making predictions
2025-06-15 14:41:57,814 - SklearnModel - DEBUG - Making predictions
2025-06-15 14:41:57,814 - SklearnModel - DEBUG - Making predictions
2025-06-15 14:41:57,852 - SklearnModel - INFO - Evaluation metrics: {'accuracy': 0.7, 'precision': 0.677697408077155, 'recall': 0.7, 'f1': 0.6812889812889813}
2025-06-15 14:41:57,852 - SklearnModel - INFO - Evaluation metrics: {'accuracy': 0.7, 'precision': 0.677697408077155, 'recall': 0.7, 'f1': 0.6812889812889813}
2025-06-15 14:41:57,852 - SklearnModel - INFO - Evaluation metrics: {'accuracy': 0.7, 'precision': 0.677697408077155, 'recall': 0.7, 'f1': 0.6812889812889813}
2025-06-15 14:41:57,852 - SklearnModel - INFO - Evaluation metrics: {'accuracy': 0.7, 'precision': 0.677697408077155, 'recall': 0.7, 'f1': 0.6812889812889813}
2025-06-15 14:41:57,871 - SklearnModel - INFO - Training GradientBoostingClassifier
2025-06-15 14:41:57,871 - SklearnModel - INFO - Training GradientBoostingClassifier
2025-06-15 14:41:57,871 - SklearnModel - INFO - Training GradientBoostingClassifier
2025-06-15 14:41:57,871 - SklearnModel - INFO - Training GradientBoostingClassifier
2025-06-15 14:42:01,493 - SklearnModel - INFO - Training completed
2025-06-15 14:42:01,493 - SklearnModel - INFO - Training completed
2025-06-15 14:42:01,493 - SklearnModel - INFO - Training completed
2025-06-15 14:42:01,493 - SklearnModel - INFO - Training completed
2025-06-15 14:42:01,494 - SklearnModel - INFO - Evaluating model performance
2025-06-15 14:42:01,494 - SklearnModel - INFO - Evaluating model performance
2025-06-15 14:42:01,494 - SklearnModel - INFO - Evaluating model performance
2025-06-15 14:42:01,494 - SklearnModel - INFO - Evaluating model performance
2025-06-15 14:42:01,494 - SklearnModel - DEBUG - Making predictions
2025-06-15 14:42:01,494 - SklearnModel - DEBUG - Making predictions
2025-06-15 14:42:01,494 - SklearnModel - DEBUG - Making predictions
2025-06-15 14:42:01,494 - SklearnModel - DEBUG - Making predictions
2025-06-15 14:42:01,505 - SklearnModel - INFO - Evaluation metrics: {'accuracy': 0.675, 'precision': 0.6547142261159783, 'recall': 0.675, 'f1': 0.6610139033386929}
2025-06-15 14:42:01,505 - SklearnModel - INFO - Evaluation metrics: {'accuracy': 0.675, 'precision': 0.6547142261159783, 'recall': 0.675, 'f1': 0.6610139033386929}
2025-06-15 14:42:01,505 - SklearnModel - INFO - Evaluation metrics: {'accuracy': 0.675, 'precision': 0.6547142261159783, 'recall': 0.675, 'f1': 0.6610139033386929}
2025-06-15 14:42:01,505 - SklearnModel - INFO - Evaluation metrics: {'accuracy': 0.675, 'precision': 0.6547142261159783, 'recall': 0.675, 'f1': 0.6610139033386929}
2025-06-15 14:42:01,528 - SklearnModel - INFO - Training SVC
2025-06-15 14:42:01,528 - SklearnModel - INFO - Training SVC
2025-06-15 14:42:01,528 - SklearnModel - INFO - Training SVC
2025-06-15 14:42:01,528 - SklearnModel - INFO - Training SVC
2025-06-15 14:42:05,792 - SklearnModel - INFO - Training completed
2025-06-15 14:42:05,792 - SklearnModel - INFO - Training completed
2025-06-15 14:42:05,792 - SklearnModel - INFO - Training completed
2025-06-15 14:42:05,792 - SklearnModel - INFO - Training completed
2025-06-15 14:42:05,792 - SklearnModel - INFO - Evaluating model performance
2025-06-15 14:42:05,792 - SklearnModel - INFO - Evaluating model performance
2025-06-15 14:42:05,792 - SklearnModel - INFO - Evaluating model performance
2025-06-15 14:42:05,792 - SklearnModel - INFO - Evaluating model performance
2025-06-15 14:42:05,792 - SklearnModel - DEBUG - Making predictions
2025-06-15 14:42:05,792 - SklearnModel - DEBUG - Making predictions
2025-06-15 14:42:05,792 - SklearnModel - DEBUG - Making predictions
2025-06-15 14:42:05,792 - SklearnModel - DEBUG - Making predictions
2025-06-15 14:42:05,808 - SklearnModel - INFO - Evaluation metrics: {'accuracy': 0.71, 'precision': 0.684500354358611, 'recall': 0.71, 'f1': 0.681063596491228}
2025-06-15 14:42:05,808 - SklearnModel - INFO - Evaluation metrics: {'accuracy': 0.71, 'precision': 0.684500354358611, 'recall': 0.71, 'f1': 0.681063596491228}
2025-06-15 14:42:05,808 - SklearnModel - INFO - Evaluation metrics: {'accuracy': 0.71, 'precision': 0.684500354358611, 'recall': 0.71, 'f1': 0.681063596491228}
2025-06-15 14:42:05,808 - SklearnModel - INFO - Evaluation metrics: {'accuracy': 0.71, 'precision': 0.684500354358611, 'recall': 0.71, 'f1': 0.681063596491228}
