2025-06-04 12:22:07,453 - SklearnModel - INFO - Initializing SklearnModel with LogisticRegression
2025-06-04 12:22:07,453 - SklearnModel - INFO - Training LogisticRegression
2025-06-04 12:22:07,457 - SklearnModel - INFO - Training completed
2025-06-04 12:22:07,457 - SklearnModel - DEBUG - Making predictions
2025-06-04 12:22:07,471 - SklearnModel - INFO - Initializing SklearnModel with LogisticRegression
2025-06-04 12:22:07,471 - SklearnModel - INFO - Initializing SklearnModel with LogisticRegression
2025-06-04 12:22:07,471 - SklearnModel - INFO - Initializing SklearnModel with RandomForestClassifier
2025-06-04 12:22:07,471 - SklearnModel - INFO - Initializing SklearnModel with RandomForestClassifier
2025-06-04 12:22:07,471 - SklearnModel - INFO - Initializing SklearnModel with RandomForestClassifier
2025-06-04 12:22:07,471 - SklearnModel - INFO - Initializing SklearnModel with GradientBoostingClassifier
2025-06-04 12:22:07,471 - SklearnModel - INFO - Initializing SklearnModel with GradientBoostingClassifier
2025-06-04 12:22:07,471 - SklearnModel - INFO - Initializing SklearnModel with GradientBoostingClassifier
2025-06-04 12:22:07,471 - SklearnModel - INFO - Initializing SklearnModel with GradientBoostingClassifier
2025-06-04 12:22:07,471 - SklearnModel - INFO - Initializing SklearnModel with SVC
2025-06-04 12:22:07,471 - SklearnModel - INFO - Initializing SklearnModel with SVC
2025-06-04 12:22:07,471 - SklearnModel - INFO - Initializing SklearnModel with SVC
2025-06-04 12:22:07,471 - SklearnModel - INFO - Initializing SklearnModel with SVC
2025-06-04 12:22:07,471 - SklearnModel - INFO - Initializing SklearnModel with SVC
2025-06-04 12:22:07,835 - SklearnModel - INFO - Training LogisticRegression
2025-06-04 12:22:07,835 - SklearnModel - INFO - Training LogisticRegression
2025-06-04 12:22:07,835 - SklearnModel - INFO - Training LogisticRegression
2025-06-04 12:22:07,835 - SklearnModel - INFO - Training LogisticRegression
2025-06-04 12:22:07,835 - SklearnModel - INFO - Training LogisticRegression
2025-06-04 12:22:07,838 - SklearnModel - INFO - Training completed
2025-06-04 12:22:07,838 - SklearnModel - INFO - Training completed
2025-06-04 12:22:07,838 - SklearnModel - INFO - Training completed
2025-06-04 12:22:07,838 - SklearnModel - INFO - Training completed
2025-06-04 12:22:07,838 - SklearnModel - INFO - Training completed
2025-06-04 12:22:07,838 - SklearnModel - INFO - Evaluating model performance
2025-06-04 12:22:07,838 - SklearnModel - INFO - Evaluating model performance
2025-06-04 12:22:07,838 - SklearnModel - INFO - Evaluating model performance
2025-06-04 12:22:07,838 - SklearnModel - INFO - Evaluating model performance
2025-06-04 12:22:07,838 - SklearnModel - INFO - Evaluating model performance
2025-06-04 12:22:07,838 - SklearnModel - DEBUG - Making predictions
2025-06-04 12:22:07,838 - SklearnModel - DEBUG - Making predictions
2025-06-04 12:22:07,838 - SklearnModel - DEBUG - Making predictions
2025-06-04 12:22:07,838 - SklearnModel - DEBUG - Making predictions
2025-06-04 12:22:07,838 - SklearnModel - DEBUG - Making predictions
2025-06-04 12:22:07,843 - SklearnModel - INFO - Evaluation metrics: {'accuracy': 0.0, 'precision': 0.0, 'recall': 0.0, 'f1': 0.0}
2025-06-04 12:22:07,843 - SklearnModel - INFO - Evaluation metrics: {'accuracy': 0.0, 'precision': 0.0, 'recall': 0.0, 'f1': 0.0}
2025-06-04 12:22:07,843 - SklearnModel - INFO - Evaluation metrics: {'accuracy': 0.0, 'precision': 0.0, 'recall': 0.0, 'f1': 0.0}
2025-06-04 12:22:07,843 - SklearnModel - INFO - Evaluation metrics: {'accuracy': 0.0, 'precision': 0.0, 'recall': 0.0, 'f1': 0.0}
2025-06-04 12:22:07,843 - SklearnModel - INFO - Evaluation metrics: {'accuracy': 0.0, 'precision': 0.0, 'recall': 0.0, 'f1': 0.0}
2025-06-04 12:22:07,843 - SklearnModel - INFO - Training RandomForestClassifier
2025-06-04 12:22:07,843 - SklearnModel - INFO - Training RandomForestClassifier
2025-06-04 12:22:07,843 - SklearnModel - INFO - Training RandomForestClassifier
2025-06-04 12:22:07,843 - SklearnModel - INFO - Training RandomForestClassifier
2025-06-04 12:22:07,843 - SklearnModel - INFO - Training RandomForestClassifier
2025-06-04 12:22:07,911 - SklearnModel - INFO - Training completed
2025-06-04 12:22:07,911 - SklearnModel - INFO - Training completed
2025-06-04 12:22:07,911 - SklearnModel - INFO - Training completed
2025-06-04 12:22:07,911 - SklearnModel - INFO - Training completed
2025-06-04 12:22:07,911 - SklearnModel - INFO - Training completed
2025-06-04 12:22:07,911 - SklearnModel - INFO - Evaluating model performance
2025-06-04 12:22:07,911 - SklearnModel - INFO - Evaluating model performance
2025-06-04 12:22:07,911 - SklearnModel - INFO - Evaluating model performance
2025-06-04 12:22:07,911 - SklearnModel - INFO - Evaluating model performance
2025-06-04 12:22:07,911 - SklearnModel - INFO - Evaluating model performance
2025-06-04 12:22:07,911 - SklearnModel - DEBUG - Making predictions
2025-06-04 12:22:07,911 - SklearnModel - DEBUG - Making predictions
2025-06-04 12:22:07,911 - SklearnModel - DEBUG - Making predictions
2025-06-04 12:22:07,911 - SklearnModel - DEBUG - Making predictions
2025-06-04 12:22:07,911 - SklearnModel - DEBUG - Making predictions
2025-06-04 12:22:07,919 - SklearnModel - INFO - Evaluation metrics: {'accuracy': 0.0, 'precision': 0.0, 'recall': 0.0, 'f1': 0.0}
2025-06-04 12:22:07,919 - SklearnModel - INFO - Evaluation metrics: {'accuracy': 0.0, 'precision': 0.0, 'recall': 0.0, 'f1': 0.0}
2025-06-04 12:22:07,919 - SklearnModel - INFO - Evaluation metrics: {'accuracy': 0.0, 'precision': 0.0, 'recall': 0.0, 'f1': 0.0}
2025-06-04 12:22:07,919 - SklearnModel - INFO - Evaluation metrics: {'accuracy': 0.0, 'precision': 0.0, 'recall': 0.0, 'f1': 0.0}
2025-06-04 12:22:07,919 - SklearnModel - INFO - Evaluation metrics: {'accuracy': 0.0, 'precision': 0.0, 'recall': 0.0, 'f1': 0.0}
2025-06-04 12:22:07,919 - SklearnModel - INFO - Training GradientBoostingClassifier
2025-06-04 12:22:07,919 - SklearnModel - INFO - Training GradientBoostingClassifier
2025-06-04 12:22:07,919 - SklearnModel - INFO - Training GradientBoostingClassifier
2025-06-04 12:22:07,919 - SklearnModel - INFO - Training GradientBoostingClassifier
2025-06-04 12:22:07,919 - SklearnModel - INFO - Training GradientBoostingClassifier
2025-06-04 12:22:07,945 - SklearnModel - INFO - Training completed
2025-06-04 12:22:07,945 - SklearnModel - INFO - Training completed
2025-06-04 12:22:07,945 - SklearnModel - INFO - Training completed
2025-06-04 12:22:07,945 - SklearnModel - INFO - Training completed
2025-06-04 12:22:07,945 - SklearnModel - INFO - Training completed
2025-06-04 12:22:07,946 - SklearnModel - INFO - Evaluating model performance
2025-06-04 12:22:07,946 - SklearnModel - INFO - Evaluating model performance
2025-06-04 12:22:07,946 - SklearnModel - INFO - Evaluating model performance
2025-06-04 12:22:07,946 - SklearnModel - INFO - Evaluating model performance
2025-06-04 12:22:07,946 - SklearnModel - INFO - Evaluating model performance
2025-06-04 12:22:07,946 - SklearnModel - DEBUG - Making predictions
2025-06-04 12:22:07,946 - SklearnModel - DEBUG - Making predictions
2025-06-04 12:22:07,946 - SklearnModel - DEBUG - Making predictions
2025-06-04 12:22:07,946 - SklearnModel - DEBUG - Making predictions
2025-06-04 12:22:07,946 - SklearnModel - DEBUG - Making predictions
2025-06-04 12:22:07,950 - SklearnModel - INFO - Evaluation metrics: {'accuracy': 0.0, 'precision': 0.0, 'recall': 0.0, 'f1': 0.0}
2025-06-04 12:22:07,950 - SklearnModel - INFO - Evaluation metrics: {'accuracy': 0.0, 'precision': 0.0, 'recall': 0.0, 'f1': 0.0}
2025-06-04 12:22:07,950 - SklearnModel - INFO - Evaluation metrics: {'accuracy': 0.0, 'precision': 0.0, 'recall': 0.0, 'f1': 0.0}
2025-06-04 12:22:07,950 - SklearnModel - INFO - Evaluation metrics: {'accuracy': 0.0, 'precision': 0.0, 'recall': 0.0, 'f1': 0.0}
2025-06-04 12:22:07,950 - SklearnModel - INFO - Evaluation metrics: {'accuracy': 0.0, 'precision': 0.0, 'recall': 0.0, 'f1': 0.0}
2025-06-04 12:22:07,950 - SklearnModel - INFO - Training SVC
2025-06-04 12:22:07,950 - SklearnModel - INFO - Training SVC
2025-06-04 12:22:07,950 - SklearnModel - INFO - Training SVC
2025-06-04 12:22:07,950 - SklearnModel - INFO - Training SVC
2025-06-04 12:22:07,950 - SklearnModel - INFO - Training SVC
2025-06-04 12:22:07,952 - SklearnModel - INFO - Training completed
2025-06-04 12:22:07,952 - SklearnModel - INFO - Training completed
2025-06-04 12:22:07,952 - SklearnModel - INFO - Training completed
2025-06-04 12:22:07,952 - SklearnModel - INFO - Training completed
2025-06-04 12:22:07,952 - SklearnModel - INFO - Training completed
2025-06-04 12:22:07,952 - SklearnModel - INFO - Evaluating model performance
2025-06-04 12:22:07,952 - SklearnModel - INFO - Evaluating model performance
2025-06-04 12:22:07,952 - SklearnModel - INFO - Evaluating model performance
2025-06-04 12:22:07,952 - SklearnModel - INFO - Evaluating model performance
2025-06-04 12:22:07,952 - SklearnModel - INFO - Evaluating model performance
2025-06-04 12:22:07,952 - SklearnModel - DEBUG - Making predictions
2025-06-04 12:22:07,952 - SklearnModel - DEBUG - Making predictions
2025-06-04 12:22:07,952 - SklearnModel - DEBUG - Making predictions
2025-06-04 12:22:07,952 - SklearnModel - DEBUG - Making predictions
2025-06-04 12:22:07,952 - SklearnModel - DEBUG - Making predictions
2025-06-04 12:22:07,956 - SklearnModel - INFO - Evaluation metrics: {'accuracy': 0.0, 'precision': 0.0, 'recall': 0.0, 'f1': 0.0}
2025-06-04 12:22:07,956 - SklearnModel - INFO - Evaluation metrics: {'accuracy': 0.0, 'precision': 0.0, 'recall': 0.0, 'f1': 0.0}
2025-06-04 12:22:07,956 - SklearnModel - INFO - Evaluation metrics: {'accuracy': 0.0, 'precision': 0.0, 'recall': 0.0, 'f1': 0.0}
2025-06-04 12:22:07,956 - SklearnModel - INFO - Evaluation metrics: {'accuracy': 0.0, 'precision': 0.0, 'recall': 0.0, 'f1': 0.0}
2025-06-04 12:22:07,956 - SklearnModel - INFO - Evaluation metrics: {'accuracy': 0.0, 'precision': 0.0, 'recall': 0.0, 'f1': 0.0}
