2025-06-03 15:48:34,381 - SklearnModel - INFO - Initializing SklearnModel with LogisticRegression
2025-06-03 15:48:34,381 - SklearnModel - INFO - Initializing SklearnModel with RandomForestClassifier
2025-06-03 15:48:34,381 - SklearnModel - INFO - Initializing SklearnModel with RandomForestClassifier
2025-06-03 15:48:34,381 - SklearnModel - INFO - Initializing SklearnModel with GradientBoostingClassifier
2025-06-03 15:48:34,381 - SklearnModel - INFO - Initializing SklearnModel with GradientBoostingClassifier
2025-06-03 15:48:34,381 - SklearnModel - INFO - Initializing SklearnModel with GradientBoostingClassifier
2025-06-03 15:48:34,382 - SklearnModel - INFO - Initializing SklearnModel with SVC
2025-06-03 15:48:34,382 - SklearnModel - INFO - Initializing SklearnModel with SVC
2025-06-03 15:48:34,382 - SklearnModel - INFO - Initializing SklearnModel with SVC
2025-06-03 15:48:34,382 - SklearnModel - INFO - Initializing SklearnModel with SVC
2025-06-03 15:48:34,404 - SklearnModel - INFO - Training LogisticRegression
2025-06-03 15:48:34,404 - SklearnModel - INFO - Training LogisticRegression
2025-06-03 15:48:34,404 - SklearnModel - INFO - Training LogisticRegression
2025-06-03 15:48:34,404 - SklearnModel - INFO - Training LogisticRegression
2025-06-03 15:48:34,430 - SklearnModel - INFO - Training completed
2025-06-03 15:48:34,430 - SklearnModel - INFO - Training completed
2025-06-03 15:48:34,430 - SklearnModel - INFO - Training completed
2025-06-03 15:48:34,430 - SklearnModel - INFO - Training completed
2025-06-03 15:48:34,430 - SklearnModel - INFO - Evaluating model performance
2025-06-03 15:48:34,430 - SklearnModel - INFO - Evaluating model performance
2025-06-03 15:48:34,430 - SklearnModel - INFO - Evaluating model performance
2025-06-03 15:48:34,430 - SklearnModel - INFO - Evaluating model performance
2025-06-03 15:48:34,430 - SklearnModel - DEBUG - Making predictions
2025-06-03 15:48:34,430 - SklearnModel - DEBUG - Making predictions
2025-06-03 15:48:34,430 - SklearnModel - DEBUG - Making predictions
2025-06-03 15:48:34,430 - SklearnModel - DEBUG - Making predictions
2025-06-03 15:48:34,448 - SklearnModel - INFO - Evaluation metrics: {'accuracy': 0.73, 'precision': 0.7115204678362573, 'recall': 0.73, 'f1': 0.7084}
2025-06-03 15:48:34,448 - SklearnModel - INFO - Evaluation metrics: {'accuracy': 0.73, 'precision': 0.7115204678362573, 'recall': 0.73, 'f1': 0.7084}
2025-06-03 15:48:34,448 - SklearnModel - INFO - Evaluation metrics: {'accuracy': 0.73, 'precision': 0.7115204678362573, 'recall': 0.73, 'f1': 0.7084}
2025-06-03 15:48:34,448 - SklearnModel - INFO - Evaluation metrics: {'accuracy': 0.73, 'precision': 0.7115204678362573, 'recall': 0.73, 'f1': 0.7084}
2025-06-03 15:48:34,474 - SklearnModel - INFO - Training RandomForestClassifier
2025-06-03 15:48:34,474 - SklearnModel - INFO - Training RandomForestClassifier
2025-06-03 15:48:34,474 - SklearnModel - INFO - Training RandomForestClassifier
2025-06-03 15:48:34,474 - SklearnModel - INFO - Training RandomForestClassifier
2025-06-03 15:48:34,687 - SklearnModel - INFO - Training completed
2025-06-03 15:48:34,687 - SklearnModel - INFO - Training completed
2025-06-03 15:48:34,687 - SklearnModel - INFO - Training completed
2025-06-03 15:48:34,687 - SklearnModel - INFO - Training completed
2025-06-03 15:48:34,687 - SklearnModel - INFO - Evaluating model performance
2025-06-03 15:48:34,687 - SklearnModel - INFO - Evaluating model performance
2025-06-03 15:48:34,687 - SklearnModel - INFO - Evaluating model performance
2025-06-03 15:48:34,687 - SklearnModel - INFO - Evaluating model performance
2025-06-03 15:48:34,688 - SklearnModel - DEBUG - Making predictions
2025-06-03 15:48:34,688 - SklearnModel - DEBUG - Making predictions
2025-06-03 15:48:34,688 - SklearnModel - DEBUG - Making predictions
2025-06-03 15:48:34,688 - SklearnModel - DEBUG - Making predictions
2025-06-03 15:48:34,702 - SklearnModel - INFO - Evaluation metrics: {'accuracy': 0.7, 'precision': 0.677697408077155, 'recall': 0.7, 'f1': 0.6812889812889813}
2025-06-03 15:48:34,702 - SklearnModel - INFO - Evaluation metrics: {'accuracy': 0.7, 'precision': 0.677697408077155, 'recall': 0.7, 'f1': 0.6812889812889813}
2025-06-03 15:48:34,702 - SklearnModel - INFO - Evaluation metrics: {'accuracy': 0.7, 'precision': 0.677697408077155, 'recall': 0.7, 'f1': 0.6812889812889813}
2025-06-03 15:48:34,702 - SklearnModel - INFO - Evaluation metrics: {'accuracy': 0.7, 'precision': 0.677697408077155, 'recall': 0.7, 'f1': 0.6812889812889813}
2025-06-03 15:48:34,721 - SklearnModel - INFO - Training GradientBoostingClassifier
2025-06-03 15:48:34,721 - SklearnModel - INFO - Training GradientBoostingClassifier
2025-06-03 15:48:34,721 - SklearnModel - INFO - Training GradientBoostingClassifier
2025-06-03 15:48:34,721 - SklearnModel - INFO - Training GradientBoostingClassifier
2025-06-03 15:48:34,873 - SklearnModel - INFO - Training completed
2025-06-03 15:48:34,873 - SklearnModel - INFO - Training completed
2025-06-03 15:48:34,873 - SklearnModel - INFO - Training completed
2025-06-03 15:48:34,873 - SklearnModel - INFO - Training completed
2025-06-03 15:48:34,873 - SklearnModel - INFO - Evaluating model performance
2025-06-03 15:48:34,873 - SklearnModel - INFO - Evaluating model performance
2025-06-03 15:48:34,873 - SklearnModel - INFO - Evaluating model performance
2025-06-03 15:48:34,873 - SklearnModel - INFO - Evaluating model performance
2025-06-03 15:48:34,873 - SklearnModel - DEBUG - Making predictions
2025-06-03 15:48:34,873 - SklearnModel - DEBUG - Making predictions
2025-06-03 15:48:34,873 - SklearnModel - DEBUG - Making predictions
2025-06-03 15:48:34,873 - SklearnModel - DEBUG - Making predictions
2025-06-03 15:48:34,879 - SklearnModel - INFO - Evaluation metrics: {'accuracy': 0.675, 'precision': 0.6547142261159783, 'recall': 0.675, 'f1': 0.6610139033386929}
2025-06-03 15:48:34,879 - SklearnModel - INFO - Evaluation metrics: {'accuracy': 0.675, 'precision': 0.6547142261159783, 'recall': 0.675, 'f1': 0.6610139033386929}
2025-06-03 15:48:34,879 - SklearnModel - INFO - Evaluation metrics: {'accuracy': 0.675, 'precision': 0.6547142261159783, 'recall': 0.675, 'f1': 0.6610139033386929}
2025-06-03 15:48:34,879 - SklearnModel - INFO - Evaluation metrics: {'accuracy': 0.675, 'precision': 0.6547142261159783, 'recall': 0.675, 'f1': 0.6610139033386929}
2025-06-03 15:48:34,900 - SklearnModel - INFO - Training SVC
2025-06-03 15:48:34,900 - SklearnModel - INFO - Training SVC
2025-06-03 15:48:34,900 - SklearnModel - INFO - Training SVC
2025-06-03 15:48:34,900 - SklearnModel - INFO - Training SVC
2025-06-03 15:48:34,977 - SklearnModel - INFO - Training completed
2025-06-03 15:48:34,977 - SklearnModel - INFO - Training completed
2025-06-03 15:48:34,977 - SklearnModel - INFO - Training completed
2025-06-03 15:48:34,977 - SklearnModel - INFO - Training completed
2025-06-03 15:48:34,978 - SklearnModel - INFO - Evaluating model performance
2025-06-03 15:48:34,978 - SklearnModel - INFO - Evaluating model performance
2025-06-03 15:48:34,978 - SklearnModel - INFO - Evaluating model performance
2025-06-03 15:48:34,978 - SklearnModel - INFO - Evaluating model performance
2025-06-03 15:48:34,978 - SklearnModel - DEBUG - Making predictions
2025-06-03 15:48:34,978 - SklearnModel - DEBUG - Making predictions
2025-06-03 15:48:34,978 - SklearnModel - DEBUG - Making predictions
2025-06-03 15:48:34,978 - SklearnModel - DEBUG - Making predictions
2025-06-03 15:48:34,989 - SklearnModel - INFO - Evaluation metrics: {'accuracy': 0.71, 'precision': 0.684500354358611, 'recall': 0.71, 'f1': 0.681063596491228}
2025-06-03 15:48:34,989 - SklearnModel - INFO - Evaluation metrics: {'accuracy': 0.71, 'precision': 0.684500354358611, 'recall': 0.71, 'f1': 0.681063596491228}
2025-06-03 15:48:34,989 - SklearnModel - INFO - Evaluation metrics: {'accuracy': 0.71, 'precision': 0.684500354358611, 'recall': 0.71, 'f1': 0.681063596491228}
2025-06-03 15:48:34,989 - SklearnModel - INFO - Evaluation metrics: {'accuracy': 0.71, 'precision': 0.684500354358611, 'recall': 0.71, 'f1': 0.681063596491228}
