2025-06-03 16:06:02,851 - SklearnModel - INFO - Initializing SklearnModel with LogisticRegression
2025-06-03 16:06:02,851 - SklearnModel - INFO - Initializing SklearnModel with RandomForestClassifier
2025-06-03 16:06:02,851 - SklearnModel - INFO - Initializing SklearnModel with RandomForestClassifier
2025-06-03 16:06:02,852 - SklearnModel - INFO - Initializing SklearnModel with GradientBoostingClassifier
2025-06-03 16:06:02,852 - SklearnModel - INFO - Initializing SklearnModel with GradientBoostingClassifier
2025-06-03 16:06:02,852 - SklearnModel - INFO - Initializing SklearnModel with GradientBoostingClassifier
2025-06-03 16:06:02,852 - SklearnModel - INFO - Initializing SklearnModel with SVC
2025-06-03 16:06:02,852 - SklearnModel - INFO - Initializing SklearnModel with SVC
2025-06-03 16:06:02,852 - SklearnModel - INFO - Initializing SklearnModel with SVC
2025-06-03 16:06:02,852 - SklearnModel - INFO - Initializing SklearnModel with SVC
2025-06-03 16:06:02,895 - SklearnModel - INFO - Training LogisticRegression
2025-06-03 16:06:02,895 - SklearnModel - INFO - Training LogisticRegression
2025-06-03 16:06:02,895 - SklearnModel - INFO - Training LogisticRegression
2025-06-03 16:06:02,895 - SklearnModel - INFO - Training LogisticRegression
2025-06-03 16:06:11,288 - SklearnModel - INFO - Training completed
2025-06-03 16:06:11,288 - SklearnModel - INFO - Training completed
2025-06-03 16:06:11,288 - SklearnModel - INFO - Training completed
2025-06-03 16:06:11,288 - SklearnModel - INFO - Training completed
2025-06-03 16:06:11,288 - SklearnModel - INFO - Evaluating model performance
2025-06-03 16:06:11,288 - SklearnModel - INFO - Evaluating model performance
2025-06-03 16:06:11,288 - SklearnModel - INFO - Evaluating model performance
2025-06-03 16:06:11,288 - SklearnModel - INFO - Evaluating model performance
2025-06-03 16:06:11,288 - SklearnModel - DEBUG - Making predictions
2025-06-03 16:06:11,288 - SklearnModel - DEBUG - Making predictions
2025-06-03 16:06:11,288 - SklearnModel - DEBUG - Making predictions
2025-06-03 16:06:11,288 - SklearnModel - DEBUG - Making predictions
2025-06-03 16:06:11,304 - SklearnModel - INFO - Evaluation metrics: {'accuracy': 0.73, 'precision': 0.7115204678362573, 'recall': 0.73, 'f1': 0.7084}
2025-06-03 16:06:11,304 - SklearnModel - INFO - Evaluation metrics: {'accuracy': 0.73, 'precision': 0.7115204678362573, 'recall': 0.73, 'f1': 0.7084}
2025-06-03 16:06:11,304 - SklearnModel - INFO - Evaluation metrics: {'accuracy': 0.73, 'precision': 0.7115204678362573, 'recall': 0.73, 'f1': 0.7084}
2025-06-03 16:06:11,304 - SklearnModel - INFO - Evaluation metrics: {'accuracy': 0.73, 'precision': 0.7115204678362573, 'recall': 0.73, 'f1': 0.7084}
2025-06-03 16:06:11,321 - SklearnModel - INFO - Training RandomForestClassifier
2025-06-03 16:06:11,321 - SklearnModel - INFO - Training RandomForestClassifier
2025-06-03 16:06:11,321 - SklearnModel - INFO - Training RandomForestClassifier
2025-06-03 16:06:11,321 - SklearnModel - INFO - Training RandomForestClassifier
2025-06-03 16:06:13,969 - SklearnModel - INFO - Training completed
2025-06-03 16:06:13,969 - SklearnModel - INFO - Training completed
2025-06-03 16:06:13,969 - SklearnModel - INFO - Training completed
2025-06-03 16:06:13,969 - SklearnModel - INFO - Training completed
2025-06-03 16:06:13,969 - SklearnModel - INFO - Evaluating model performance
2025-06-03 16:06:13,969 - SklearnModel - INFO - Evaluating model performance
2025-06-03 16:06:13,969 - SklearnModel - INFO - Evaluating model performance
2025-06-03 16:06:13,969 - SklearnModel - INFO - Evaluating model performance
2025-06-03 16:06:13,969 - SklearnModel - DEBUG - Making predictions
2025-06-03 16:06:13,969 - SklearnModel - DEBUG - Making predictions
2025-06-03 16:06:13,969 - SklearnModel - DEBUG - Making predictions
2025-06-03 16:06:13,969 - SklearnModel - DEBUG - Making predictions
2025-06-03 16:06:14,003 - SklearnModel - INFO - Evaluation metrics: {'accuracy': 0.7, 'precision': 0.677697408077155, 'recall': 0.7, 'f1': 0.6812889812889813}
2025-06-03 16:06:14,003 - SklearnModel - INFO - Evaluation metrics: {'accuracy': 0.7, 'precision': 0.677697408077155, 'recall': 0.7, 'f1': 0.6812889812889813}
2025-06-03 16:06:14,003 - SklearnModel - INFO - Evaluation metrics: {'accuracy': 0.7, 'precision': 0.677697408077155, 'recall': 0.7, 'f1': 0.6812889812889813}
2025-06-03 16:06:14,003 - SklearnModel - INFO - Evaluation metrics: {'accuracy': 0.7, 'precision': 0.677697408077155, 'recall': 0.7, 'f1': 0.6812889812889813}
2025-06-03 16:06:14,022 - SklearnModel - INFO - Training GradientBoostingClassifier
2025-06-03 16:06:14,022 - SklearnModel - INFO - Training GradientBoostingClassifier
2025-06-03 16:06:14,022 - SklearnModel - INFO - Training GradientBoostingClassifier
2025-06-03 16:06:14,022 - SklearnModel - INFO - Training GradientBoostingClassifier
2025-06-03 16:06:16,219 - SklearnModel - INFO - Training completed
2025-06-03 16:06:16,219 - SklearnModel - INFO - Training completed
2025-06-03 16:06:16,219 - SklearnModel - INFO - Training completed
2025-06-03 16:06:16,219 - SklearnModel - INFO - Training completed
2025-06-03 16:06:16,219 - SklearnModel - INFO - Evaluating model performance
2025-06-03 16:06:16,219 - SklearnModel - INFO - Evaluating model performance
2025-06-03 16:06:16,219 - SklearnModel - INFO - Evaluating model performance
2025-06-03 16:06:16,219 - SklearnModel - INFO - Evaluating model performance
2025-06-03 16:06:16,219 - SklearnModel - DEBUG - Making predictions
2025-06-03 16:06:16,219 - SklearnModel - DEBUG - Making predictions
2025-06-03 16:06:16,219 - SklearnModel - DEBUG - Making predictions
2025-06-03 16:06:16,219 - SklearnModel - DEBUG - Making predictions
2025-06-03 16:06:16,226 - SklearnModel - INFO - Evaluation metrics: {'accuracy': 0.675, 'precision': 0.6547142261159783, 'recall': 0.675, 'f1': 0.6610139033386929}
2025-06-03 16:06:16,226 - SklearnModel - INFO - Evaluation metrics: {'accuracy': 0.675, 'precision': 0.6547142261159783, 'recall': 0.675, 'f1': 0.6610139033386929}
2025-06-03 16:06:16,226 - SklearnModel - INFO - Evaluation metrics: {'accuracy': 0.675, 'precision': 0.6547142261159783, 'recall': 0.675, 'f1': 0.6610139033386929}
2025-06-03 16:06:16,226 - SklearnModel - INFO - Evaluation metrics: {'accuracy': 0.675, 'precision': 0.6547142261159783, 'recall': 0.675, 'f1': 0.6610139033386929}
2025-06-03 16:06:16,246 - SklearnModel - INFO - Training SVC
2025-06-03 16:06:16,246 - SklearnModel - INFO - Training SVC
2025-06-03 16:06:16,246 - SklearnModel - INFO - Training SVC
2025-06-03 16:06:16,246 - SklearnModel - INFO - Training SVC
2025-06-03 16:06:18,505 - SklearnModel - INFO - Training completed
2025-06-03 16:06:18,505 - SklearnModel - INFO - Training completed
2025-06-03 16:06:18,505 - SklearnModel - INFO - Training completed
2025-06-03 16:06:18,505 - SklearnModel - INFO - Training completed
2025-06-03 16:06:18,505 - SklearnModel - INFO - Evaluating model performance
2025-06-03 16:06:18,505 - SklearnModel - INFO - Evaluating model performance
2025-06-03 16:06:18,505 - SklearnModel - INFO - Evaluating model performance
2025-06-03 16:06:18,505 - SklearnModel - INFO - Evaluating model performance
2025-06-03 16:06:18,505 - SklearnModel - DEBUG - Making predictions
2025-06-03 16:06:18,505 - SklearnModel - DEBUG - Making predictions
2025-06-03 16:06:18,505 - SklearnModel - DEBUG - Making predictions
2025-06-03 16:06:18,505 - SklearnModel - DEBUG - Making predictions
2025-06-03 16:06:18,519 - SklearnModel - INFO - Evaluation metrics: {'accuracy': 0.71, 'precision': 0.684500354358611, 'recall': 0.71, 'f1': 0.681063596491228}
2025-06-03 16:06:18,519 - SklearnModel - INFO - Evaluation metrics: {'accuracy': 0.71, 'precision': 0.684500354358611, 'recall': 0.71, 'f1': 0.681063596491228}
2025-06-03 16:06:18,519 - SklearnModel - INFO - Evaluation metrics: {'accuracy': 0.71, 'precision': 0.684500354358611, 'recall': 0.71, 'f1': 0.681063596491228}
2025-06-03 16:06:18,519 - SklearnModel - INFO - Evaluation metrics: {'accuracy': 0.71, 'precision': 0.684500354358611, 'recall': 0.71, 'f1': 0.681063596491228}
