2025-06-04 14:43:37,585 - SklearnModel - INFO - Initializing SklearnModel with LogisticRegression
2025-06-04 14:43:37,585 - SklearnModel - INFO - Initializing SklearnModel with RandomForestClassifier
2025-06-04 14:43:37,585 - SklearnModel - INFO - Initializing SklearnModel with RandomForestClassifier
2025-06-04 14:43:37,586 - SklearnModel - INFO - Initializing SklearnModel with GradientBoostingClassifier
2025-06-04 14:43:37,586 - SklearnModel - INFO - Initializing SklearnModel with GradientBoostingClassifier
2025-06-04 14:43:37,586 - SklearnModel - INFO - Initializing SklearnModel with GradientBoostingClassifier
2025-06-04 14:43:37,586 - SklearnModel - INFO - Initializing SklearnModel with SVC
2025-06-04 14:43:37,586 - SklearnModel - INFO - Initializing SklearnModel with SVC
2025-06-04 14:43:37,586 - SklearnModel - INFO - Initializing SklearnModel with SVC
2025-06-04 14:43:37,586 - SklearnModel - INFO - Initializing SklearnModel with SVC
2025-06-04 14:43:37,605 - SklearnModel - INFO - Training LogisticRegression
2025-06-04 14:43:37,605 - SklearnModel - INFO - Training LogisticRegression
2025-06-04 14:43:37,605 - SklearnModel - INFO - Training LogisticRegression
2025-06-04 14:43:37,605 - SklearnModel - INFO - Training LogisticRegression
2025-06-04 14:43:40,925 - SklearnModel - INFO - Training completed
2025-06-04 14:43:40,925 - SklearnModel - INFO - Training completed
2025-06-04 14:43:40,925 - SklearnModel - INFO - Training completed
2025-06-04 14:43:40,925 - SklearnModel - INFO - Training completed
2025-06-04 14:43:40,926 - SklearnModel - INFO - Evaluating model performance
2025-06-04 14:43:40,926 - SklearnModel - INFO - Evaluating model performance
2025-06-04 14:43:40,926 - SklearnModel - INFO - Evaluating model performance
2025-06-04 14:43:40,926 - SklearnModel - INFO - Evaluating model performance
2025-06-04 14:43:40,926 - SklearnModel - DEBUG - Making predictions
2025-06-04 14:43:40,926 - SklearnModel - DEBUG - Making predictions
2025-06-04 14:43:40,926 - SklearnModel - DEBUG - Making predictions
2025-06-04 14:43:40,926 - SklearnModel - DEBUG - Making predictions
2025-06-04 14:43:40,947 - SklearnModel - INFO - Evaluation metrics: {'accuracy': 0.73, 'precision': 0.7115204678362573, 'recall': 0.73, 'f1': 0.7084}
2025-06-04 14:43:40,947 - SklearnModel - INFO - Evaluation metrics: {'accuracy': 0.73, 'precision': 0.7115204678362573, 'recall': 0.73, 'f1': 0.7084}
2025-06-04 14:43:40,947 - SklearnModel - INFO - Evaluation metrics: {'accuracy': 0.73, 'precision': 0.7115204678362573, 'recall': 0.73, 'f1': 0.7084}
2025-06-04 14:43:40,947 - SklearnModel - INFO - Evaluation metrics: {'accuracy': 0.73, 'precision': 0.7115204678362573, 'recall': 0.73, 'f1': 0.7084}
2025-06-04 14:43:40,973 - SklearnModel - INFO - Training RandomForestClassifier
2025-06-04 14:43:40,973 - SklearnModel - INFO - Training RandomForestClassifier
2025-06-04 14:43:40,973 - SklearnModel - INFO - Training RandomForestClassifier
2025-06-04 14:43:40,973 - SklearnModel - INFO - Training RandomForestClassifier
2025-06-04 14:43:44,195 - SklearnModel - INFO - Training completed
2025-06-04 14:43:44,195 - SklearnModel - INFO - Training completed
2025-06-04 14:43:44,195 - SklearnModel - INFO - Training completed
2025-06-04 14:43:44,195 - SklearnModel - INFO - Training completed
2025-06-04 14:43:44,195 - SklearnModel - INFO - Evaluating model performance
2025-06-04 14:43:44,195 - SklearnModel - INFO - Evaluating model performance
2025-06-04 14:43:44,195 - SklearnModel - INFO - Evaluating model performance
2025-06-04 14:43:44,195 - SklearnModel - INFO - Evaluating model performance
2025-06-04 14:43:44,195 - SklearnModel - DEBUG - Making predictions
2025-06-04 14:43:44,195 - SklearnModel - DEBUG - Making predictions
2025-06-04 14:43:44,195 - SklearnModel - DEBUG - Making predictions
2025-06-04 14:43:44,195 - SklearnModel - DEBUG - Making predictions
2025-06-04 14:43:44,240 - SklearnModel - INFO - Evaluation metrics: {'accuracy': 0.7, 'precision': 0.677697408077155, 'recall': 0.7, 'f1': 0.6812889812889813}
2025-06-04 14:43:44,240 - SklearnModel - INFO - Evaluation metrics: {'accuracy': 0.7, 'precision': 0.677697408077155, 'recall': 0.7, 'f1': 0.6812889812889813}
2025-06-04 14:43:44,240 - SklearnModel - INFO - Evaluation metrics: {'accuracy': 0.7, 'precision': 0.677697408077155, 'recall': 0.7, 'f1': 0.6812889812889813}
2025-06-04 14:43:44,240 - SklearnModel - INFO - Evaluation metrics: {'accuracy': 0.7, 'precision': 0.677697408077155, 'recall': 0.7, 'f1': 0.6812889812889813}
2025-06-04 14:43:44,269 - SklearnModel - INFO - Training GradientBoostingClassifier
2025-06-04 14:43:44,269 - SklearnModel - INFO - Training GradientBoostingClassifier
2025-06-04 14:43:44,269 - SklearnModel - INFO - Training GradientBoostingClassifier
2025-06-04 14:43:44,269 - SklearnModel - INFO - Training GradientBoostingClassifier
2025-06-04 14:43:46,433 - SklearnModel - INFO - Training completed
2025-06-04 14:43:46,433 - SklearnModel - INFO - Training completed
2025-06-04 14:43:46,433 - SklearnModel - INFO - Training completed
2025-06-04 14:43:46,433 - SklearnModel - INFO - Training completed
2025-06-04 14:43:46,433 - SklearnModel - INFO - Evaluating model performance
2025-06-04 14:43:46,433 - SklearnModel - INFO - Evaluating model performance
2025-06-04 14:43:46,433 - SklearnModel - INFO - Evaluating model performance
2025-06-04 14:43:46,433 - SklearnModel - INFO - Evaluating model performance
2025-06-04 14:43:46,433 - SklearnModel - DEBUG - Making predictions
2025-06-04 14:43:46,433 - SklearnModel - DEBUG - Making predictions
2025-06-04 14:43:46,433 - SklearnModel - DEBUG - Making predictions
2025-06-04 14:43:46,433 - SklearnModel - DEBUG - Making predictions
2025-06-04 14:43:46,441 - SklearnModel - INFO - Evaluation metrics: {'accuracy': 0.675, 'precision': 0.6547142261159783, 'recall': 0.675, 'f1': 0.6610139033386929}
2025-06-04 14:43:46,441 - SklearnModel - INFO - Evaluation metrics: {'accuracy': 0.675, 'precision': 0.6547142261159783, 'recall': 0.675, 'f1': 0.6610139033386929}
2025-06-04 14:43:46,441 - SklearnModel - INFO - Evaluation metrics: {'accuracy': 0.675, 'precision': 0.6547142261159783, 'recall': 0.675, 'f1': 0.6610139033386929}
2025-06-04 14:43:46,441 - SklearnModel - INFO - Evaluation metrics: {'accuracy': 0.675, 'precision': 0.6547142261159783, 'recall': 0.675, 'f1': 0.6610139033386929}
2025-06-04 14:43:46,463 - SklearnModel - INFO - Training SVC
2025-06-04 14:43:46,463 - SklearnModel - INFO - Training SVC
2025-06-04 14:43:46,463 - SklearnModel - INFO - Training SVC
2025-06-04 14:43:46,463 - SklearnModel - INFO - Training SVC
2025-06-04 14:43:48,702 - SklearnModel - INFO - Training completed
2025-06-04 14:43:48,702 - SklearnModel - INFO - Training completed
2025-06-04 14:43:48,702 - SklearnModel - INFO - Training completed
2025-06-04 14:43:48,702 - SklearnModel - INFO - Training completed
2025-06-04 14:43:48,703 - SklearnModel - INFO - Evaluating model performance
2025-06-04 14:43:48,703 - SklearnModel - INFO - Evaluating model performance
2025-06-04 14:43:48,703 - SklearnModel - INFO - Evaluating model performance
2025-06-04 14:43:48,703 - SklearnModel - INFO - Evaluating model performance
2025-06-04 14:43:48,703 - SklearnModel - DEBUG - Making predictions
2025-06-04 14:43:48,703 - SklearnModel - DEBUG - Making predictions
2025-06-04 14:43:48,703 - SklearnModel - DEBUG - Making predictions
2025-06-04 14:43:48,703 - SklearnModel - DEBUG - Making predictions
2025-06-04 14:43:48,715 - SklearnModel - INFO - Evaluation metrics: {'accuracy': 0.71, 'precision': 0.684500354358611, 'recall': 0.71, 'f1': 0.681063596491228}
2025-06-04 14:43:48,715 - SklearnModel - INFO - Evaluation metrics: {'accuracy': 0.71, 'precision': 0.684500354358611, 'recall': 0.71, 'f1': 0.681063596491228}
2025-06-04 14:43:48,715 - SklearnModel - INFO - Evaluation metrics: {'accuracy': 0.71, 'precision': 0.684500354358611, 'recall': 0.71, 'f1': 0.681063596491228}
2025-06-04 14:43:48,715 - SklearnModel - INFO - Evaluation metrics: {'accuracy': 0.71, 'precision': 0.684500354358611, 'recall': 0.71, 'f1': 0.681063596491228}
