2025-06-04 14:38:11,774 - SklearnModel - INFO - Initializing SklearnModel with LogisticRegression
2025-06-04 14:38:11,789 - SklearnModel - INFO - Initializing SklearnModel with RandomForestClassifier
2025-06-04 14:38:11,789 - SklearnModel - INFO - Initializing SklearnModel with RandomForestClassifier
2025-06-04 14:38:11,795 - SklearnModel - INFO - Initializing SklearnModel with GradientBoostingClassifier
2025-06-04 14:38:11,795 - SklearnModel - INFO - Initializing SklearnModel with GradientBoostingClassifier
2025-06-04 14:38:11,795 - SklearnModel - INFO - Initializing SklearnModel with GradientBoostingClassifier
2025-06-04 14:38:11,801 - SklearnModel - INFO - Initializing SklearnModel with SVC
2025-06-04 14:38:11,801 - SklearnModel - INFO - Initializing SklearnModel with SVC
2025-06-04 14:38:11,801 - SklearnModel - INFO - Initializing SklearnModel with SVC
2025-06-04 14:38:11,801 - SklearnModel - INFO - Initializing SklearnModel with SVC
2025-06-04 14:38:12,064 - SklearnModel - INFO - Training LogisticRegression
2025-06-04 14:38:12,064 - SklearnModel - INFO - Training LogisticRegression
2025-06-04 14:38:12,064 - SklearnModel - INFO - Training LogisticRegression
2025-06-04 14:38:12,064 - SklearnModel - INFO - Training LogisticRegression
2025-06-04 14:38:16,789 - SklearnModel - INFO - Training completed
2025-06-04 14:38:16,789 - SklearnModel - INFO - Training completed
2025-06-04 14:38:16,789 - SklearnModel - INFO - Training completed
2025-06-04 14:38:16,789 - SklearnModel - INFO - Training completed
2025-06-04 14:38:16,790 - SklearnModel - INFO - Evaluating model performance
2025-06-04 14:38:16,790 - SklearnModel - INFO - Evaluating model performance
2025-06-04 14:38:16,790 - SklearnModel - INFO - Evaluating model performance
2025-06-04 14:38:16,790 - SklearnModel - INFO - Evaluating model performance
2025-06-04 14:38:16,790 - SklearnModel - DEBUG - Making predictions
2025-06-04 14:38:16,790 - SklearnModel - DEBUG - Making predictions
2025-06-04 14:38:16,790 - SklearnModel - DEBUG - Making predictions
2025-06-04 14:38:16,790 - SklearnModel - DEBUG - Making predictions
2025-06-04 14:38:16,810 - SklearnModel - INFO - Evaluation metrics: {'accuracy': 0.73, 'precision': 0.7115204678362573, 'recall': 0.73, 'f1': 0.7084}
2025-06-04 14:38:16,810 - SklearnModel - INFO - Evaluation metrics: {'accuracy': 0.73, 'precision': 0.7115204678362573, 'recall': 0.73, 'f1': 0.7084}
2025-06-04 14:38:16,810 - SklearnModel - INFO - Evaluation metrics: {'accuracy': 0.73, 'precision': 0.7115204678362573, 'recall': 0.73, 'f1': 0.7084}
2025-06-04 14:38:16,810 - SklearnModel - INFO - Evaluation metrics: {'accuracy': 0.73, 'precision': 0.7115204678362573, 'recall': 0.73, 'f1': 0.7084}
2025-06-04 14:38:16,833 - SklearnModel - INFO - Training RandomForestClassifier
2025-06-04 14:38:16,833 - SklearnModel - INFO - Training RandomForestClassifier
2025-06-04 14:38:16,833 - SklearnModel - INFO - Training RandomForestClassifier
2025-06-04 14:38:16,833 - SklearnModel - INFO - Training RandomForestClassifier
2025-06-04 14:38:19,542 - SklearnModel - INFO - Training completed
2025-06-04 14:38:19,542 - SklearnModel - INFO - Training completed
2025-06-04 14:38:19,542 - SklearnModel - INFO - Training completed
2025-06-04 14:38:19,542 - SklearnModel - INFO - Training completed
2025-06-04 14:38:19,542 - SklearnModel - INFO - Evaluating model performance
2025-06-04 14:38:19,542 - SklearnModel - INFO - Evaluating model performance
2025-06-04 14:38:19,542 - SklearnModel - INFO - Evaluating model performance
2025-06-04 14:38:19,542 - SklearnModel - INFO - Evaluating model performance
2025-06-04 14:38:19,542 - SklearnModel - DEBUG - Making predictions
2025-06-04 14:38:19,542 - SklearnModel - DEBUG - Making predictions
2025-06-04 14:38:19,542 - SklearnModel - DEBUG - Making predictions
2025-06-04 14:38:19,542 - SklearnModel - DEBUG - Making predictions
2025-06-04 14:38:19,574 - SklearnModel - INFO - Evaluation metrics: {'accuracy': 0.7, 'precision': 0.677697408077155, 'recall': 0.7, 'f1': 0.6812889812889813}
2025-06-04 14:38:19,574 - SklearnModel - INFO - Evaluation metrics: {'accuracy': 0.7, 'precision': 0.677697408077155, 'recall': 0.7, 'f1': 0.6812889812889813}
2025-06-04 14:38:19,574 - SklearnModel - INFO - Evaluation metrics: {'accuracy': 0.7, 'precision': 0.677697408077155, 'recall': 0.7, 'f1': 0.6812889812889813}
2025-06-04 14:38:19,574 - SklearnModel - INFO - Evaluation metrics: {'accuracy': 0.7, 'precision': 0.677697408077155, 'recall': 0.7, 'f1': 0.6812889812889813}
2025-06-04 14:38:19,595 - SklearnModel - INFO - Training GradientBoostingClassifier
2025-06-04 14:38:19,595 - SklearnModel - INFO - Training GradientBoostingClassifier
2025-06-04 14:38:19,595 - SklearnModel - INFO - Training GradientBoostingClassifier
2025-06-04 14:38:19,595 - SklearnModel - INFO - Training GradientBoostingClassifier
2025-06-04 14:38:21,812 - SklearnModel - INFO - Training completed
2025-06-04 14:38:21,812 - SklearnModel - INFO - Training completed
2025-06-04 14:38:21,812 - SklearnModel - INFO - Training completed
2025-06-04 14:38:21,812 - SklearnModel - INFO - Training completed
2025-06-04 14:38:21,812 - SklearnModel - INFO - Evaluating model performance
2025-06-04 14:38:21,812 - SklearnModel - INFO - Evaluating model performance
2025-06-04 14:38:21,812 - SklearnModel - INFO - Evaluating model performance
2025-06-04 14:38:21,812 - SklearnModel - INFO - Evaluating model performance
2025-06-04 14:38:21,812 - SklearnModel - DEBUG - Making predictions
2025-06-04 14:38:21,812 - SklearnModel - DEBUG - Making predictions
2025-06-04 14:38:21,812 - SklearnModel - DEBUG - Making predictions
2025-06-04 14:38:21,812 - SklearnModel - DEBUG - Making predictions
2025-06-04 14:38:21,819 - SklearnModel - INFO - Evaluation metrics: {'accuracy': 0.675, 'precision': 0.6547142261159783, 'recall': 0.675, 'f1': 0.6610139033386929}
2025-06-04 14:38:21,819 - SklearnModel - INFO - Evaluation metrics: {'accuracy': 0.675, 'precision': 0.6547142261159783, 'recall': 0.675, 'f1': 0.6610139033386929}
2025-06-04 14:38:21,819 - SklearnModel - INFO - Evaluation metrics: {'accuracy': 0.675, 'precision': 0.6547142261159783, 'recall': 0.675, 'f1': 0.6610139033386929}
2025-06-04 14:38:21,819 - SklearnModel - INFO - Evaluation metrics: {'accuracy': 0.675, 'precision': 0.6547142261159783, 'recall': 0.675, 'f1': 0.6610139033386929}
2025-06-04 14:38:21,839 - SklearnModel - INFO - Training SVC
2025-06-04 14:38:21,839 - SklearnModel - INFO - Training SVC
2025-06-04 14:38:21,839 - SklearnModel - INFO - Training SVC
2025-06-04 14:38:21,839 - SklearnModel - INFO - Training SVC
2025-06-04 14:38:24,003 - SklearnModel - INFO - Training completed
2025-06-04 14:38:24,003 - SklearnModel - INFO - Training completed
2025-06-04 14:38:24,003 - SklearnModel - INFO - Training completed
2025-06-04 14:38:24,003 - SklearnModel - INFO - Training completed
2025-06-04 14:38:24,004 - SklearnModel - INFO - Evaluating model performance
2025-06-04 14:38:24,004 - SklearnModel - INFO - Evaluating model performance
2025-06-04 14:38:24,004 - SklearnModel - INFO - Evaluating model performance
2025-06-04 14:38:24,004 - SklearnModel - INFO - Evaluating model performance
2025-06-04 14:38:24,004 - SklearnModel - DEBUG - Making predictions
2025-06-04 14:38:24,004 - SklearnModel - DEBUG - Making predictions
2025-06-04 14:38:24,004 - SklearnModel - DEBUG - Making predictions
2025-06-04 14:38:24,004 - SklearnModel - DEBUG - Making predictions
2025-06-04 14:38:24,017 - SklearnModel - INFO - Evaluation metrics: {'accuracy': 0.71, 'precision': 0.684500354358611, 'recall': 0.71, 'f1': 0.681063596491228}
2025-06-04 14:38:24,017 - SklearnModel - INFO - Evaluation metrics: {'accuracy': 0.71, 'precision': 0.684500354358611, 'recall': 0.71, 'f1': 0.681063596491228}
2025-06-04 14:38:24,017 - SklearnModel - INFO - Evaluation metrics: {'accuracy': 0.71, 'precision': 0.684500354358611, 'recall': 0.71, 'f1': 0.681063596491228}
2025-06-04 14:38:24,017 - SklearnModel - INFO - Evaluation metrics: {'accuracy': 0.71, 'precision': 0.684500354358611, 'recall': 0.71, 'f1': 0.681063596491228}
