2025-06-04 15:33:23,041 - SklearnModel - INFO - Initializing SklearnModel with LogisticRegression
2025-06-04 15:33:23,042 - SklearnModel - INFO - Initializing SklearnModel with RandomForestClassifier
2025-06-04 15:33:23,042 - SklearnModel - INFO - Initializing SklearnModel with RandomForestClassifier
2025-06-04 15:33:23,042 - SklearnModel - INFO - Initializing SklearnModel with GradientBoostingClassifier
2025-06-04 15:33:23,042 - SklearnModel - INFO - Initializing SklearnModel with GradientBoostingClassifier
2025-06-04 15:33:23,042 - SklearnModel - INFO - Initializing SklearnModel with GradientBoostingClassifier
2025-06-04 15:33:23,042 - SklearnModel - INFO - Initializing SklearnModel with SVC
2025-06-04 15:33:23,042 - SklearnModel - INFO - Initializing SklearnModel with SVC
2025-06-04 15:33:23,042 - SklearnModel - INFO - Initializing SklearnModel with SVC
2025-06-04 15:33:23,042 - SklearnModel - INFO - Initializing SklearnModel with SVC
2025-06-04 15:33:23,065 - SklearnModel - INFO - Training LogisticRegression
2025-06-04 15:33:23,065 - SklearnModel - INFO - Training LogisticRegression
2025-06-04 15:33:23,065 - SklearnModel - INFO - Training LogisticRegression
2025-06-04 15:33:23,065 - SklearnModel - INFO - Training LogisticRegression
2025-06-04 15:33:26,501 - SklearnModel - INFO - Training completed
2025-06-04 15:33:26,501 - SklearnModel - INFO - Training completed
2025-06-04 15:33:26,501 - SklearnModel - INFO - Training completed
2025-06-04 15:33:26,501 - SklearnModel - INFO - Training completed
2025-06-04 15:33:26,501 - SklearnModel - INFO - Evaluating model performance
2025-06-04 15:33:26,501 - SklearnModel - INFO - Evaluating model performance
2025-06-04 15:33:26,501 - SklearnModel - INFO - Evaluating model performance
2025-06-04 15:33:26,501 - SklearnModel - INFO - Evaluating model performance
2025-06-04 15:33:26,501 - SklearnModel - DEBUG - Making predictions
2025-06-04 15:33:26,501 - SklearnModel - DEBUG - Making predictions
2025-06-04 15:33:26,501 - SklearnModel - DEBUG - Making predictions
2025-06-04 15:33:26,501 - SklearnModel - DEBUG - Making predictions
2025-06-04 15:33:26,520 - SklearnModel - INFO - Evaluation metrics: {'accuracy': 0.73, 'precision': 0.7115204678362573, 'recall': 0.73, 'f1': 0.7084}
2025-06-04 15:33:26,520 - SklearnModel - INFO - Evaluation metrics: {'accuracy': 0.73, 'precision': 0.7115204678362573, 'recall': 0.73, 'f1': 0.7084}
2025-06-04 15:33:26,520 - SklearnModel - INFO - Evaluation metrics: {'accuracy': 0.73, 'precision': 0.7115204678362573, 'recall': 0.73, 'f1': 0.7084}
2025-06-04 15:33:26,520 - SklearnModel - INFO - Evaluation metrics: {'accuracy': 0.73, 'precision': 0.7115204678362573, 'recall': 0.73, 'f1': 0.7084}
2025-06-04 15:33:26,543 - SklearnModel - INFO - Training RandomForestClassifier
2025-06-04 15:33:26,543 - SklearnModel - INFO - Training RandomForestClassifier
2025-06-04 15:33:26,543 - SklearnModel - INFO - Training RandomForestClassifier
2025-06-04 15:33:26,543 - SklearnModel - INFO - Training RandomForestClassifier
2025-06-04 15:33:29,389 - SklearnModel - INFO - Training completed
2025-06-04 15:33:29,389 - SklearnModel - INFO - Training completed
2025-06-04 15:33:29,389 - SklearnModel - INFO - Training completed
2025-06-04 15:33:29,389 - SklearnModel - INFO - Training completed
2025-06-04 15:33:29,390 - SklearnModel - INFO - Evaluating model performance
2025-06-04 15:33:29,390 - SklearnModel - INFO - Evaluating model performance
2025-06-04 15:33:29,390 - SklearnModel - INFO - Evaluating model performance
2025-06-04 15:33:29,390 - SklearnModel - INFO - Evaluating model performance
2025-06-04 15:33:29,390 - SklearnModel - DEBUG - Making predictions
2025-06-04 15:33:29,390 - SklearnModel - DEBUG - Making predictions
2025-06-04 15:33:29,390 - SklearnModel - DEBUG - Making predictions
2025-06-04 15:33:29,390 - SklearnModel - DEBUG - Making predictions
2025-06-04 15:33:29,424 - SklearnModel - INFO - Evaluation metrics: {'accuracy': 0.7, 'precision': 0.677697408077155, 'recall': 0.7, 'f1': 0.6812889812889813}
2025-06-04 15:33:29,424 - SklearnModel - INFO - Evaluation metrics: {'accuracy': 0.7, 'precision': 0.677697408077155, 'recall': 0.7, 'f1': 0.6812889812889813}
2025-06-04 15:33:29,424 - SklearnModel - INFO - Evaluation metrics: {'accuracy': 0.7, 'precision': 0.677697408077155, 'recall': 0.7, 'f1': 0.6812889812889813}
2025-06-04 15:33:29,424 - SklearnModel - INFO - Evaluation metrics: {'accuracy': 0.7, 'precision': 0.677697408077155, 'recall': 0.7, 'f1': 0.6812889812889813}
2025-06-04 15:33:29,445 - SklearnModel - INFO - Training GradientBoostingClassifier
2025-06-04 15:33:29,445 - SklearnModel - INFO - Training GradientBoostingClassifier
2025-06-04 15:33:29,445 - SklearnModel - INFO - Training GradientBoostingClassifier
2025-06-04 15:33:29,445 - SklearnModel - INFO - Training GradientBoostingClassifier
2025-06-04 15:33:31,592 - SklearnModel - INFO - Training completed
2025-06-04 15:33:31,592 - SklearnModel - INFO - Training completed
2025-06-04 15:33:31,592 - SklearnModel - INFO - Training completed
2025-06-04 15:33:31,592 - SklearnModel - INFO - Training completed
2025-06-04 15:33:31,593 - SklearnModel - INFO - Evaluating model performance
2025-06-04 15:33:31,593 - SklearnModel - INFO - Evaluating model performance
2025-06-04 15:33:31,593 - SklearnModel - INFO - Evaluating model performance
2025-06-04 15:33:31,593 - SklearnModel - INFO - Evaluating model performance
2025-06-04 15:33:31,593 - SklearnModel - DEBUG - Making predictions
2025-06-04 15:33:31,593 - SklearnModel - DEBUG - Making predictions
2025-06-04 15:33:31,593 - SklearnModel - DEBUG - Making predictions
2025-06-04 15:33:31,593 - SklearnModel - DEBUG - Making predictions
2025-06-04 15:33:31,600 - SklearnModel - INFO - Evaluation metrics: {'accuracy': 0.675, 'precision': 0.6547142261159783, 'recall': 0.675, 'f1': 0.6610139033386929}
2025-06-04 15:33:31,600 - SklearnModel - INFO - Evaluation metrics: {'accuracy': 0.675, 'precision': 0.6547142261159783, 'recall': 0.675, 'f1': 0.6610139033386929}
2025-06-04 15:33:31,600 - SklearnModel - INFO - Evaluation metrics: {'accuracy': 0.675, 'precision': 0.6547142261159783, 'recall': 0.675, 'f1': 0.6610139033386929}
2025-06-04 15:33:31,600 - SklearnModel - INFO - Evaluation metrics: {'accuracy': 0.675, 'precision': 0.6547142261159783, 'recall': 0.675, 'f1': 0.6610139033386929}
2025-06-04 15:33:31,621 - SklearnModel - INFO - Training SVC
2025-06-04 15:33:31,621 - SklearnModel - INFO - Training SVC
2025-06-04 15:33:31,621 - SklearnModel - INFO - Training SVC
2025-06-04 15:33:31,621 - SklearnModel - INFO - Training SVC
2025-06-04 15:33:33,738 - SklearnModel - INFO - Training completed
2025-06-04 15:33:33,738 - SklearnModel - INFO - Training completed
2025-06-04 15:33:33,738 - SklearnModel - INFO - Training completed
2025-06-04 15:33:33,738 - SklearnModel - INFO - Training completed
2025-06-04 15:33:33,738 - SklearnModel - INFO - Evaluating model performance
2025-06-04 15:33:33,738 - SklearnModel - INFO - Evaluating model performance
2025-06-04 15:33:33,738 - SklearnModel - INFO - Evaluating model performance
2025-06-04 15:33:33,738 - SklearnModel - INFO - Evaluating model performance
2025-06-04 15:33:33,738 - SklearnModel - DEBUG - Making predictions
2025-06-04 15:33:33,738 - SklearnModel - DEBUG - Making predictions
2025-06-04 15:33:33,738 - SklearnModel - DEBUG - Making predictions
2025-06-04 15:33:33,738 - SklearnModel - DEBUG - Making predictions
2025-06-04 15:33:33,751 - SklearnModel - INFO - Evaluation metrics: {'accuracy': 0.71, 'precision': 0.684500354358611, 'recall': 0.71, 'f1': 0.681063596491228}
2025-06-04 15:33:33,751 - SklearnModel - INFO - Evaluation metrics: {'accuracy': 0.71, 'precision': 0.684500354358611, 'recall': 0.71, 'f1': 0.681063596491228}
2025-06-04 15:33:33,751 - SklearnModel - INFO - Evaluation metrics: {'accuracy': 0.71, 'precision': 0.684500354358611, 'recall': 0.71, 'f1': 0.681063596491228}
2025-06-04 15:33:33,751 - SklearnModel - INFO - Evaluation metrics: {'accuracy': 0.71, 'precision': 0.684500354358611, 'recall': 0.71, 'f1': 0.681063596491228}
