2025-06-04 11:54:36,262 - SklearnModel - INFO - Initializing SklearnModel with LogisticRegression
2025-06-04 11:54:36,263 - SklearnModel - INFO - Initializing SklearnModel with RandomForestClassifier
2025-06-04 11:54:36,263 - SklearnModel - INFO - Initializing SklearnModel with RandomForestClassifier
2025-06-04 11:54:36,263 - SklearnModel - INFO - Initializing SklearnModel with GradientBoostingClassifier
2025-06-04 11:54:36,263 - SklearnModel - INFO - Initializing SklearnModel with GradientBoostingClassifier
2025-06-04 11:54:36,263 - SklearnModel - INFO - Initializing SklearnModel with GradientBoostingClassifier
2025-06-04 11:54:36,263 - SklearnModel - INFO - Initializing SklearnModel with SVC
2025-06-04 11:54:36,263 - SklearnModel - INFO - Initializing SklearnModel with SVC
2025-06-04 11:54:36,263 - SklearnModel - INFO - Initializing SklearnModel with SVC
2025-06-04 11:54:36,263 - SklearnModel - INFO - Initializing SklearnModel with SVC
2025-06-04 11:54:36,290 - SklearnModel - INFO - Training LogisticRegression
2025-06-04 11:54:36,290 - SklearnModel - INFO - Training LogisticRegression
2025-06-04 11:54:36,290 - SklearnModel - INFO - Training LogisticRegression
2025-06-04 11:54:36,290 - SklearnModel - INFO - Training LogisticRegression
2025-06-04 11:54:36,354 - SklearnModel - INFO - Training completed
2025-06-04 11:54:36,354 - SklearnModel - INFO - Training completed
2025-06-04 11:54:36,354 - SklearnModel - INFO - Training completed
2025-06-04 11:54:36,354 - SklearnModel - INFO - Training completed
2025-06-04 11:54:36,354 - SklearnModel - INFO - Evaluating model performance
2025-06-04 11:54:36,354 - SklearnModel - INFO - Evaluating model performance
2025-06-04 11:54:36,354 - SklearnModel - INFO - Evaluating model performance
2025-06-04 11:54:36,354 - SklearnModel - INFO - Evaluating model performance
2025-06-04 11:54:36,354 - SklearnModel - DEBUG - Making predictions
2025-06-04 11:54:36,354 - SklearnModel - DEBUG - Making predictions
2025-06-04 11:54:36,354 - SklearnModel - DEBUG - Making predictions
2025-06-04 11:54:36,354 - SklearnModel - DEBUG - Making predictions
2025-06-04 11:54:36,361 - SklearnModel - INFO - Evaluation metrics: {'accuracy': 0.73, 'precision': 0.7115204678362573, 'recall': 0.73, 'f1': 0.7084}
2025-06-04 11:54:36,361 - SklearnModel - INFO - Evaluation metrics: {'accuracy': 0.73, 'precision': 0.7115204678362573, 'recall': 0.73, 'f1': 0.7084}
2025-06-04 11:54:36,361 - SklearnModel - INFO - Evaluation metrics: {'accuracy': 0.73, 'precision': 0.7115204678362573, 'recall': 0.73, 'f1': 0.7084}
2025-06-04 11:54:36,361 - SklearnModel - INFO - Evaluation metrics: {'accuracy': 0.73, 'precision': 0.7115204678362573, 'recall': 0.73, 'f1': 0.7084}
2025-06-04 11:54:36,416 - SklearnModel - INFO - Training RandomForestClassifier
2025-06-04 11:54:36,416 - SklearnModel - INFO - Training RandomForestClassifier
2025-06-04 11:54:36,416 - SklearnModel - INFO - Training RandomForestClassifier
2025-06-04 11:54:36,416 - SklearnModel - INFO - Training RandomForestClassifier
2025-06-04 11:54:36,649 - SklearnModel - INFO - Training completed
2025-06-04 11:54:36,649 - SklearnModel - INFO - Training completed
2025-06-04 11:54:36,649 - SklearnModel - INFO - Training completed
2025-06-04 11:54:36,649 - SklearnModel - INFO - Training completed
2025-06-04 11:54:36,649 - SklearnModel - INFO - Evaluating model performance
2025-06-04 11:54:36,649 - SklearnModel - INFO - Evaluating model performance
2025-06-04 11:54:36,649 - SklearnModel - INFO - Evaluating model performance
2025-06-04 11:54:36,649 - SklearnModel - INFO - Evaluating model performance
2025-06-04 11:54:36,649 - SklearnModel - DEBUG - Making predictions
2025-06-04 11:54:36,649 - SklearnModel - DEBUG - Making predictions
2025-06-04 11:54:36,649 - SklearnModel - DEBUG - Making predictions
2025-06-04 11:54:36,649 - SklearnModel - DEBUG - Making predictions
2025-06-04 11:54:36,666 - SklearnModel - INFO - Evaluation metrics: {'accuracy': 0.7, 'precision': 0.677697408077155, 'recall': 0.7, 'f1': 0.6812889812889813}
2025-06-04 11:54:36,666 - SklearnModel - INFO - Evaluation metrics: {'accuracy': 0.7, 'precision': 0.677697408077155, 'recall': 0.7, 'f1': 0.6812889812889813}
2025-06-04 11:54:36,666 - SklearnModel - INFO - Evaluation metrics: {'accuracy': 0.7, 'precision': 0.677697408077155, 'recall': 0.7, 'f1': 0.6812889812889813}
2025-06-04 11:54:36,666 - SklearnModel - INFO - Evaluation metrics: {'accuracy': 0.7, 'precision': 0.677697408077155, 'recall': 0.7, 'f1': 0.6812889812889813}
2025-06-04 11:54:36,694 - SklearnModel - INFO - Training GradientBoostingClassifier
2025-06-04 11:54:36,694 - SklearnModel - INFO - Training GradientBoostingClassifier
2025-06-04 11:54:36,694 - SklearnModel - INFO - Training GradientBoostingClassifier
2025-06-04 11:54:36,694 - SklearnModel - INFO - Training GradientBoostingClassifier
2025-06-04 11:54:36,859 - SklearnModel - INFO - Training completed
2025-06-04 11:54:36,859 - SklearnModel - INFO - Training completed
2025-06-04 11:54:36,859 - SklearnModel - INFO - Training completed
2025-06-04 11:54:36,859 - SklearnModel - INFO - Training completed
2025-06-04 11:54:36,860 - SklearnModel - INFO - Evaluating model performance
2025-06-04 11:54:36,860 - SklearnModel - INFO - Evaluating model performance
2025-06-04 11:54:36,860 - SklearnModel - INFO - Evaluating model performance
2025-06-04 11:54:36,860 - SklearnModel - INFO - Evaluating model performance
2025-06-04 11:54:36,860 - SklearnModel - DEBUG - Making predictions
2025-06-04 11:54:36,860 - SklearnModel - DEBUG - Making predictions
2025-06-04 11:54:36,860 - SklearnModel - DEBUG - Making predictions
2025-06-04 11:54:36,860 - SklearnModel - DEBUG - Making predictions
2025-06-04 11:54:36,866 - SklearnModel - INFO - Evaluation metrics: {'accuracy': 0.675, 'precision': 0.6547142261159783, 'recall': 0.675, 'f1': 0.6610139033386929}
2025-06-04 11:54:36,866 - SklearnModel - INFO - Evaluation metrics: {'accuracy': 0.675, 'precision': 0.6547142261159783, 'recall': 0.675, 'f1': 0.6610139033386929}
2025-06-04 11:54:36,866 - SklearnModel - INFO - Evaluation metrics: {'accuracy': 0.675, 'precision': 0.6547142261159783, 'recall': 0.675, 'f1': 0.6610139033386929}
2025-06-04 11:54:36,866 - SklearnModel - INFO - Evaluation metrics: {'accuracy': 0.675, 'precision': 0.6547142261159783, 'recall': 0.675, 'f1': 0.6610139033386929}
2025-06-04 11:54:36,887 - SklearnModel - INFO - Training SVC
2025-06-04 11:54:36,887 - SklearnModel - INFO - Training SVC
2025-06-04 11:54:36,887 - SklearnModel - INFO - Training SVC
2025-06-04 11:54:36,887 - SklearnModel - INFO - Training SVC
2025-06-04 11:54:36,964 - SklearnModel - INFO - Training completed
2025-06-04 11:54:36,964 - SklearnModel - INFO - Training completed
2025-06-04 11:54:36,964 - SklearnModel - INFO - Training completed
2025-06-04 11:54:36,964 - SklearnModel - INFO - Training completed
2025-06-04 11:54:36,965 - SklearnModel - INFO - Evaluating model performance
2025-06-04 11:54:36,965 - SklearnModel - INFO - Evaluating model performance
2025-06-04 11:54:36,965 - SklearnModel - INFO - Evaluating model performance
2025-06-04 11:54:36,965 - SklearnModel - INFO - Evaluating model performance
2025-06-04 11:54:36,965 - SklearnModel - DEBUG - Making predictions
2025-06-04 11:54:36,965 - SklearnModel - DEBUG - Making predictions
2025-06-04 11:54:36,965 - SklearnModel - DEBUG - Making predictions
2025-06-04 11:54:36,965 - SklearnModel - DEBUG - Making predictions
2025-06-04 11:54:36,976 - SklearnModel - INFO - Evaluation metrics: {'accuracy': 0.71, 'precision': 0.684500354358611, 'recall': 0.71, 'f1': 0.681063596491228}
2025-06-04 11:54:36,976 - SklearnModel - INFO - Evaluation metrics: {'accuracy': 0.71, 'precision': 0.684500354358611, 'recall': 0.71, 'f1': 0.681063596491228}
2025-06-04 11:54:36,976 - SklearnModel - INFO - Evaluation metrics: {'accuracy': 0.71, 'precision': 0.684500354358611, 'recall': 0.71, 'f1': 0.681063596491228}
2025-06-04 11:54:36,976 - SklearnModel - INFO - Evaluation metrics: {'accuracy': 0.71, 'precision': 0.684500354358611, 'recall': 0.71, 'f1': 0.681063596491228}
