2025-06-03 15:44:22,103 - SklearnModel - INFO - Initializing SklearnModel with LogisticRegression
2025-06-03 15:44:22,105 - SklearnModel - INFO - Initializing SklearnModel with RandomForestClassifier
2025-06-03 15:44:22,105 - SklearnModel - INFO - Initializing SklearnModel with RandomForestClassifier
2025-06-03 15:44:22,106 - SklearnModel - INFO - Initializing SklearnModel with GradientBoostingClassifier
2025-06-03 15:44:22,106 - SklearnModel - INFO - Initializing SklearnModel with GradientBoostingClassifier
2025-06-03 15:44:22,106 - SklearnModel - INFO - Initializing SklearnModel with GradientBoostingClassifier
2025-06-03 15:44:22,107 - SklearnModel - INFO - Initializing SklearnModel with SVC
2025-06-03 15:44:22,107 - SklearnModel - INFO - Initializing SklearnModel with SVC
2025-06-03 15:44:22,107 - SklearnModel - INFO - Initializing SklearnModel with SVC
2025-06-03 15:44:22,107 - SklearnModel - INFO - Initializing SklearnModel with SVC
2025-06-03 15:44:22,168 - SklearnModel - INFO - Training LogisticRegression
2025-06-03 15:44:22,168 - SklearnModel - INFO - Training LogisticRegression
2025-06-03 15:44:22,168 - SklearnModel - INFO - Training LogisticRegression
2025-06-03 15:44:22,168 - SklearnModel - INFO - Training LogisticRegression
2025-06-03 15:44:22,265 - SklearnModel - INFO - Training completed
2025-06-03 15:44:22,265 - SklearnModel - INFO - Training completed
2025-06-03 15:44:22,265 - SklearnModel - INFO - Training completed
2025-06-03 15:44:22,265 - SklearnModel - INFO - Training completed
2025-06-03 15:44:22,265 - SklearnModel - INFO - Evaluating model performance
2025-06-03 15:44:22,265 - SklearnModel - INFO - Evaluating model performance
2025-06-03 15:44:22,265 - SklearnModel - INFO - Evaluating model performance
2025-06-03 15:44:22,265 - SklearnModel - INFO - Evaluating model performance
2025-06-03 15:44:22,265 - SklearnModel - DEBUG - Making predictions
2025-06-03 15:44:22,265 - SklearnModel - DEBUG - Making predictions
2025-06-03 15:44:22,265 - SklearnModel - DEBUG - Making predictions
2025-06-03 15:44:22,265 - SklearnModel - DEBUG - Making predictions
2025-06-03 15:44:22,276 - SklearnModel - INFO - Evaluation metrics: {'accuracy': 0.73, 'precision': 0.7115204678362573, 'recall': 0.73, 'f1': 0.7084}
2025-06-03 15:44:22,276 - SklearnModel - INFO - Evaluation metrics: {'accuracy': 0.73, 'precision': 0.7115204678362573, 'recall': 0.73, 'f1': 0.7084}
2025-06-03 15:44:22,276 - SklearnModel - INFO - Evaluation metrics: {'accuracy': 0.73, 'precision': 0.7115204678362573, 'recall': 0.73, 'f1': 0.7084}
2025-06-03 15:44:22,276 - SklearnModel - INFO - Evaluation metrics: {'accuracy': 0.73, 'precision': 0.7115204678362573, 'recall': 0.73, 'f1': 0.7084}
2025-06-03 15:44:22,320 - SklearnModel - INFO - Training RandomForestClassifier
2025-06-03 15:44:22,320 - SklearnModel - INFO - Training RandomForestClassifier
2025-06-03 15:44:22,320 - SklearnModel - INFO - Training RandomForestClassifier
2025-06-03 15:44:22,320 - SklearnModel - INFO - Training RandomForestClassifier
2025-06-03 15:44:22,629 - SklearnModel - INFO - Training completed
2025-06-03 15:44:22,629 - SklearnModel - INFO - Training completed
2025-06-03 15:44:22,629 - SklearnModel - INFO - Training completed
2025-06-03 15:44:22,629 - SklearnModel - INFO - Training completed
2025-06-03 15:44:22,629 - SklearnModel - INFO - Evaluating model performance
2025-06-03 15:44:22,629 - SklearnModel - INFO - Evaluating model performance
2025-06-03 15:44:22,629 - SklearnModel - INFO - Evaluating model performance
2025-06-03 15:44:22,629 - SklearnModel - INFO - Evaluating model performance
2025-06-03 15:44:22,629 - SklearnModel - DEBUG - Making predictions
2025-06-03 15:44:22,629 - SklearnModel - DEBUG - Making predictions
2025-06-03 15:44:22,629 - SklearnModel - DEBUG - Making predictions
2025-06-03 15:44:22,629 - SklearnModel - DEBUG - Making predictions
2025-06-03 15:44:22,649 - SklearnModel - INFO - Evaluation metrics: {'accuracy': 0.7, 'precision': 0.677697408077155, 'recall': 0.7, 'f1': 0.6812889812889813}
2025-06-03 15:44:22,649 - SklearnModel - INFO - Evaluation metrics: {'accuracy': 0.7, 'precision': 0.677697408077155, 'recall': 0.7, 'f1': 0.6812889812889813}
2025-06-03 15:44:22,649 - SklearnModel - INFO - Evaluation metrics: {'accuracy': 0.7, 'precision': 0.677697408077155, 'recall': 0.7, 'f1': 0.6812889812889813}
2025-06-03 15:44:22,649 - SklearnModel - INFO - Evaluation metrics: {'accuracy': 0.7, 'precision': 0.677697408077155, 'recall': 0.7, 'f1': 0.6812889812889813}
2025-06-03 15:44:22,693 - SklearnModel - INFO - Training GradientBoostingClassifier
2025-06-03 15:44:22,693 - SklearnModel - INFO - Training GradientBoostingClassifier
2025-06-03 15:44:22,693 - SklearnModel - INFO - Training GradientBoostingClassifier
2025-06-03 15:44:22,693 - SklearnModel - INFO - Training GradientBoostingClassifier
2025-06-03 15:44:23,020 - SklearnModel - INFO - Training completed
2025-06-03 15:44:23,020 - SklearnModel - INFO - Training completed
2025-06-03 15:44:23,020 - SklearnModel - INFO - Training completed
2025-06-03 15:44:23,020 - SklearnModel - INFO - Training completed
2025-06-03 15:44:23,020 - SklearnModel - INFO - Evaluating model performance
2025-06-03 15:44:23,020 - SklearnModel - INFO - Evaluating model performance
2025-06-03 15:44:23,020 - SklearnModel - INFO - Evaluating model performance
2025-06-03 15:44:23,020 - SklearnModel - INFO - Evaluating model performance
2025-06-03 15:44:23,020 - SklearnModel - DEBUG - Making predictions
2025-06-03 15:44:23,020 - SklearnModel - DEBUG - Making predictions
2025-06-03 15:44:23,020 - SklearnModel - DEBUG - Making predictions
2025-06-03 15:44:23,020 - SklearnModel - DEBUG - Making predictions
2025-06-03 15:44:23,029 - SklearnModel - INFO - Evaluation metrics: {'accuracy': 0.675, 'precision': 0.6547142261159783, 'recall': 0.675, 'f1': 0.6610139033386929}
2025-06-03 15:44:23,029 - SklearnModel - INFO - Evaluation metrics: {'accuracy': 0.675, 'precision': 0.6547142261159783, 'recall': 0.675, 'f1': 0.6610139033386929}
2025-06-03 15:44:23,029 - SklearnModel - INFO - Evaluation metrics: {'accuracy': 0.675, 'precision': 0.6547142261159783, 'recall': 0.675, 'f1': 0.6610139033386929}
2025-06-03 15:44:23,029 - SklearnModel - INFO - Evaluation metrics: {'accuracy': 0.675, 'precision': 0.6547142261159783, 'recall': 0.675, 'f1': 0.6610139033386929}
2025-06-03 15:44:23,057 - SklearnModel - INFO - Training SVC
2025-06-03 15:44:23,057 - SklearnModel - INFO - Training SVC
2025-06-03 15:44:23,057 - SklearnModel - INFO - Training SVC
2025-06-03 15:44:23,057 - SklearnModel - INFO - Training SVC
2025-06-03 15:44:23,180 - SklearnModel - INFO - Training completed
2025-06-03 15:44:23,180 - SklearnModel - INFO - Training completed
2025-06-03 15:44:23,180 - SklearnModel - INFO - Training completed
2025-06-03 15:44:23,180 - SklearnModel - INFO - Training completed
2025-06-03 15:44:23,180 - SklearnModel - INFO - Evaluating model performance
2025-06-03 15:44:23,180 - SklearnModel - INFO - Evaluating model performance
2025-06-03 15:44:23,180 - SklearnModel - INFO - Evaluating model performance
2025-06-03 15:44:23,180 - SklearnModel - INFO - Evaluating model performance
2025-06-03 15:44:23,180 - SklearnModel - DEBUG - Making predictions
2025-06-03 15:44:23,180 - SklearnModel - DEBUG - Making predictions
2025-06-03 15:44:23,180 - SklearnModel - DEBUG - Making predictions
2025-06-03 15:44:23,180 - SklearnModel - DEBUG - Making predictions
2025-06-03 15:44:23,201 - SklearnModel - INFO - Evaluation metrics: {'accuracy': 0.71, 'precision': 0.684500354358611, 'recall': 0.71, 'f1': 0.681063596491228}
2025-06-03 15:44:23,201 - SklearnModel - INFO - Evaluation metrics: {'accuracy': 0.71, 'precision': 0.684500354358611, 'recall': 0.71, 'f1': 0.681063596491228}
2025-06-03 15:44:23,201 - SklearnModel - INFO - Evaluation metrics: {'accuracy': 0.71, 'precision': 0.684500354358611, 'recall': 0.71, 'f1': 0.681063596491228}
2025-06-03 15:44:23,201 - SklearnModel - INFO - Evaluation metrics: {'accuracy': 0.71, 'precision': 0.684500354358611, 'recall': 0.71, 'f1': 0.681063596491228}
