2025-06-03 15:48:39,371 - SklearnModel - INFO - Initializing SklearnModel with LogisticRegression
2025-06-03 15:48:39,371 - SklearnModel - INFO - Training LogisticRegression
2025-06-03 15:48:39,375 - SklearnModel - INFO - Training completed
2025-06-03 15:48:39,375 - SklearnModel - DEBUG - Making predictions
2025-06-03 15:48:39,390 - SklearnModel - INFO - Initializing SklearnModel with LogisticRegression
2025-06-03 15:48:39,390 - SklearnModel - INFO - Initializing SklearnModel with LogisticRegression
2025-06-03 15:48:39,390 - SklearnModel - INFO - Initializing SklearnModel with RandomForestClassifier
2025-06-03 15:48:39,390 - SklearnModel - INFO - Initializing SklearnModel with RandomForestClassifier
2025-06-03 15:48:39,390 - SklearnModel - INFO - Initializing SklearnModel with RandomForestClassifier
2025-06-03 15:48:39,390 - SklearnModel - INFO - Initializing SklearnModel with GradientBoostingClassifier
2025-06-03 15:48:39,390 - SklearnModel - INFO - Initializing SklearnModel with GradientBoostingClassifier
2025-06-03 15:48:39,390 - SklearnModel - INFO - Initializing SklearnModel with GradientBoostingClassifier
2025-06-03 15:48:39,390 - SklearnModel - INFO - Initializing SklearnModel with GradientBoostingClassifier
2025-06-03 15:48:39,390 - SklearnModel - INFO - Initializing SklearnModel with SVC
2025-06-03 15:48:39,390 - SklearnModel - INFO - Initializing SklearnModel with SVC
2025-06-03 15:48:39,390 - SklearnModel - INFO - Initializing SklearnModel with SVC
2025-06-03 15:48:39,390 - SklearnModel - INFO - Initializing SklearnModel with SVC
2025-06-03 15:48:39,390 - SklearnModel - INFO - Initializing SklearnModel with SVC
2025-06-03 15:48:39,754 - SklearnModel - INFO - Training LogisticRegression
2025-06-03 15:48:39,754 - SklearnModel - INFO - Training LogisticRegression
2025-06-03 15:48:39,754 - SklearnModel - INFO - Training LogisticRegression
2025-06-03 15:48:39,754 - SklearnModel - INFO - Training LogisticRegression
2025-06-03 15:48:39,754 - SklearnModel - INFO - Training LogisticRegression
2025-06-03 15:48:39,757 - SklearnModel - INFO - Training completed
2025-06-03 15:48:39,757 - SklearnModel - INFO - Training completed
2025-06-03 15:48:39,757 - SklearnModel - INFO - Training completed
2025-06-03 15:48:39,757 - SklearnModel - INFO - Training completed
2025-06-03 15:48:39,757 - SklearnModel - INFO - Training completed
2025-06-03 15:48:39,757 - SklearnModel - INFO - Evaluating model performance
2025-06-03 15:48:39,757 - SklearnModel - INFO - Evaluating model performance
2025-06-03 15:48:39,757 - SklearnModel - INFO - Evaluating model performance
2025-06-03 15:48:39,757 - SklearnModel - INFO - Evaluating model performance
2025-06-03 15:48:39,757 - SklearnModel - INFO - Evaluating model performance
2025-06-03 15:48:39,757 - SklearnModel - DEBUG - Making predictions
2025-06-03 15:48:39,757 - SklearnModel - DEBUG - Making predictions
2025-06-03 15:48:39,757 - SklearnModel - DEBUG - Making predictions
2025-06-03 15:48:39,757 - SklearnModel - DEBUG - Making predictions
2025-06-03 15:48:39,757 - SklearnModel - DEBUG - Making predictions
2025-06-03 15:48:39,762 - SklearnModel - INFO - Evaluation metrics: {'accuracy': 0.0, 'precision': 0.0, 'recall': 0.0, 'f1': 0.0}
2025-06-03 15:48:39,762 - SklearnModel - INFO - Evaluation metrics: {'accuracy': 0.0, 'precision': 0.0, 'recall': 0.0, 'f1': 0.0}
2025-06-03 15:48:39,762 - SklearnModel - INFO - Evaluation metrics: {'accuracy': 0.0, 'precision': 0.0, 'recall': 0.0, 'f1': 0.0}
2025-06-03 15:48:39,762 - SklearnModel - INFO - Evaluation metrics: {'accuracy': 0.0, 'precision': 0.0, 'recall': 0.0, 'f1': 0.0}
2025-06-03 15:48:39,762 - SklearnModel - INFO - Evaluation metrics: {'accuracy': 0.0, 'precision': 0.0, 'recall': 0.0, 'f1': 0.0}
2025-06-03 15:48:39,762 - SklearnModel - INFO - Training RandomForestClassifier
2025-06-03 15:48:39,762 - SklearnModel - INFO - Training RandomForestClassifier
2025-06-03 15:48:39,762 - SklearnModel - INFO - Training RandomForestClassifier
2025-06-03 15:48:39,762 - SklearnModel - INFO - Training RandomForestClassifier
2025-06-03 15:48:39,762 - SklearnModel - INFO - Training RandomForestClassifier
2025-06-03 15:48:39,830 - SklearnModel - INFO - Training completed
2025-06-03 15:48:39,830 - SklearnModel - INFO - Training completed
2025-06-03 15:48:39,830 - SklearnModel - INFO - Training completed
2025-06-03 15:48:39,830 - SklearnModel - INFO - Training completed
2025-06-03 15:48:39,830 - SklearnModel - INFO - Training completed
2025-06-03 15:48:39,830 - SklearnModel - INFO - Evaluating model performance
2025-06-03 15:48:39,830 - SklearnModel - INFO - Evaluating model performance
2025-06-03 15:48:39,830 - SklearnModel - INFO - Evaluating model performance
2025-06-03 15:48:39,830 - SklearnModel - INFO - Evaluating model performance
2025-06-03 15:48:39,830 - SklearnModel - INFO - Evaluating model performance
2025-06-03 15:48:39,830 - SklearnModel - DEBUG - Making predictions
2025-06-03 15:48:39,830 - SklearnModel - DEBUG - Making predictions
2025-06-03 15:48:39,830 - SklearnModel - DEBUG - Making predictions
2025-06-03 15:48:39,830 - SklearnModel - DEBUG - Making predictions
2025-06-03 15:48:39,830 - SklearnModel - DEBUG - Making predictions
2025-06-03 15:48:39,837 - SklearnModel - INFO - Evaluation metrics: {'accuracy': 0.0, 'precision': 0.0, 'recall': 0.0, 'f1': 0.0}
2025-06-03 15:48:39,837 - SklearnModel - INFO - Evaluation metrics: {'accuracy': 0.0, 'precision': 0.0, 'recall': 0.0, 'f1': 0.0}
2025-06-03 15:48:39,837 - SklearnModel - INFO - Evaluation metrics: {'accuracy': 0.0, 'precision': 0.0, 'recall': 0.0, 'f1': 0.0}
2025-06-03 15:48:39,837 - SklearnModel - INFO - Evaluation metrics: {'accuracy': 0.0, 'precision': 0.0, 'recall': 0.0, 'f1': 0.0}
2025-06-03 15:48:39,837 - SklearnModel - INFO - Evaluation metrics: {'accuracy': 0.0, 'precision': 0.0, 'recall': 0.0, 'f1': 0.0}
2025-06-03 15:48:39,838 - SklearnModel - INFO - Training GradientBoostingClassifier
2025-06-03 15:48:39,838 - SklearnModel - INFO - Training GradientBoostingClassifier
2025-06-03 15:48:39,838 - SklearnModel - INFO - Training GradientBoostingClassifier
2025-06-03 15:48:39,838 - SklearnModel - INFO - Training GradientBoostingClassifier
2025-06-03 15:48:39,838 - SklearnModel - INFO - Training GradientBoostingClassifier
2025-06-03 15:48:39,864 - SklearnModel - INFO - Training completed
2025-06-03 15:48:39,864 - SklearnModel - INFO - Training completed
2025-06-03 15:48:39,864 - SklearnModel - INFO - Training completed
2025-06-03 15:48:39,864 - SklearnModel - INFO - Training completed
2025-06-03 15:48:39,864 - SklearnModel - INFO - Training completed
2025-06-03 15:48:39,864 - SklearnModel - INFO - Evaluating model performance
2025-06-03 15:48:39,864 - SklearnModel - INFO - Evaluating model performance
2025-06-03 15:48:39,864 - SklearnModel - INFO - Evaluating model performance
2025-06-03 15:48:39,864 - SklearnModel - INFO - Evaluating model performance
2025-06-03 15:48:39,864 - SklearnModel - INFO - Evaluating model performance
2025-06-03 15:48:39,865 - SklearnModel - DEBUG - Making predictions
2025-06-03 15:48:39,865 - SklearnModel - DEBUG - Making predictions
2025-06-03 15:48:39,865 - SklearnModel - DEBUG - Making predictions
2025-06-03 15:48:39,865 - SklearnModel - DEBUG - Making predictions
2025-06-03 15:48:39,865 - SklearnModel - DEBUG - Making predictions
2025-06-03 15:48:39,869 - SklearnModel - INFO - Evaluation metrics: {'accuracy': 0.0, 'precision': 0.0, 'recall': 0.0, 'f1': 0.0}
2025-06-03 15:48:39,869 - SklearnModel - INFO - Evaluation metrics: {'accuracy': 0.0, 'precision': 0.0, 'recall': 0.0, 'f1': 0.0}
2025-06-03 15:48:39,869 - SklearnModel - INFO - Evaluation metrics: {'accuracy': 0.0, 'precision': 0.0, 'recall': 0.0, 'f1': 0.0}
2025-06-03 15:48:39,869 - SklearnModel - INFO - Evaluation metrics: {'accuracy': 0.0, 'precision': 0.0, 'recall': 0.0, 'f1': 0.0}
2025-06-03 15:48:39,869 - SklearnModel - INFO - Evaluation metrics: {'accuracy': 0.0, 'precision': 0.0, 'recall': 0.0, 'f1': 0.0}
2025-06-03 15:48:39,870 - SklearnModel - INFO - Training SVC
2025-06-03 15:48:39,870 - SklearnModel - INFO - Training SVC
2025-06-03 15:48:39,870 - SklearnModel - INFO - Training SVC
2025-06-03 15:48:39,870 - SklearnModel - INFO - Training SVC
2025-06-03 15:48:39,870 - SklearnModel - INFO - Training SVC
2025-06-03 15:48:39,871 - SklearnModel - INFO - Training completed
2025-06-03 15:48:39,871 - SklearnModel - INFO - Training completed
2025-06-03 15:48:39,871 - SklearnModel - INFO - Training completed
2025-06-03 15:48:39,871 - SklearnModel - INFO - Training completed
2025-06-03 15:48:39,871 - SklearnModel - INFO - Training completed
2025-06-03 15:48:39,871 - SklearnModel - INFO - Evaluating model performance
2025-06-03 15:48:39,871 - SklearnModel - INFO - Evaluating model performance
2025-06-03 15:48:39,871 - SklearnModel - INFO - Evaluating model performance
2025-06-03 15:48:39,871 - SklearnModel - INFO - Evaluating model performance
2025-06-03 15:48:39,871 - SklearnModel - INFO - Evaluating model performance
2025-06-03 15:48:39,871 - SklearnModel - DEBUG - Making predictions
2025-06-03 15:48:39,871 - SklearnModel - DEBUG - Making predictions
2025-06-03 15:48:39,871 - SklearnModel - DEBUG - Making predictions
2025-06-03 15:48:39,871 - SklearnModel - DEBUG - Making predictions
2025-06-03 15:48:39,871 - SklearnModel - DEBUG - Making predictions
2025-06-03 15:48:39,876 - SklearnModel - INFO - Evaluation metrics: {'accuracy': 0.0, 'precision': 0.0, 'recall': 0.0, 'f1': 0.0}
2025-06-03 15:48:39,876 - SklearnModel - INFO - Evaluation metrics: {'accuracy': 0.0, 'precision': 0.0, 'recall': 0.0, 'f1': 0.0}
2025-06-03 15:48:39,876 - SklearnModel - INFO - Evaluation metrics: {'accuracy': 0.0, 'precision': 0.0, 'recall': 0.0, 'f1': 0.0}
2025-06-03 15:48:39,876 - SklearnModel - INFO - Evaluation metrics: {'accuracy': 0.0, 'precision': 0.0, 'recall': 0.0, 'f1': 0.0}
2025-06-03 15:48:39,876 - SklearnModel - INFO - Evaluation metrics: {'accuracy': 0.0, 'precision': 0.0, 'recall': 0.0, 'f1': 0.0}
