2025-06-03 16:12:37,336 - SklearnModel - INFO - Initializing SklearnModel with LogisticRegression
2025-06-03 16:12:37,336 - SklearnModel - INFO - Training LogisticRegression
2025-06-03 16:12:37,340 - SklearnModel - INFO - Training completed
2025-06-03 16:12:37,340 - SklearnModel - DEBUG - Making predictions
2025-06-03 16:12:37,354 - SklearnModel - INFO - Initializing SklearnModel with LogisticRegression
2025-06-03 16:12:37,354 - SklearnModel - INFO - Initializing SklearnModel with LogisticRegression
2025-06-03 16:12:37,354 - SklearnModel - INFO - Initializing SklearnModel with RandomForestClassifier
2025-06-03 16:12:37,354 - SklearnModel - INFO - Initializing SklearnModel with RandomForestClassifier
2025-06-03 16:12:37,354 - SklearnModel - INFO - Initializing SklearnModel with RandomForestClassifier
2025-06-03 16:12:37,354 - SklearnModel - INFO - Initializing SklearnModel with GradientBoostingClassifier
2025-06-03 16:12:37,354 - SklearnModel - INFO - Initializing SklearnModel with GradientBoostingClassifier
2025-06-03 16:12:37,354 - SklearnModel - INFO - Initializing SklearnModel with GradientBoostingClassifier
2025-06-03 16:12:37,354 - SklearnModel - INFO - Initializing SklearnModel with GradientBoostingClassifier
2025-06-03 16:12:37,354 - SklearnModel - INFO - Initializing SklearnModel with SVC
2025-06-03 16:12:37,354 - SklearnModel - INFO - Initializing SklearnModel with SVC
2025-06-03 16:12:37,354 - SklearnModel - INFO - Initializing SklearnModel with SVC
2025-06-03 16:12:37,354 - SklearnModel - INFO - Initializing SklearnModel with SVC
2025-06-03 16:12:37,354 - SklearnModel - INFO - Initializing SklearnModel with SVC
2025-06-03 16:12:37,710 - SklearnModel - INFO - Training LogisticRegression
2025-06-03 16:12:37,710 - SklearnModel - INFO - Training LogisticRegression
2025-06-03 16:12:37,710 - SklearnModel - INFO - Training LogisticRegression
2025-06-03 16:12:37,710 - SklearnModel - INFO - Training LogisticRegression
2025-06-03 16:12:37,710 - SklearnModel - INFO - Training LogisticRegression
2025-06-03 16:12:37,713 - SklearnModel - INFO - Training completed
2025-06-03 16:12:37,713 - SklearnModel - INFO - Training completed
2025-06-03 16:12:37,713 - SklearnModel - INFO - Training completed
2025-06-03 16:12:37,713 - SklearnModel - INFO - Training completed
2025-06-03 16:12:37,713 - SklearnModel - INFO - Training completed
2025-06-03 16:12:37,713 - SklearnModel - INFO - Evaluating model performance
2025-06-03 16:12:37,713 - SklearnModel - INFO - Evaluating model performance
2025-06-03 16:12:37,713 - SklearnModel - INFO - Evaluating model performance
2025-06-03 16:12:37,713 - SklearnModel - INFO - Evaluating model performance
2025-06-03 16:12:37,713 - SklearnModel - INFO - Evaluating model performance
2025-06-03 16:12:37,713 - SklearnModel - DEBUG - Making predictions
2025-06-03 16:12:37,713 - SklearnModel - DEBUG - Making predictions
2025-06-03 16:12:37,713 - SklearnModel - DEBUG - Making predictions
2025-06-03 16:12:37,713 - SklearnModel - DEBUG - Making predictions
2025-06-03 16:12:37,713 - SklearnModel - DEBUG - Making predictions
2025-06-03 16:12:37,718 - SklearnModel - INFO - Evaluation metrics: {'accuracy': 0.0, 'precision': 0.0, 'recall': 0.0, 'f1': 0.0}
2025-06-03 16:12:37,718 - SklearnModel - INFO - Evaluation metrics: {'accuracy': 0.0, 'precision': 0.0, 'recall': 0.0, 'f1': 0.0}
2025-06-03 16:12:37,718 - SklearnModel - INFO - Evaluation metrics: {'accuracy': 0.0, 'precision': 0.0, 'recall': 0.0, 'f1': 0.0}
2025-06-03 16:12:37,718 - SklearnModel - INFO - Evaluation metrics: {'accuracy': 0.0, 'precision': 0.0, 'recall': 0.0, 'f1': 0.0}
2025-06-03 16:12:37,718 - SklearnModel - INFO - Evaluation metrics: {'accuracy': 0.0, 'precision': 0.0, 'recall': 0.0, 'f1': 0.0}
2025-06-03 16:12:37,718 - SklearnModel - INFO - Training RandomForestClassifier
2025-06-03 16:12:37,718 - SklearnModel - INFO - Training RandomForestClassifier
2025-06-03 16:12:37,718 - SklearnModel - INFO - Training RandomForestClassifier
2025-06-03 16:12:37,718 - SklearnModel - INFO - Training RandomForestClassifier
2025-06-03 16:12:37,718 - SklearnModel - INFO - Training RandomForestClassifier
2025-06-03 16:12:37,787 - SklearnModel - INFO - Training completed
2025-06-03 16:12:37,787 - SklearnModel - INFO - Training completed
2025-06-03 16:12:37,787 - SklearnModel - INFO - Training completed
2025-06-03 16:12:37,787 - SklearnModel - INFO - Training completed
2025-06-03 16:12:37,787 - SklearnModel - INFO - Training completed
2025-06-03 16:12:37,787 - SklearnModel - INFO - Evaluating model performance
2025-06-03 16:12:37,787 - SklearnModel - INFO - Evaluating model performance
2025-06-03 16:12:37,787 - SklearnModel - INFO - Evaluating model performance
2025-06-03 16:12:37,787 - SklearnModel - INFO - Evaluating model performance
2025-06-03 16:12:37,787 - SklearnModel - INFO - Evaluating model performance
2025-06-03 16:12:37,787 - SklearnModel - DEBUG - Making predictions
2025-06-03 16:12:37,787 - SklearnModel - DEBUG - Making predictions
2025-06-03 16:12:37,787 - SklearnModel - DEBUG - Making predictions
2025-06-03 16:12:37,787 - SklearnModel - DEBUG - Making predictions
2025-06-03 16:12:37,787 - SklearnModel - DEBUG - Making predictions
2025-06-03 16:12:37,795 - SklearnModel - INFO - Evaluation metrics: {'accuracy': 0.0, 'precision': 0.0, 'recall': 0.0, 'f1': 0.0}
2025-06-03 16:12:37,795 - SklearnModel - INFO - Evaluation metrics: {'accuracy': 0.0, 'precision': 0.0, 'recall': 0.0, 'f1': 0.0}
2025-06-03 16:12:37,795 - SklearnModel - INFO - Evaluation metrics: {'accuracy': 0.0, 'precision': 0.0, 'recall': 0.0, 'f1': 0.0}
2025-06-03 16:12:37,795 - SklearnModel - INFO - Evaluation metrics: {'accuracy': 0.0, 'precision': 0.0, 'recall': 0.0, 'f1': 0.0}
2025-06-03 16:12:37,795 - SklearnModel - INFO - Evaluation metrics: {'accuracy': 0.0, 'precision': 0.0, 'recall': 0.0, 'f1': 0.0}
2025-06-03 16:12:37,795 - SklearnModel - INFO - Training GradientBoostingClassifier
2025-06-03 16:12:37,795 - SklearnModel - INFO - Training GradientBoostingClassifier
2025-06-03 16:12:37,795 - SklearnModel - INFO - Training GradientBoostingClassifier
2025-06-03 16:12:37,795 - SklearnModel - INFO - Training GradientBoostingClassifier
2025-06-03 16:12:37,795 - SklearnModel - INFO - Training GradientBoostingClassifier
2025-06-03 16:12:37,821 - SklearnModel - INFO - Training completed
2025-06-03 16:12:37,821 - SklearnModel - INFO - Training completed
2025-06-03 16:12:37,821 - SklearnModel - INFO - Training completed
2025-06-03 16:12:37,821 - SklearnModel - INFO - Training completed
2025-06-03 16:12:37,821 - SklearnModel - INFO - Training completed
2025-06-03 16:12:37,821 - SklearnModel - INFO - Evaluating model performance
2025-06-03 16:12:37,821 - SklearnModel - INFO - Evaluating model performance
2025-06-03 16:12:37,821 - SklearnModel - INFO - Evaluating model performance
2025-06-03 16:12:37,821 - SklearnModel - INFO - Evaluating model performance
2025-06-03 16:12:37,821 - SklearnModel - INFO - Evaluating model performance
2025-06-03 16:12:37,821 - SklearnModel - DEBUG - Making predictions
2025-06-03 16:12:37,821 - SklearnModel - DEBUG - Making predictions
2025-06-03 16:12:37,821 - SklearnModel - DEBUG - Making predictions
2025-06-03 16:12:37,821 - SklearnModel - DEBUG - Making predictions
2025-06-03 16:12:37,821 - SklearnModel - DEBUG - Making predictions
2025-06-03 16:12:37,826 - SklearnModel - INFO - Evaluation metrics: {'accuracy': 0.0, 'precision': 0.0, 'recall': 0.0, 'f1': 0.0}
2025-06-03 16:12:37,826 - SklearnModel - INFO - Evaluation metrics: {'accuracy': 0.0, 'precision': 0.0, 'recall': 0.0, 'f1': 0.0}
2025-06-03 16:12:37,826 - SklearnModel - INFO - Evaluation metrics: {'accuracy': 0.0, 'precision': 0.0, 'recall': 0.0, 'f1': 0.0}
2025-06-03 16:12:37,826 - SklearnModel - INFO - Evaluation metrics: {'accuracy': 0.0, 'precision': 0.0, 'recall': 0.0, 'f1': 0.0}
2025-06-03 16:12:37,826 - SklearnModel - INFO - Evaluation metrics: {'accuracy': 0.0, 'precision': 0.0, 'recall': 0.0, 'f1': 0.0}
2025-06-03 16:12:37,826 - SklearnModel - INFO - Training SVC
2025-06-03 16:12:37,826 - SklearnModel - INFO - Training SVC
2025-06-03 16:12:37,826 - SklearnModel - INFO - Training SVC
2025-06-03 16:12:37,826 - SklearnModel - INFO - Training SVC
2025-06-03 16:12:37,826 - SklearnModel - INFO - Training SVC
2025-06-03 16:12:37,828 - SklearnModel - INFO - Training completed
2025-06-03 16:12:37,828 - SklearnModel - INFO - Training completed
2025-06-03 16:12:37,828 - SklearnModel - INFO - Training completed
2025-06-03 16:12:37,828 - SklearnModel - INFO - Training completed
2025-06-03 16:12:37,828 - SklearnModel - INFO - Training completed
2025-06-03 16:12:37,828 - SklearnModel - INFO - Evaluating model performance
2025-06-03 16:12:37,828 - SklearnModel - INFO - Evaluating model performance
2025-06-03 16:12:37,828 - SklearnModel - INFO - Evaluating model performance
2025-06-03 16:12:37,828 - SklearnModel - INFO - Evaluating model performance
2025-06-03 16:12:37,828 - SklearnModel - INFO - Evaluating model performance
2025-06-03 16:12:37,828 - SklearnModel - DEBUG - Making predictions
2025-06-03 16:12:37,828 - SklearnModel - DEBUG - Making predictions
2025-06-03 16:12:37,828 - SklearnModel - DEBUG - Making predictions
2025-06-03 16:12:37,828 - SklearnModel - DEBUG - Making predictions
2025-06-03 16:12:37,828 - SklearnModel - DEBUG - Making predictions
2025-06-03 16:12:37,832 - SklearnModel - INFO - Evaluation metrics: {'accuracy': 0.0, 'precision': 0.0, 'recall': 0.0, 'f1': 0.0}
2025-06-03 16:12:37,832 - SklearnModel - INFO - Evaluation metrics: {'accuracy': 0.0, 'precision': 0.0, 'recall': 0.0, 'f1': 0.0}
2025-06-03 16:12:37,832 - SklearnModel - INFO - Evaluation metrics: {'accuracy': 0.0, 'precision': 0.0, 'recall': 0.0, 'f1': 0.0}
2025-06-03 16:12:37,832 - SklearnModel - INFO - Evaluation metrics: {'accuracy': 0.0, 'precision': 0.0, 'recall': 0.0, 'f1': 0.0}
2025-06-03 16:12:37,832 - SklearnModel - INFO - Evaluation metrics: {'accuracy': 0.0, 'precision': 0.0, 'recall': 0.0, 'f1': 0.0}
