2025-06-04 11:50:48,199 - SklearnModel - INFO - Initializing SklearnModel with LogisticRegression
2025-06-04 11:50:48,199 - SklearnModel - INFO - Initializing SklearnModel with RandomForestClassifier
2025-06-04 11:50:48,199 - SklearnModel - INFO - Initializing SklearnModel with RandomForestClassifier
2025-06-04 11:50:48,199 - SklearnModel - INFO - Initializing SklearnModel with GradientBoostingClassifier
2025-06-04 11:50:48,199 - SklearnModel - INFO - Initializing SklearnModel with GradientBoostingClassifier
2025-06-04 11:50:48,199 - SklearnModel - INFO - Initializing SklearnModel with GradientBoostingClassifier
2025-06-04 11:50:48,199 - SklearnModel - INFO - Initializing SklearnModel with SVC
2025-06-04 11:50:48,199 - SklearnModel - INFO - Initializing SklearnModel with SVC
2025-06-04 11:50:48,199 - SklearnModel - INFO - Initializing SklearnModel with SVC
2025-06-04 11:50:48,199 - SklearnModel - INFO - Initializing SklearnModel with SVC
2025-06-04 11:50:48,232 - SklearnModel - INFO - Training LogisticRegression
2025-06-04 11:50:48,232 - SklearnModel - INFO - Training LogisticRegression
2025-06-04 11:50:48,232 - SklearnModel - INFO - Training LogisticRegression
2025-06-04 11:50:48,232 - SklearnModel - INFO - Training LogisticRegression
2025-06-04 11:50:48,311 - SklearnModel - INFO - Training completed
2025-06-04 11:50:48,311 - SklearnModel - INFO - Training completed
2025-06-04 11:50:48,311 - SklearnModel - INFO - Training completed
2025-06-04 11:50:48,311 - SklearnModel - INFO - Training completed
2025-06-04 11:50:48,311 - SklearnModel - INFO - Evaluating model performance
2025-06-04 11:50:48,311 - SklearnModel - INFO - Evaluating model performance
2025-06-04 11:50:48,311 - SklearnModel - INFO - Evaluating model performance
2025-06-04 11:50:48,311 - SklearnModel - INFO - Evaluating model performance
2025-06-04 11:50:48,311 - SklearnModel - DEBUG - Making predictions
2025-06-04 11:50:48,311 - SklearnModel - DEBUG - Making predictions
2025-06-04 11:50:48,311 - SklearnModel - DEBUG - Making predictions
2025-06-04 11:50:48,311 - SklearnModel - DEBUG - Making predictions
2025-06-04 11:50:48,317 - SklearnModel - INFO - Evaluation metrics: {'accuracy': 0.73, 'precision': 0.7115204678362573, 'recall': 0.73, 'f1': 0.7084}
2025-06-04 11:50:48,317 - SklearnModel - INFO - Evaluation metrics: {'accuracy': 0.73, 'precision': 0.7115204678362573, 'recall': 0.73, 'f1': 0.7084}
2025-06-04 11:50:48,317 - SklearnModel - INFO - Evaluation metrics: {'accuracy': 0.73, 'precision': 0.7115204678362573, 'recall': 0.73, 'f1': 0.7084}
2025-06-04 11:50:48,317 - SklearnModel - INFO - Evaluation metrics: {'accuracy': 0.73, 'precision': 0.7115204678362573, 'recall': 0.73, 'f1': 0.7084}
2025-06-04 11:50:48,358 - SklearnModel - INFO - Training RandomForestClassifier
2025-06-04 11:50:48,358 - SklearnModel - INFO - Training RandomForestClassifier
2025-06-04 11:50:48,358 - SklearnModel - INFO - Training RandomForestClassifier
2025-06-04 11:50:48,358 - SklearnModel - INFO - Training RandomForestClassifier
2025-06-04 11:50:48,572 - SklearnModel - INFO - Training completed
2025-06-04 11:50:48,572 - SklearnModel - INFO - Training completed
2025-06-04 11:50:48,572 - SklearnModel - INFO - Training completed
2025-06-04 11:50:48,572 - SklearnModel - INFO - Training completed
2025-06-04 11:50:48,572 - SklearnModel - INFO - Evaluating model performance
2025-06-04 11:50:48,572 - SklearnModel - INFO - Evaluating model performance
2025-06-04 11:50:48,572 - SklearnModel - INFO - Evaluating model performance
2025-06-04 11:50:48,572 - SklearnModel - INFO - Evaluating model performance
2025-06-04 11:50:48,573 - SklearnModel - DEBUG - Making predictions
2025-06-04 11:50:48,573 - SklearnModel - DEBUG - Making predictions
2025-06-04 11:50:48,573 - SklearnModel - DEBUG - Making predictions
2025-06-04 11:50:48,573 - SklearnModel - DEBUG - Making predictions
2025-06-04 11:50:48,587 - SklearnModel - INFO - Evaluation metrics: {'accuracy': 0.7, 'precision': 0.677697408077155, 'recall': 0.7, 'f1': 0.6812889812889813}
2025-06-04 11:50:48,587 - SklearnModel - INFO - Evaluation metrics: {'accuracy': 0.7, 'precision': 0.677697408077155, 'recall': 0.7, 'f1': 0.6812889812889813}
2025-06-04 11:50:48,587 - SklearnModel - INFO - Evaluation metrics: {'accuracy': 0.7, 'precision': 0.677697408077155, 'recall': 0.7, 'f1': 0.6812889812889813}
2025-06-04 11:50:48,587 - SklearnModel - INFO - Evaluation metrics: {'accuracy': 0.7, 'precision': 0.677697408077155, 'recall': 0.7, 'f1': 0.6812889812889813}
2025-06-04 11:50:48,610 - SklearnModel - INFO - Training GradientBoostingClassifier
2025-06-04 11:50:48,610 - SklearnModel - INFO - Training GradientBoostingClassifier
2025-06-04 11:50:48,610 - SklearnModel - INFO - Training GradientBoostingClassifier
2025-06-04 11:50:48,610 - SklearnModel - INFO - Training GradientBoostingClassifier
2025-06-04 11:50:48,770 - SklearnModel - INFO - Training completed
2025-06-04 11:50:48,770 - SklearnModel - INFO - Training completed
2025-06-04 11:50:48,770 - SklearnModel - INFO - Training completed
2025-06-04 11:50:48,770 - SklearnModel - INFO - Training completed
2025-06-04 11:50:48,771 - SklearnModel - INFO - Evaluating model performance
2025-06-04 11:50:48,771 - SklearnModel - INFO - Evaluating model performance
2025-06-04 11:50:48,771 - SklearnModel - INFO - Evaluating model performance
2025-06-04 11:50:48,771 - SklearnModel - INFO - Evaluating model performance
2025-06-04 11:50:48,771 - SklearnModel - DEBUG - Making predictions
2025-06-04 11:50:48,771 - SklearnModel - DEBUG - Making predictions
2025-06-04 11:50:48,771 - SklearnModel - DEBUG - Making predictions
2025-06-04 11:50:48,771 - SklearnModel - DEBUG - Making predictions
2025-06-04 11:50:48,777 - SklearnModel - INFO - Evaluation metrics: {'accuracy': 0.675, 'precision': 0.6547142261159783, 'recall': 0.675, 'f1': 0.6610139033386929}
2025-06-04 11:50:48,777 - SklearnModel - INFO - Evaluation metrics: {'accuracy': 0.675, 'precision': 0.6547142261159783, 'recall': 0.675, 'f1': 0.6610139033386929}
2025-06-04 11:50:48,777 - SklearnModel - INFO - Evaluation metrics: {'accuracy': 0.675, 'precision': 0.6547142261159783, 'recall': 0.675, 'f1': 0.6610139033386929}
2025-06-04 11:50:48,777 - SklearnModel - INFO - Evaluation metrics: {'accuracy': 0.675, 'precision': 0.6547142261159783, 'recall': 0.675, 'f1': 0.6610139033386929}
2025-06-04 11:50:48,798 - SklearnModel - INFO - Training SVC
2025-06-04 11:50:48,798 - SklearnModel - INFO - Training SVC
2025-06-04 11:50:48,798 - SklearnModel - INFO - Training SVC
2025-06-04 11:50:48,798 - SklearnModel - INFO - Training SVC
2025-06-04 11:50:48,946 - SklearnModel - INFO - Training completed
2025-06-04 11:50:48,946 - SklearnModel - INFO - Training completed
2025-06-04 11:50:48,946 - SklearnModel - INFO - Training completed
2025-06-04 11:50:48,946 - SklearnModel - INFO - Training completed
2025-06-04 11:50:48,946 - SklearnModel - INFO - Evaluating model performance
2025-06-04 11:50:48,946 - SklearnModel - INFO - Evaluating model performance
2025-06-04 11:50:48,946 - SklearnModel - INFO - Evaluating model performance
2025-06-04 11:50:48,946 - SklearnModel - INFO - Evaluating model performance
2025-06-04 11:50:48,947 - SklearnModel - DEBUG - Making predictions
2025-06-04 11:50:48,947 - SklearnModel - DEBUG - Making predictions
2025-06-04 11:50:48,947 - SklearnModel - DEBUG - Making predictions
2025-06-04 11:50:48,947 - SklearnModel - DEBUG - Making predictions
2025-06-04 11:50:48,958 - SklearnModel - INFO - Evaluation metrics: {'accuracy': 0.71, 'precision': 0.684500354358611, 'recall': 0.71, 'f1': 0.681063596491228}
2025-06-04 11:50:48,958 - SklearnModel - INFO - Evaluation metrics: {'accuracy': 0.71, 'precision': 0.684500354358611, 'recall': 0.71, 'f1': 0.681063596491228}
2025-06-04 11:50:48,958 - SklearnModel - INFO - Evaluation metrics: {'accuracy': 0.71, 'precision': 0.684500354358611, 'recall': 0.71, 'f1': 0.681063596491228}
2025-06-04 11:50:48,958 - SklearnModel - INFO - Evaluation metrics: {'accuracy': 0.71, 'precision': 0.684500354358611, 'recall': 0.71, 'f1': 0.681063596491228}
