2025-06-04 14:38:27,509 - SklearnModel - INFO - Initializing SklearnModel with LogisticRegression
2025-06-04 14:38:27,509 - SklearnModel - INFO - Training LogisticRegression
2025-06-04 14:38:27,514 - SklearnModel - INFO - Training completed
2025-06-04 14:38:27,514 - SklearnModel - DEBUG - Making predictions
2025-06-04 14:38:27,527 - SklearnModel - INFO - Initializing SklearnModel with LogisticRegression
2025-06-04 14:38:27,527 - SklearnModel - INFO - Initializing SklearnModel with LogisticRegression
2025-06-04 14:38:27,527 - SklearnModel - INFO - Initializing SklearnModel with RandomForestClassifier
2025-06-04 14:38:27,527 - SklearnModel - INFO - Initializing SklearnModel with RandomForestClassifier
2025-06-04 14:38:27,527 - SklearnModel - INFO - Initializing SklearnModel with RandomForestClassifier
2025-06-04 14:38:27,528 - SklearnModel - INFO - Initializing SklearnModel with GradientBoostingClassifier
2025-06-04 14:38:27,528 - SklearnModel - INFO - Initializing SklearnModel with GradientBoostingClassifier
2025-06-04 14:38:27,528 - SklearnModel - INFO - Initializing SklearnModel with GradientBoostingClassifier
2025-06-04 14:38:27,528 - SklearnModel - INFO - Initializing SklearnModel with GradientBoostingClassifier
2025-06-04 14:38:27,528 - SklearnModel - INFO - Initializing SklearnModel with SVC
2025-06-04 14:38:27,528 - SklearnModel - INFO - Initializing SklearnModel with SVC
2025-06-04 14:38:27,528 - SklearnModel - INFO - Initializing SklearnModel with SVC
2025-06-04 14:38:27,528 - SklearnModel - INFO - Initializing SklearnModel with SVC
2025-06-04 14:38:27,528 - SklearnModel - INFO - Initializing SklearnModel with SVC
2025-06-04 14:38:27,529 - SklearnModel - INFO - Training LogisticRegression
2025-06-04 14:38:27,529 - SklearnModel - INFO - Training LogisticRegression
2025-06-04 14:38:27,529 - SklearnModel - INFO - Training LogisticRegression
2025-06-04 14:38:27,529 - SklearnModel - INFO - Training LogisticRegression
2025-06-04 14:38:27,529 - SklearnModel - INFO - Training LogisticRegression
2025-06-04 14:38:27,532 - SklearnModel - INFO - Training completed
2025-06-04 14:38:27,532 - SklearnModel - INFO - Training completed
2025-06-04 14:38:27,532 - SklearnModel - INFO - Training completed
2025-06-04 14:38:27,532 - SklearnModel - INFO - Training completed
2025-06-04 14:38:27,532 - SklearnModel - INFO - Training completed
2025-06-04 14:38:27,532 - SklearnModel - INFO - Evaluating model performance
2025-06-04 14:38:27,532 - SklearnModel - INFO - Evaluating model performance
2025-06-04 14:38:27,532 - SklearnModel - INFO - Evaluating model performance
2025-06-04 14:38:27,532 - SklearnModel - INFO - Evaluating model performance
2025-06-04 14:38:27,532 - SklearnModel - INFO - Evaluating model performance
2025-06-04 14:38:27,533 - SklearnModel - DEBUG - Making predictions
2025-06-04 14:38:27,533 - SklearnModel - DEBUG - Making predictions
2025-06-04 14:38:27,533 - SklearnModel - DEBUG - Making predictions
2025-06-04 14:38:27,533 - SklearnModel - DEBUG - Making predictions
2025-06-04 14:38:27,533 - SklearnModel - DEBUG - Making predictions
2025-06-04 14:38:27,537 - SklearnModel - INFO - Evaluation metrics: {'accuracy': 0.0, 'precision': 0.0, 'recall': 0.0, 'f1': 0.0}
2025-06-04 14:38:27,537 - SklearnModel - INFO - Evaluation metrics: {'accuracy': 0.0, 'precision': 0.0, 'recall': 0.0, 'f1': 0.0}
2025-06-04 14:38:27,537 - SklearnModel - INFO - Evaluation metrics: {'accuracy': 0.0, 'precision': 0.0, 'recall': 0.0, 'f1': 0.0}
2025-06-04 14:38:27,537 - SklearnModel - INFO - Evaluation metrics: {'accuracy': 0.0, 'precision': 0.0, 'recall': 0.0, 'f1': 0.0}
2025-06-04 14:38:27,537 - SklearnModel - INFO - Evaluation metrics: {'accuracy': 0.0, 'precision': 0.0, 'recall': 0.0, 'f1': 0.0}
2025-06-04 14:38:27,537 - SklearnModel - INFO - Training RandomForestClassifier
2025-06-04 14:38:27,537 - SklearnModel - INFO - Training RandomForestClassifier
2025-06-04 14:38:27,537 - SklearnModel - INFO - Training RandomForestClassifier
2025-06-04 14:38:27,537 - SklearnModel - INFO - Training RandomForestClassifier
2025-06-04 14:38:27,537 - SklearnModel - INFO - Training RandomForestClassifier
2025-06-04 14:38:27,607 - SklearnModel - INFO - Training completed
2025-06-04 14:38:27,607 - SklearnModel - INFO - Training completed
2025-06-04 14:38:27,607 - SklearnModel - INFO - Training completed
2025-06-04 14:38:27,607 - SklearnModel - INFO - Training completed
2025-06-04 14:38:27,607 - SklearnModel - INFO - Training completed
2025-06-04 14:38:27,607 - SklearnModel - INFO - Evaluating model performance
2025-06-04 14:38:27,607 - SklearnModel - INFO - Evaluating model performance
2025-06-04 14:38:27,607 - SklearnModel - INFO - Evaluating model performance
2025-06-04 14:38:27,607 - SklearnModel - INFO - Evaluating model performance
2025-06-04 14:38:27,607 - SklearnModel - INFO - Evaluating model performance
2025-06-04 14:38:27,607 - SklearnModel - DEBUG - Making predictions
2025-06-04 14:38:27,607 - SklearnModel - DEBUG - Making predictions
2025-06-04 14:38:27,607 - SklearnModel - DEBUG - Making predictions
2025-06-04 14:38:27,607 - SklearnModel - DEBUG - Making predictions
2025-06-04 14:38:27,607 - SklearnModel - DEBUG - Making predictions
2025-06-04 14:38:27,615 - SklearnModel - INFO - Evaluation metrics: {'accuracy': 0.0, 'precision': 0.0, 'recall': 0.0, 'f1': 0.0}
2025-06-04 14:38:27,615 - SklearnModel - INFO - Evaluation metrics: {'accuracy': 0.0, 'precision': 0.0, 'recall': 0.0, 'f1': 0.0}
2025-06-04 14:38:27,615 - SklearnModel - INFO - Evaluation metrics: {'accuracy': 0.0, 'precision': 0.0, 'recall': 0.0, 'f1': 0.0}
2025-06-04 14:38:27,615 - SklearnModel - INFO - Evaluation metrics: {'accuracy': 0.0, 'precision': 0.0, 'recall': 0.0, 'f1': 0.0}
2025-06-04 14:38:27,615 - SklearnModel - INFO - Evaluation metrics: {'accuracy': 0.0, 'precision': 0.0, 'recall': 0.0, 'f1': 0.0}
2025-06-04 14:38:27,615 - SklearnModel - INFO - Training GradientBoostingClassifier
2025-06-04 14:38:27,615 - SklearnModel - INFO - Training GradientBoostingClassifier
2025-06-04 14:38:27,615 - SklearnModel - INFO - Training GradientBoostingClassifier
2025-06-04 14:38:27,615 - SklearnModel - INFO - Training GradientBoostingClassifier
2025-06-04 14:38:27,615 - SklearnModel - INFO - Training GradientBoostingClassifier
2025-06-04 14:38:27,642 - SklearnModel - INFO - Training completed
2025-06-04 14:38:27,642 - SklearnModel - INFO - Training completed
2025-06-04 14:38:27,642 - SklearnModel - INFO - Training completed
2025-06-04 14:38:27,642 - SklearnModel - INFO - Training completed
2025-06-04 14:38:27,642 - SklearnModel - INFO - Training completed
2025-06-04 14:38:27,642 - SklearnModel - INFO - Evaluating model performance
2025-06-04 14:38:27,642 - SklearnModel - INFO - Evaluating model performance
2025-06-04 14:38:27,642 - SklearnModel - INFO - Evaluating model performance
2025-06-04 14:38:27,642 - SklearnModel - INFO - Evaluating model performance
2025-06-04 14:38:27,642 - SklearnModel - INFO - Evaluating model performance
2025-06-04 14:38:27,642 - SklearnModel - DEBUG - Making predictions
2025-06-04 14:38:27,642 - SklearnModel - DEBUG - Making predictions
2025-06-04 14:38:27,642 - SklearnModel - DEBUG - Making predictions
2025-06-04 14:38:27,642 - SklearnModel - DEBUG - Making predictions
2025-06-04 14:38:27,642 - SklearnModel - DEBUG - Making predictions
2025-06-04 14:38:27,647 - SklearnModel - INFO - Evaluation metrics: {'accuracy': 0.0, 'precision': 0.0, 'recall': 0.0, 'f1': 0.0}
2025-06-04 14:38:27,647 - SklearnModel - INFO - Evaluation metrics: {'accuracy': 0.0, 'precision': 0.0, 'recall': 0.0, 'f1': 0.0}
2025-06-04 14:38:27,647 - SklearnModel - INFO - Evaluation metrics: {'accuracy': 0.0, 'precision': 0.0, 'recall': 0.0, 'f1': 0.0}
2025-06-04 14:38:27,647 - SklearnModel - INFO - Evaluation metrics: {'accuracy': 0.0, 'precision': 0.0, 'recall': 0.0, 'f1': 0.0}
2025-06-04 14:38:27,647 - SklearnModel - INFO - Evaluation metrics: {'accuracy': 0.0, 'precision': 0.0, 'recall': 0.0, 'f1': 0.0}
2025-06-04 14:38:27,647 - SklearnModel - INFO - Training SVC
2025-06-04 14:38:27,647 - SklearnModel - INFO - Training SVC
2025-06-04 14:38:27,647 - SklearnModel - INFO - Training SVC
2025-06-04 14:38:27,647 - SklearnModel - INFO - Training SVC
2025-06-04 14:38:27,647 - SklearnModel - INFO - Training SVC
2025-06-04 14:38:27,648 - SklearnModel - INFO - Training completed
2025-06-04 14:38:27,648 - SklearnModel - INFO - Training completed
2025-06-04 14:38:27,648 - SklearnModel - INFO - Training completed
2025-06-04 14:38:27,648 - SklearnModel - INFO - Training completed
2025-06-04 14:38:27,648 - SklearnModel - INFO - Training completed
2025-06-04 14:38:27,649 - SklearnModel - INFO - Evaluating model performance
2025-06-04 14:38:27,649 - SklearnModel - INFO - Evaluating model performance
2025-06-04 14:38:27,649 - SklearnModel - INFO - Evaluating model performance
2025-06-04 14:38:27,649 - SklearnModel - INFO - Evaluating model performance
2025-06-04 14:38:27,649 - SklearnModel - INFO - Evaluating model performance
2025-06-04 14:38:27,649 - SklearnModel - DEBUG - Making predictions
2025-06-04 14:38:27,649 - SklearnModel - DEBUG - Making predictions
2025-06-04 14:38:27,649 - SklearnModel - DEBUG - Making predictions
2025-06-04 14:38:27,649 - SklearnModel - DEBUG - Making predictions
2025-06-04 14:38:27,649 - SklearnModel - DEBUG - Making predictions
2025-06-04 14:38:27,653 - SklearnModel - INFO - Evaluation metrics: {'accuracy': 0.0, 'precision': 0.0, 'recall': 0.0, 'f1': 0.0}
2025-06-04 14:38:27,653 - SklearnModel - INFO - Evaluation metrics: {'accuracy': 0.0, 'precision': 0.0, 'recall': 0.0, 'f1': 0.0}
2025-06-04 14:38:27,653 - SklearnModel - INFO - Evaluation metrics: {'accuracy': 0.0, 'precision': 0.0, 'recall': 0.0, 'f1': 0.0}
2025-06-04 14:38:27,653 - SklearnModel - INFO - Evaluation metrics: {'accuracy': 0.0, 'precision': 0.0, 'recall': 0.0, 'f1': 0.0}
2025-06-04 14:38:27,653 - SklearnModel - INFO - Evaluation metrics: {'accuracy': 0.0, 'precision': 0.0, 'recall': 0.0, 'f1': 0.0}
