2025-06-04 12:31:41,099 - SklearnModel - INFO - Initializing SklearnModel with LogisticRegression
2025-06-04 12:31:41,099 - SklearnModel - INFO - Training LogisticRegression
2025-06-04 12:31:41,103 - SklearnModel - INFO - Training completed
2025-06-04 12:31:41,103 - SklearnModel - DEBUG - Making predictions
2025-06-04 12:31:41,188 - SklearnModel - INFO - Initializing SklearnModel with LogisticRegression
2025-06-04 12:31:41,188 - SklearnModel - INFO - Initializing SklearnModel with LogisticRegression
2025-06-04 12:31:41,188 - SklearnModel - INFO - Initializing SklearnModel with RandomForestClassifier
2025-06-04 12:31:41,188 - SklearnModel - INFO - Initializing SklearnModel with RandomForestClassifier
2025-06-04 12:31:41,188 - SklearnModel - INFO - Initializing SklearnModel with RandomForestClassifier
2025-06-04 12:31:41,188 - SklearnModel - INFO - Initializing SklearnModel with GradientBoostingClassifier
2025-06-04 12:31:41,188 - SklearnModel - INFO - Initializing SklearnModel with GradientBoostingClassifier
2025-06-04 12:31:41,188 - SklearnModel - INFO - Initializing SklearnModel with GradientBoostingClassifier
2025-06-04 12:31:41,188 - SklearnModel - INFO - Initializing SklearnModel with GradientBoostingClassifier
2025-06-04 12:31:41,189 - SklearnModel - INFO - Initializing SklearnModel with SVC
2025-06-04 12:31:41,189 - SklearnModel - INFO - Initializing SklearnModel with SVC
2025-06-04 12:31:41,189 - SklearnModel - INFO - Initializing SklearnModel with SVC
2025-06-04 12:31:41,189 - SklearnModel - INFO - Initializing SklearnModel with SVC
2025-06-04 12:31:41,189 - SklearnModel - INFO - Initializing SklearnModel with SVC
2025-06-04 12:31:41,566 - SklearnModel - INFO - Training LogisticRegression
2025-06-04 12:31:41,566 - SklearnModel - INFO - Training LogisticRegression
2025-06-04 12:31:41,566 - SklearnModel - INFO - Training LogisticRegression
2025-06-04 12:31:41,566 - SklearnModel - INFO - Training LogisticRegression
2025-06-04 12:31:41,566 - SklearnModel - INFO - Training LogisticRegression
2025-06-04 12:31:41,569 - SklearnModel - INFO - Training completed
2025-06-04 12:31:41,569 - SklearnModel - INFO - Training completed
2025-06-04 12:31:41,569 - SklearnModel - INFO - Training completed
2025-06-04 12:31:41,569 - SklearnModel - INFO - Training completed
2025-06-04 12:31:41,569 - SklearnModel - INFO - Training completed
2025-06-04 12:31:41,570 - SklearnModel - INFO - Evaluating model performance
2025-06-04 12:31:41,570 - SklearnModel - INFO - Evaluating model performance
2025-06-04 12:31:41,570 - SklearnModel - INFO - Evaluating model performance
2025-06-04 12:31:41,570 - SklearnModel - INFO - Evaluating model performance
2025-06-04 12:31:41,570 - SklearnModel - INFO - Evaluating model performance
2025-06-04 12:31:41,570 - SklearnModel - DEBUG - Making predictions
2025-06-04 12:31:41,570 - SklearnModel - DEBUG - Making predictions
2025-06-04 12:31:41,570 - SklearnModel - DEBUG - Making predictions
2025-06-04 12:31:41,570 - SklearnModel - DEBUG - Making predictions
2025-06-04 12:31:41,570 - SklearnModel - DEBUG - Making predictions
2025-06-04 12:31:41,574 - SklearnModel - INFO - Evaluation metrics: {'accuracy': 0.0, 'precision': 0.0, 'recall': 0.0, 'f1': 0.0}
2025-06-04 12:31:41,574 - SklearnModel - INFO - Evaluation metrics: {'accuracy': 0.0, 'precision': 0.0, 'recall': 0.0, 'f1': 0.0}
2025-06-04 12:31:41,574 - SklearnModel - INFO - Evaluation metrics: {'accuracy': 0.0, 'precision': 0.0, 'recall': 0.0, 'f1': 0.0}
2025-06-04 12:31:41,574 - SklearnModel - INFO - Evaluation metrics: {'accuracy': 0.0, 'precision': 0.0, 'recall': 0.0, 'f1': 0.0}
2025-06-04 12:31:41,574 - SklearnModel - INFO - Evaluation metrics: {'accuracy': 0.0, 'precision': 0.0, 'recall': 0.0, 'f1': 0.0}
2025-06-04 12:31:41,575 - SklearnModel - INFO - Training RandomForestClassifier
2025-06-04 12:31:41,575 - SklearnModel - INFO - Training RandomForestClassifier
2025-06-04 12:31:41,575 - SklearnModel - INFO - Training RandomForestClassifier
2025-06-04 12:31:41,575 - SklearnModel - INFO - Training RandomForestClassifier
2025-06-04 12:31:41,575 - SklearnModel - INFO - Training RandomForestClassifier
2025-06-04 12:31:41,643 - SklearnModel - INFO - Training completed
2025-06-04 12:31:41,643 - SklearnModel - INFO - Training completed
2025-06-04 12:31:41,643 - SklearnModel - INFO - Training completed
2025-06-04 12:31:41,643 - SklearnModel - INFO - Training completed
2025-06-04 12:31:41,643 - SklearnModel - INFO - Training completed
2025-06-04 12:31:41,643 - SklearnModel - INFO - Evaluating model performance
2025-06-04 12:31:41,643 - SklearnModel - INFO - Evaluating model performance
2025-06-04 12:31:41,643 - SklearnModel - INFO - Evaluating model performance
2025-06-04 12:31:41,643 - SklearnModel - INFO - Evaluating model performance
2025-06-04 12:31:41,643 - SklearnModel - INFO - Evaluating model performance
2025-06-04 12:31:41,643 - SklearnModel - DEBUG - Making predictions
2025-06-04 12:31:41,643 - SklearnModel - DEBUG - Making predictions
2025-06-04 12:31:41,643 - SklearnModel - DEBUG - Making predictions
2025-06-04 12:31:41,643 - SklearnModel - DEBUG - Making predictions
2025-06-04 12:31:41,643 - SklearnModel - DEBUG - Making predictions
2025-06-04 12:31:41,651 - SklearnModel - INFO - Evaluation metrics: {'accuracy': 0.0, 'precision': 0.0, 'recall': 0.0, 'f1': 0.0}
2025-06-04 12:31:41,651 - SklearnModel - INFO - Evaluation metrics: {'accuracy': 0.0, 'precision': 0.0, 'recall': 0.0, 'f1': 0.0}
2025-06-04 12:31:41,651 - SklearnModel - INFO - Evaluation metrics: {'accuracy': 0.0, 'precision': 0.0, 'recall': 0.0, 'f1': 0.0}
2025-06-04 12:31:41,651 - SklearnModel - INFO - Evaluation metrics: {'accuracy': 0.0, 'precision': 0.0, 'recall': 0.0, 'f1': 0.0}
2025-06-04 12:31:41,651 - SklearnModel - INFO - Evaluation metrics: {'accuracy': 0.0, 'precision': 0.0, 'recall': 0.0, 'f1': 0.0}
2025-06-04 12:31:41,651 - SklearnModel - INFO - Training GradientBoostingClassifier
2025-06-04 12:31:41,651 - SklearnModel - INFO - Training GradientBoostingClassifier
2025-06-04 12:31:41,651 - SklearnModel - INFO - Training GradientBoostingClassifier
2025-06-04 12:31:41,651 - SklearnModel - INFO - Training GradientBoostingClassifier
2025-06-04 12:31:41,651 - SklearnModel - INFO - Training GradientBoostingClassifier
2025-06-04 12:31:41,678 - SklearnModel - INFO - Training completed
2025-06-04 12:31:41,678 - SklearnModel - INFO - Training completed
2025-06-04 12:31:41,678 - SklearnModel - INFO - Training completed
2025-06-04 12:31:41,678 - SklearnModel - INFO - Training completed
2025-06-04 12:31:41,678 - SklearnModel - INFO - Training completed
2025-06-04 12:31:41,678 - SklearnModel - INFO - Evaluating model performance
2025-06-04 12:31:41,678 - SklearnModel - INFO - Evaluating model performance
2025-06-04 12:31:41,678 - SklearnModel - INFO - Evaluating model performance
2025-06-04 12:31:41,678 - SklearnModel - INFO - Evaluating model performance
2025-06-04 12:31:41,678 - SklearnModel - INFO - Evaluating model performance
2025-06-04 12:31:41,678 - SklearnModel - DEBUG - Making predictions
2025-06-04 12:31:41,678 - SklearnModel - DEBUG - Making predictions
2025-06-04 12:31:41,678 - SklearnModel - DEBUG - Making predictions
2025-06-04 12:31:41,678 - SklearnModel - DEBUG - Making predictions
2025-06-04 12:31:41,678 - SklearnModel - DEBUG - Making predictions
2025-06-04 12:31:41,683 - SklearnModel - INFO - Evaluation metrics: {'accuracy': 0.0, 'precision': 0.0, 'recall': 0.0, 'f1': 0.0}
2025-06-04 12:31:41,683 - SklearnModel - INFO - Evaluation metrics: {'accuracy': 0.0, 'precision': 0.0, 'recall': 0.0, 'f1': 0.0}
2025-06-04 12:31:41,683 - SklearnModel - INFO - Evaluation metrics: {'accuracy': 0.0, 'precision': 0.0, 'recall': 0.0, 'f1': 0.0}
2025-06-04 12:31:41,683 - SklearnModel - INFO - Evaluation metrics: {'accuracy': 0.0, 'precision': 0.0, 'recall': 0.0, 'f1': 0.0}
2025-06-04 12:31:41,683 - SklearnModel - INFO - Evaluation metrics: {'accuracy': 0.0, 'precision': 0.0, 'recall': 0.0, 'f1': 0.0}
2025-06-04 12:31:41,683 - SklearnModel - INFO - Training SVC
2025-06-04 12:31:41,683 - SklearnModel - INFO - Training SVC
2025-06-04 12:31:41,683 - SklearnModel - INFO - Training SVC
2025-06-04 12:31:41,683 - SklearnModel - INFO - Training SVC
2025-06-04 12:31:41,683 - SklearnModel - INFO - Training SVC
2025-06-04 12:31:41,685 - SklearnModel - INFO - Training completed
2025-06-04 12:31:41,685 - SklearnModel - INFO - Training completed
2025-06-04 12:31:41,685 - SklearnModel - INFO - Training completed
2025-06-04 12:31:41,685 - SklearnModel - INFO - Training completed
2025-06-04 12:31:41,685 - SklearnModel - INFO - Training completed
2025-06-04 12:31:41,685 - SklearnModel - INFO - Evaluating model performance
2025-06-04 12:31:41,685 - SklearnModel - INFO - Evaluating model performance
2025-06-04 12:31:41,685 - SklearnModel - INFO - Evaluating model performance
2025-06-04 12:31:41,685 - SklearnModel - INFO - Evaluating model performance
2025-06-04 12:31:41,685 - SklearnModel - INFO - Evaluating model performance
2025-06-04 12:31:41,685 - SklearnModel - DEBUG - Making predictions
2025-06-04 12:31:41,685 - SklearnModel - DEBUG - Making predictions
2025-06-04 12:31:41,685 - SklearnModel - DEBUG - Making predictions
2025-06-04 12:31:41,685 - SklearnModel - DEBUG - Making predictions
2025-06-04 12:31:41,685 - SklearnModel - DEBUG - Making predictions
2025-06-04 12:31:41,690 - SklearnModel - INFO - Evaluation metrics: {'accuracy': 0.0, 'precision': 0.0, 'recall': 0.0, 'f1': 0.0}
2025-06-04 12:31:41,690 - SklearnModel - INFO - Evaluation metrics: {'accuracy': 0.0, 'precision': 0.0, 'recall': 0.0, 'f1': 0.0}
2025-06-04 12:31:41,690 - SklearnModel - INFO - Evaluation metrics: {'accuracy': 0.0, 'precision': 0.0, 'recall': 0.0, 'f1': 0.0}
2025-06-04 12:31:41,690 - SklearnModel - INFO - Evaluation metrics: {'accuracy': 0.0, 'precision': 0.0, 'recall': 0.0, 'f1': 0.0}
2025-06-04 12:31:41,690 - SklearnModel - INFO - Evaluation metrics: {'accuracy': 0.0, 'precision': 0.0, 'recall': 0.0, 'f1': 0.0}
