2025-06-03 14:36:09,239 - SklearnModel - INFO - Initializing SklearnModel with LogisticRegression
2025-06-03 14:36:09,239 - SklearnModel - INFO - Training LogisticRegression
2025-06-03 14:36:09,280 - SklearnModel - INFO - Training completed
2025-06-03 14:36:09,280 - SklearnModel - DEBUG - Making predictions
2025-06-03 14:36:09,294 - SklearnModel - INFO - Initializing SklearnModel with LogisticRegression
2025-06-03 14:36:09,294 - SklearnModel - INFO - Initializing SklearnModel with LogisticRegression
2025-06-03 14:36:09,295 - SklearnModel - INFO - Initializing SklearnModel with RandomForestClassifier
2025-06-03 14:36:09,295 - SklearnModel - INFO - Initializing SklearnModel with RandomForestClassifier
2025-06-03 14:36:09,295 - SklearnModel - INFO - Initializing SklearnModel with RandomForestClassifier
2025-06-03 14:36:09,295 - SklearnModel - INFO - Initializing SklearnModel with GradientBoostingClassifier
2025-06-03 14:36:09,295 - SklearnModel - INFO - Initializing SklearnModel with GradientBoostingClassifier
2025-06-03 14:36:09,295 - SklearnModel - INFO - Initializing SklearnModel with GradientBoostingClassifier
2025-06-03 14:36:09,295 - SklearnModel - INFO - Initializing SklearnModel with GradientBoostingClassifier
2025-06-03 14:36:09,295 - SklearnModel - INFO - Initializing SklearnModel with SVC
2025-06-03 14:36:09,295 - SklearnModel - INFO - Initializing SklearnModel with SVC
2025-06-03 14:36:09,295 - SklearnModel - INFO - Initializing SklearnModel with SVC
2025-06-03 14:36:09,295 - SklearnModel - INFO - Initializing SklearnModel with SVC
2025-06-03 14:36:09,295 - SklearnModel - INFO - Initializing SklearnModel with SVC
2025-06-03 14:36:09,297 - SklearnModel - INFO - Training LogisticRegression
2025-06-03 14:36:09,297 - SklearnModel - INFO - Training LogisticRegression
2025-06-03 14:36:09,297 - SklearnModel - INFO - Training LogisticRegression
2025-06-03 14:36:09,297 - SklearnModel - INFO - Training LogisticRegression
2025-06-03 14:36:09,297 - SklearnModel - INFO - Training LogisticRegression
2025-06-03 14:36:09,299 - SklearnModel - INFO - Training completed
2025-06-03 14:36:09,299 - SklearnModel - INFO - Training completed
2025-06-03 14:36:09,299 - SklearnModel - INFO - Training completed
2025-06-03 14:36:09,299 - SklearnModel - INFO - Training completed
2025-06-03 14:36:09,299 - SklearnModel - INFO - Training completed
2025-06-03 14:36:09,300 - SklearnModel - INFO - Evaluating model performance
2025-06-03 14:36:09,300 - SklearnModel - INFO - Evaluating model performance
2025-06-03 14:36:09,300 - SklearnModel - INFO - Evaluating model performance
2025-06-03 14:36:09,300 - SklearnModel - INFO - Evaluating model performance
2025-06-03 14:36:09,300 - SklearnModel - INFO - Evaluating model performance
2025-06-03 14:36:09,300 - SklearnModel - DEBUG - Making predictions
2025-06-03 14:36:09,300 - SklearnModel - DEBUG - Making predictions
2025-06-03 14:36:09,300 - SklearnModel - DEBUG - Making predictions
2025-06-03 14:36:09,300 - SklearnModel - DEBUG - Making predictions
2025-06-03 14:36:09,300 - SklearnModel - DEBUG - Making predictions
2025-06-03 14:36:09,304 - SklearnModel - INFO - Evaluation metrics: {'accuracy': 0.0, 'precision': 0.0, 'recall': 0.0, 'f1': 0.0}
2025-06-03 14:36:09,304 - SklearnModel - INFO - Evaluation metrics: {'accuracy': 0.0, 'precision': 0.0, 'recall': 0.0, 'f1': 0.0}
2025-06-03 14:36:09,304 - SklearnModel - INFO - Evaluation metrics: {'accuracy': 0.0, 'precision': 0.0, 'recall': 0.0, 'f1': 0.0}
2025-06-03 14:36:09,304 - SklearnModel - INFO - Evaluation metrics: {'accuracy': 0.0, 'precision': 0.0, 'recall': 0.0, 'f1': 0.0}
2025-06-03 14:36:09,304 - SklearnModel - INFO - Evaluation metrics: {'accuracy': 0.0, 'precision': 0.0, 'recall': 0.0, 'f1': 0.0}
2025-06-03 14:36:09,305 - SklearnModel - INFO - Training RandomForestClassifier
2025-06-03 14:36:09,305 - SklearnModel - INFO - Training RandomForestClassifier
2025-06-03 14:36:09,305 - SklearnModel - INFO - Training RandomForestClassifier
2025-06-03 14:36:09,305 - SklearnModel - INFO - Training RandomForestClassifier
2025-06-03 14:36:09,305 - SklearnModel - INFO - Training RandomForestClassifier
2025-06-03 14:36:09,379 - SklearnModel - INFO - Training completed
2025-06-03 14:36:09,379 - SklearnModel - INFO - Training completed
2025-06-03 14:36:09,379 - SklearnModel - INFO - Training completed
2025-06-03 14:36:09,379 - SklearnModel - INFO - Training completed
2025-06-03 14:36:09,379 - SklearnModel - INFO - Training completed
2025-06-03 14:36:09,379 - SklearnModel - INFO - Evaluating model performance
2025-06-03 14:36:09,379 - SklearnModel - INFO - Evaluating model performance
2025-06-03 14:36:09,379 - SklearnModel - INFO - Evaluating model performance
2025-06-03 14:36:09,379 - SklearnModel - INFO - Evaluating model performance
2025-06-03 14:36:09,379 - SklearnModel - INFO - Evaluating model performance
2025-06-03 14:36:09,379 - SklearnModel - DEBUG - Making predictions
2025-06-03 14:36:09,379 - SklearnModel - DEBUG - Making predictions
2025-06-03 14:36:09,379 - SklearnModel - DEBUG - Making predictions
2025-06-03 14:36:09,379 - SklearnModel - DEBUG - Making predictions
2025-06-03 14:36:09,379 - SklearnModel - DEBUG - Making predictions
2025-06-03 14:36:09,387 - SklearnModel - INFO - Evaluation metrics: {'accuracy': 0.0, 'precision': 0.0, 'recall': 0.0, 'f1': 0.0}
2025-06-03 14:36:09,387 - SklearnModel - INFO - Evaluation metrics: {'accuracy': 0.0, 'precision': 0.0, 'recall': 0.0, 'f1': 0.0}
2025-06-03 14:36:09,387 - SklearnModel - INFO - Evaluation metrics: {'accuracy': 0.0, 'precision': 0.0, 'recall': 0.0, 'f1': 0.0}
2025-06-03 14:36:09,387 - SklearnModel - INFO - Evaluation metrics: {'accuracy': 0.0, 'precision': 0.0, 'recall': 0.0, 'f1': 0.0}
2025-06-03 14:36:09,387 - SklearnModel - INFO - Evaluation metrics: {'accuracy': 0.0, 'precision': 0.0, 'recall': 0.0, 'f1': 0.0}
2025-06-03 14:36:09,388 - SklearnModel - INFO - Training GradientBoostingClassifier
2025-06-03 14:36:09,388 - SklearnModel - INFO - Training GradientBoostingClassifier
2025-06-03 14:36:09,388 - SklearnModel - INFO - Training GradientBoostingClassifier
2025-06-03 14:36:09,388 - SklearnModel - INFO - Training GradientBoostingClassifier
2025-06-03 14:36:09,388 - SklearnModel - INFO - Training GradientBoostingClassifier
2025-06-03 14:36:09,415 - SklearnModel - INFO - Training completed
2025-06-03 14:36:09,415 - SklearnModel - INFO - Training completed
2025-06-03 14:36:09,415 - SklearnModel - INFO - Training completed
2025-06-03 14:36:09,415 - SklearnModel - INFO - Training completed
2025-06-03 14:36:09,415 - SklearnModel - INFO - Training completed
2025-06-03 14:36:09,415 - SklearnModel - INFO - Evaluating model performance
2025-06-03 14:36:09,415 - SklearnModel - INFO - Evaluating model performance
2025-06-03 14:36:09,415 - SklearnModel - INFO - Evaluating model performance
2025-06-03 14:36:09,415 - SklearnModel - INFO - Evaluating model performance
2025-06-03 14:36:09,415 - SklearnModel - INFO - Evaluating model performance
2025-06-03 14:36:09,415 - SklearnModel - DEBUG - Making predictions
2025-06-03 14:36:09,415 - SklearnModel - DEBUG - Making predictions
2025-06-03 14:36:09,415 - SklearnModel - DEBUG - Making predictions
2025-06-03 14:36:09,415 - SklearnModel - DEBUG - Making predictions
2025-06-03 14:36:09,415 - SklearnModel - DEBUG - Making predictions
2025-06-03 14:36:09,420 - SklearnModel - INFO - Evaluation metrics: {'accuracy': 0.0, 'precision': 0.0, 'recall': 0.0, 'f1': 0.0}
2025-06-03 14:36:09,420 - SklearnModel - INFO - Evaluation metrics: {'accuracy': 0.0, 'precision': 0.0, 'recall': 0.0, 'f1': 0.0}
2025-06-03 14:36:09,420 - SklearnModel - INFO - Evaluation metrics: {'accuracy': 0.0, 'precision': 0.0, 'recall': 0.0, 'f1': 0.0}
2025-06-03 14:36:09,420 - SklearnModel - INFO - Evaluation metrics: {'accuracy': 0.0, 'precision': 0.0, 'recall': 0.0, 'f1': 0.0}
2025-06-03 14:36:09,420 - SklearnModel - INFO - Evaluation metrics: {'accuracy': 0.0, 'precision': 0.0, 'recall': 0.0, 'f1': 0.0}
2025-06-03 14:36:09,420 - SklearnModel - INFO - Training SVC
2025-06-03 14:36:09,420 - SklearnModel - INFO - Training SVC
2025-06-03 14:36:09,420 - SklearnModel - INFO - Training SVC
2025-06-03 14:36:09,420 - SklearnModel - INFO - Training SVC
2025-06-03 14:36:09,420 - SklearnModel - INFO - Training SVC
2025-06-03 14:36:09,423 - SklearnModel - INFO - Training completed
2025-06-03 14:36:09,423 - SklearnModel - INFO - Training completed
2025-06-03 14:36:09,423 - SklearnModel - INFO - Training completed
2025-06-03 14:36:09,423 - SklearnModel - INFO - Training completed
2025-06-03 14:36:09,423 - SklearnModel - INFO - Training completed
2025-06-03 14:36:09,423 - SklearnModel - INFO - Evaluating model performance
2025-06-03 14:36:09,423 - SklearnModel - INFO - Evaluating model performance
2025-06-03 14:36:09,423 - SklearnModel - INFO - Evaluating model performance
2025-06-03 14:36:09,423 - SklearnModel - INFO - Evaluating model performance
2025-06-03 14:36:09,423 - SklearnModel - INFO - Evaluating model performance
2025-06-03 14:36:09,423 - SklearnModel - DEBUG - Making predictions
2025-06-03 14:36:09,423 - SklearnModel - DEBUG - Making predictions
2025-06-03 14:36:09,423 - SklearnModel - DEBUG - Making predictions
2025-06-03 14:36:09,423 - SklearnModel - DEBUG - Making predictions
2025-06-03 14:36:09,423 - SklearnModel - DEBUG - Making predictions
2025-06-03 14:36:09,428 - SklearnModel - INFO - Evaluation metrics: {'accuracy': 0.0, 'precision': 0.0, 'recall': 0.0, 'f1': 0.0}
2025-06-03 14:36:09,428 - SklearnModel - INFO - Evaluation metrics: {'accuracy': 0.0, 'precision': 0.0, 'recall': 0.0, 'f1': 0.0}
2025-06-03 14:36:09,428 - SklearnModel - INFO - Evaluation metrics: {'accuracy': 0.0, 'precision': 0.0, 'recall': 0.0, 'f1': 0.0}
2025-06-03 14:36:09,428 - SklearnModel - INFO - Evaluation metrics: {'accuracy': 0.0, 'precision': 0.0, 'recall': 0.0, 'f1': 0.0}
2025-06-03 14:36:09,428 - SklearnModel - INFO - Evaluation metrics: {'accuracy': 0.0, 'precision': 0.0, 'recall': 0.0, 'f1': 0.0}
