2025-06-04 14:46:18,727 - SklearnModel - INFO - Initializing SklearnModel with LogisticRegression
2025-06-04 14:46:18,727 - SklearnModel - INFO - Training LogisticRegression
2025-06-04 14:46:18,733 - SklearnModel - INFO - Training completed
2025-06-04 14:46:18,733 - SklearnModel - DEBUG - Making predictions
2025-06-04 14:46:18,745 - SklearnModel - INFO - Initializing SklearnModel with LogisticRegression
2025-06-04 14:46:18,745 - SklearnModel - INFO - Initializing SklearnModel with LogisticRegression
2025-06-04 14:46:18,746 - SklearnModel - INFO - Initializing SklearnModel with RandomForestClassifier
2025-06-04 14:46:18,746 - SklearnModel - INFO - Initializing SklearnModel with RandomForestClassifier
2025-06-04 14:46:18,746 - SklearnModel - INFO - Initializing SklearnModel with RandomForestClassifier
2025-06-04 14:46:18,746 - SklearnModel - INFO - Initializing SklearnModel with GradientBoostingClassifier
2025-06-04 14:46:18,746 - SklearnModel - INFO - Initializing SklearnModel with GradientBoostingClassifier
2025-06-04 14:46:18,746 - SklearnModel - INFO - Initializing SklearnModel with GradientBoostingClassifier
2025-06-04 14:46:18,746 - SklearnModel - INFO - Initializing SklearnModel with GradientBoostingClassifier
2025-06-04 14:46:18,746 - SklearnModel - INFO - Initializing SklearnModel with SVC
2025-06-04 14:46:18,746 - SklearnModel - INFO - Initializing SklearnModel with SVC
2025-06-04 14:46:18,746 - SklearnModel - INFO - Initializing SklearnModel with SVC
2025-06-04 14:46:18,746 - SklearnModel - INFO - Initializing SklearnModel with SVC
2025-06-04 14:46:18,746 - SklearnModel - INFO - Initializing SklearnModel with SVC
2025-06-04 14:46:18,748 - SklearnModel - INFO - Training LogisticRegression
2025-06-04 14:46:18,748 - SklearnModel - INFO - Training LogisticRegression
2025-06-04 14:46:18,748 - SklearnModel - INFO - Training LogisticRegression
2025-06-04 14:46:18,748 - SklearnModel - INFO - Training LogisticRegression
2025-06-04 14:46:18,748 - SklearnModel - INFO - Training LogisticRegression
2025-06-04 14:46:18,751 - SklearnModel - INFO - Training completed
2025-06-04 14:46:18,751 - SklearnModel - INFO - Training completed
2025-06-04 14:46:18,751 - SklearnModel - INFO - Training completed
2025-06-04 14:46:18,751 - SklearnModel - INFO - Training completed
2025-06-04 14:46:18,751 - SklearnModel - INFO - Training completed
2025-06-04 14:46:18,752 - SklearnModel - INFO - Evaluating model performance
2025-06-04 14:46:18,752 - SklearnModel - INFO - Evaluating model performance
2025-06-04 14:46:18,752 - SklearnModel - INFO - Evaluating model performance
2025-06-04 14:46:18,752 - SklearnModel - INFO - Evaluating model performance
2025-06-04 14:46:18,752 - SklearnModel - INFO - Evaluating model performance
2025-06-04 14:46:18,752 - SklearnModel - DEBUG - Making predictions
2025-06-04 14:46:18,752 - SklearnModel - DEBUG - Making predictions
2025-06-04 14:46:18,752 - SklearnModel - DEBUG - Making predictions
2025-06-04 14:46:18,752 - SklearnModel - DEBUG - Making predictions
2025-06-04 14:46:18,752 - SklearnModel - DEBUG - Making predictions
2025-06-04 14:46:18,756 - SklearnModel - INFO - Evaluation metrics: {'accuracy': 0.0, 'precision': 0.0, 'recall': 0.0, 'f1': 0.0}
2025-06-04 14:46:18,756 - SklearnModel - INFO - Evaluation metrics: {'accuracy': 0.0, 'precision': 0.0, 'recall': 0.0, 'f1': 0.0}
2025-06-04 14:46:18,756 - SklearnModel - INFO - Evaluation metrics: {'accuracy': 0.0, 'precision': 0.0, 'recall': 0.0, 'f1': 0.0}
2025-06-04 14:46:18,756 - SklearnModel - INFO - Evaluation metrics: {'accuracy': 0.0, 'precision': 0.0, 'recall': 0.0, 'f1': 0.0}
2025-06-04 14:46:18,756 - SklearnModel - INFO - Evaluation metrics: {'accuracy': 0.0, 'precision': 0.0, 'recall': 0.0, 'f1': 0.0}
2025-06-04 14:46:18,757 - SklearnModel - INFO - Training RandomForestClassifier
2025-06-04 14:46:18,757 - SklearnModel - INFO - Training RandomForestClassifier
2025-06-04 14:46:18,757 - SklearnModel - INFO - Training RandomForestClassifier
2025-06-04 14:46:18,757 - SklearnModel - INFO - Training RandomForestClassifier
2025-06-04 14:46:18,757 - SklearnModel - INFO - Training RandomForestClassifier
2025-06-04 14:46:18,826 - SklearnModel - INFO - Training completed
2025-06-04 14:46:18,826 - SklearnModel - INFO - Training completed
2025-06-04 14:46:18,826 - SklearnModel - INFO - Training completed
2025-06-04 14:46:18,826 - SklearnModel - INFO - Training completed
2025-06-04 14:46:18,826 - SklearnModel - INFO - Training completed
2025-06-04 14:46:18,827 - SklearnModel - INFO - Evaluating model performance
2025-06-04 14:46:18,827 - SklearnModel - INFO - Evaluating model performance
2025-06-04 14:46:18,827 - SklearnModel - INFO - Evaluating model performance
2025-06-04 14:46:18,827 - SklearnModel - INFO - Evaluating model performance
2025-06-04 14:46:18,827 - SklearnModel - INFO - Evaluating model performance
2025-06-04 14:46:18,827 - SklearnModel - DEBUG - Making predictions
2025-06-04 14:46:18,827 - SklearnModel - DEBUG - Making predictions
2025-06-04 14:46:18,827 - SklearnModel - DEBUG - Making predictions
2025-06-04 14:46:18,827 - SklearnModel - DEBUG - Making predictions
2025-06-04 14:46:18,827 - SklearnModel - DEBUG - Making predictions
2025-06-04 14:46:18,834 - SklearnModel - INFO - Evaluation metrics: {'accuracy': 0.0, 'precision': 0.0, 'recall': 0.0, 'f1': 0.0}
2025-06-04 14:46:18,834 - SklearnModel - INFO - Evaluation metrics: {'accuracy': 0.0, 'precision': 0.0, 'recall': 0.0, 'f1': 0.0}
2025-06-04 14:46:18,834 - SklearnModel - INFO - Evaluation metrics: {'accuracy': 0.0, 'precision': 0.0, 'recall': 0.0, 'f1': 0.0}
2025-06-04 14:46:18,834 - SklearnModel - INFO - Evaluation metrics: {'accuracy': 0.0, 'precision': 0.0, 'recall': 0.0, 'f1': 0.0}
2025-06-04 14:46:18,834 - SklearnModel - INFO - Evaluation metrics: {'accuracy': 0.0, 'precision': 0.0, 'recall': 0.0, 'f1': 0.0}
2025-06-04 14:46:18,835 - SklearnModel - INFO - Training GradientBoostingClassifier
2025-06-04 14:46:18,835 - SklearnModel - INFO - Training GradientBoostingClassifier
2025-06-04 14:46:18,835 - SklearnModel - INFO - Training GradientBoostingClassifier
2025-06-04 14:46:18,835 - SklearnModel - INFO - Training GradientBoostingClassifier
2025-06-04 14:46:18,835 - SklearnModel - INFO - Training GradientBoostingClassifier
2025-06-04 14:46:18,861 - SklearnModel - INFO - Training completed
2025-06-04 14:46:18,861 - SklearnModel - INFO - Training completed
2025-06-04 14:46:18,861 - SklearnModel - INFO - Training completed
2025-06-04 14:46:18,861 - SklearnModel - INFO - Training completed
2025-06-04 14:46:18,861 - SklearnModel - INFO - Training completed
2025-06-04 14:46:18,862 - SklearnModel - INFO - Evaluating model performance
2025-06-04 14:46:18,862 - SklearnModel - INFO - Evaluating model performance
2025-06-04 14:46:18,862 - SklearnModel - INFO - Evaluating model performance
2025-06-04 14:46:18,862 - SklearnModel - INFO - Evaluating model performance
2025-06-04 14:46:18,862 - SklearnModel - INFO - Evaluating model performance
2025-06-04 14:46:18,862 - SklearnModel - DEBUG - Making predictions
2025-06-04 14:46:18,862 - SklearnModel - DEBUG - Making predictions
2025-06-04 14:46:18,862 - SklearnModel - DEBUG - Making predictions
2025-06-04 14:46:18,862 - SklearnModel - DEBUG - Making predictions
2025-06-04 14:46:18,862 - SklearnModel - DEBUG - Making predictions
2025-06-04 14:46:18,866 - SklearnModel - INFO - Evaluation metrics: {'accuracy': 0.0, 'precision': 0.0, 'recall': 0.0, 'f1': 0.0}
2025-06-04 14:46:18,866 - SklearnModel - INFO - Evaluation metrics: {'accuracy': 0.0, 'precision': 0.0, 'recall': 0.0, 'f1': 0.0}
2025-06-04 14:46:18,866 - SklearnModel - INFO - Evaluation metrics: {'accuracy': 0.0, 'precision': 0.0, 'recall': 0.0, 'f1': 0.0}
2025-06-04 14:46:18,866 - SklearnModel - INFO - Evaluation metrics: {'accuracy': 0.0, 'precision': 0.0, 'recall': 0.0, 'f1': 0.0}
2025-06-04 14:46:18,866 - SklearnModel - INFO - Evaluation metrics: {'accuracy': 0.0, 'precision': 0.0, 'recall': 0.0, 'f1': 0.0}
2025-06-04 14:46:18,866 - SklearnModel - INFO - Training SVC
2025-06-04 14:46:18,866 - SklearnModel - INFO - Training SVC
2025-06-04 14:46:18,866 - SklearnModel - INFO - Training SVC
2025-06-04 14:46:18,866 - SklearnModel - INFO - Training SVC
2025-06-04 14:46:18,866 - SklearnModel - INFO - Training SVC
2025-06-04 14:46:18,869 - SklearnModel - INFO - Training completed
2025-06-04 14:46:18,869 - SklearnModel - INFO - Training completed
2025-06-04 14:46:18,869 - SklearnModel - INFO - Training completed
2025-06-04 14:46:18,869 - SklearnModel - INFO - Training completed
2025-06-04 14:46:18,869 - SklearnModel - INFO - Training completed
2025-06-04 14:46:18,869 - SklearnModel - INFO - Evaluating model performance
2025-06-04 14:46:18,869 - SklearnModel - INFO - Evaluating model performance
2025-06-04 14:46:18,869 - SklearnModel - INFO - Evaluating model performance
2025-06-04 14:46:18,869 - SklearnModel - INFO - Evaluating model performance
2025-06-04 14:46:18,869 - SklearnModel - INFO - Evaluating model performance
2025-06-04 14:46:18,869 - SklearnModel - DEBUG - Making predictions
2025-06-04 14:46:18,869 - SklearnModel - DEBUG - Making predictions
2025-06-04 14:46:18,869 - SklearnModel - DEBUG - Making predictions
2025-06-04 14:46:18,869 - SklearnModel - DEBUG - Making predictions
2025-06-04 14:46:18,869 - SklearnModel - DEBUG - Making predictions
2025-06-04 14:46:18,873 - SklearnModel - INFO - Evaluation metrics: {'accuracy': 0.0, 'precision': 0.0, 'recall': 0.0, 'f1': 0.0}
2025-06-04 14:46:18,873 - SklearnModel - INFO - Evaluation metrics: {'accuracy': 0.0, 'precision': 0.0, 'recall': 0.0, 'f1': 0.0}
2025-06-04 14:46:18,873 - SklearnModel - INFO - Evaluation metrics: {'accuracy': 0.0, 'precision': 0.0, 'recall': 0.0, 'f1': 0.0}
2025-06-04 14:46:18,873 - SklearnModel - INFO - Evaluation metrics: {'accuracy': 0.0, 'precision': 0.0, 'recall': 0.0, 'f1': 0.0}
2025-06-04 14:46:18,873 - SklearnModel - INFO - Evaluation metrics: {'accuracy': 0.0, 'precision': 0.0, 'recall': 0.0, 'f1': 0.0}
