2025-06-03 15:29:18,601 - SklearnModel - INFO - Initializing SklearnModel with LogisticRegression
2025-06-03 15:29:18,602 - SklearnModel - INFO - Initializing SklearnModel with RandomForestClassifier
2025-06-03 15:29:18,602 - SklearnModel - INFO - Initializing SklearnModel with RandomForestClassifier
2025-06-03 15:29:18,602 - SklearnModel - INFO - Initializing SklearnModel with GradientBoostingClassifier
2025-06-03 15:29:18,602 - SklearnModel - INFO - Initializing SklearnModel with GradientBoostingClassifier
2025-06-03 15:29:18,602 - SklearnModel - INFO - Initializing SklearnModel with GradientBoostingClassifier
2025-06-03 15:29:18,603 - SklearnModel - INFO - Initializing SklearnModel with SVC
2025-06-03 15:29:18,603 - SklearnModel - INFO - Initializing SklearnModel with SVC
2025-06-03 15:29:18,603 - SklearnModel - INFO - Initializing SklearnModel with SVC
2025-06-03 15:29:18,603 - SklearnModel - INFO - Initializing SklearnModel with SVC
2025-06-03 15:29:18,634 - SklearnModel - INFO - Training LogisticRegression
2025-06-03 15:29:18,634 - SklearnModel - INFO - Training LogisticRegression
2025-06-03 15:29:18,634 - SklearnModel - INFO - Training LogisticRegression
2025-06-03 15:29:18,634 - SklearnModel - INFO - Training LogisticRegression
2025-06-03 15:29:18,712 - SklearnModel - INFO - Training completed
2025-06-03 15:29:18,712 - SklearnModel - INFO - Training completed
2025-06-03 15:29:18,712 - SklearnModel - INFO - Training completed
2025-06-03 15:29:18,712 - SklearnModel - INFO - Training completed
2025-06-03 15:29:18,712 - SklearnModel - INFO - Evaluating model performance
2025-06-03 15:29:18,712 - SklearnModel - INFO - Evaluating model performance
2025-06-03 15:29:18,712 - SklearnModel - INFO - Evaluating model performance
2025-06-03 15:29:18,712 - SklearnModel - INFO - Evaluating model performance
2025-06-03 15:29:18,712 - SklearnModel - DEBUG - Making predictions
2025-06-03 15:29:18,712 - SklearnModel - DEBUG - Making predictions
2025-06-03 15:29:18,712 - SklearnModel - DEBUG - Making predictions
2025-06-03 15:29:18,712 - SklearnModel - DEBUG - Making predictions
2025-06-03 15:29:18,722 - SklearnModel - INFO - Evaluation metrics: {'accuracy': 0.73, 'precision': 0.7115204678362573, 'recall': 0.73, 'f1': 0.7084}
2025-06-03 15:29:18,722 - SklearnModel - INFO - Evaluation metrics: {'accuracy': 0.73, 'precision': 0.7115204678362573, 'recall': 0.73, 'f1': 0.7084}
2025-06-03 15:29:18,722 - SklearnModel - INFO - Evaluation metrics: {'accuracy': 0.73, 'precision': 0.7115204678362573, 'recall': 0.73, 'f1': 0.7084}
2025-06-03 15:29:18,722 - SklearnModel - INFO - Evaluation metrics: {'accuracy': 0.73, 'precision': 0.7115204678362573, 'recall': 0.73, 'f1': 0.7084}
2025-06-03 15:29:18,723 - SklearnModel - INFO - Training RandomForestClassifier
2025-06-03 15:29:18,723 - SklearnModel - INFO - Training RandomForestClassifier
2025-06-03 15:29:18,723 - SklearnModel - INFO - Training RandomForestClassifier
2025-06-03 15:29:18,723 - SklearnModel - INFO - Training RandomForestClassifier
2025-06-03 15:29:18,975 - SklearnModel - INFO - Training completed
2025-06-03 15:29:18,975 - SklearnModel - INFO - Training completed
2025-06-03 15:29:18,975 - SklearnModel - INFO - Training completed
2025-06-03 15:29:18,975 - SklearnModel - INFO - Training completed
2025-06-03 15:29:18,976 - SklearnModel - INFO - Evaluating model performance
2025-06-03 15:29:18,976 - SklearnModel - INFO - Evaluating model performance
2025-06-03 15:29:18,976 - SklearnModel - INFO - Evaluating model performance
2025-06-03 15:29:18,976 - SklearnModel - INFO - Evaluating model performance
2025-06-03 15:29:18,976 - SklearnModel - DEBUG - Making predictions
2025-06-03 15:29:18,976 - SklearnModel - DEBUG - Making predictions
2025-06-03 15:29:18,976 - SklearnModel - DEBUG - Making predictions
2025-06-03 15:29:18,976 - SklearnModel - DEBUG - Making predictions
2025-06-03 15:29:19,003 - SklearnModel - INFO - Evaluation metrics: {'accuracy': 0.7, 'precision': 0.677697408077155, 'recall': 0.7, 'f1': 0.6812889812889813}
2025-06-03 15:29:19,003 - SklearnModel - INFO - Evaluation metrics: {'accuracy': 0.7, 'precision': 0.677697408077155, 'recall': 0.7, 'f1': 0.6812889812889813}
2025-06-03 15:29:19,003 - SklearnModel - INFO - Evaluation metrics: {'accuracy': 0.7, 'precision': 0.677697408077155, 'recall': 0.7, 'f1': 0.6812889812889813}
2025-06-03 15:29:19,003 - SklearnModel - INFO - Evaluation metrics: {'accuracy': 0.7, 'precision': 0.677697408077155, 'recall': 0.7, 'f1': 0.6812889812889813}
2025-06-03 15:29:19,004 - SklearnModel - INFO - Training GradientBoostingClassifier
2025-06-03 15:29:19,004 - SklearnModel - INFO - Training GradientBoostingClassifier
2025-06-03 15:29:19,004 - SklearnModel - INFO - Training GradientBoostingClassifier
2025-06-03 15:29:19,004 - SklearnModel - INFO - Training GradientBoostingClassifier
2025-06-03 15:29:19,186 - SklearnModel - INFO - Training completed
2025-06-03 15:29:19,186 - SklearnModel - INFO - Training completed
2025-06-03 15:29:19,186 - SklearnModel - INFO - Training completed
2025-06-03 15:29:19,186 - SklearnModel - INFO - Training completed
2025-06-03 15:29:19,187 - SklearnModel - INFO - Evaluating model performance
2025-06-03 15:29:19,187 - SklearnModel - INFO - Evaluating model performance
2025-06-03 15:29:19,187 - SklearnModel - INFO - Evaluating model performance
2025-06-03 15:29:19,187 - SklearnModel - INFO - Evaluating model performance
2025-06-03 15:29:19,187 - SklearnModel - DEBUG - Making predictions
2025-06-03 15:29:19,187 - SklearnModel - DEBUG - Making predictions
2025-06-03 15:29:19,187 - SklearnModel - DEBUG - Making predictions
2025-06-03 15:29:19,187 - SklearnModel - DEBUG - Making predictions
2025-06-03 15:29:19,193 - SklearnModel - INFO - Evaluation metrics: {'accuracy': 0.675, 'precision': 0.6547142261159783, 'recall': 0.675, 'f1': 0.6610139033386929}
2025-06-03 15:29:19,193 - SklearnModel - INFO - Evaluation metrics: {'accuracy': 0.675, 'precision': 0.6547142261159783, 'recall': 0.675, 'f1': 0.6610139033386929}
2025-06-03 15:29:19,193 - SklearnModel - INFO - Evaluation metrics: {'accuracy': 0.675, 'precision': 0.6547142261159783, 'recall': 0.675, 'f1': 0.6610139033386929}
2025-06-03 15:29:19,193 - SklearnModel - INFO - Evaluation metrics: {'accuracy': 0.675, 'precision': 0.6547142261159783, 'recall': 0.675, 'f1': 0.6610139033386929}
2025-06-03 15:29:19,193 - SklearnModel - INFO - Training SVC
2025-06-03 15:29:19,193 - SklearnModel - INFO - Training SVC
2025-06-03 15:29:19,193 - SklearnModel - INFO - Training SVC
2025-06-03 15:29:19,193 - SklearnModel - INFO - Training SVC
2025-06-03 15:29:19,270 - SklearnModel - INFO - Training completed
2025-06-03 15:29:19,270 - SklearnModel - INFO - Training completed
2025-06-03 15:29:19,270 - SklearnModel - INFO - Training completed
2025-06-03 15:29:19,270 - SklearnModel - INFO - Training completed
2025-06-03 15:29:19,270 - SklearnModel - INFO - Evaluating model performance
2025-06-03 15:29:19,270 - SklearnModel - INFO - Evaluating model performance
2025-06-03 15:29:19,270 - SklearnModel - INFO - Evaluating model performance
2025-06-03 15:29:19,270 - SklearnModel - INFO - Evaluating model performance
2025-06-03 15:29:19,270 - SklearnModel - DEBUG - Making predictions
2025-06-03 15:29:19,270 - SklearnModel - DEBUG - Making predictions
2025-06-03 15:29:19,270 - SklearnModel - DEBUG - Making predictions
2025-06-03 15:29:19,270 - SklearnModel - DEBUG - Making predictions
2025-06-03 15:29:19,281 - SklearnModel - INFO - Evaluation metrics: {'accuracy': 0.71, 'precision': 0.684500354358611, 'recall': 0.71, 'f1': 0.681063596491228}
2025-06-03 15:29:19,281 - SklearnModel - INFO - Evaluation metrics: {'accuracy': 0.71, 'precision': 0.684500354358611, 'recall': 0.71, 'f1': 0.681063596491228}
2025-06-03 15:29:19,281 - SklearnModel - INFO - Evaluation metrics: {'accuracy': 0.71, 'precision': 0.684500354358611, 'recall': 0.71, 'f1': 0.681063596491228}
2025-06-03 15:29:19,281 - SklearnModel - INFO - Evaluation metrics: {'accuracy': 0.71, 'precision': 0.684500354358611, 'recall': 0.71, 'f1': 0.681063596491228}
