2025-06-04 12:08:44,753 - SklearnModel - INFO - Initializing SklearnModel with LogisticRegression
2025-06-04 12:08:44,754 - SklearnModel - INFO - Initializing SklearnModel with RandomForestClassifier
2025-06-04 12:08:44,754 - SklearnModel - INFO - Initializing SklearnModel with RandomForestClassifier
2025-06-04 12:08:44,754 - SklearnModel - INFO - Initializing SklearnModel with GradientBoostingClassifier
2025-06-04 12:08:44,754 - SklearnModel - INFO - Initializing SklearnModel with GradientBoostingClassifier
2025-06-04 12:08:44,754 - SklearnModel - INFO - Initializing SklearnModel with GradientBoostingClassifier
2025-06-04 12:08:44,754 - SklearnModel - INFO - Initializing SklearnModel with SVC
2025-06-04 12:08:44,754 - SklearnModel - INFO - Initializing SklearnModel with SVC
2025-06-04 12:08:44,754 - SklearnModel - INFO - Initializing SklearnModel with SVC
2025-06-04 12:08:44,754 - SklearnModel - INFO - Initializing SklearnModel with SVC
2025-06-04 12:08:44,780 - SklearnModel - INFO - Training LogisticRegression
2025-06-04 12:08:44,780 - SklearnModel - INFO - Training LogisticRegression
2025-06-04 12:08:44,780 - SklearnModel - INFO - Training LogisticRegression
2025-06-04 12:08:44,780 - SklearnModel - INFO - Training LogisticRegression
2025-06-04 12:08:48,221 - SklearnModel - INFO - Training completed
2025-06-04 12:08:48,221 - SklearnModel - INFO - Training completed
2025-06-04 12:08:48,221 - SklearnModel - INFO - Training completed
2025-06-04 12:08:48,221 - SklearnModel - INFO - Training completed
2025-06-04 12:08:48,221 - SklearnModel - INFO - Evaluating model performance
2025-06-04 12:08:48,221 - SklearnModel - INFO - Evaluating model performance
2025-06-04 12:08:48,221 - SklearnModel - INFO - Evaluating model performance
2025-06-04 12:08:48,221 - SklearnModel - INFO - Evaluating model performance
2025-06-04 12:08:48,221 - SklearnModel - DEBUG - Making predictions
2025-06-04 12:08:48,221 - SklearnModel - DEBUG - Making predictions
2025-06-04 12:08:48,221 - SklearnModel - DEBUG - Making predictions
2025-06-04 12:08:48,221 - SklearnModel - DEBUG - Making predictions
2025-06-04 12:08:48,238 - SklearnModel - INFO - Evaluation metrics: {'accuracy': 0.73, 'precision': 0.7115204678362573, 'recall': 0.73, 'f1': 0.7084}
2025-06-04 12:08:48,238 - SklearnModel - INFO - Evaluation metrics: {'accuracy': 0.73, 'precision': 0.7115204678362573, 'recall': 0.73, 'f1': 0.7084}
2025-06-04 12:08:48,238 - SklearnModel - INFO - Evaluation metrics: {'accuracy': 0.73, 'precision': 0.7115204678362573, 'recall': 0.73, 'f1': 0.7084}
2025-06-04 12:08:48,238 - SklearnModel - INFO - Evaluation metrics: {'accuracy': 0.73, 'precision': 0.7115204678362573, 'recall': 0.73, 'f1': 0.7084}
2025-06-04 12:08:48,260 - SklearnModel - INFO - Training RandomForestClassifier
2025-06-04 12:08:48,260 - SklearnModel - INFO - Training RandomForestClassifier
2025-06-04 12:08:48,260 - SklearnModel - INFO - Training RandomForestClassifier
2025-06-04 12:08:48,260 - SklearnModel - INFO - Training RandomForestClassifier
2025-06-04 12:08:51,300 - SklearnModel - INFO - Training completed
2025-06-04 12:08:51,300 - SklearnModel - INFO - Training completed
2025-06-04 12:08:51,300 - SklearnModel - INFO - Training completed
2025-06-04 12:08:51,300 - SklearnModel - INFO - Training completed
2025-06-04 12:08:51,300 - SklearnModel - INFO - Evaluating model performance
2025-06-04 12:08:51,300 - SklearnModel - INFO - Evaluating model performance
2025-06-04 12:08:51,300 - SklearnModel - INFO - Evaluating model performance
2025-06-04 12:08:51,300 - SklearnModel - INFO - Evaluating model performance
2025-06-04 12:08:51,301 - SklearnModel - DEBUG - Making predictions
2025-06-04 12:08:51,301 - SklearnModel - DEBUG - Making predictions
2025-06-04 12:08:51,301 - SklearnModel - DEBUG - Making predictions
2025-06-04 12:08:51,301 - SklearnModel - DEBUG - Making predictions
2025-06-04 12:08:51,334 - SklearnModel - INFO - Evaluation metrics: {'accuracy': 0.7, 'precision': 0.677697408077155, 'recall': 0.7, 'f1': 0.6812889812889813}
2025-06-04 12:08:51,334 - SklearnModel - INFO - Evaluation metrics: {'accuracy': 0.7, 'precision': 0.677697408077155, 'recall': 0.7, 'f1': 0.6812889812889813}
2025-06-04 12:08:51,334 - SklearnModel - INFO - Evaluation metrics: {'accuracy': 0.7, 'precision': 0.677697408077155, 'recall': 0.7, 'f1': 0.6812889812889813}
2025-06-04 12:08:51,334 - SklearnModel - INFO - Evaluation metrics: {'accuracy': 0.7, 'precision': 0.677697408077155, 'recall': 0.7, 'f1': 0.6812889812889813}
2025-06-04 12:08:51,352 - SklearnModel - INFO - Training GradientBoostingClassifier
2025-06-04 12:08:51,352 - SklearnModel - INFO - Training GradientBoostingClassifier
2025-06-04 12:08:51,352 - SklearnModel - INFO - Training GradientBoostingClassifier
2025-06-04 12:08:51,352 - SklearnModel - INFO - Training GradientBoostingClassifier
2025-06-04 12:08:53,483 - SklearnModel - INFO - Training completed
2025-06-04 12:08:53,483 - SklearnModel - INFO - Training completed
2025-06-04 12:08:53,483 - SklearnModel - INFO - Training completed
2025-06-04 12:08:53,483 - SklearnModel - INFO - Training completed
2025-06-04 12:08:53,483 - SklearnModel - INFO - Evaluating model performance
2025-06-04 12:08:53,483 - SklearnModel - INFO - Evaluating model performance
2025-06-04 12:08:53,483 - SklearnModel - INFO - Evaluating model performance
2025-06-04 12:08:53,483 - SklearnModel - INFO - Evaluating model performance
2025-06-04 12:08:53,483 - SklearnModel - DEBUG - Making predictions
2025-06-04 12:08:53,483 - SklearnModel - DEBUG - Making predictions
2025-06-04 12:08:53,483 - SklearnModel - DEBUG - Making predictions
2025-06-04 12:08:53,483 - SklearnModel - DEBUG - Making predictions
2025-06-04 12:08:53,490 - SklearnModel - INFO - Evaluation metrics: {'accuracy': 0.675, 'precision': 0.6547142261159783, 'recall': 0.675, 'f1': 0.6610139033386929}
2025-06-04 12:08:53,490 - SklearnModel - INFO - Evaluation metrics: {'accuracy': 0.675, 'precision': 0.6547142261159783, 'recall': 0.675, 'f1': 0.6610139033386929}
2025-06-04 12:08:53,490 - SklearnModel - INFO - Evaluation metrics: {'accuracy': 0.675, 'precision': 0.6547142261159783, 'recall': 0.675, 'f1': 0.6610139033386929}
2025-06-04 12:08:53,490 - SklearnModel - INFO - Evaluation metrics: {'accuracy': 0.675, 'precision': 0.6547142261159783, 'recall': 0.675, 'f1': 0.6610139033386929}
2025-06-04 12:08:53,510 - SklearnModel - INFO - Training SVC
2025-06-04 12:08:53,510 - SklearnModel - INFO - Training SVC
2025-06-04 12:08:53,510 - SklearnModel - INFO - Training SVC
2025-06-04 12:08:53,510 - SklearnModel - INFO - Training SVC
2025-06-04 12:08:55,642 - SklearnModel - INFO - Training completed
2025-06-04 12:08:55,642 - SklearnModel - INFO - Training completed
2025-06-04 12:08:55,642 - SklearnModel - INFO - Training completed
2025-06-04 12:08:55,642 - SklearnModel - INFO - Training completed
2025-06-04 12:08:55,642 - SklearnModel - INFO - Evaluating model performance
2025-06-04 12:08:55,642 - SklearnModel - INFO - Evaluating model performance
2025-06-04 12:08:55,642 - SklearnModel - INFO - Evaluating model performance
2025-06-04 12:08:55,642 - SklearnModel - INFO - Evaluating model performance
2025-06-04 12:08:55,642 - SklearnModel - DEBUG - Making predictions
2025-06-04 12:08:55,642 - SklearnModel - DEBUG - Making predictions
2025-06-04 12:08:55,642 - SklearnModel - DEBUG - Making predictions
2025-06-04 12:08:55,642 - SklearnModel - DEBUG - Making predictions
2025-06-04 12:08:55,655 - SklearnModel - INFO - Evaluation metrics: {'accuracy': 0.71, 'precision': 0.684500354358611, 'recall': 0.71, 'f1': 0.681063596491228}
2025-06-04 12:08:55,655 - SklearnModel - INFO - Evaluation metrics: {'accuracy': 0.71, 'precision': 0.684500354358611, 'recall': 0.71, 'f1': 0.681063596491228}
2025-06-04 12:08:55,655 - SklearnModel - INFO - Evaluation metrics: {'accuracy': 0.71, 'precision': 0.684500354358611, 'recall': 0.71, 'f1': 0.681063596491228}
2025-06-04 12:08:55,655 - SklearnModel - INFO - Evaluation metrics: {'accuracy': 0.71, 'precision': 0.684500354358611, 'recall': 0.71, 'f1': 0.681063596491228}
