2025-06-04 14:51:25,310 - StandardDataPreprocessor - INFO - Initializing StandardDataPreprocessor
2025-06-04 14:51:25,310 - StandardDataPreprocessor - INFO - Starting data preprocessing
2025-06-04 14:51:25,310 - StandardDataPreprocessor - INFO - Dropping customer_id column
2025-06-04 14:51:25,311 - StandardDataPreprocessor - INFO - Handling missing values
2025-06-04 14:51:25,311 - StandardDataPreprocessor - DEBUG - Handling missing values
2025-06-04 14:51:25,311 - StandardDataPreprocessor - INFO - Filling 5 missing values in total_charges with median
2025-06-04 14:51:25,313 - StandardDataPreprocessor - INFO - Filling 5 missing values in payment_method with mode
2025-06-04 14:51:25,315 - StandardDataPreprocessor - INFO - Encoding categorical variables
2025-06-04 14:51:25,315 - StandardDataPreprocessor - DEBUG - Encoding categorical variables
2025-06-04 14:51:25,315 - StandardDataPreprocessor - INFO - Encoding categorical column: contract_type
2025-06-04 14:51:25,316 - StandardDataPreprocessor - INFO - Encoding categorical column: payment_method
2025-06-04 14:51:25,316 - StandardDataPreprocessor - INFO - Encoding categorical column: paperless_billing
2025-06-04 14:51:25,316 - StandardDataPreprocessor - INFO - Encoding categorical column: internet_service
2025-06-04 14:51:25,316 - StandardDataPreprocessor - INFO - Encoding categorical column: online_security
2025-06-04 14:51:25,316 - StandardDataPreprocessor - INFO - Encoding categorical column: online_backup
2025-06-04 14:51:25,316 - StandardDataPreprocessor - INFO - Encoding categorical column: device_protection
2025-06-04 14:51:25,317 - StandardDataPreprocessor - INFO - Encoding categorical column: tech_support
2025-06-04 14:51:25,317 - StandardDataPreprocessor - INFO - Encoding categorical column: streaming_tv
2025-06-04 14:51:25,317 - StandardDataPreprocessor - INFO - Encoding categorical column: streaming_movies
2025-06-04 14:51:25,317 - StandardDataPreprocessor - INFO - Encoding target column: churn
2025-06-04 14:51:25,317 - StandardDataPreprocessor - INFO - Scaling numerical variables
2025-06-04 14:51:25,317 - StandardDataPreprocessor - DEBUG - Scaling numerical variables
2025-06-04 14:51:25,318 - StandardDataPreprocessor - INFO - Scaling 13 numerical columns
2025-06-04 14:51:25,322 - StandardDataPreprocessor - INFO - Preprocessing completed successfully
