2025-06-03 16:07:41,497 - StandardDataPreprocessor - INFO - Initializing StandardDataPreprocessor
2025-06-03 16:07:41,504 - StandardDataPreprocessor - INFO - Starting data preprocessing
2025-06-03 16:07:41,504 - StandardDataPreprocessor - INFO - Dropping customer_id column
2025-06-03 16:07:41,505 - StandardDataPreprocessor - INFO - Handling missing values
2025-06-03 16:07:41,505 - StandardDataPreprocessor - DEBUG - Handling missing values
2025-06-03 16:07:41,505 - StandardDataPreprocessor - INFO - Filling 49 missing values in total_charges with median
2025-06-03 16:07:41,507 - StandardDataPreprocessor - INFO - Filling 29 missing values in payment_method with mode
2025-06-03 16:07:41,510 - StandardDataPreprocessor - INFO - Encoding categorical variables
2025-06-03 16:07:41,510 - StandardDataPreprocessor - DEBUG - Encoding categorical variables
2025-06-03 16:07:41,510 - StandardDataPreprocessor - INFO - Encoding categorical column: contract_type
2025-06-03 16:07:41,511 - StandardDataPreprocessor - INFO - Encoding categorical column: payment_method
2025-06-03 16:07:41,511 - StandardDataPreprocessor - INFO - Encoding categorical column: paperless_billing
2025-06-03 16:07:41,512 - StandardDataPreprocessor - INFO - Encoding categorical column: internet_service
2025-06-03 16:07:41,512 - StandardDataPreprocessor - INFO - Encoding categorical column: online_security
2025-06-03 16:07:41,512 - StandardDataPreprocessor - INFO - Encoding categorical column: online_backup
2025-06-03 16:07:41,513 - StandardDataPreprocessor - INFO - Encoding categorical column: device_protection
2025-06-03 16:07:41,513 - StandardDataPreprocessor - INFO - Encoding categorical column: tech_support
2025-06-03 16:07:41,513 - StandardDataPreprocessor - INFO - Encoding categorical column: streaming_tv
2025-06-03 16:07:41,513 - StandardDataPreprocessor - INFO - Encoding categorical column: streaming_movies
2025-06-03 16:07:41,514 - StandardDataPreprocessor - INFO - Encoding target column: churn
2025-06-03 16:07:41,514 - StandardDataPreprocessor - INFO - Scaling numerical variables
2025-06-03 16:07:41,514 - StandardDataPreprocessor - DEBUG - Scaling numerical variables
2025-06-03 16:07:41,514 - StandardDataPreprocessor - INFO - Scaling 13 numerical columns
2025-06-03 16:07:41,518 - StandardDataPreprocessor - INFO - Preprocessing completed successfully
2025-06-03 16:07:41,518 - StandardDataPreprocessor - INFO - Splitting features and target variable: churn
2025-06-03 16:07:41,518 - StandardDataPreprocessor - INFO - Split complete: 1000 features, 1000 target values
