2025-06-04 12:31:41,078 - StandardDataPreprocessor - INFO - Initializing StandardDataPreprocessor
2025-06-04 12:31:41,078 - StandardDataPreprocessor - INFO - Starting data preprocessing
2025-06-04 12:31:41,078 - StandardDataPreprocessor - INFO - Dropping customer_id column
2025-06-04 12:31:41,079 - StandardDataPreprocessor - INFO - Handling missing values
2025-06-04 12:31:41,079 - StandardDataPreprocessor - DEBUG - Handling missing values
2025-06-04 12:31:41,080 - StandardDataPreprocessor - INFO - Encoding categorical variables
2025-06-04 12:31:41,080 - StandardDataPreprocessor - DEBUG - Encoding categorical variables
2025-06-04 12:31:41,081 - StandardDataPreprocessor - INFO - Encoding categorical column: contract_type
2025-06-04 12:31:41,081 - StandardDataPreprocessor - INFO - Encoding categorical column: payment_method
2025-06-04 12:31:41,081 - StandardDataPreprocessor - INFO - Encoding categorical column: paperless_billing
2025-06-04 12:31:41,081 - StandardDataPreprocessor - INFO - Encoding categorical column: internet_service
2025-06-04 12:31:41,082 - StandardDataPreprocessor - INFO - Encoding categorical column: online_security
2025-06-04 12:31:41,082 - StandardDataPreprocessor - INFO - Encoding categorical column: online_backup
2025-06-04 12:31:41,082 - StandardDataPreprocessor - INFO - Encoding categorical column: device_protection
2025-06-04 12:31:41,082 - StandardDataPreprocessor - INFO - Encoding categorical column: tech_support
2025-06-04 12:31:41,082 - StandardDataPreprocessor - INFO - Encoding categorical column: streaming_tv
2025-06-04 12:31:41,083 - StandardDataPreprocessor - INFO - Encoding categorical column: streaming_movies
2025-06-04 12:31:41,083 - StandardDataPreprocessor - INFO - Encoding target column: churn
2025-06-04 12:31:41,083 - StandardDataPreprocessor - INFO - Scaling numerical variables
2025-06-04 12:31:41,083 - StandardDataPreprocessor - DEBUG - Scaling numerical variables
2025-06-04 12:31:41,084 - StandardDataPreprocessor - INFO - Scaling 13 numerical columns
2025-06-04 12:31:41,087 - StandardDataPreprocessor - INFO - Preprocessing completed successfully
2025-06-04 12:31:41,090 - StandardDataPreprocessor - INFO - Initializing StandardDataPreprocessor
2025-06-04 12:31:41,090 - StandardDataPreprocessor - INFO - Initializing StandardDataPreprocessor
2025-06-04 12:31:41,090 - StandardDataPreprocessor - INFO - Starting data preprocessing
2025-06-04 12:31:41,090 - StandardDataPreprocessor - INFO - Starting data preprocessing
2025-06-04 12:31:41,090 - StandardDataPreprocessor - INFO - Dropping customer_id column
2025-06-04 12:31:41,090 - StandardDataPreprocessor - INFO - Dropping customer_id column
2025-06-04 12:31:41,090 - StandardDataPreprocessor - INFO - Handling missing values
2025-06-04 12:31:41,090 - StandardDataPreprocessor - INFO - Handling missing values
2025-06-04 12:31:41,091 - StandardDataPreprocessor - DEBUG - Handling missing values
2025-06-04 12:31:41,091 - StandardDataPreprocessor - DEBUG - Handling missing values
2025-06-04 12:31:41,092 - StandardDataPreprocessor - INFO - Encoding categorical variables
2025-06-04 12:31:41,092 - StandardDataPreprocessor - INFO - Encoding categorical variables
2025-06-04 12:31:41,092 - StandardDataPreprocessor - DEBUG - Encoding categorical variables
2025-06-04 12:31:41,092 - StandardDataPreprocessor - DEBUG - Encoding categorical variables
2025-06-04 12:31:41,092 - StandardDataPreprocessor - INFO - Encoding categorical column: contract_type
2025-06-04 12:31:41,092 - StandardDataPreprocessor - INFO - Encoding categorical column: contract_type
2025-06-04 12:31:41,093 - StandardDataPreprocessor - INFO - Encoding categorical column: payment_method
2025-06-04 12:31:41,093 - StandardDataPreprocessor - INFO - Encoding categorical column: payment_method
2025-06-04 12:31:41,093 - StandardDataPreprocessor - INFO - Encoding categorical column: paperless_billing
2025-06-04 12:31:41,093 - StandardDataPreprocessor - INFO - Encoding categorical column: paperless_billing
2025-06-04 12:31:41,093 - StandardDataPreprocessor - INFO - Encoding categorical column: internet_service
2025-06-04 12:31:41,093 - StandardDataPreprocessor - INFO - Encoding categorical column: internet_service
2025-06-04 12:31:41,093 - StandardDataPreprocessor - INFO - Encoding categorical column: online_security
2025-06-04 12:31:41,093 - StandardDataPreprocessor - INFO - Encoding categorical column: online_security
2025-06-04 12:31:41,094 - StandardDataPreprocessor - INFO - Encoding categorical column: online_backup
2025-06-04 12:31:41,094 - StandardDataPreprocessor - INFO - Encoding categorical column: online_backup
2025-06-04 12:31:41,094 - StandardDataPreprocessor - INFO - Encoding categorical column: device_protection
2025-06-04 12:31:41,094 - StandardDataPreprocessor - INFO - Encoding categorical column: device_protection
2025-06-04 12:31:41,094 - StandardDataPreprocessor - INFO - Encoding categorical column: tech_support
2025-06-04 12:31:41,094 - StandardDataPreprocessor - INFO - Encoding categorical column: tech_support
2025-06-04 12:31:41,094 - StandardDataPreprocessor - INFO - Encoding categorical column: streaming_tv
2025-06-04 12:31:41,094 - StandardDataPreprocessor - INFO - Encoding categorical column: streaming_tv
2025-06-04 12:31:41,095 - StandardDataPreprocessor - INFO - Encoding categorical column: streaming_movies
2025-06-04 12:31:41,095 - StandardDataPreprocessor - INFO - Encoding categorical column: streaming_movies
2025-06-04 12:31:41,095 - StandardDataPreprocessor - INFO - Encoding target column: churn
2025-06-04 12:31:41,095 - StandardDataPreprocessor - INFO - Encoding target column: churn
2025-06-04 12:31:41,095 - StandardDataPreprocessor - INFO - Scaling numerical variables
2025-06-04 12:31:41,095 - StandardDataPreprocessor - INFO - Scaling numerical variables
2025-06-04 12:31:41,095 - StandardDataPreprocessor - DEBUG - Scaling numerical variables
2025-06-04 12:31:41,095 - StandardDataPreprocessor - DEBUG - Scaling numerical variables
2025-06-04 12:31:41,095 - StandardDataPreprocessor - INFO - Scaling 13 numerical columns
2025-06-04 12:31:41,095 - StandardDataPreprocessor - INFO - Scaling 13 numerical columns
2025-06-04 12:31:41,098 - StandardDataPreprocessor - INFO - Preprocessing completed successfully
2025-06-04 12:31:41,098 - StandardDataPreprocessor - INFO - Preprocessing completed successfully
2025-06-04 12:31:41,098 - StandardDataPreprocessor - INFO - Splitting features and target variable: churn
2025-06-04 12:31:41,098 - StandardDataPreprocessor - INFO - Splitting features and target variable: churn
2025-06-04 12:31:41,099 - StandardDataPreprocessor - INFO - Split complete: 5 features, 5 target values
2025-06-04 12:31:41,099 - StandardDataPreprocessor - INFO - Split complete: 5 features, 5 target values
2025-06-04 12:31:41,107 - StandardDataPreprocessor - INFO - Initializing StandardDataPreprocessor
2025-06-04 12:31:41,107 - StandardDataPreprocessor - INFO - Initializing StandardDataPreprocessor
2025-06-04 12:31:41,107 - StandardDataPreprocessor - INFO - Initializing StandardDataPreprocessor
2025-06-04 12:31:41,107 - StandardDataPreprocessor - INFO - Starting data preprocessing
2025-06-04 12:31:41,107 - StandardDataPreprocessor - INFO - Starting data preprocessing
2025-06-04 12:31:41,107 - StandardDataPreprocessor - INFO - Starting data preprocessing
2025-06-04 12:31:41,107 - StandardDataPreprocessor - INFO - Dropping customer_id column
2025-06-04 12:31:41,107 - StandardDataPreprocessor - INFO - Dropping customer_id column
2025-06-04 12:31:41,107 - StandardDataPreprocessor - INFO - Dropping customer_id column
2025-06-04 12:31:41,109 - StandardDataPreprocessor - INFO - Handling missing values
2025-06-04 12:31:41,109 - StandardDataPreprocessor - INFO - Handling missing values
2025-06-04 12:31:41,109 - StandardDataPreprocessor - INFO - Handling missing values
2025-06-04 12:31:41,109 - StandardDataPreprocessor - DEBUG - Handling missing values
2025-06-04 12:31:41,109 - StandardDataPreprocessor - DEBUG - Handling missing values
2025-06-04 12:31:41,109 - StandardDataPreprocessor - DEBUG - Handling missing values
2025-06-04 12:31:41,111 - StandardDataPreprocessor - INFO - Encoding categorical variables
2025-06-04 12:31:41,111 - StandardDataPreprocessor - INFO - Encoding categorical variables
2025-06-04 12:31:41,111 - StandardDataPreprocessor - INFO - Encoding categorical variables
2025-06-04 12:31:41,111 - StandardDataPreprocessor - DEBUG - Encoding categorical variables
2025-06-04 12:31:41,111 - StandardDataPreprocessor - DEBUG - Encoding categorical variables
2025-06-04 12:31:41,111 - StandardDataPreprocessor - DEBUG - Encoding categorical variables
2025-06-04 12:31:41,115 - StandardDataPreprocessor - INFO - Encoding categorical column: contract_type
2025-06-04 12:31:41,115 - StandardDataPreprocessor - INFO - Encoding categorical column: contract_type
2025-06-04 12:31:41,115 - StandardDataPreprocessor - INFO - Encoding categorical column: contract_type
2025-06-04 12:31:41,122 - StandardDataPreprocessor - INFO - Encoding categorical column: payment_method
2025-06-04 12:31:41,122 - StandardDataPreprocessor - INFO - Encoding categorical column: payment_method
2025-06-04 12:31:41,122 - StandardDataPreprocessor - INFO - Encoding categorical column: payment_method
2025-06-04 12:31:41,126 - StandardDataPreprocessor - INFO - Encoding categorical column: paperless_billing
2025-06-04 12:31:41,126 - StandardDataPreprocessor - INFO - Encoding categorical column: paperless_billing
2025-06-04 12:31:41,126 - StandardDataPreprocessor - INFO - Encoding categorical column: paperless_billing
2025-06-04 12:31:41,128 - StandardDataPreprocessor - INFO - Encoding categorical column: internet_service
2025-06-04 12:31:41,128 - StandardDataPreprocessor - INFO - Encoding categorical column: internet_service
2025-06-04 12:31:41,128 - StandardDataPreprocessor - INFO - Encoding categorical column: internet_service
2025-06-04 12:31:41,135 - StandardDataPreprocessor - INFO - Encoding categorical column: online_security
2025-06-04 12:31:41,135 - StandardDataPreprocessor - INFO - Encoding categorical column: online_security
2025-06-04 12:31:41,135 - StandardDataPreprocessor - INFO - Encoding categorical column: online_security
2025-06-04 12:31:41,139 - StandardDataPreprocessor - INFO - Encoding categorical column: online_backup
2025-06-04 12:31:41,139 - StandardDataPreprocessor - INFO - Encoding categorical column: online_backup
2025-06-04 12:31:41,139 - StandardDataPreprocessor - INFO - Encoding categorical column: online_backup
2025-06-04 12:31:41,141 - StandardDataPreprocessor - INFO - Encoding categorical column: device_protection
2025-06-04 12:31:41,141 - StandardDataPreprocessor - INFO - Encoding categorical column: device_protection
2025-06-04 12:31:41,141 - StandardDataPreprocessor - INFO - Encoding categorical column: device_protection
2025-06-04 12:31:41,152 - StandardDataPreprocessor - INFO - Encoding categorical column: tech_support
2025-06-04 12:31:41,152 - StandardDataPreprocessor - INFO - Encoding categorical column: tech_support
2025-06-04 12:31:41,152 - StandardDataPreprocessor - INFO - Encoding categorical column: tech_support
2025-06-04 12:31:41,155 - StandardDataPreprocessor - INFO - Encoding categorical column: streaming_tv
2025-06-04 12:31:41,155 - StandardDataPreprocessor - INFO - Encoding categorical column: streaming_tv
2025-06-04 12:31:41,155 - StandardDataPreprocessor - INFO - Encoding categorical column: streaming_tv
2025-06-04 12:31:41,162 - StandardDataPreprocessor - INFO - Encoding categorical column: streaming_movies
2025-06-04 12:31:41,162 - StandardDataPreprocessor - INFO - Encoding categorical column: streaming_movies
2025-06-04 12:31:41,162 - StandardDataPreprocessor - INFO - Encoding categorical column: streaming_movies
2025-06-04 12:31:41,168 - StandardDataPreprocessor - INFO - Encoding target column: churn
2025-06-04 12:31:41,168 - StandardDataPreprocessor - INFO - Encoding target column: churn
2025-06-04 12:31:41,168 - StandardDataPreprocessor - INFO - Encoding target column: churn
2025-06-04 12:31:41,171 - StandardDataPreprocessor - INFO - Scaling numerical variables
2025-06-04 12:31:41,171 - StandardDataPreprocessor - INFO - Scaling numerical variables
2025-06-04 12:31:41,171 - StandardDataPreprocessor - INFO - Scaling numerical variables
2025-06-04 12:31:41,172 - StandardDataPreprocessor - DEBUG - Scaling numerical variables
2025-06-04 12:31:41,172 - StandardDataPreprocessor - DEBUG - Scaling numerical variables
2025-06-04 12:31:41,172 - StandardDataPreprocessor - DEBUG - Scaling numerical variables
2025-06-04 12:31:41,180 - StandardDataPreprocessor - INFO - Scaling 13 numerical columns
2025-06-04 12:31:41,180 - StandardDataPreprocessor - INFO - Scaling 13 numerical columns
2025-06-04 12:31:41,180 - StandardDataPreprocessor - INFO - Scaling 13 numerical columns
2025-06-04 12:31:41,186 - StandardDataPreprocessor - INFO - Preprocessing completed successfully
2025-06-04 12:31:41,186 - StandardDataPreprocessor - INFO - Preprocessing completed successfully
2025-06-04 12:31:41,186 - StandardDataPreprocessor - INFO - Preprocessing completed successfully
2025-06-04 12:31:41,187 - StandardDataPreprocessor - INFO - Splitting features and target variable: churn
2025-06-04 12:31:41,187 - StandardDataPreprocessor - INFO - Splitting features and target variable: churn
2025-06-04 12:31:41,187 - StandardDataPreprocessor - INFO - Splitting features and target variable: churn
2025-06-04 12:31:41,187 - StandardDataPreprocessor - INFO - Split complete: 5 features, 5 target values
2025-06-04 12:31:41,187 - StandardDataPreprocessor - INFO - Split complete: 5 features, 5 target values
2025-06-04 12:31:41,187 - StandardDataPreprocessor - INFO - Split complete: 5 features, 5 target values
