2025-06-15 14:42:36,963 - StandardDataPreprocessor - INFO - Initializing StandardDataPreprocessor
2025-06-15 14:42:36,969 - StandardDataPreprocessor - INFO - Starting data preprocessing
2025-06-15 14:42:36,970 - StandardDataPreprocessor - INFO - Dropping customer_id column
2025-06-15 14:42:36,971 - StandardDataPreprocessor - INFO - Handling missing values
2025-06-15 14:42:36,971 - StandardDataPreprocessor - DEBUG - Handling missing values
2025-06-15 14:42:36,972 - StandardDataPreprocessor - INFO - Filling 49 missing values in total_charges with median
2025-06-15 14:42:36,973 - StandardDataPreprocessor - INFO - Filling 29 missing values in payment_method with mode
2025-06-15 14:42:36,976 - StandardDataPreprocessor - INFO - Encoding categorical variables
2025-06-15 14:42:36,976 - StandardDataPreprocessor - DEBUG - Encoding categorical variables
2025-06-15 14:42:36,976 - StandardDataPreprocessor - INFO - Encoding categorical column: contract_type
2025-06-15 14:42:36,977 - StandardDataPreprocessor - INFO - Encoding categorical column: payment_method
2025-06-15 14:42:36,977 - StandardDataPreprocessor - INFO - Encoding categorical column: paperless_billing
2025-06-15 14:42:36,978 - StandardDataPreprocessor - INFO - Encoding categorical column: internet_service
2025-06-15 14:42:36,978 - StandardDataPreprocessor - INFO - Encoding categorical column: online_security
2025-06-15 14:42:36,978 - StandardDataPreprocessor - INFO - Encoding categorical column: online_backup
2025-06-15 14:42:36,978 - StandardDataPreprocessor - INFO - Encoding categorical column: device_protection
2025-06-15 14:42:36,979 - StandardDataPreprocessor - INFO - Encoding categorical column: tech_support
2025-06-15 14:42:36,979 - StandardDataPreprocessor - INFO - Encoding categorical column: streaming_tv
2025-06-15 14:42:36,979 - StandardDataPreprocessor - INFO - Encoding categorical column: streaming_movies
2025-06-15 14:42:36,980 - StandardDataPreprocessor - INFO - Encoding target column: churn
2025-06-15 14:42:36,980 - StandardDataPreprocessor - INFO - Scaling numerical variables
2025-06-15 14:42:36,980 - StandardDataPreprocessor - DEBUG - Scaling numerical variables
2025-06-15 14:42:36,980 - StandardDataPreprocessor - INFO - Scaling 13 numerical columns
2025-06-15 14:42:36,984 - StandardDataPreprocessor - INFO - Preprocessing completed successfully
2025-06-15 14:42:36,984 - StandardDataPreprocessor - INFO - Splitting features and target variable: churn
2025-06-15 14:42:36,985 - StandardDataPreprocessor - INFO - Split complete: 1000 features, 1000 target values
