2025-06-04 14:59:57,903 - StandardDataPreprocessor - INFO - Initializing StandardDataPreprocessor
2025-06-04 14:59:57,904 - StandardDataPreprocessor - INFO - Starting data preprocessing
2025-06-04 14:59:57,904 - StandardDataPreprocessor - INFO - Dropping customer_id column
2025-06-04 14:59:57,904 - StandardDataPreprocessor - INFO - Handling missing values
2025-06-04 14:59:57,904 - StandardDataPreprocessor - DEBUG - Handling missing values
2025-06-04 14:59:57,905 - StandardDataPreprocessor - INFO - Filling 5 missing values in total_charges with median
2025-06-04 14:59:57,906 - StandardDataPreprocessor - INFO - Filling 5 missing values in payment_method with mode
2025-06-04 14:59:57,908 - StandardDataPreprocessor - INFO - Encoding categorical variables
2025-06-04 14:59:57,908 - StandardDataPreprocessor - DEBUG - Encoding categorical variables
2025-06-04 14:59:57,908 - StandardDataPreprocessor - INFO - Encoding categorical column: contract_type
2025-06-04 14:59:57,909 - StandardDataPreprocessor - INFO - Encoding categorical column: payment_method
2025-06-04 14:59:57,909 - StandardDataPreprocessor - INFO - Encoding categorical column: paperless_billing
2025-06-04 14:59:57,909 - StandardDataPreprocessor - INFO - Encoding categorical column: internet_service
2025-06-04 14:59:57,909 - StandardDataPreprocessor - INFO - Encoding categorical column: online_security
2025-06-04 14:59:57,909 - StandardDataPreprocessor - INFO - Encoding categorical column: online_backup
2025-06-04 14:59:57,909 - StandardDataPreprocessor - INFO - Encoding categorical column: device_protection
2025-06-04 14:59:57,910 - StandardDataPreprocessor - INFO - Encoding categorical column: tech_support
2025-06-04 14:59:57,910 - StandardDataPreprocessor - INFO - Encoding categorical column: streaming_tv
2025-06-04 14:59:57,910 - StandardDataPreprocessor - INFO - Encoding categorical column: streaming_movies
2025-06-04 14:59:57,910 - StandardDataPreprocessor - INFO - Encoding target column: churn
2025-06-04 14:59:57,910 - StandardDataPreprocessor - INFO - Scaling numerical variables
2025-06-04 14:59:57,910 - StandardDataPreprocessor - DEBUG - Scaling numerical variables
2025-06-04 14:59:57,911 - StandardDataPreprocessor - INFO - Scaling 13 numerical columns
2025-06-04 14:59:57,914 - StandardDataPreprocessor - INFO - Preprocessing completed successfully
