2025-06-03 15:48:39,264 - StandardDataPreprocessor - INFO - Initializing StandardDataPreprocessor
2025-06-03 15:48:39,264 - StandardDataPreprocessor - INFO - Starting data preprocessing
2025-06-03 15:48:39,264 - StandardDataPreprocessor - INFO - Dropping customer_id column
2025-06-03 15:48:39,265 - StandardDataPreprocessor - INFO - Handling missing values
2025-06-03 15:48:39,265 - StandardDataPreprocessor - DEBUG - Handling missing values
2025-06-03 15:48:39,266 - StandardDataPreprocessor - INFO - Encoding categorical variables
2025-06-03 15:48:39,267 - StandardDataPreprocessor - DEBUG - Encoding categorical variables
2025-06-03 15:48:39,267 - StandardDataPreprocessor - INFO - Encoding categorical column: contract_type
2025-06-03 15:48:39,267 - StandardDataPreprocessor - INFO - Encoding categorical column: payment_method
2025-06-03 15:48:39,268 - StandardDataPreprocessor - INFO - Encoding categorical column: paperless_billing
2025-06-03 15:48:39,268 - StandardDataPreprocessor - INFO - Encoding categorical column: internet_service
2025-06-03 15:48:39,269 - StandardDataPreprocessor - INFO - Encoding categorical column: online_security
2025-06-03 15:48:39,269 - StandardDataPreprocessor - INFO - Encoding categorical column: online_backup
2025-06-03 15:48:39,269 - StandardDataPreprocessor - INFO - Encoding categorical column: device_protection
2025-06-03 15:48:39,273 - StandardDataPreprocessor - INFO - Encoding categorical column: tech_support
2025-06-03 15:48:39,276 - StandardDataPreprocessor - INFO - Encoding categorical column: streaming_tv
2025-06-03 15:48:39,281 - StandardDataPreprocessor - INFO - Encoding categorical column: streaming_movies
2025-06-03 15:48:39,284 - StandardDataPreprocessor - INFO - Encoding target column: churn
2025-06-03 15:48:39,285 - StandardDataPreprocessor - INFO - Scaling numerical variables
2025-06-03 15:48:39,285 - StandardDataPreprocessor - DEBUG - Scaling numerical variables
2025-06-03 15:48:39,285 - StandardDataPreprocessor - INFO - Scaling 13 numerical columns
2025-06-03 15:48:39,344 - StandardDataPreprocessor - INFO - Preprocessing completed successfully
2025-06-03 15:48:39,347 - StandardDataPreprocessor - INFO - Initializing StandardDataPreprocessor
2025-06-03 15:48:39,347 - StandardDataPreprocessor - INFO - Initializing StandardDataPreprocessor
2025-06-03 15:48:39,347 - StandardDataPreprocessor - INFO - Starting data preprocessing
2025-06-03 15:48:39,347 - StandardDataPreprocessor - INFO - Starting data preprocessing
2025-06-03 15:48:39,348 - StandardDataPreprocessor - INFO - Dropping customer_id column
2025-06-03 15:48:39,348 - StandardDataPreprocessor - INFO - Dropping customer_id column
2025-06-03 15:48:39,348 - StandardDataPreprocessor - INFO - Handling missing values
2025-06-03 15:48:39,348 - StandardDataPreprocessor - INFO - Handling missing values
2025-06-03 15:48:39,348 - StandardDataPreprocessor - DEBUG - Handling missing values
2025-06-03 15:48:39,348 - StandardDataPreprocessor - DEBUG - Handling missing values
2025-06-03 15:48:39,350 - StandardDataPreprocessor - INFO - Encoding categorical variables
2025-06-03 15:48:39,350 - StandardDataPreprocessor - INFO - Encoding categorical variables
2025-06-03 15:48:39,350 - StandardDataPreprocessor - DEBUG - Encoding categorical variables
2025-06-03 15:48:39,350 - StandardDataPreprocessor - DEBUG - Encoding categorical variables
2025-06-03 15:48:39,350 - StandardDataPreprocessor - INFO - Encoding categorical column: contract_type
2025-06-03 15:48:39,350 - StandardDataPreprocessor - INFO - Encoding categorical column: contract_type
2025-06-03 15:48:39,351 - StandardDataPreprocessor - INFO - Encoding categorical column: payment_method
2025-06-03 15:48:39,351 - StandardDataPreprocessor - INFO - Encoding categorical column: payment_method
2025-06-03 15:48:39,351 - StandardDataPreprocessor - INFO - Encoding categorical column: paperless_billing
2025-06-03 15:48:39,351 - StandardDataPreprocessor - INFO - Encoding categorical column: paperless_billing
2025-06-03 15:48:39,351 - StandardDataPreprocessor - INFO - Encoding categorical column: internet_service
2025-06-03 15:48:39,351 - StandardDataPreprocessor - INFO - Encoding categorical column: internet_service
2025-06-03 15:48:39,352 - StandardDataPreprocessor - INFO - Encoding categorical column: online_security
2025-06-03 15:48:39,352 - StandardDataPreprocessor - INFO - Encoding categorical column: online_security
2025-06-03 15:48:39,352 - StandardDataPreprocessor - INFO - Encoding categorical column: online_backup
2025-06-03 15:48:39,352 - StandardDataPreprocessor - INFO - Encoding categorical column: online_backup
2025-06-03 15:48:39,352 - StandardDataPreprocessor - INFO - Encoding categorical column: device_protection
2025-06-03 15:48:39,352 - StandardDataPreprocessor - INFO - Encoding categorical column: device_protection
2025-06-03 15:48:39,352 - StandardDataPreprocessor - INFO - Encoding categorical column: tech_support
2025-06-03 15:48:39,352 - StandardDataPreprocessor - INFO - Encoding categorical column: tech_support
2025-06-03 15:48:39,353 - StandardDataPreprocessor - INFO - Encoding categorical column: streaming_tv
2025-06-03 15:48:39,353 - StandardDataPreprocessor - INFO - Encoding categorical column: streaming_tv
2025-06-03 15:48:39,353 - StandardDataPreprocessor - INFO - Encoding categorical column: streaming_movies
2025-06-03 15:48:39,353 - StandardDataPreprocessor - INFO - Encoding categorical column: streaming_movies
2025-06-03 15:48:39,354 - StandardDataPreprocessor - INFO - Encoding target column: churn
2025-06-03 15:48:39,354 - StandardDataPreprocessor - INFO - Encoding target column: churn
2025-06-03 15:48:39,354 - StandardDataPreprocessor - INFO - Scaling numerical variables
2025-06-03 15:48:39,354 - StandardDataPreprocessor - INFO - Scaling numerical variables
2025-06-03 15:48:39,354 - StandardDataPreprocessor - DEBUG - Scaling numerical variables
2025-06-03 15:48:39,354 - StandardDataPreprocessor - DEBUG - Scaling numerical variables
2025-06-03 15:48:39,354 - StandardDataPreprocessor - INFO - Scaling 13 numerical columns
2025-06-03 15:48:39,354 - StandardDataPreprocessor - INFO - Scaling 13 numerical columns
2025-06-03 15:48:39,366 - StandardDataPreprocessor - INFO - Preprocessing completed successfully
2025-06-03 15:48:39,366 - StandardDataPreprocessor - INFO - Preprocessing completed successfully
2025-06-03 15:48:39,366 - StandardDataPreprocessor - INFO - Splitting features and target variable: churn
2025-06-03 15:48:39,366 - StandardDataPreprocessor - INFO - Splitting features and target variable: churn
2025-06-03 15:48:39,370 - StandardDataPreprocessor - INFO - Split complete: 5 features, 5 target values
2025-06-03 15:48:39,370 - StandardDataPreprocessor - INFO - Split complete: 5 features, 5 target values
2025-06-03 15:48:39,378 - StandardDataPreprocessor - INFO - Initializing StandardDataPreprocessor
2025-06-03 15:48:39,378 - StandardDataPreprocessor - INFO - Initializing StandardDataPreprocessor
2025-06-03 15:48:39,378 - StandardDataPreprocessor - INFO - Initializing StandardDataPreprocessor
2025-06-03 15:48:39,378 - StandardDataPreprocessor - INFO - Starting data preprocessing
2025-06-03 15:48:39,378 - StandardDataPreprocessor - INFO - Starting data preprocessing
2025-06-03 15:48:39,378 - StandardDataPreprocessor - INFO - Starting data preprocessing
2025-06-03 15:48:39,379 - StandardDataPreprocessor - INFO - Dropping customer_id column
2025-06-03 15:48:39,379 - StandardDataPreprocessor - INFO - Dropping customer_id column
2025-06-03 15:48:39,379 - StandardDataPreprocessor - INFO - Dropping customer_id column
2025-06-03 15:48:39,379 - StandardDataPreprocessor - INFO - Handling missing values
2025-06-03 15:48:39,379 - StandardDataPreprocessor - INFO - Handling missing values
2025-06-03 15:48:39,379 - StandardDataPreprocessor - INFO - Handling missing values
2025-06-03 15:48:39,379 - StandardDataPreprocessor - DEBUG - Handling missing values
2025-06-03 15:48:39,379 - StandardDataPreprocessor - DEBUG - Handling missing values
2025-06-03 15:48:39,379 - StandardDataPreprocessor - DEBUG - Handling missing values
2025-06-03 15:48:39,381 - StandardDataPreprocessor - INFO - Encoding categorical variables
2025-06-03 15:48:39,381 - StandardDataPreprocessor - INFO - Encoding categorical variables
2025-06-03 15:48:39,381 - StandardDataPreprocessor - INFO - Encoding categorical variables
2025-06-03 15:48:39,381 - StandardDataPreprocessor - DEBUG - Encoding categorical variables
2025-06-03 15:48:39,381 - StandardDataPreprocessor - DEBUG - Encoding categorical variables
2025-06-03 15:48:39,381 - StandardDataPreprocessor - DEBUG - Encoding categorical variables
2025-06-03 15:48:39,381 - StandardDataPreprocessor - INFO - Encoding categorical column: contract_type
2025-06-03 15:48:39,381 - StandardDataPreprocessor - INFO - Encoding categorical column: contract_type
2025-06-03 15:48:39,381 - StandardDataPreprocessor - INFO - Encoding categorical column: contract_type
2025-06-03 15:48:39,382 - StandardDataPreprocessor - INFO - Encoding categorical column: payment_method
2025-06-03 15:48:39,382 - StandardDataPreprocessor - INFO - Encoding categorical column: payment_method
2025-06-03 15:48:39,382 - StandardDataPreprocessor - INFO - Encoding categorical column: payment_method
2025-06-03 15:48:39,382 - StandardDataPreprocessor - INFO - Encoding categorical column: paperless_billing
2025-06-03 15:48:39,382 - StandardDataPreprocessor - INFO - Encoding categorical column: paperless_billing
2025-06-03 15:48:39,382 - StandardDataPreprocessor - INFO - Encoding categorical column: paperless_billing
2025-06-03 15:48:39,382 - StandardDataPreprocessor - INFO - Encoding categorical column: internet_service
2025-06-03 15:48:39,382 - StandardDataPreprocessor - INFO - Encoding categorical column: internet_service
2025-06-03 15:48:39,382 - StandardDataPreprocessor - INFO - Encoding categorical column: internet_service
2025-06-03 15:48:39,382 - StandardDataPreprocessor - INFO - Encoding categorical column: online_security
2025-06-03 15:48:39,382 - StandardDataPreprocessor - INFO - Encoding categorical column: online_security
2025-06-03 15:48:39,382 - StandardDataPreprocessor - INFO - Encoding categorical column: online_security
2025-06-03 15:48:39,383 - StandardDataPreprocessor - INFO - Encoding categorical column: online_backup
2025-06-03 15:48:39,383 - StandardDataPreprocessor - INFO - Encoding categorical column: online_backup
2025-06-03 15:48:39,383 - StandardDataPreprocessor - INFO - Encoding categorical column: online_backup
2025-06-03 15:48:39,383 - StandardDataPreprocessor - INFO - Encoding categorical column: device_protection
2025-06-03 15:48:39,383 - StandardDataPreprocessor - INFO - Encoding categorical column: device_protection
2025-06-03 15:48:39,383 - StandardDataPreprocessor - INFO - Encoding categorical column: device_protection
2025-06-03 15:48:39,383 - StandardDataPreprocessor - INFO - Encoding categorical column: tech_support
2025-06-03 15:48:39,383 - StandardDataPreprocessor - INFO - Encoding categorical column: tech_support
2025-06-03 15:48:39,383 - StandardDataPreprocessor - INFO - Encoding categorical column: tech_support
2025-06-03 15:48:39,383 - StandardDataPreprocessor - INFO - Encoding categorical column: streaming_tv
2025-06-03 15:48:39,383 - StandardDataPreprocessor - INFO - Encoding categorical column: streaming_tv
2025-06-03 15:48:39,383 - StandardDataPreprocessor - INFO - Encoding categorical column: streaming_tv
2025-06-03 15:48:39,384 - StandardDataPreprocessor - INFO - Encoding categorical column: streaming_movies
2025-06-03 15:48:39,384 - StandardDataPreprocessor - INFO - Encoding categorical column: streaming_movies
2025-06-03 15:48:39,384 - StandardDataPreprocessor - INFO - Encoding categorical column: streaming_movies
2025-06-03 15:48:39,384 - StandardDataPreprocessor - INFO - Encoding target column: churn
2025-06-03 15:48:39,384 - StandardDataPreprocessor - INFO - Encoding target column: churn
2025-06-03 15:48:39,384 - StandardDataPreprocessor - INFO - Encoding target column: churn
2025-06-03 15:48:39,384 - StandardDataPreprocessor - INFO - Scaling numerical variables
2025-06-03 15:48:39,384 - StandardDataPreprocessor - INFO - Scaling numerical variables
2025-06-03 15:48:39,384 - StandardDataPreprocessor - INFO - Scaling numerical variables
2025-06-03 15:48:39,385 - StandardDataPreprocessor - DEBUG - Scaling numerical variables
2025-06-03 15:48:39,385 - StandardDataPreprocessor - DEBUG - Scaling numerical variables
2025-06-03 15:48:39,385 - StandardDataPreprocessor - DEBUG - Scaling numerical variables
2025-06-03 15:48:39,385 - StandardDataPreprocessor - INFO - Scaling 13 numerical columns
2025-06-03 15:48:39,385 - StandardDataPreprocessor - INFO - Scaling 13 numerical columns
2025-06-03 15:48:39,385 - StandardDataPreprocessor - INFO - Scaling 13 numerical columns
2025-06-03 15:48:39,388 - StandardDataPreprocessor - INFO - Preprocessing completed successfully
2025-06-03 15:48:39,388 - StandardDataPreprocessor - INFO - Preprocessing completed successfully
2025-06-03 15:48:39,388 - StandardDataPreprocessor - INFO - Preprocessing completed successfully
2025-06-03 15:48:39,388 - StandardDataPreprocessor - INFO - Splitting features and target variable: churn
2025-06-03 15:48:39,388 - StandardDataPreprocessor - INFO - Splitting features and target variable: churn
2025-06-03 15:48:39,388 - StandardDataPreprocessor - INFO - Splitting features and target variable: churn
2025-06-03 15:48:39,389 - StandardDataPreprocessor - INFO - Split complete: 5 features, 5 target values
2025-06-03 15:48:39,389 - StandardDataPreprocessor - INFO - Split complete: 5 features, 5 target values
2025-06-03 15:48:39,389 - StandardDataPreprocessor - INFO - Split complete: 5 features, 5 target values
