2025-06-04 14:38:11,770 - StandardDataPreprocessor - INFO - Initializing StandardDataPreprocessor
2025-06-04 14:38:12,005 - StandardDataPreprocessor - INFO - Starting data preprocessing
2025-06-04 14:38:12,006 - StandardDataPreprocessor - INFO - Dropping customer_id column
2025-06-04 14:38:12,008 - StandardDataPreprocessor - INFO - Handling missing values
2025-06-04 14:38:12,009 - StandardDataPreprocessor - DEBUG - Handling missing values
2025-06-04 14:38:12,010 - StandardDataPreprocessor - INFO - Filling 49 missing values in total_charges with median
2025-06-04 14:38:12,018 - StandardDataPreprocessor - INFO - Filling 29 missing values in payment_method with mode
2025-06-04 14:38:12,028 - StandardDataPreprocessor - INFO - Encoding categorical variables
2025-06-04 14:38:12,030 - StandardDataPreprocessor - DEBUG - Encoding categorical variables
2025-06-04 14:38:12,030 - StandardDataPreprocessor - INFO - Encoding categorical column: contract_type
2025-06-04 14:38:12,033 - StandardDataPreprocessor - INFO - Encoding categorical column: payment_method
2025-06-04 14:38:12,034 - StandardDataPreprocessor - INFO - Encoding categorical column: paperless_billing
2025-06-04 14:38:12,036 - StandardDataPreprocessor - INFO - Encoding categorical column: internet_service
2025-06-04 14:38:12,037 - StandardDataPreprocessor - INFO - Encoding categorical column: online_security
2025-06-04 14:38:12,039 - StandardDataPreprocessor - INFO - Encoding categorical column: online_backup
2025-06-04 14:38:12,041 - StandardDataPreprocessor - INFO - Encoding categorical column: device_protection
2025-06-04 14:38:12,042 - StandardDataPreprocessor - INFO - Encoding categorical column: tech_support
2025-06-04 14:38:12,043 - StandardDataPreprocessor - INFO - Encoding categorical column: streaming_tv
2025-06-04 14:38:12,044 - StandardDataPreprocessor - INFO - Encoding categorical column: streaming_movies
2025-06-04 14:38:12,045 - StandardDataPreprocessor - INFO - Encoding target column: churn
2025-06-04 14:38:12,045 - StandardDataPreprocessor - INFO - Scaling numerical variables
2025-06-04 14:38:12,046 - StandardDataPreprocessor - DEBUG - Scaling numerical variables
2025-06-04 14:38:12,047 - StandardDataPreprocessor - INFO - Scaling 13 numerical columns
2025-06-04 14:38:12,057 - StandardDataPreprocessor - INFO - Preprocessing completed successfully
2025-06-04 14:38:12,057 - StandardDataPreprocessor - INFO - Splitting features and target variable: churn
2025-06-04 14:38:12,058 - StandardDataPreprocessor - INFO - Split complete: 1000 features, 1000 target values
