2025-06-04 14:41:03,753 - StandardDataPreprocessor - INFO - Initializing StandardDataPreprocessor
2025-06-04 14:41:03,753 - StandardDataPreprocessor - INFO - Starting data preprocessing
2025-06-04 14:41:03,753 - StandardDataPreprocessor - INFO - Dropping customer_id column
2025-06-04 14:41:03,753 - StandardDataPreprocessor - INFO - Handling missing values
2025-06-04 14:41:03,753 - StandardDataPreprocessor - DEBUG - Handling missing values
2025-06-04 14:41:03,755 - StandardDataPreprocessor - INFO - Encoding categorical variables
2025-06-04 14:41:03,755 - StandardDataPreprocessor - DEBUG - Encoding categorical variables
2025-06-04 14:41:03,756 - StandardDataPreprocessor - INFO - Encoding categorical column: contract_type
2025-06-04 14:41:03,756 - StandardDataPreprocessor - INFO - Encoding categorical column: payment_method
2025-06-04 14:41:03,757 - StandardDataPreprocessor - INFO - Encoding categorical column: paperless_billing
2025-06-04 14:41:03,757 - StandardDataPreprocessor - INFO - Encoding categorical column: internet_service
2025-06-04 14:41:03,757 - StandardDataPreprocessor - INFO - Encoding categorical column: online_security
2025-06-04 14:41:03,757 - StandardDataPreprocessor - INFO - Encoding categorical column: online_backup
2025-06-04 14:41:03,757 - StandardDataPreprocessor - INFO - Encoding categorical column: device_protection
2025-06-04 14:41:03,758 - StandardDataPreprocessor - INFO - Encoding categorical column: tech_support
2025-06-04 14:41:03,758 - StandardDataPreprocessor - INFO - Encoding categorical column: streaming_tv
2025-06-04 14:41:03,758 - StandardDataPreprocessor - INFO - Encoding categorical column: streaming_movies
2025-06-04 14:41:03,758 - StandardDataPreprocessor - INFO - Encoding target column: churn
2025-06-04 14:41:03,758 - StandardDataPreprocessor - INFO - Scaling numerical variables
2025-06-04 14:41:03,759 - StandardDataPreprocessor - DEBUG - Scaling numerical variables
2025-06-04 14:41:03,759 - StandardDataPreprocessor - INFO - Scaling 13 numerical columns
2025-06-04 14:41:03,762 - StandardDataPreprocessor - INFO - Preprocessing completed successfully
2025-06-04 14:41:03,765 - StandardDataPreprocessor - INFO - Initializing StandardDataPreprocessor
2025-06-04 14:41:03,765 - StandardDataPreprocessor - INFO - Initializing StandardDataPreprocessor
2025-06-04 14:41:03,765 - StandardDataPreprocessor - INFO - Starting data preprocessing
2025-06-04 14:41:03,765 - StandardDataPreprocessor - INFO - Starting data preprocessing
2025-06-04 14:41:03,765 - StandardDataPreprocessor - INFO - Dropping customer_id column
2025-06-04 14:41:03,765 - StandardDataPreprocessor - INFO - Dropping customer_id column
2025-06-04 14:41:03,765 - StandardDataPreprocessor - INFO - Handling missing values
2025-06-04 14:41:03,765 - StandardDataPreprocessor - INFO - Handling missing values
2025-06-04 14:41:03,765 - StandardDataPreprocessor - DEBUG - Handling missing values
2025-06-04 14:41:03,765 - StandardDataPreprocessor - DEBUG - Handling missing values
2025-06-04 14:41:03,767 - StandardDataPreprocessor - INFO - Encoding categorical variables
2025-06-04 14:41:03,767 - StandardDataPreprocessor - INFO - Encoding categorical variables
2025-06-04 14:41:03,768 - StandardDataPreprocessor - DEBUG - Encoding categorical variables
2025-06-04 14:41:03,768 - StandardDataPreprocessor - DEBUG - Encoding categorical variables
2025-06-04 14:41:03,768 - StandardDataPreprocessor - INFO - Encoding categorical column: contract_type
2025-06-04 14:41:03,768 - StandardDataPreprocessor - INFO - Encoding categorical column: contract_type
2025-06-04 14:41:03,768 - StandardDataPreprocessor - INFO - Encoding categorical column: payment_method
2025-06-04 14:41:03,768 - StandardDataPreprocessor - INFO - Encoding categorical column: payment_method
2025-06-04 14:41:03,768 - StandardDataPreprocessor - INFO - Encoding categorical column: paperless_billing
2025-06-04 14:41:03,768 - StandardDataPreprocessor - INFO - Encoding categorical column: paperless_billing
2025-06-04 14:41:03,769 - StandardDataPreprocessor - INFO - Encoding categorical column: internet_service
2025-06-04 14:41:03,769 - StandardDataPreprocessor - INFO - Encoding categorical column: internet_service
2025-06-04 14:41:03,769 - StandardDataPreprocessor - INFO - Encoding categorical column: online_security
2025-06-04 14:41:03,769 - StandardDataPreprocessor - INFO - Encoding categorical column: online_security
2025-06-04 14:41:03,769 - StandardDataPreprocessor - INFO - Encoding categorical column: online_backup
2025-06-04 14:41:03,769 - StandardDataPreprocessor - INFO - Encoding categorical column: online_backup
2025-06-04 14:41:03,769 - StandardDataPreprocessor - INFO - Encoding categorical column: device_protection
2025-06-04 14:41:03,769 - StandardDataPreprocessor - INFO - Encoding categorical column: device_protection
2025-06-04 14:41:03,769 - StandardDataPreprocessor - INFO - Encoding categorical column: tech_support
2025-06-04 14:41:03,769 - StandardDataPreprocessor - INFO - Encoding categorical column: tech_support
2025-06-04 14:41:03,770 - StandardDataPreprocessor - INFO - Encoding categorical column: streaming_tv
2025-06-04 14:41:03,770 - StandardDataPreprocessor - INFO - Encoding categorical column: streaming_tv
2025-06-04 14:41:03,770 - StandardDataPreprocessor - INFO - Encoding categorical column: streaming_movies
2025-06-04 14:41:03,770 - StandardDataPreprocessor - INFO - Encoding categorical column: streaming_movies
2025-06-04 14:41:03,770 - StandardDataPreprocessor - INFO - Encoding target column: churn
2025-06-04 14:41:03,770 - StandardDataPreprocessor - INFO - Encoding target column: churn
2025-06-04 14:41:03,770 - StandardDataPreprocessor - INFO - Scaling numerical variables
2025-06-04 14:41:03,770 - StandardDataPreprocessor - INFO - Scaling numerical variables
2025-06-04 14:41:03,771 - StandardDataPreprocessor - DEBUG - Scaling numerical variables
2025-06-04 14:41:03,771 - StandardDataPreprocessor - DEBUG - Scaling numerical variables
2025-06-04 14:41:03,771 - StandardDataPreprocessor - INFO - Scaling 13 numerical columns
2025-06-04 14:41:03,771 - StandardDataPreprocessor - INFO - Scaling 13 numerical columns
2025-06-04 14:41:03,774 - StandardDataPreprocessor - INFO - Preprocessing completed successfully
2025-06-04 14:41:03,774 - StandardDataPreprocessor - INFO - Preprocessing completed successfully
2025-06-04 14:41:03,774 - StandardDataPreprocessor - INFO - Splitting features and target variable: churn
2025-06-04 14:41:03,774 - StandardDataPreprocessor - INFO - Splitting features and target variable: churn
2025-06-04 14:41:03,774 - StandardDataPreprocessor - INFO - Split complete: 5 features, 5 target values
2025-06-04 14:41:03,774 - StandardDataPreprocessor - INFO - Split complete: 5 features, 5 target values
2025-06-04 14:41:03,782 - StandardDataPreprocessor - INFO - Initializing StandardDataPreprocessor
2025-06-04 14:41:03,782 - StandardDataPreprocessor - INFO - Initializing StandardDataPreprocessor
2025-06-04 14:41:03,782 - StandardDataPreprocessor - INFO - Initializing StandardDataPreprocessor
2025-06-04 14:41:03,782 - StandardDataPreprocessor - INFO - Starting data preprocessing
2025-06-04 14:41:03,782 - StandardDataPreprocessor - INFO - Starting data preprocessing
2025-06-04 14:41:03,782 - StandardDataPreprocessor - INFO - Starting data preprocessing
2025-06-04 14:41:03,783 - StandardDataPreprocessor - INFO - Dropping customer_id column
2025-06-04 14:41:03,783 - StandardDataPreprocessor - INFO - Dropping customer_id column
2025-06-04 14:41:03,783 - StandardDataPreprocessor - INFO - Dropping customer_id column
2025-06-04 14:41:03,783 - StandardDataPreprocessor - INFO - Handling missing values
2025-06-04 14:41:03,783 - StandardDataPreprocessor - INFO - Handling missing values
2025-06-04 14:41:03,783 - StandardDataPreprocessor - INFO - Handling missing values
2025-06-04 14:41:03,783 - StandardDataPreprocessor - DEBUG - Handling missing values
2025-06-04 14:41:03,783 - StandardDataPreprocessor - DEBUG - Handling missing values
2025-06-04 14:41:03,783 - StandardDataPreprocessor - DEBUG - Handling missing values
2025-06-04 14:41:03,785 - StandardDataPreprocessor - INFO - Encoding categorical variables
2025-06-04 14:41:03,785 - StandardDataPreprocessor - INFO - Encoding categorical variables
2025-06-04 14:41:03,785 - StandardDataPreprocessor - INFO - Encoding categorical variables
2025-06-04 14:41:03,785 - StandardDataPreprocessor - DEBUG - Encoding categorical variables
2025-06-04 14:41:03,785 - StandardDataPreprocessor - DEBUG - Encoding categorical variables
2025-06-04 14:41:03,785 - StandardDataPreprocessor - DEBUG - Encoding categorical variables
2025-06-04 14:41:03,785 - StandardDataPreprocessor - INFO - Encoding categorical column: contract_type
2025-06-04 14:41:03,785 - StandardDataPreprocessor - INFO - Encoding categorical column: contract_type
2025-06-04 14:41:03,785 - StandardDataPreprocessor - INFO - Encoding categorical column: contract_type
2025-06-04 14:41:03,785 - StandardDataPreprocessor - INFO - Encoding categorical column: payment_method
2025-06-04 14:41:03,785 - StandardDataPreprocessor - INFO - Encoding categorical column: payment_method
2025-06-04 14:41:03,785 - StandardDataPreprocessor - INFO - Encoding categorical column: payment_method
2025-06-04 14:41:03,786 - StandardDataPreprocessor - INFO - Encoding categorical column: paperless_billing
2025-06-04 14:41:03,786 - StandardDataPreprocessor - INFO - Encoding categorical column: paperless_billing
2025-06-04 14:41:03,786 - StandardDataPreprocessor - INFO - Encoding categorical column: paperless_billing
2025-06-04 14:41:03,786 - StandardDataPreprocessor - INFO - Encoding categorical column: internet_service
2025-06-04 14:41:03,786 - StandardDataPreprocessor - INFO - Encoding categorical column: internet_service
2025-06-04 14:41:03,786 - StandardDataPreprocessor - INFO - Encoding categorical column: internet_service
2025-06-04 14:41:03,786 - StandardDataPreprocessor - INFO - Encoding categorical column: online_security
2025-06-04 14:41:03,786 - StandardDataPreprocessor - INFO - Encoding categorical column: online_security
2025-06-04 14:41:03,786 - StandardDataPreprocessor - INFO - Encoding categorical column: online_security
2025-06-04 14:41:03,786 - StandardDataPreprocessor - INFO - Encoding categorical column: online_backup
2025-06-04 14:41:03,786 - StandardDataPreprocessor - INFO - Encoding categorical column: online_backup
2025-06-04 14:41:03,786 - StandardDataPreprocessor - INFO - Encoding categorical column: online_backup
2025-06-04 14:41:03,787 - StandardDataPreprocessor - INFO - Encoding categorical column: device_protection
2025-06-04 14:41:03,787 - StandardDataPreprocessor - INFO - Encoding categorical column: device_protection
2025-06-04 14:41:03,787 - StandardDataPreprocessor - INFO - Encoding categorical column: device_protection
2025-06-04 14:41:03,787 - StandardDataPreprocessor - INFO - Encoding categorical column: tech_support
2025-06-04 14:41:03,787 - StandardDataPreprocessor - INFO - Encoding categorical column: tech_support
2025-06-04 14:41:03,787 - StandardDataPreprocessor - INFO - Encoding categorical column: tech_support
2025-06-04 14:41:03,787 - StandardDataPreprocessor - INFO - Encoding categorical column: streaming_tv
2025-06-04 14:41:03,787 - StandardDataPreprocessor - INFO - Encoding categorical column: streaming_tv
2025-06-04 14:41:03,787 - StandardDataPreprocessor - INFO - Encoding categorical column: streaming_tv
2025-06-04 14:41:03,787 - StandardDataPreprocessor - INFO - Encoding categorical column: streaming_movies
2025-06-04 14:41:03,787 - StandardDataPreprocessor - INFO - Encoding categorical column: streaming_movies
2025-06-04 14:41:03,787 - StandardDataPreprocessor - INFO - Encoding categorical column: streaming_movies
2025-06-04 14:41:03,788 - StandardDataPreprocessor - INFO - Encoding target column: churn
2025-06-04 14:41:03,788 - StandardDataPreprocessor - INFO - Encoding target column: churn
2025-06-04 14:41:03,788 - StandardDataPreprocessor - INFO - Encoding target column: churn
2025-06-04 14:41:03,788 - StandardDataPreprocessor - INFO - Scaling numerical variables
2025-06-04 14:41:03,788 - StandardDataPreprocessor - INFO - Scaling numerical variables
2025-06-04 14:41:03,788 - StandardDataPreprocessor - INFO - Scaling numerical variables
2025-06-04 14:41:03,788 - StandardDataPreprocessor - DEBUG - Scaling numerical variables
2025-06-04 14:41:03,788 - StandardDataPreprocessor - DEBUG - Scaling numerical variables
2025-06-04 14:41:03,788 - StandardDataPreprocessor - DEBUG - Scaling numerical variables
2025-06-04 14:41:03,788 - StandardDataPreprocessor - INFO - Scaling 13 numerical columns
2025-06-04 14:41:03,788 - StandardDataPreprocessor - INFO - Scaling 13 numerical columns
2025-06-04 14:41:03,788 - StandardDataPreprocessor - INFO - Scaling 13 numerical columns
2025-06-04 14:41:03,791 - StandardDataPreprocessor - INFO - Preprocessing completed successfully
2025-06-04 14:41:03,791 - StandardDataPreprocessor - INFO - Preprocessing completed successfully
2025-06-04 14:41:03,791 - StandardDataPreprocessor - INFO - Preprocessing completed successfully
2025-06-04 14:41:03,791 - StandardDataPreprocessor - INFO - Splitting features and target variable: churn
2025-06-04 14:41:03,791 - StandardDataPreprocessor - INFO - Splitting features and target variable: churn
2025-06-04 14:41:03,791 - StandardDataPreprocessor - INFO - Splitting features and target variable: churn
2025-06-04 14:41:03,792 - StandardDataPreprocessor - INFO - Split complete: 5 features, 5 target values
2025-06-04 14:41:03,792 - StandardDataPreprocessor - INFO - Split complete: 5 features, 5 target values
2025-06-04 14:41:03,792 - StandardDataPreprocessor - INFO - Split complete: 5 features, 5 target values
