2025-06-04 11:54:36,261 - StandardDataPreprocessor - INFO - Initializing StandardDataPreprocessor
2025-06-04 11:54:36,270 - StandardDataPreprocessor - INFO - Starting data preprocessing
2025-06-04 11:54:36,271 - StandardDataPreprocessor - INFO - Dropping customer_id column
2025-06-04 11:54:36,272 - StandardDataPreprocessor - INFO - Handling missing values
2025-06-04 11:54:36,272 - StandardDataPreprocessor - DEBUG - Handling missing values
2025-06-04 11:54:36,273 - StandardDataPreprocessor - INFO - Filling 49 missing values in total_charges with median
2025-06-04 11:54:36,274 - StandardDataPreprocessor - INFO - Filling 29 missing values in payment_method with mode
2025-06-04 11:54:36,278 - StandardDataPreprocessor - INFO - Encoding categorical variables
2025-06-04 11:54:36,278 - StandardDataPreprocessor - DEBUG - Encoding categorical variables
2025-06-04 11:54:36,278 - StandardDataPreprocessor - INFO - Encoding categorical column: contract_type
2025-06-04 11:54:36,279 - StandardDataPreprocessor - INFO - Encoding categorical column: payment_method
2025-06-04 11:54:36,279 - StandardDataPreprocessor - INFO - Encoding categorical column: paperless_billing
2025-06-04 11:54:36,279 - StandardDataPreprocessor - INFO - Encoding categorical column: internet_service
2025-06-04 11:54:36,280 - StandardDataPreprocessor - INFO - Encoding categorical column: online_security
2025-06-04 11:54:36,280 - StandardDataPreprocessor - INFO - Encoding categorical column: online_backup
2025-06-04 11:54:36,280 - StandardDataPreprocessor - INFO - Encoding categorical column: device_protection
2025-06-04 11:54:36,281 - StandardDataPreprocessor - INFO - Encoding categorical column: tech_support
2025-06-04 11:54:36,281 - StandardDataPreprocessor - INFO - Encoding categorical column: streaming_tv
2025-06-04 11:54:36,282 - StandardDataPreprocessor - INFO - Encoding categorical column: streaming_movies
2025-06-04 11:54:36,282 - StandardDataPreprocessor - INFO - Encoding target column: churn
2025-06-04 11:54:36,282 - StandardDataPreprocessor - INFO - Scaling numerical variables
2025-06-04 11:54:36,282 - StandardDataPreprocessor - DEBUG - Scaling numerical variables
2025-06-04 11:54:36,283 - StandardDataPreprocessor - INFO - Scaling 13 numerical columns
2025-06-04 11:54:36,287 - StandardDataPreprocessor - INFO - Preprocessing completed successfully
2025-06-04 11:54:36,288 - StandardDataPreprocessor - INFO - Splitting features and target variable: churn
2025-06-04 11:54:36,288 - StandardDataPreprocessor - INFO - Split complete: 1000 features, 1000 target values
