2025-06-03 16:08:51,310 - StandardDataPreprocessor - INFO - Initializing StandardDataPreprocessor
2025-06-03 16:08:51,310 - StandardDataPreprocessor - INFO - Starting data preprocessing
2025-06-03 16:08:51,310 - StandardDataPreprocessor - INFO - Dropping customer_id column
2025-06-03 16:08:51,310 - StandardDataPreprocessor - INFO - Handling missing values
2025-06-03 16:08:51,310 - StandardDataPreprocessor - DEBUG - Handling missing values
2025-06-03 16:08:51,312 - StandardDataPreprocessor - INFO - Encoding categorical variables
2025-06-03 16:08:51,312 - StandardDataPreprocessor - DEBUG - Encoding categorical variables
2025-06-03 16:08:51,312 - StandardDataPreprocessor - INFO - Encoding categorical column: contract_type
2025-06-03 16:08:51,313 - StandardDataPreprocessor - INFO - Encoding categorical column: payment_method
2025-06-03 16:08:51,313 - StandardDataPreprocessor - INFO - Encoding categorical column: paperless_billing
2025-06-03 16:08:51,313 - StandardDataPreprocessor - INFO - Encoding categorical column: internet_service
2025-06-03 16:08:51,314 - StandardDataPreprocessor - INFO - Encoding categorical column: online_security
2025-06-03 16:08:51,314 - StandardDataPreprocessor - INFO - Encoding categorical column: online_backup
2025-06-03 16:08:51,314 - StandardDataPreprocessor - INFO - Encoding categorical column: device_protection
2025-06-03 16:08:51,314 - StandardDataPreprocessor - INFO - Encoding categorical column: tech_support
2025-06-03 16:08:51,315 - StandardDataPreprocessor - INFO - Encoding categorical column: streaming_tv
2025-06-03 16:08:51,315 - StandardDataPreprocessor - INFO - Encoding categorical column: streaming_movies
2025-06-03 16:08:51,315 - StandardDataPreprocessor - INFO - Encoding target column: churn
2025-06-03 16:08:51,315 - StandardDataPreprocessor - INFO - Scaling numerical variables
2025-06-03 16:08:51,315 - StandardDataPreprocessor - DEBUG - Scaling numerical variables
2025-06-03 16:08:51,316 - StandardDataPreprocessor - INFO - Scaling 13 numerical columns
2025-06-03 16:08:51,319 - StandardDataPreprocessor - INFO - Preprocessing completed successfully
2025-06-03 16:08:51,321 - StandardDataPreprocessor - INFO - Initializing StandardDataPreprocessor
2025-06-03 16:08:51,321 - StandardDataPreprocessor - INFO - Initializing StandardDataPreprocessor
2025-06-03 16:08:51,321 - StandardDataPreprocessor - INFO - Starting data preprocessing
2025-06-03 16:08:51,321 - StandardDataPreprocessor - INFO - Starting data preprocessing
2025-06-03 16:08:51,321 - StandardDataPreprocessor - INFO - Dropping customer_id column
2025-06-03 16:08:51,321 - StandardDataPreprocessor - INFO - Dropping customer_id column
2025-06-03 16:08:51,321 - StandardDataPreprocessor - INFO - Handling missing values
2025-06-03 16:08:51,321 - StandardDataPreprocessor - INFO - Handling missing values
2025-06-03 16:08:51,321 - StandardDataPreprocessor - DEBUG - Handling missing values
2025-06-03 16:08:51,321 - StandardDataPreprocessor - DEBUG - Handling missing values
2025-06-03 16:08:51,323 - StandardDataPreprocessor - INFO - Encoding categorical variables
2025-06-03 16:08:51,323 - StandardDataPreprocessor - INFO - Encoding categorical variables
2025-06-03 16:08:51,323 - StandardDataPreprocessor - DEBUG - Encoding categorical variables
2025-06-03 16:08:51,323 - StandardDataPreprocessor - DEBUG - Encoding categorical variables
2025-06-03 16:08:51,323 - StandardDataPreprocessor - INFO - Encoding categorical column: contract_type
2025-06-03 16:08:51,323 - StandardDataPreprocessor - INFO - Encoding categorical column: contract_type
2025-06-03 16:08:51,324 - StandardDataPreprocessor - INFO - Encoding categorical column: payment_method
2025-06-03 16:08:51,324 - StandardDataPreprocessor - INFO - Encoding categorical column: payment_method
2025-06-03 16:08:51,324 - StandardDataPreprocessor - INFO - Encoding categorical column: paperless_billing
2025-06-03 16:08:51,324 - StandardDataPreprocessor - INFO - Encoding categorical column: paperless_billing
2025-06-03 16:08:51,324 - StandardDataPreprocessor - INFO - Encoding categorical column: internet_service
2025-06-03 16:08:51,324 - StandardDataPreprocessor - INFO - Encoding categorical column: internet_service
2025-06-03 16:08:51,325 - StandardDataPreprocessor - INFO - Encoding categorical column: online_security
2025-06-03 16:08:51,325 - StandardDataPreprocessor - INFO - Encoding categorical column: online_security
2025-06-03 16:08:51,325 - StandardDataPreprocessor - INFO - Encoding categorical column: online_backup
2025-06-03 16:08:51,325 - StandardDataPreprocessor - INFO - Encoding categorical column: online_backup
2025-06-03 16:08:51,325 - StandardDataPreprocessor - INFO - Encoding categorical column: device_protection
2025-06-03 16:08:51,325 - StandardDataPreprocessor - INFO - Encoding categorical column: device_protection
2025-06-03 16:08:51,325 - StandardDataPreprocessor - INFO - Encoding categorical column: tech_support
2025-06-03 16:08:51,325 - StandardDataPreprocessor - INFO - Encoding categorical column: tech_support
2025-06-03 16:08:51,326 - StandardDataPreprocessor - INFO - Encoding categorical column: streaming_tv
2025-06-03 16:08:51,326 - StandardDataPreprocessor - INFO - Encoding categorical column: streaming_tv
2025-06-03 16:08:51,326 - StandardDataPreprocessor - INFO - Encoding categorical column: streaming_movies
2025-06-03 16:08:51,326 - StandardDataPreprocessor - INFO - Encoding categorical column: streaming_movies
2025-06-03 16:08:51,326 - StandardDataPreprocessor - INFO - Encoding target column: churn
2025-06-03 16:08:51,326 - StandardDataPreprocessor - INFO - Encoding target column: churn
2025-06-03 16:08:51,326 - StandardDataPreprocessor - INFO - Scaling numerical variables
2025-06-03 16:08:51,326 - StandardDataPreprocessor - INFO - Scaling numerical variables
2025-06-03 16:08:51,326 - StandardDataPreprocessor - DEBUG - Scaling numerical variables
2025-06-03 16:08:51,326 - StandardDataPreprocessor - DEBUG - Scaling numerical variables
2025-06-03 16:08:51,327 - StandardDataPreprocessor - INFO - Scaling 13 numerical columns
2025-06-03 16:08:51,327 - StandardDataPreprocessor - INFO - Scaling 13 numerical columns
2025-06-03 16:08:51,330 - StandardDataPreprocessor - INFO - Preprocessing completed successfully
2025-06-03 16:08:51,330 - StandardDataPreprocessor - INFO - Preprocessing completed successfully
2025-06-03 16:08:51,330 - StandardDataPreprocessor - INFO - Splitting features and target variable: churn
2025-06-03 16:08:51,330 - StandardDataPreprocessor - INFO - Splitting features and target variable: churn
2025-06-03 16:08:51,331 - StandardDataPreprocessor - INFO - Split complete: 5 features, 5 target values
2025-06-03 16:08:51,331 - StandardDataPreprocessor - INFO - Split complete: 5 features, 5 target values
2025-06-03 16:08:51,338 - StandardDataPreprocessor - INFO - Initializing StandardDataPreprocessor
2025-06-03 16:08:51,338 - StandardDataPreprocessor - INFO - Initializing StandardDataPreprocessor
2025-06-03 16:08:51,338 - StandardDataPreprocessor - INFO - Initializing StandardDataPreprocessor
2025-06-03 16:08:51,338 - StandardDataPreprocessor - INFO - Starting data preprocessing
2025-06-03 16:08:51,338 - StandardDataPreprocessor - INFO - Starting data preprocessing
2025-06-03 16:08:51,338 - StandardDataPreprocessor - INFO - Starting data preprocessing
2025-06-03 16:08:51,338 - StandardDataPreprocessor - INFO - Dropping customer_id column
2025-06-03 16:08:51,338 - StandardDataPreprocessor - INFO - Dropping customer_id column
2025-06-03 16:08:51,338 - StandardDataPreprocessor - INFO - Dropping customer_id column
2025-06-03 16:08:51,339 - StandardDataPreprocessor - INFO - Handling missing values
2025-06-03 16:08:51,339 - StandardDataPreprocessor - INFO - Handling missing values
2025-06-03 16:08:51,339 - StandardDataPreprocessor - INFO - Handling missing values
2025-06-03 16:08:51,339 - StandardDataPreprocessor - DEBUG - Handling missing values
2025-06-03 16:08:51,339 - StandardDataPreprocessor - DEBUG - Handling missing values
2025-06-03 16:08:51,339 - StandardDataPreprocessor - DEBUG - Handling missing values
2025-06-03 16:08:51,340 - StandardDataPreprocessor - INFO - Encoding categorical variables
2025-06-03 16:08:51,340 - StandardDataPreprocessor - INFO - Encoding categorical variables
2025-06-03 16:08:51,340 - StandardDataPreprocessor - INFO - Encoding categorical variables
2025-06-03 16:08:51,340 - StandardDataPreprocessor - DEBUG - Encoding categorical variables
2025-06-03 16:08:51,340 - StandardDataPreprocessor - DEBUG - Encoding categorical variables
2025-06-03 16:08:51,340 - StandardDataPreprocessor - DEBUG - Encoding categorical variables
2025-06-03 16:08:51,341 - StandardDataPreprocessor - INFO - Encoding categorical column: contract_type
2025-06-03 16:08:51,341 - StandardDataPreprocessor - INFO - Encoding categorical column: contract_type
2025-06-03 16:08:51,341 - StandardDataPreprocessor - INFO - Encoding categorical column: contract_type
2025-06-03 16:08:51,341 - StandardDataPreprocessor - INFO - Encoding categorical column: payment_method
2025-06-03 16:08:51,341 - StandardDataPreprocessor - INFO - Encoding categorical column: payment_method
2025-06-03 16:08:51,341 - StandardDataPreprocessor - INFO - Encoding categorical column: payment_method
2025-06-03 16:08:51,341 - StandardDataPreprocessor - INFO - Encoding categorical column: paperless_billing
2025-06-03 16:08:51,341 - StandardDataPreprocessor - INFO - Encoding categorical column: paperless_billing
2025-06-03 16:08:51,341 - StandardDataPreprocessor - INFO - Encoding categorical column: paperless_billing
2025-06-03 16:08:51,341 - StandardDataPreprocessor - INFO - Encoding categorical column: internet_service
2025-06-03 16:08:51,341 - StandardDataPreprocessor - INFO - Encoding categorical column: internet_service
2025-06-03 16:08:51,341 - StandardDataPreprocessor - INFO - Encoding categorical column: internet_service
2025-06-03 16:08:51,342 - StandardDataPreprocessor - INFO - Encoding categorical column: online_security
2025-06-03 16:08:51,342 - StandardDataPreprocessor - INFO - Encoding categorical column: online_security
2025-06-03 16:08:51,342 - StandardDataPreprocessor - INFO - Encoding categorical column: online_security
2025-06-03 16:08:51,342 - StandardDataPreprocessor - INFO - Encoding categorical column: online_backup
2025-06-03 16:08:51,342 - StandardDataPreprocessor - INFO - Encoding categorical column: online_backup
2025-06-03 16:08:51,342 - StandardDataPreprocessor - INFO - Encoding categorical column: online_backup
2025-06-03 16:08:51,342 - StandardDataPreprocessor - INFO - Encoding categorical column: device_protection
2025-06-03 16:08:51,342 - StandardDataPreprocessor - INFO - Encoding categorical column: device_protection
2025-06-03 16:08:51,342 - StandardDataPreprocessor - INFO - Encoding categorical column: device_protection
2025-06-03 16:08:51,342 - StandardDataPreprocessor - INFO - Encoding categorical column: tech_support
2025-06-03 16:08:51,342 - StandardDataPreprocessor - INFO - Encoding categorical column: tech_support
2025-06-03 16:08:51,342 - StandardDataPreprocessor - INFO - Encoding categorical column: tech_support
2025-06-03 16:08:51,343 - StandardDataPreprocessor - INFO - Encoding categorical column: streaming_tv
2025-06-03 16:08:51,343 - StandardDataPreprocessor - INFO - Encoding categorical column: streaming_tv
2025-06-03 16:08:51,343 - StandardDataPreprocessor - INFO - Encoding categorical column: streaming_tv
2025-06-03 16:08:51,343 - StandardDataPreprocessor - INFO - Encoding categorical column: streaming_movies
2025-06-03 16:08:51,343 - StandardDataPreprocessor - INFO - Encoding categorical column: streaming_movies
2025-06-03 16:08:51,343 - StandardDataPreprocessor - INFO - Encoding categorical column: streaming_movies
2025-06-03 16:08:51,344 - StandardDataPreprocessor - INFO - Encoding target column: churn
2025-06-03 16:08:51,344 - StandardDataPreprocessor - INFO - Encoding target column: churn
2025-06-03 16:08:51,344 - StandardDataPreprocessor - INFO - Encoding target column: churn
2025-06-03 16:08:51,344 - StandardDataPreprocessor - INFO - Scaling numerical variables
2025-06-03 16:08:51,344 - StandardDataPreprocessor - INFO - Scaling numerical variables
2025-06-03 16:08:51,344 - StandardDataPreprocessor - INFO - Scaling numerical variables
2025-06-03 16:08:51,344 - StandardDataPreprocessor - DEBUG - Scaling numerical variables
2025-06-03 16:08:51,344 - StandardDataPreprocessor - DEBUG - Scaling numerical variables
2025-06-03 16:08:51,344 - StandardDataPreprocessor - DEBUG - Scaling numerical variables
2025-06-03 16:08:51,344 - StandardDataPreprocessor - INFO - Scaling 13 numerical columns
2025-06-03 16:08:51,344 - StandardDataPreprocessor - INFO - Scaling 13 numerical columns
2025-06-03 16:08:51,344 - StandardDataPreprocessor - INFO - Scaling 13 numerical columns
2025-06-03 16:08:51,347 - StandardDataPreprocessor - INFO - Preprocessing completed successfully
2025-06-03 16:08:51,347 - StandardDataPreprocessor - INFO - Preprocessing completed successfully
2025-06-03 16:08:51,347 - StandardDataPreprocessor - INFO - Preprocessing completed successfully
2025-06-03 16:08:51,347 - StandardDataPreprocessor - INFO - Splitting features and target variable: churn
2025-06-03 16:08:51,347 - StandardDataPreprocessor - INFO - Splitting features and target variable: churn
2025-06-03 16:08:51,347 - StandardDataPreprocessor - INFO - Splitting features and target variable: churn
2025-06-03 16:08:51,348 - StandardDataPreprocessor - INFO - Split complete: 5 features, 5 target values
2025-06-03 16:08:51,348 - StandardDataPreprocessor - INFO - Split complete: 5 features, 5 target values
2025-06-03 16:08:51,348 - StandardDataPreprocessor - INFO - Split complete: 5 features, 5 target values
