2025-06-04 14:08:40,816 - StandardDataPreprocessor - INFO - Initializing StandardDataPreprocessor
2025-06-04 14:08:40,825 - StandardDataPreprocessor - INFO - Starting data preprocessing
2025-06-04 14:08:40,825 - StandardDataPreprocessor - INFO - Dropping customer_id column
2025-06-04 14:08:40,826 - StandardDataPreprocessor - INFO - Handling missing values
2025-06-04 14:08:40,826 - StandardDataPreprocessor - DEBUG - Handling missing values
2025-06-04 14:08:40,826 - StandardDataPreprocessor - INFO - Filling 49 missing values in total_charges with median
2025-06-04 14:08:40,828 - StandardDataPreprocessor - INFO - Filling 29 missing values in payment_method with mode
2025-06-04 14:08:40,831 - StandardDataPreprocessor - INFO - Encoding categorical variables
2025-06-04 14:08:40,831 - StandardDataPreprocessor - DEBUG - Encoding categorical variables
2025-06-04 14:08:40,831 - StandardDataPreprocessor - INFO - Encoding categorical column: contract_type
2025-06-04 14:08:40,832 - StandardDataPreprocessor - INFO - Encoding categorical column: payment_method
2025-06-04 14:08:40,832 - StandardDataPreprocessor - INFO - Encoding categorical column: paperless_billing
2025-06-04 14:08:40,833 - StandardDataPreprocessor - INFO - Encoding categorical column: internet_service
2025-06-04 14:08:40,833 - StandardDataPreprocessor - INFO - Encoding categorical column: online_security
2025-06-04 14:08:40,833 - StandardDataPreprocessor - INFO - Encoding categorical column: online_backup
2025-06-04 14:08:40,834 - StandardDataPreprocessor - INFO - Encoding categorical column: device_protection
2025-06-04 14:08:40,834 - StandardDataPreprocessor - INFO - Encoding categorical column: tech_support
2025-06-04 14:08:40,835 - StandardDataPreprocessor - INFO - Encoding categorical column: streaming_tv
2025-06-04 14:08:40,835 - StandardDataPreprocessor - INFO - Encoding categorical column: streaming_movies
2025-06-04 14:08:40,835 - StandardDataPreprocessor - INFO - Encoding target column: churn
2025-06-04 14:08:40,836 - StandardDataPreprocessor - INFO - Scaling numerical variables
2025-06-04 14:08:40,836 - StandardDataPreprocessor - DEBUG - Scaling numerical variables
2025-06-04 14:08:40,836 - StandardDataPreprocessor - INFO - Scaling 13 numerical columns
2025-06-04 14:08:40,840 - StandardDataPreprocessor - INFO - Preprocessing completed successfully
2025-06-04 14:08:40,840 - StandardDataPreprocessor - INFO - Splitting features and target variable: churn
2025-06-04 14:08:40,841 - StandardDataPreprocessor - INFO - Split complete: 1000 features, 1000 target values
