2025-06-04 14:46:18,705 - StandardDataPreprocessor - INFO - Initializing StandardDataPreprocessor
2025-06-04 14:46:18,706 - StandardDataPreprocessor - INFO - Starting data preprocessing
2025-06-04 14:46:18,706 - StandardDataPreprocessor - INFO - Dropping customer_id column
2025-06-04 14:46:18,706 - StandardDataPreprocessor - INFO - Handling missing values
2025-06-04 14:46:18,706 - StandardDataPreprocessor - DEBUG - Handling missing values
2025-06-04 14:46:18,708 - StandardDataPreprocessor - INFO - Encoding categorical variables
2025-06-04 14:46:18,708 - StandardDataPreprocessor - DEBUG - Encoding categorical variables
2025-06-04 14:46:18,708 - StandardDataPreprocessor - INFO - Encoding categorical column: contract_type
2025-06-04 14:46:18,708 - StandardDataPreprocessor - INFO - Encoding categorical column: payment_method
2025-06-04 14:46:18,709 - StandardDataPreprocessor - INFO - Encoding categorical column: paperless_billing
2025-06-04 14:46:18,709 - StandardDataPreprocessor - INFO - Encoding categorical column: internet_service
2025-06-04 14:46:18,710 - StandardDataPreprocessor - INFO - Encoding categorical column: online_security
2025-06-04 14:46:18,710 - StandardDataPreprocessor - INFO - Encoding categorical column: online_backup
2025-06-04 14:46:18,710 - StandardDataPreprocessor - INFO - Encoding categorical column: device_protection
2025-06-04 14:46:18,711 - StandardDataPreprocessor - INFO - Encoding categorical column: tech_support
2025-06-04 14:46:18,711 - StandardDataPreprocessor - INFO - Encoding categorical column: streaming_tv
2025-06-04 14:46:18,711 - StandardDataPreprocessor - INFO - Encoding categorical column: streaming_movies
2025-06-04 14:46:18,711 - StandardDataPreprocessor - INFO - Encoding target column: churn
2025-06-04 14:46:18,711 - StandardDataPreprocessor - INFO - Scaling numerical variables
2025-06-04 14:46:18,712 - StandardDataPreprocessor - DEBUG - Scaling numerical variables
2025-06-04 14:46:18,712 - StandardDataPreprocessor - INFO - Scaling 13 numerical columns
2025-06-04 14:46:18,715 - StandardDataPreprocessor - INFO - Preprocessing completed successfully
2025-06-04 14:46:18,718 - StandardDataPreprocessor - INFO - Initializing StandardDataPreprocessor
2025-06-04 14:46:18,718 - StandardDataPreprocessor - INFO - Initializing StandardDataPreprocessor
2025-06-04 14:46:18,718 - StandardDataPreprocessor - INFO - Starting data preprocessing
2025-06-04 14:46:18,718 - StandardDataPreprocessor - INFO - Starting data preprocessing
2025-06-04 14:46:18,718 - StandardDataPreprocessor - INFO - Dropping customer_id column
2025-06-04 14:46:18,718 - StandardDataPreprocessor - INFO - Dropping customer_id column
2025-06-04 14:46:18,719 - StandardDataPreprocessor - INFO - Handling missing values
2025-06-04 14:46:18,719 - StandardDataPreprocessor - INFO - Handling missing values
2025-06-04 14:46:18,719 - StandardDataPreprocessor - DEBUG - Handling missing values
2025-06-04 14:46:18,719 - StandardDataPreprocessor - DEBUG - Handling missing values
2025-06-04 14:46:18,720 - StandardDataPreprocessor - INFO - Encoding categorical variables
2025-06-04 14:46:18,720 - StandardDataPreprocessor - INFO - Encoding categorical variables
2025-06-04 14:46:18,720 - StandardDataPreprocessor - DEBUG - Encoding categorical variables
2025-06-04 14:46:18,720 - StandardDataPreprocessor - DEBUG - Encoding categorical variables
2025-06-04 14:46:18,721 - StandardDataPreprocessor - INFO - Encoding categorical column: contract_type
2025-06-04 14:46:18,721 - StandardDataPreprocessor - INFO - Encoding categorical column: contract_type
2025-06-04 14:46:18,721 - StandardDataPreprocessor - INFO - Encoding categorical column: payment_method
2025-06-04 14:46:18,721 - StandardDataPreprocessor - INFO - Encoding categorical column: payment_method
2025-06-04 14:46:18,721 - StandardDataPreprocessor - INFO - Encoding categorical column: paperless_billing
2025-06-04 14:46:18,721 - StandardDataPreprocessor - INFO - Encoding categorical column: paperless_billing
2025-06-04 14:46:18,721 - StandardDataPreprocessor - INFO - Encoding categorical column: internet_service
2025-06-04 14:46:18,721 - StandardDataPreprocessor - INFO - Encoding categorical column: internet_service
2025-06-04 14:46:18,722 - StandardDataPreprocessor - INFO - Encoding categorical column: online_security
2025-06-04 14:46:18,722 - StandardDataPreprocessor - INFO - Encoding categorical column: online_security
2025-06-04 14:46:18,722 - StandardDataPreprocessor - INFO - Encoding categorical column: online_backup
2025-06-04 14:46:18,722 - StandardDataPreprocessor - INFO - Encoding categorical column: online_backup
2025-06-04 14:46:18,722 - StandardDataPreprocessor - INFO - Encoding categorical column: device_protection
2025-06-04 14:46:18,722 - StandardDataPreprocessor - INFO - Encoding categorical column: device_protection
2025-06-04 14:46:18,722 - StandardDataPreprocessor - INFO - Encoding categorical column: tech_support
2025-06-04 14:46:18,722 - StandardDataPreprocessor - INFO - Encoding categorical column: tech_support
2025-06-04 14:46:18,722 - StandardDataPreprocessor - INFO - Encoding categorical column: streaming_tv
2025-06-04 14:46:18,722 - StandardDataPreprocessor - INFO - Encoding categorical column: streaming_tv
2025-06-04 14:46:18,723 - StandardDataPreprocessor - INFO - Encoding categorical column: streaming_movies
2025-06-04 14:46:18,723 - StandardDataPreprocessor - INFO - Encoding categorical column: streaming_movies
2025-06-04 14:46:18,723 - StandardDataPreprocessor - INFO - Encoding target column: churn
2025-06-04 14:46:18,723 - StandardDataPreprocessor - INFO - Encoding target column: churn
2025-06-04 14:46:18,723 - StandardDataPreprocessor - INFO - Scaling numerical variables
2025-06-04 14:46:18,723 - StandardDataPreprocessor - INFO - Scaling numerical variables
2025-06-04 14:46:18,723 - StandardDataPreprocessor - DEBUG - Scaling numerical variables
2025-06-04 14:46:18,723 - StandardDataPreprocessor - DEBUG - Scaling numerical variables
2025-06-04 14:46:18,724 - StandardDataPreprocessor - INFO - Scaling 13 numerical columns
2025-06-04 14:46:18,724 - StandardDataPreprocessor - INFO - Scaling 13 numerical columns
2025-06-04 14:46:18,726 - StandardDataPreprocessor - INFO - Preprocessing completed successfully
2025-06-04 14:46:18,726 - StandardDataPreprocessor - INFO - Preprocessing completed successfully
2025-06-04 14:46:18,726 - StandardDataPreprocessor - INFO - Splitting features and target variable: churn
2025-06-04 14:46:18,726 - StandardDataPreprocessor - INFO - Splitting features and target variable: churn
2025-06-04 14:46:18,727 - StandardDataPreprocessor - INFO - Split complete: 5 features, 5 target values
2025-06-04 14:46:18,727 - StandardDataPreprocessor - INFO - Split complete: 5 features, 5 target values
2025-06-04 14:46:18,736 - StandardDataPreprocessor - INFO - Initializing StandardDataPreprocessor
2025-06-04 14:46:18,736 - StandardDataPreprocessor - INFO - Initializing StandardDataPreprocessor
2025-06-04 14:46:18,736 - StandardDataPreprocessor - INFO - Initializing StandardDataPreprocessor
2025-06-04 14:46:18,736 - StandardDataPreprocessor - INFO - Starting data preprocessing
2025-06-04 14:46:18,736 - StandardDataPreprocessor - INFO - Starting data preprocessing
2025-06-04 14:46:18,736 - StandardDataPreprocessor - INFO - Starting data preprocessing
2025-06-04 14:46:18,736 - StandardDataPreprocessor - INFO - Dropping customer_id column
2025-06-04 14:46:18,736 - StandardDataPreprocessor - INFO - Dropping customer_id column
2025-06-04 14:46:18,736 - StandardDataPreprocessor - INFO - Dropping customer_id column
2025-06-04 14:46:18,736 - StandardDataPreprocessor - INFO - Handling missing values
2025-06-04 14:46:18,736 - StandardDataPreprocessor - INFO - Handling missing values
2025-06-04 14:46:18,736 - StandardDataPreprocessor - INFO - Handling missing values
2025-06-04 14:46:18,736 - StandardDataPreprocessor - DEBUG - Handling missing values
2025-06-04 14:46:18,736 - StandardDataPreprocessor - DEBUG - Handling missing values
2025-06-04 14:46:18,736 - StandardDataPreprocessor - DEBUG - Handling missing values
2025-06-04 14:46:18,738 - StandardDataPreprocessor - INFO - Encoding categorical variables
2025-06-04 14:46:18,738 - StandardDataPreprocessor - INFO - Encoding categorical variables
2025-06-04 14:46:18,738 - StandardDataPreprocessor - INFO - Encoding categorical variables
2025-06-04 14:46:18,738 - StandardDataPreprocessor - DEBUG - Encoding categorical variables
2025-06-04 14:46:18,738 - StandardDataPreprocessor - DEBUG - Encoding categorical variables
2025-06-04 14:46:18,738 - StandardDataPreprocessor - DEBUG - Encoding categorical variables
2025-06-04 14:46:18,738 - StandardDataPreprocessor - INFO - Encoding categorical column: contract_type
2025-06-04 14:46:18,738 - StandardDataPreprocessor - INFO - Encoding categorical column: contract_type
2025-06-04 14:46:18,738 - StandardDataPreprocessor - INFO - Encoding categorical column: contract_type
2025-06-04 14:46:18,738 - StandardDataPreprocessor - INFO - Encoding categorical column: payment_method
2025-06-04 14:46:18,738 - StandardDataPreprocessor - INFO - Encoding categorical column: payment_method
2025-06-04 14:46:18,738 - StandardDataPreprocessor - INFO - Encoding categorical column: payment_method
2025-06-04 14:46:18,739 - StandardDataPreprocessor - INFO - Encoding categorical column: paperless_billing
2025-06-04 14:46:18,739 - StandardDataPreprocessor - INFO - Encoding categorical column: paperless_billing
2025-06-04 14:46:18,739 - StandardDataPreprocessor - INFO - Encoding categorical column: paperless_billing
2025-06-04 14:46:18,739 - StandardDataPreprocessor - INFO - Encoding categorical column: internet_service
2025-06-04 14:46:18,739 - StandardDataPreprocessor - INFO - Encoding categorical column: internet_service
2025-06-04 14:46:18,739 - StandardDataPreprocessor - INFO - Encoding categorical column: internet_service
2025-06-04 14:46:18,739 - StandardDataPreprocessor - INFO - Encoding categorical column: online_security
2025-06-04 14:46:18,739 - StandardDataPreprocessor - INFO - Encoding categorical column: online_security
2025-06-04 14:46:18,739 - StandardDataPreprocessor - INFO - Encoding categorical column: online_security
2025-06-04 14:46:18,739 - StandardDataPreprocessor - INFO - Encoding categorical column: online_backup
2025-06-04 14:46:18,739 - StandardDataPreprocessor - INFO - Encoding categorical column: online_backup
2025-06-04 14:46:18,739 - StandardDataPreprocessor - INFO - Encoding categorical column: online_backup
2025-06-04 14:46:18,740 - StandardDataPreprocessor - INFO - Encoding categorical column: device_protection
2025-06-04 14:46:18,740 - StandardDataPreprocessor - INFO - Encoding categorical column: device_protection
2025-06-04 14:46:18,740 - StandardDataPreprocessor - INFO - Encoding categorical column: device_protection
2025-06-04 14:46:18,740 - StandardDataPreprocessor - INFO - Encoding categorical column: tech_support
2025-06-04 14:46:18,740 - StandardDataPreprocessor - INFO - Encoding categorical column: tech_support
2025-06-04 14:46:18,740 - StandardDataPreprocessor - INFO - Encoding categorical column: tech_support
2025-06-04 14:46:18,740 - StandardDataPreprocessor - INFO - Encoding categorical column: streaming_tv
2025-06-04 14:46:18,740 - StandardDataPreprocessor - INFO - Encoding categorical column: streaming_tv
2025-06-04 14:46:18,740 - StandardDataPreprocessor - INFO - Encoding categorical column: streaming_tv
2025-06-04 14:46:18,740 - StandardDataPreprocessor - INFO - Encoding categorical column: streaming_movies
2025-06-04 14:46:18,740 - StandardDataPreprocessor - INFO - Encoding categorical column: streaming_movies
2025-06-04 14:46:18,740 - StandardDataPreprocessor - INFO - Encoding categorical column: streaming_movies
2025-06-04 14:46:18,741 - StandardDataPreprocessor - INFO - Encoding target column: churn
2025-06-04 14:46:18,741 - StandardDataPreprocessor - INFO - Encoding target column: churn
2025-06-04 14:46:18,741 - StandardDataPreprocessor - INFO - Encoding target column: churn
2025-06-04 14:46:18,741 - StandardDataPreprocessor - INFO - Scaling numerical variables
2025-06-04 14:46:18,741 - StandardDataPreprocessor - INFO - Scaling numerical variables
2025-06-04 14:46:18,741 - StandardDataPreprocessor - INFO - Scaling numerical variables
2025-06-04 14:46:18,741 - StandardDataPreprocessor - DEBUG - Scaling numerical variables
2025-06-04 14:46:18,741 - StandardDataPreprocessor - DEBUG - Scaling numerical variables
2025-06-04 14:46:18,741 - StandardDataPreprocessor - DEBUG - Scaling numerical variables
2025-06-04 14:46:18,741 - StandardDataPreprocessor - INFO - Scaling 13 numerical columns
2025-06-04 14:46:18,741 - StandardDataPreprocessor - INFO - Scaling 13 numerical columns
2025-06-04 14:46:18,741 - StandardDataPreprocessor - INFO - Scaling 13 numerical columns
2025-06-04 14:46:18,744 - StandardDataPreprocessor - INFO - Preprocessing completed successfully
2025-06-04 14:46:18,744 - StandardDataPreprocessor - INFO - Preprocessing completed successfully
2025-06-04 14:46:18,744 - StandardDataPreprocessor - INFO - Preprocessing completed successfully
2025-06-04 14:46:18,744 - StandardDataPreprocessor - INFO - Splitting features and target variable: churn
2025-06-04 14:46:18,744 - StandardDataPreprocessor - INFO - Splitting features and target variable: churn
2025-06-04 14:46:18,744 - StandardDataPreprocessor - INFO - Splitting features and target variable: churn
2025-06-04 14:46:18,745 - StandardDataPreprocessor - INFO - Split complete: 5 features, 5 target values
2025-06-04 14:46:18,745 - StandardDataPreprocessor - INFO - Split complete: 5 features, 5 target values
2025-06-04 14:46:18,745 - StandardDataPreprocessor - INFO - Split complete: 5 features, 5 target values
