2025-06-04 14:38:27,489 - StandardDataPreprocessor - INFO - Initializing StandardDataPreprocessor
2025-06-04 14:38:27,489 - StandardDataPreprocessor - INFO - Starting data preprocessing
2025-06-04 14:38:27,489 - StandardDataPreprocessor - INFO - Dropping customer_id column
2025-06-04 14:38:27,490 - StandardDataPreprocessor - INFO - Handling missing values
2025-06-04 14:38:27,490 - StandardDataPreprocessor - DEBUG - Handling missing values
2025-06-04 14:38:27,492 - StandardDataPreprocessor - INFO - Encoding categorical variables
2025-06-04 14:38:27,492 - StandardDataPreprocessor - DEBUG - Encoding categorical variables
2025-06-04 14:38:27,492 - StandardDataPreprocessor - INFO - Encoding categorical column: contract_type
2025-06-04 14:38:27,492 - StandardDataPreprocessor - INFO - Encoding categorical column: payment_method
2025-06-04 14:38:27,492 - StandardDataPreprocessor - INFO - Encoding categorical column: paperless_billing
2025-06-04 14:38:27,493 - StandardDataPreprocessor - INFO - Encoding categorical column: internet_service
2025-06-04 14:38:27,493 - StandardDataPreprocessor - INFO - Encoding categorical column: online_security
2025-06-04 14:38:27,493 - StandardDataPreprocessor - INFO - Encoding categorical column: online_backup
2025-06-04 14:38:27,493 - StandardDataPreprocessor - INFO - Encoding categorical column: device_protection
2025-06-04 14:38:27,493 - StandardDataPreprocessor - INFO - Encoding categorical column: tech_support
2025-06-04 14:38:27,494 - StandardDataPreprocessor - INFO - Encoding categorical column: streaming_tv
2025-06-04 14:38:27,494 - StandardDataPreprocessor - INFO - Encoding categorical column: streaming_movies
2025-06-04 14:38:27,494 - StandardDataPreprocessor - INFO - Encoding target column: churn
2025-06-04 14:38:27,495 - StandardDataPreprocessor - INFO - Scaling numerical variables
2025-06-04 14:38:27,495 - StandardDataPreprocessor - DEBUG - Scaling numerical variables
2025-06-04 14:38:27,495 - StandardDataPreprocessor - INFO - Scaling 13 numerical columns
2025-06-04 14:38:27,498 - StandardDataPreprocessor - INFO - Preprocessing completed successfully
2025-06-04 14:38:27,500 - StandardDataPreprocessor - INFO - Initializing StandardDataPreprocessor
2025-06-04 14:38:27,500 - StandardDataPreprocessor - INFO - Initializing StandardDataPreprocessor
2025-06-04 14:38:27,500 - StandardDataPreprocessor - INFO - Starting data preprocessing
2025-06-04 14:38:27,500 - StandardDataPreprocessor - INFO - Starting data preprocessing
2025-06-04 14:38:27,501 - StandardDataPreprocessor - INFO - Dropping customer_id column
2025-06-04 14:38:27,501 - StandardDataPreprocessor - INFO - Dropping customer_id column
2025-06-04 14:38:27,501 - StandardDataPreprocessor - INFO - Handling missing values
2025-06-04 14:38:27,501 - StandardDataPreprocessor - INFO - Handling missing values
2025-06-04 14:38:27,501 - StandardDataPreprocessor - DEBUG - Handling missing values
2025-06-04 14:38:27,501 - StandardDataPreprocessor - DEBUG - Handling missing values
2025-06-04 14:38:27,502 - StandardDataPreprocessor - INFO - Encoding categorical variables
2025-06-04 14:38:27,502 - StandardDataPreprocessor - INFO - Encoding categorical variables
2025-06-04 14:38:27,503 - StandardDataPreprocessor - DEBUG - Encoding categorical variables
2025-06-04 14:38:27,503 - StandardDataPreprocessor - DEBUG - Encoding categorical variables
2025-06-04 14:38:27,503 - StandardDataPreprocessor - INFO - Encoding categorical column: contract_type
2025-06-04 14:38:27,503 - StandardDataPreprocessor - INFO - Encoding categorical column: contract_type
2025-06-04 14:38:27,503 - StandardDataPreprocessor - INFO - Encoding categorical column: payment_method
2025-06-04 14:38:27,503 - StandardDataPreprocessor - INFO - Encoding categorical column: payment_method
2025-06-04 14:38:27,503 - StandardDataPreprocessor - INFO - Encoding categorical column: paperless_billing
2025-06-04 14:38:27,503 - StandardDataPreprocessor - INFO - Encoding categorical column: paperless_billing
2025-06-04 14:38:27,503 - StandardDataPreprocessor - INFO - Encoding categorical column: internet_service
2025-06-04 14:38:27,503 - StandardDataPreprocessor - INFO - Encoding categorical column: internet_service
2025-06-04 14:38:27,504 - StandardDataPreprocessor - INFO - Encoding categorical column: online_security
2025-06-04 14:38:27,504 - StandardDataPreprocessor - INFO - Encoding categorical column: online_security
2025-06-04 14:38:27,504 - StandardDataPreprocessor - INFO - Encoding categorical column: online_backup
2025-06-04 14:38:27,504 - StandardDataPreprocessor - INFO - Encoding categorical column: online_backup
2025-06-04 14:38:27,504 - StandardDataPreprocessor - INFO - Encoding categorical column: device_protection
2025-06-04 14:38:27,504 - StandardDataPreprocessor - INFO - Encoding categorical column: device_protection
2025-06-04 14:38:27,504 - StandardDataPreprocessor - INFO - Encoding categorical column: tech_support
2025-06-04 14:38:27,504 - StandardDataPreprocessor - INFO - Encoding categorical column: tech_support
2025-06-04 14:38:27,504 - StandardDataPreprocessor - INFO - Encoding categorical column: streaming_tv
2025-06-04 14:38:27,504 - StandardDataPreprocessor - INFO - Encoding categorical column: streaming_tv
2025-06-04 14:38:27,505 - StandardDataPreprocessor - INFO - Encoding categorical column: streaming_movies
2025-06-04 14:38:27,505 - StandardDataPreprocessor - INFO - Encoding categorical column: streaming_movies
2025-06-04 14:38:27,505 - StandardDataPreprocessor - INFO - Encoding target column: churn
2025-06-04 14:38:27,505 - StandardDataPreprocessor - INFO - Encoding target column: churn
2025-06-04 14:38:27,505 - StandardDataPreprocessor - INFO - Scaling numerical variables
2025-06-04 14:38:27,505 - StandardDataPreprocessor - INFO - Scaling numerical variables
2025-06-04 14:38:27,505 - StandardDataPreprocessor - DEBUG - Scaling numerical variables
2025-06-04 14:38:27,505 - StandardDataPreprocessor - DEBUG - Scaling numerical variables
2025-06-04 14:38:27,505 - StandardDataPreprocessor - INFO - Scaling 13 numerical columns
2025-06-04 14:38:27,505 - StandardDataPreprocessor - INFO - Scaling 13 numerical columns
2025-06-04 14:38:27,508 - StandardDataPreprocessor - INFO - Preprocessing completed successfully
2025-06-04 14:38:27,508 - StandardDataPreprocessor - INFO - Preprocessing completed successfully
2025-06-04 14:38:27,508 - StandardDataPreprocessor - INFO - Splitting features and target variable: churn
2025-06-04 14:38:27,508 - StandardDataPreprocessor - INFO - Splitting features and target variable: churn
2025-06-04 14:38:27,509 - StandardDataPreprocessor - INFO - Split complete: 5 features, 5 target values
2025-06-04 14:38:27,509 - StandardDataPreprocessor - INFO - Split complete: 5 features, 5 target values
2025-06-04 14:38:27,517 - StandardDataPreprocessor - INFO - Initializing StandardDataPreprocessor
2025-06-04 14:38:27,517 - StandardDataPreprocessor - INFO - Initializing StandardDataPreprocessor
2025-06-04 14:38:27,517 - StandardDataPreprocessor - INFO - Initializing StandardDataPreprocessor
2025-06-04 14:38:27,517 - StandardDataPreprocessor - INFO - Starting data preprocessing
2025-06-04 14:38:27,517 - StandardDataPreprocessor - INFO - Starting data preprocessing
2025-06-04 14:38:27,517 - StandardDataPreprocessor - INFO - Starting data preprocessing
2025-06-04 14:38:27,517 - StandardDataPreprocessor - INFO - Dropping customer_id column
2025-06-04 14:38:27,517 - StandardDataPreprocessor - INFO - Dropping customer_id column
2025-06-04 14:38:27,517 - StandardDataPreprocessor - INFO - Dropping customer_id column
2025-06-04 14:38:27,518 - StandardDataPreprocessor - INFO - Handling missing values
2025-06-04 14:38:27,518 - StandardDataPreprocessor - INFO - Handling missing values
2025-06-04 14:38:27,518 - StandardDataPreprocessor - INFO - Handling missing values
2025-06-04 14:38:27,518 - StandardDataPreprocessor - DEBUG - Handling missing values
2025-06-04 14:38:27,518 - StandardDataPreprocessor - DEBUG - Handling missing values
2025-06-04 14:38:27,518 - StandardDataPreprocessor - DEBUG - Handling missing values
2025-06-04 14:38:27,519 - StandardDataPreprocessor - INFO - Encoding categorical variables
2025-06-04 14:38:27,519 - StandardDataPreprocessor - INFO - Encoding categorical variables
2025-06-04 14:38:27,519 - StandardDataPreprocessor - INFO - Encoding categorical variables
2025-06-04 14:38:27,519 - StandardDataPreprocessor - DEBUG - Encoding categorical variables
2025-06-04 14:38:27,519 - StandardDataPreprocessor - DEBUG - Encoding categorical variables
2025-06-04 14:38:27,519 - StandardDataPreprocessor - DEBUG - Encoding categorical variables
2025-06-04 14:38:27,520 - StandardDataPreprocessor - INFO - Encoding categorical column: contract_type
2025-06-04 14:38:27,520 - StandardDataPreprocessor - INFO - Encoding categorical column: contract_type
2025-06-04 14:38:27,520 - StandardDataPreprocessor - INFO - Encoding categorical column: contract_type
2025-06-04 14:38:27,520 - StandardDataPreprocessor - INFO - Encoding categorical column: payment_method
2025-06-04 14:38:27,520 - StandardDataPreprocessor - INFO - Encoding categorical column: payment_method
2025-06-04 14:38:27,520 - StandardDataPreprocessor - INFO - Encoding categorical column: payment_method
2025-06-04 14:38:27,520 - StandardDataPreprocessor - INFO - Encoding categorical column: paperless_billing
2025-06-04 14:38:27,520 - StandardDataPreprocessor - INFO - Encoding categorical column: paperless_billing
2025-06-04 14:38:27,520 - StandardDataPreprocessor - INFO - Encoding categorical column: paperless_billing
2025-06-04 14:38:27,520 - StandardDataPreprocessor - INFO - Encoding categorical column: internet_service
2025-06-04 14:38:27,520 - StandardDataPreprocessor - INFO - Encoding categorical column: internet_service
2025-06-04 14:38:27,520 - StandardDataPreprocessor - INFO - Encoding categorical column: internet_service
2025-06-04 14:38:27,521 - StandardDataPreprocessor - INFO - Encoding categorical column: online_security
2025-06-04 14:38:27,521 - StandardDataPreprocessor - INFO - Encoding categorical column: online_security
2025-06-04 14:38:27,521 - StandardDataPreprocessor - INFO - Encoding categorical column: online_security
2025-06-04 14:38:27,521 - StandardDataPreprocessor - INFO - Encoding categorical column: online_backup
2025-06-04 14:38:27,521 - StandardDataPreprocessor - INFO - Encoding categorical column: online_backup
2025-06-04 14:38:27,521 - StandardDataPreprocessor - INFO - Encoding categorical column: online_backup
2025-06-04 14:38:27,521 - StandardDataPreprocessor - INFO - Encoding categorical column: device_protection
2025-06-04 14:38:27,521 - StandardDataPreprocessor - INFO - Encoding categorical column: device_protection
2025-06-04 14:38:27,521 - StandardDataPreprocessor - INFO - Encoding categorical column: device_protection
2025-06-04 14:38:27,521 - StandardDataPreprocessor - INFO - Encoding categorical column: tech_support
2025-06-04 14:38:27,521 - StandardDataPreprocessor - INFO - Encoding categorical column: tech_support
2025-06-04 14:38:27,521 - StandardDataPreprocessor - INFO - Encoding categorical column: tech_support
2025-06-04 14:38:27,522 - StandardDataPreprocessor - INFO - Encoding categorical column: streaming_tv
2025-06-04 14:38:27,522 - StandardDataPreprocessor - INFO - Encoding categorical column: streaming_tv
2025-06-04 14:38:27,522 - StandardDataPreprocessor - INFO - Encoding categorical column: streaming_tv
2025-06-04 14:38:27,522 - StandardDataPreprocessor - INFO - Encoding categorical column: streaming_movies
2025-06-04 14:38:27,522 - StandardDataPreprocessor - INFO - Encoding categorical column: streaming_movies
2025-06-04 14:38:27,522 - StandardDataPreprocessor - INFO - Encoding categorical column: streaming_movies
2025-06-04 14:38:27,522 - StandardDataPreprocessor - INFO - Encoding target column: churn
2025-06-04 14:38:27,522 - StandardDataPreprocessor - INFO - Encoding target column: churn
2025-06-04 14:38:27,522 - StandardDataPreprocessor - INFO - Encoding target column: churn
2025-06-04 14:38:27,522 - StandardDataPreprocessor - INFO - Scaling numerical variables
2025-06-04 14:38:27,522 - StandardDataPreprocessor - INFO - Scaling numerical variables
2025-06-04 14:38:27,522 - StandardDataPreprocessor - INFO - Scaling numerical variables
2025-06-04 14:38:27,522 - StandardDataPreprocessor - DEBUG - Scaling numerical variables
2025-06-04 14:38:27,522 - StandardDataPreprocessor - DEBUG - Scaling numerical variables
2025-06-04 14:38:27,522 - StandardDataPreprocessor - DEBUG - Scaling numerical variables
2025-06-04 14:38:27,523 - StandardDataPreprocessor - INFO - Scaling 13 numerical columns
2025-06-04 14:38:27,523 - StandardDataPreprocessor - INFO - Scaling 13 numerical columns
2025-06-04 14:38:27,523 - StandardDataPreprocessor - INFO - Scaling 13 numerical columns
2025-06-04 14:38:27,526 - StandardDataPreprocessor - INFO - Preprocessing completed successfully
2025-06-04 14:38:27,526 - StandardDataPreprocessor - INFO - Preprocessing completed successfully
2025-06-04 14:38:27,526 - StandardDataPreprocessor - INFO - Preprocessing completed successfully
2025-06-04 14:38:27,526 - StandardDataPreprocessor - INFO - Splitting features and target variable: churn
2025-06-04 14:38:27,526 - StandardDataPreprocessor - INFO - Splitting features and target variable: churn
2025-06-04 14:38:27,526 - StandardDataPreprocessor - INFO - Splitting features and target variable: churn
2025-06-04 14:38:27,526 - StandardDataPreprocessor - INFO - Split complete: 5 features, 5 target values
2025-06-04 14:38:27,526 - StandardDataPreprocessor - INFO - Split complete: 5 features, 5 target values
2025-06-04 14:38:27,526 - StandardDataPreprocessor - INFO - Split complete: 5 features, 5 target values
