2025-06-03 14:36:09,216 - StandardDataPreprocessor - INFO - Initializing StandardDataPreprocessor
2025-06-03 14:36:09,216 - StandardDataPreprocessor - INFO - Starting data preprocessing
2025-06-03 14:36:09,216 - StandardDataPreprocessor - INFO - Dropping customer_id column
2025-06-03 14:36:09,217 - StandardDataPreprocessor - INFO - Handling missing values
2025-06-03 14:36:09,217 - StandardDataPreprocessor - DEBUG - Handling missing values
2025-06-03 14:36:09,219 - StandardDataPreprocessor - INFO - Encoding categorical variables
2025-06-03 14:36:09,219 - StandardDataPreprocessor - DEBUG - Encoding categorical variables
2025-06-03 14:36:09,219 - StandardDataPreprocessor - INFO - Encoding categorical column: contract_type
2025-06-03 14:36:09,220 - StandardDataPreprocessor - INFO - Encoding categorical column: payment_method
2025-06-03 14:36:09,220 - StandardDataPreprocessor - INFO - Encoding categorical column: paperless_billing
2025-06-03 14:36:09,220 - StandardDataPreprocessor - INFO - Encoding categorical column: internet_service
2025-06-03 14:36:09,220 - StandardDataPreprocessor - INFO - Encoding categorical column: online_security
2025-06-03 14:36:09,220 - StandardDataPreprocessor - INFO - Encoding categorical column: online_backup
2025-06-03 14:36:09,221 - StandardDataPreprocessor - INFO - Encoding categorical column: device_protection
2025-06-03 14:36:09,221 - StandardDataPreprocessor - INFO - Encoding categorical column: tech_support
2025-06-03 14:36:09,221 - StandardDataPreprocessor - INFO - Encoding categorical column: streaming_tv
2025-06-03 14:36:09,221 - StandardDataPreprocessor - INFO - Encoding categorical column: streaming_movies
2025-06-03 14:36:09,222 - StandardDataPreprocessor - INFO - Encoding target column: churn
2025-06-03 14:36:09,222 - StandardDataPreprocessor - INFO - Scaling numerical variables
2025-06-03 14:36:09,222 - StandardDataPreprocessor - DEBUG - Scaling numerical variables
2025-06-03 14:36:09,222 - StandardDataPreprocessor - INFO - Scaling 13 numerical columns
2025-06-03 14:36:09,225 - StandardDataPreprocessor - INFO - Preprocessing completed successfully
2025-06-03 14:36:09,228 - StandardDataPreprocessor - INFO - Initializing StandardDataPreprocessor
2025-06-03 14:36:09,228 - StandardDataPreprocessor - INFO - Initializing StandardDataPreprocessor
2025-06-03 14:36:09,228 - StandardDataPreprocessor - INFO - Starting data preprocessing
2025-06-03 14:36:09,228 - StandardDataPreprocessor - INFO - Starting data preprocessing
2025-06-03 14:36:09,229 - StandardDataPreprocessor - INFO - Dropping customer_id column
2025-06-03 14:36:09,229 - StandardDataPreprocessor - INFO - Dropping customer_id column
2025-06-03 14:36:09,229 - StandardDataPreprocessor - INFO - Handling missing values
2025-06-03 14:36:09,229 - StandardDataPreprocessor - INFO - Handling missing values
2025-06-03 14:36:09,229 - StandardDataPreprocessor - DEBUG - Handling missing values
2025-06-03 14:36:09,229 - StandardDataPreprocessor - DEBUG - Handling missing values
2025-06-03 14:36:09,231 - StandardDataPreprocessor - INFO - Encoding categorical variables
2025-06-03 14:36:09,231 - StandardDataPreprocessor - INFO - Encoding categorical variables
2025-06-03 14:36:09,231 - StandardDataPreprocessor - DEBUG - Encoding categorical variables
2025-06-03 14:36:09,231 - StandardDataPreprocessor - DEBUG - Encoding categorical variables
2025-06-03 14:36:09,231 - StandardDataPreprocessor - INFO - Encoding categorical column: contract_type
2025-06-03 14:36:09,231 - StandardDataPreprocessor - INFO - Encoding categorical column: contract_type
2025-06-03 14:36:09,231 - StandardDataPreprocessor - INFO - Encoding categorical column: payment_method
2025-06-03 14:36:09,231 - StandardDataPreprocessor - INFO - Encoding categorical column: payment_method
2025-06-03 14:36:09,232 - StandardDataPreprocessor - INFO - Encoding categorical column: paperless_billing
2025-06-03 14:36:09,232 - StandardDataPreprocessor - INFO - Encoding categorical column: paperless_billing
2025-06-03 14:36:09,232 - StandardDataPreprocessor - INFO - Encoding categorical column: internet_service
2025-06-03 14:36:09,232 - StandardDataPreprocessor - INFO - Encoding categorical column: internet_service
2025-06-03 14:36:09,232 - StandardDataPreprocessor - INFO - Encoding categorical column: online_security
2025-06-03 14:36:09,232 - StandardDataPreprocessor - INFO - Encoding categorical column: online_security
2025-06-03 14:36:09,232 - StandardDataPreprocessor - INFO - Encoding categorical column: online_backup
2025-06-03 14:36:09,232 - StandardDataPreprocessor - INFO - Encoding categorical column: online_backup
2025-06-03 14:36:09,233 - StandardDataPreprocessor - INFO - Encoding categorical column: device_protection
2025-06-03 14:36:09,233 - StandardDataPreprocessor - INFO - Encoding categorical column: device_protection
2025-06-03 14:36:09,233 - StandardDataPreprocessor - INFO - Encoding categorical column: tech_support
2025-06-03 14:36:09,233 - StandardDataPreprocessor - INFO - Encoding categorical column: tech_support
2025-06-03 14:36:09,233 - StandardDataPreprocessor - INFO - Encoding categorical column: streaming_tv
2025-06-03 14:36:09,233 - StandardDataPreprocessor - INFO - Encoding categorical column: streaming_tv
2025-06-03 14:36:09,233 - StandardDataPreprocessor - INFO - Encoding categorical column: streaming_movies
2025-06-03 14:36:09,233 - StandardDataPreprocessor - INFO - Encoding categorical column: streaming_movies
2025-06-03 14:36:09,234 - StandardDataPreprocessor - INFO - Encoding target column: churn
2025-06-03 14:36:09,234 - StandardDataPreprocessor - INFO - Encoding target column: churn
2025-06-03 14:36:09,234 - StandardDataPreprocessor - INFO - Scaling numerical variables
2025-06-03 14:36:09,234 - StandardDataPreprocessor - INFO - Scaling numerical variables
2025-06-03 14:36:09,234 - StandardDataPreprocessor - DEBUG - Scaling numerical variables
2025-06-03 14:36:09,234 - StandardDataPreprocessor - DEBUG - Scaling numerical variables
2025-06-03 14:36:09,234 - StandardDataPreprocessor - INFO - Scaling 13 numerical columns
2025-06-03 14:36:09,234 - StandardDataPreprocessor - INFO - Scaling 13 numerical columns
2025-06-03 14:36:09,238 - StandardDataPreprocessor - INFO - Preprocessing completed successfully
2025-06-03 14:36:09,238 - StandardDataPreprocessor - INFO - Preprocessing completed successfully
2025-06-03 14:36:09,238 - StandardDataPreprocessor - INFO - Splitting features and target variable: churn
2025-06-03 14:36:09,238 - StandardDataPreprocessor - INFO - Splitting features and target variable: churn
2025-06-03 14:36:09,239 - StandardDataPreprocessor - INFO - Split complete: 5 features, 5 target values
2025-06-03 14:36:09,239 - StandardDataPreprocessor - INFO - Split complete: 5 features, 5 target values
2025-06-03 14:36:09,283 - StandardDataPreprocessor - INFO - Initializing StandardDataPreprocessor
2025-06-03 14:36:09,283 - StandardDataPreprocessor - INFO - Initializing StandardDataPreprocessor
2025-06-03 14:36:09,283 - StandardDataPreprocessor - INFO - Initializing StandardDataPreprocessor
2025-06-03 14:36:09,283 - StandardDataPreprocessor - INFO - Starting data preprocessing
2025-06-03 14:36:09,283 - StandardDataPreprocessor - INFO - Starting data preprocessing
2025-06-03 14:36:09,283 - StandardDataPreprocessor - INFO - Starting data preprocessing
2025-06-03 14:36:09,283 - StandardDataPreprocessor - INFO - Dropping customer_id column
2025-06-03 14:36:09,283 - StandardDataPreprocessor - INFO - Dropping customer_id column
2025-06-03 14:36:09,283 - StandardDataPreprocessor - INFO - Dropping customer_id column
2025-06-03 14:36:09,284 - StandardDataPreprocessor - INFO - Handling missing values
2025-06-03 14:36:09,284 - StandardDataPreprocessor - INFO - Handling missing values
2025-06-03 14:36:09,284 - StandardDataPreprocessor - INFO - Handling missing values
2025-06-03 14:36:09,284 - StandardDataPreprocessor - DEBUG - Handling missing values
2025-06-03 14:36:09,284 - StandardDataPreprocessor - DEBUG - Handling missing values
2025-06-03 14:36:09,284 - StandardDataPreprocessor - DEBUG - Handling missing values
2025-06-03 14:36:09,285 - StandardDataPreprocessor - INFO - Encoding categorical variables
2025-06-03 14:36:09,285 - StandardDataPreprocessor - INFO - Encoding categorical variables
2025-06-03 14:36:09,285 - StandardDataPreprocessor - INFO - Encoding categorical variables
2025-06-03 14:36:09,285 - StandardDataPreprocessor - DEBUG - Encoding categorical variables
2025-06-03 14:36:09,285 - StandardDataPreprocessor - DEBUG - Encoding categorical variables
2025-06-03 14:36:09,285 - StandardDataPreprocessor - DEBUG - Encoding categorical variables
2025-06-03 14:36:09,286 - StandardDataPreprocessor - INFO - Encoding categorical column: contract_type
2025-06-03 14:36:09,286 - StandardDataPreprocessor - INFO - Encoding categorical column: contract_type
2025-06-03 14:36:09,286 - StandardDataPreprocessor - INFO - Encoding categorical column: contract_type
2025-06-03 14:36:09,286 - StandardDataPreprocessor - INFO - Encoding categorical column: payment_method
2025-06-03 14:36:09,286 - StandardDataPreprocessor - INFO - Encoding categorical column: payment_method
2025-06-03 14:36:09,286 - StandardDataPreprocessor - INFO - Encoding categorical column: payment_method
2025-06-03 14:36:09,286 - StandardDataPreprocessor - INFO - Encoding categorical column: paperless_billing
2025-06-03 14:36:09,286 - StandardDataPreprocessor - INFO - Encoding categorical column: paperless_billing
2025-06-03 14:36:09,286 - StandardDataPreprocessor - INFO - Encoding categorical column: paperless_billing
2025-06-03 14:36:09,286 - StandardDataPreprocessor - INFO - Encoding categorical column: internet_service
2025-06-03 14:36:09,286 - StandardDataPreprocessor - INFO - Encoding categorical column: internet_service
2025-06-03 14:36:09,286 - StandardDataPreprocessor - INFO - Encoding categorical column: internet_service
2025-06-03 14:36:09,287 - StandardDataPreprocessor - INFO - Encoding categorical column: online_security
2025-06-03 14:36:09,287 - StandardDataPreprocessor - INFO - Encoding categorical column: online_security
2025-06-03 14:36:09,287 - StandardDataPreprocessor - INFO - Encoding categorical column: online_security
2025-06-03 14:36:09,287 - StandardDataPreprocessor - INFO - Encoding categorical column: online_backup
2025-06-03 14:36:09,287 - StandardDataPreprocessor - INFO - Encoding categorical column: online_backup
2025-06-03 14:36:09,287 - StandardDataPreprocessor - INFO - Encoding categorical column: online_backup
2025-06-03 14:36:09,287 - StandardDataPreprocessor - INFO - Encoding categorical column: device_protection
2025-06-03 14:36:09,287 - StandardDataPreprocessor - INFO - Encoding categorical column: device_protection
2025-06-03 14:36:09,287 - StandardDataPreprocessor - INFO - Encoding categorical column: device_protection
2025-06-03 14:36:09,287 - StandardDataPreprocessor - INFO - Encoding categorical column: tech_support
2025-06-03 14:36:09,287 - StandardDataPreprocessor - INFO - Encoding categorical column: tech_support
2025-06-03 14:36:09,287 - StandardDataPreprocessor - INFO - Encoding categorical column: tech_support
2025-06-03 14:36:09,288 - StandardDataPreprocessor - INFO - Encoding categorical column: streaming_tv
2025-06-03 14:36:09,288 - StandardDataPreprocessor - INFO - Encoding categorical column: streaming_tv
2025-06-03 14:36:09,288 - StandardDataPreprocessor - INFO - Encoding categorical column: streaming_tv
2025-06-03 14:36:09,288 - StandardDataPreprocessor - INFO - Encoding categorical column: streaming_movies
2025-06-03 14:36:09,288 - StandardDataPreprocessor - INFO - Encoding categorical column: streaming_movies
2025-06-03 14:36:09,288 - StandardDataPreprocessor - INFO - Encoding categorical column: streaming_movies
2025-06-03 14:36:09,289 - StandardDataPreprocessor - INFO - Encoding target column: churn
2025-06-03 14:36:09,289 - StandardDataPreprocessor - INFO - Encoding target column: churn
2025-06-03 14:36:09,289 - StandardDataPreprocessor - INFO - Encoding target column: churn
2025-06-03 14:36:09,289 - StandardDataPreprocessor - INFO - Scaling numerical variables
2025-06-03 14:36:09,289 - StandardDataPreprocessor - INFO - Scaling numerical variables
2025-06-03 14:36:09,289 - StandardDataPreprocessor - INFO - Scaling numerical variables
2025-06-03 14:36:09,290 - StandardDataPreprocessor - DEBUG - Scaling numerical variables
2025-06-03 14:36:09,290 - StandardDataPreprocessor - DEBUG - Scaling numerical variables
2025-06-03 14:36:09,290 - StandardDataPreprocessor - DEBUG - Scaling numerical variables
2025-06-03 14:36:09,290 - StandardDataPreprocessor - INFO - Scaling 13 numerical columns
2025-06-03 14:36:09,290 - StandardDataPreprocessor - INFO - Scaling 13 numerical columns
2025-06-03 14:36:09,290 - StandardDataPreprocessor - INFO - Scaling 13 numerical columns
2025-06-03 14:36:09,293 - StandardDataPreprocessor - INFO - Preprocessing completed successfully
2025-06-03 14:36:09,293 - StandardDataPreprocessor - INFO - Preprocessing completed successfully
2025-06-03 14:36:09,293 - StandardDataPreprocessor - INFO - Preprocessing completed successfully
2025-06-03 14:36:09,293 - StandardDataPreprocessor - INFO - Splitting features and target variable: churn
2025-06-03 14:36:09,293 - StandardDataPreprocessor - INFO - Splitting features and target variable: churn
2025-06-03 14:36:09,293 - StandardDataPreprocessor - INFO - Splitting features and target variable: churn
2025-06-03 14:36:09,294 - StandardDataPreprocessor - INFO - Split complete: 5 features, 5 target values
2025-06-03 14:36:09,294 - StandardDataPreprocessor - INFO - Split complete: 5 features, 5 target values
2025-06-03 14:36:09,294 - StandardDataPreprocessor - INFO - Split complete: 5 features, 5 target values
