2025-06-03 14:35:22,318 - StandardDataPreprocessor - INFO - Initializing StandardDataPreprocessor
2025-06-03 14:35:22,319 - StandardDataPreprocessor - INFO - Starting data preprocessing
2025-06-03 14:35:22,319 - StandardDataPreprocessor - INFO - Handling missing values
2025-06-03 14:35:22,319 - StandardDataPreprocessor - DEBUG - Handling missing values
2025-06-03 14:35:22,321 - StandardDataPreprocessor - INFO - Encoding categorical variables
2025-06-03 14:35:22,321 - StandardDataPreprocessor - DEBUG - Encoding categorical variables
2025-06-03 14:35:22,321 - StandardDataPreprocessor - INFO - Encoding categorical column: customer_id
2025-06-03 14:35:22,321 - StandardDataPreprocessor - INFO - Encoding categorical column: contract_type
2025-06-03 14:35:22,321 - StandardDataPreprocessor - INFO - Encoding categorical column: payment_method
2025-06-03 14:35:22,322 - StandardDataPreprocessor - INFO - Encoding categorical column: paperless_billing
2025-06-03 14:35:22,322 - StandardDataPreprocessor - INFO - Encoding categorical column: internet_service
2025-06-03 14:35:22,322 - StandardDataPreprocessor - INFO - Encoding categorical column: online_security
2025-06-03 14:35:22,323 - StandardDataPreprocessor - INFO - Encoding categorical column: online_backup
2025-06-03 14:35:22,323 - StandardDataPreprocessor - INFO - Encoding categorical column: device_protection
2025-06-03 14:35:22,323 - StandardDataPreprocessor - INFO - Encoding categorical column: tech_support
2025-06-03 14:35:22,323 - StandardDataPreprocessor - INFO - Encoding categorical column: streaming_tv
2025-06-03 14:35:22,324 - StandardDataPreprocessor - INFO - Encoding categorical column: streaming_movies
2025-06-03 14:35:22,324 - StandardDataPreprocessor - INFO - Encoding categorical column: churn
2025-06-03 14:35:22,324 - StandardDataPreprocessor - INFO - Scaling numerical variables
2025-06-03 14:35:22,324 - StandardDataPreprocessor - DEBUG - Scaling numerical variables
2025-06-03 14:35:22,325 - StandardDataPreprocessor - INFO - Scaling 15 numerical columns
2025-06-03 14:35:22,329 - StandardDataPreprocessor - INFO - Preprocessing completed successfully
2025-06-03 14:35:22,460 - StandardDataPreprocessor - INFO - Initializing StandardDataPreprocessor
2025-06-03 14:35:22,460 - StandardDataPreprocessor - INFO - Initializing StandardDataPreprocessor
2025-06-03 14:35:22,460 - StandardDataPreprocessor - INFO - Starting data preprocessing
2025-06-03 14:35:22,460 - StandardDataPreprocessor - INFO - Starting data preprocessing
2025-06-03 14:35:22,460 - StandardDataPreprocessor - INFO - Handling missing values
2025-06-03 14:35:22,460 - StandardDataPreprocessor - INFO - Handling missing values
2025-06-03 14:35:22,460 - StandardDataPreprocessor - DEBUG - Handling missing values
2025-06-03 14:35:22,460 - StandardDataPreprocessor - DEBUG - Handling missing values
2025-06-03 14:35:22,462 - StandardDataPreprocessor - INFO - Encoding categorical variables
2025-06-03 14:35:22,462 - StandardDataPreprocessor - INFO - Encoding categorical variables
2025-06-03 14:35:22,462 - StandardDataPreprocessor - DEBUG - Encoding categorical variables
2025-06-03 14:35:22,462 - StandardDataPreprocessor - DEBUG - Encoding categorical variables
2025-06-03 14:35:22,462 - StandardDataPreprocessor - INFO - Encoding categorical column: customer_id
2025-06-03 14:35:22,462 - StandardDataPreprocessor - INFO - Encoding categorical column: customer_id
2025-06-03 14:35:22,463 - StandardDataPreprocessor - INFO - Encoding categorical column: contract_type
2025-06-03 14:35:22,463 - StandardDataPreprocessor - INFO - Encoding categorical column: contract_type
2025-06-03 14:35:22,463 - StandardDataPreprocessor - INFO - Encoding categorical column: payment_method
2025-06-03 14:35:22,463 - StandardDataPreprocessor - INFO - Encoding categorical column: payment_method
2025-06-03 14:35:22,463 - StandardDataPreprocessor - INFO - Encoding categorical column: paperless_billing
2025-06-03 14:35:22,463 - StandardDataPreprocessor - INFO - Encoding categorical column: paperless_billing
2025-06-03 14:35:22,463 - StandardDataPreprocessor - INFO - Encoding categorical column: internet_service
2025-06-03 14:35:22,463 - StandardDataPreprocessor - INFO - Encoding categorical column: internet_service
2025-06-03 14:35:22,463 - StandardDataPreprocessor - INFO - Encoding categorical column: online_security
2025-06-03 14:35:22,463 - StandardDataPreprocessor - INFO - Encoding categorical column: online_security
2025-06-03 14:35:22,464 - StandardDataPreprocessor - INFO - Encoding categorical column: online_backup
2025-06-03 14:35:22,464 - StandardDataPreprocessor - INFO - Encoding categorical column: online_backup
2025-06-03 14:35:22,464 - StandardDataPreprocessor - INFO - Encoding categorical column: device_protection
2025-06-03 14:35:22,464 - StandardDataPreprocessor - INFO - Encoding categorical column: device_protection
2025-06-03 14:35:22,464 - StandardDataPreprocessor - INFO - Encoding categorical column: tech_support
2025-06-03 14:35:22,464 - StandardDataPreprocessor - INFO - Encoding categorical column: tech_support
2025-06-03 14:35:22,464 - StandardDataPreprocessor - INFO - Encoding categorical column: streaming_tv
2025-06-03 14:35:22,464 - StandardDataPreprocessor - INFO - Encoding categorical column: streaming_tv
2025-06-03 14:35:22,464 - StandardDataPreprocessor - INFO - Encoding categorical column: streaming_movies
2025-06-03 14:35:22,464 - StandardDataPreprocessor - INFO - Encoding categorical column: streaming_movies
2025-06-03 14:35:22,465 - StandardDataPreprocessor - INFO - Encoding categorical column: churn
2025-06-03 14:35:22,465 - StandardDataPreprocessor - INFO - Encoding categorical column: churn
2025-06-03 14:35:22,465 - StandardDataPreprocessor - INFO - Scaling numerical variables
2025-06-03 14:35:22,465 - StandardDataPreprocessor - INFO - Scaling numerical variables
2025-06-03 14:35:22,465 - StandardDataPreprocessor - DEBUG - Scaling numerical variables
2025-06-03 14:35:22,465 - StandardDataPreprocessor - DEBUG - Scaling numerical variables
2025-06-03 14:35:22,465 - StandardDataPreprocessor - INFO - Scaling 15 numerical columns
2025-06-03 14:35:22,465 - StandardDataPreprocessor - INFO - Scaling 15 numerical columns
2025-06-03 14:35:22,468 - StandardDataPreprocessor - INFO - Preprocessing completed successfully
2025-06-03 14:35:22,468 - StandardDataPreprocessor - INFO - Preprocessing completed successfully
2025-06-03 14:35:22,469 - StandardDataPreprocessor - INFO - Splitting features and target variable: churn
2025-06-03 14:35:22,469 - StandardDataPreprocessor - INFO - Splitting features and target variable: churn
2025-06-03 14:35:22,469 - StandardDataPreprocessor - INFO - Split complete: 5 features, 5 target values
2025-06-03 14:35:22,469 - StandardDataPreprocessor - INFO - Split complete: 5 features, 5 target values
2025-06-03 14:35:22,537 - StandardDataPreprocessor - INFO - Initializing StandardDataPreprocessor
2025-06-03 14:35:22,537 - StandardDataPreprocessor - INFO - Initializing StandardDataPreprocessor
2025-06-03 14:35:22,537 - StandardDataPreprocessor - INFO - Initializing StandardDataPreprocessor
2025-06-03 14:35:22,537 - StandardDataPreprocessor - INFO - Starting data preprocessing
2025-06-03 14:35:22,537 - StandardDataPreprocessor - INFO - Starting data preprocessing
2025-06-03 14:35:22,537 - StandardDataPreprocessor - INFO - Starting data preprocessing
2025-06-03 14:35:22,537 - StandardDataPreprocessor - INFO - Handling missing values
2025-06-03 14:35:22,537 - StandardDataPreprocessor - INFO - Handling missing values
2025-06-03 14:35:22,537 - StandardDataPreprocessor - INFO - Handling missing values
2025-06-03 14:35:22,538 - StandardDataPreprocessor - DEBUG - Handling missing values
2025-06-03 14:35:22,538 - StandardDataPreprocessor - DEBUG - Handling missing values
2025-06-03 14:35:22,538 - StandardDataPreprocessor - DEBUG - Handling missing values
2025-06-03 14:35:22,540 - StandardDataPreprocessor - INFO - Encoding categorical variables
2025-06-03 14:35:22,540 - StandardDataPreprocessor - INFO - Encoding categorical variables
2025-06-03 14:35:22,540 - StandardDataPreprocessor - INFO - Encoding categorical variables
2025-06-03 14:35:22,540 - StandardDataPreprocessor - DEBUG - Encoding categorical variables
2025-06-03 14:35:22,540 - StandardDataPreprocessor - DEBUG - Encoding categorical variables
2025-06-03 14:35:22,540 - StandardDataPreprocessor - DEBUG - Encoding categorical variables
2025-06-03 14:35:22,540 - StandardDataPreprocessor - INFO - Encoding categorical column: customer_id
2025-06-03 14:35:22,540 - StandardDataPreprocessor - INFO - Encoding categorical column: customer_id
2025-06-03 14:35:22,540 - StandardDataPreprocessor - INFO - Encoding categorical column: customer_id
2025-06-03 14:35:22,540 - StandardDataPreprocessor - INFO - Encoding categorical column: contract_type
2025-06-03 14:35:22,540 - StandardDataPreprocessor - INFO - Encoding categorical column: contract_type
2025-06-03 14:35:22,540 - StandardDataPreprocessor - INFO - Encoding categorical column: contract_type
2025-06-03 14:35:22,541 - StandardDataPreprocessor - INFO - Encoding categorical column: payment_method
2025-06-03 14:35:22,541 - StandardDataPreprocessor - INFO - Encoding categorical column: payment_method
2025-06-03 14:35:22,541 - StandardDataPreprocessor - INFO - Encoding categorical column: payment_method
2025-06-03 14:35:22,541 - StandardDataPreprocessor - INFO - Encoding categorical column: paperless_billing
2025-06-03 14:35:22,541 - StandardDataPreprocessor - INFO - Encoding categorical column: paperless_billing
2025-06-03 14:35:22,541 - StandardDataPreprocessor - INFO - Encoding categorical column: paperless_billing
2025-06-03 14:35:22,541 - StandardDataPreprocessor - INFO - Encoding categorical column: internet_service
2025-06-03 14:35:22,541 - StandardDataPreprocessor - INFO - Encoding categorical column: internet_service
2025-06-03 14:35:22,541 - StandardDataPreprocessor - INFO - Encoding categorical column: internet_service
2025-06-03 14:35:22,542 - StandardDataPreprocessor - INFO - Encoding categorical column: online_security
2025-06-03 14:35:22,542 - StandardDataPreprocessor - INFO - Encoding categorical column: online_security
2025-06-03 14:35:22,542 - StandardDataPreprocessor - INFO - Encoding categorical column: online_security
2025-06-03 14:35:22,542 - StandardDataPreprocessor - INFO - Encoding categorical column: online_backup
2025-06-03 14:35:22,542 - StandardDataPreprocessor - INFO - Encoding categorical column: online_backup
2025-06-03 14:35:22,542 - StandardDataPreprocessor - INFO - Encoding categorical column: online_backup
2025-06-03 14:35:22,543 - StandardDataPreprocessor - INFO - Encoding categorical column: device_protection
2025-06-03 14:35:22,543 - StandardDataPreprocessor - INFO - Encoding categorical column: device_protection
2025-06-03 14:35:22,543 - StandardDataPreprocessor - INFO - Encoding categorical column: device_protection
2025-06-03 14:35:22,543 - StandardDataPreprocessor - INFO - Encoding categorical column: tech_support
2025-06-03 14:35:22,543 - StandardDataPreprocessor - INFO - Encoding categorical column: tech_support
2025-06-03 14:35:22,543 - StandardDataPreprocessor - INFO - Encoding categorical column: tech_support
2025-06-03 14:35:22,543 - StandardDataPreprocessor - INFO - Encoding categorical column: streaming_tv
2025-06-03 14:35:22,543 - StandardDataPreprocessor - INFO - Encoding categorical column: streaming_tv
2025-06-03 14:35:22,543 - StandardDataPreprocessor - INFO - Encoding categorical column: streaming_tv
2025-06-03 14:35:22,543 - StandardDataPreprocessor - INFO - Encoding categorical column: streaming_movies
2025-06-03 14:35:22,543 - StandardDataPreprocessor - INFO - Encoding categorical column: streaming_movies
2025-06-03 14:35:22,543 - StandardDataPreprocessor - INFO - Encoding categorical column: streaming_movies
2025-06-03 14:35:22,544 - StandardDataPreprocessor - INFO - Encoding categorical column: churn
2025-06-03 14:35:22,544 - StandardDataPreprocessor - INFO - Encoding categorical column: churn
2025-06-03 14:35:22,544 - StandardDataPreprocessor - INFO - Encoding categorical column: churn
2025-06-03 14:35:22,544 - StandardDataPreprocessor - INFO - Scaling numerical variables
2025-06-03 14:35:22,544 - StandardDataPreprocessor - INFO - Scaling numerical variables
2025-06-03 14:35:22,544 - StandardDataPreprocessor - INFO - Scaling numerical variables
2025-06-03 14:35:22,544 - StandardDataPreprocessor - DEBUG - Scaling numerical variables
2025-06-03 14:35:22,544 - StandardDataPreprocessor - DEBUG - Scaling numerical variables
2025-06-03 14:35:22,544 - StandardDataPreprocessor - DEBUG - Scaling numerical variables
2025-06-03 14:35:22,544 - StandardDataPreprocessor - INFO - Scaling 15 numerical columns
2025-06-03 14:35:22,544 - StandardDataPreprocessor - INFO - Scaling 15 numerical columns
2025-06-03 14:35:22,544 - StandardDataPreprocessor - INFO - Scaling 15 numerical columns
2025-06-03 14:35:22,547 - StandardDataPreprocessor - INFO - Preprocessing completed successfully
2025-06-03 14:35:22,547 - StandardDataPreprocessor - INFO - Preprocessing completed successfully
2025-06-03 14:35:22,547 - StandardDataPreprocessor - INFO - Preprocessing completed successfully
2025-06-03 14:35:22,547 - StandardDataPreprocessor - INFO - Splitting features and target variable: churn
2025-06-03 14:35:22,547 - StandardDataPreprocessor - INFO - Splitting features and target variable: churn
2025-06-03 14:35:22,547 - StandardDataPreprocessor - INFO - Splitting features and target variable: churn
2025-06-03 14:35:22,548 - StandardDataPreprocessor - INFO - Split complete: 5 features, 5 target values
2025-06-03 14:35:22,548 - StandardDataPreprocessor - INFO - Split complete: 5 features, 5 target values
2025-06-03 14:35:22,548 - StandardDataPreprocessor - INFO - Split complete: 5 features, 5 target values
