2025-06-04 12:22:07,431 - StandardDataPreprocessor - INFO - Initializing StandardDataPreprocessor
2025-06-04 12:22:07,431 - StandardDataPreprocessor - INFO - Starting data preprocessing
2025-06-04 12:22:07,432 - StandardDataPreprocessor - INFO - Dropping customer_id column
2025-06-04 12:22:07,432 - StandardDataPreprocessor - INFO - Handling missing values
2025-06-04 12:22:07,432 - StandardDataPreprocessor - DEBUG - Handling missing values
2025-06-04 12:22:07,434 - StandardDataPreprocessor - INFO - Encoding categorical variables
2025-06-04 12:22:07,434 - StandardDataPreprocessor - DEBUG - Encoding categorical variables
2025-06-04 12:22:07,434 - StandardDataPreprocessor - INFO - Encoding categorical column: contract_type
2025-06-04 12:22:07,434 - StandardDataPreprocessor - INFO - Encoding categorical column: payment_method
2025-06-04 12:22:07,434 - StandardDataPreprocessor - INFO - Encoding categorical column: paperless_billing
2025-06-04 12:22:07,435 - StandardDataPreprocessor - INFO - Encoding categorical column: internet_service
2025-06-04 12:22:07,435 - StandardDataPreprocessor - INFO - Encoding categorical column: online_security
2025-06-04 12:22:07,435 - StandardDataPreprocessor - INFO - Encoding categorical column: online_backup
2025-06-04 12:22:07,436 - StandardDataPreprocessor - INFO - Encoding categorical column: device_protection
2025-06-04 12:22:07,436 - StandardDataPreprocessor - INFO - Encoding categorical column: tech_support
2025-06-04 12:22:07,436 - StandardDataPreprocessor - INFO - Encoding categorical column: streaming_tv
2025-06-04 12:22:07,436 - StandardDataPreprocessor - INFO - Encoding categorical column: streaming_movies
2025-06-04 12:22:07,437 - StandardDataPreprocessor - INFO - Encoding target column: churn
2025-06-04 12:22:07,437 - StandardDataPreprocessor - INFO - Scaling numerical variables
2025-06-04 12:22:07,437 - StandardDataPreprocessor - DEBUG - Scaling numerical variables
2025-06-04 12:22:07,437 - StandardDataPreprocessor - INFO - Scaling 13 numerical columns
2025-06-04 12:22:07,440 - StandardDataPreprocessor - INFO - Preprocessing completed successfully
2025-06-04 12:22:07,443 - StandardDataPreprocessor - INFO - Initializing StandardDataPreprocessor
2025-06-04 12:22:07,443 - StandardDataPreprocessor - INFO - Initializing StandardDataPreprocessor
2025-06-04 12:22:07,443 - StandardDataPreprocessor - INFO - Starting data preprocessing
2025-06-04 12:22:07,443 - StandardDataPreprocessor - INFO - Starting data preprocessing
2025-06-04 12:22:07,443 - StandardDataPreprocessor - INFO - Dropping customer_id column
2025-06-04 12:22:07,443 - StandardDataPreprocessor - INFO - Dropping customer_id column
2025-06-04 12:22:07,443 - StandardDataPreprocessor - INFO - Handling missing values
2025-06-04 12:22:07,443 - StandardDataPreprocessor - INFO - Handling missing values
2025-06-04 12:22:07,443 - StandardDataPreprocessor - DEBUG - Handling missing values
2025-06-04 12:22:07,443 - StandardDataPreprocessor - DEBUG - Handling missing values
2025-06-04 12:22:07,445 - StandardDataPreprocessor - INFO - Encoding categorical variables
2025-06-04 12:22:07,445 - StandardDataPreprocessor - INFO - Encoding categorical variables
2025-06-04 12:22:07,445 - StandardDataPreprocessor - DEBUG - Encoding categorical variables
2025-06-04 12:22:07,445 - StandardDataPreprocessor - DEBUG - Encoding categorical variables
2025-06-04 12:22:07,445 - StandardDataPreprocessor - INFO - Encoding categorical column: contract_type
2025-06-04 12:22:07,445 - StandardDataPreprocessor - INFO - Encoding categorical column: contract_type
2025-06-04 12:22:07,445 - StandardDataPreprocessor - INFO - Encoding categorical column: payment_method
2025-06-04 12:22:07,445 - StandardDataPreprocessor - INFO - Encoding categorical column: payment_method
2025-06-04 12:22:07,446 - StandardDataPreprocessor - INFO - Encoding categorical column: paperless_billing
2025-06-04 12:22:07,446 - StandardDataPreprocessor - INFO - Encoding categorical column: paperless_billing
2025-06-04 12:22:07,446 - StandardDataPreprocessor - INFO - Encoding categorical column: internet_service
2025-06-04 12:22:07,446 - StandardDataPreprocessor - INFO - Encoding categorical column: internet_service
2025-06-04 12:22:07,446 - StandardDataPreprocessor - INFO - Encoding categorical column: online_security
2025-06-04 12:22:07,446 - StandardDataPreprocessor - INFO - Encoding categorical column: online_security
2025-06-04 12:22:07,446 - StandardDataPreprocessor - INFO - Encoding categorical column: online_backup
2025-06-04 12:22:07,446 - StandardDataPreprocessor - INFO - Encoding categorical column: online_backup
2025-06-04 12:22:07,447 - StandardDataPreprocessor - INFO - Encoding categorical column: device_protection
2025-06-04 12:22:07,447 - StandardDataPreprocessor - INFO - Encoding categorical column: device_protection
2025-06-04 12:22:07,447 - StandardDataPreprocessor - INFO - Encoding categorical column: tech_support
2025-06-04 12:22:07,447 - StandardDataPreprocessor - INFO - Encoding categorical column: tech_support
2025-06-04 12:22:07,447 - StandardDataPreprocessor - INFO - Encoding categorical column: streaming_tv
2025-06-04 12:22:07,447 - StandardDataPreprocessor - INFO - Encoding categorical column: streaming_tv
2025-06-04 12:22:07,447 - StandardDataPreprocessor - INFO - Encoding categorical column: streaming_movies
2025-06-04 12:22:07,447 - StandardDataPreprocessor - INFO - Encoding categorical column: streaming_movies
2025-06-04 12:22:07,448 - StandardDataPreprocessor - INFO - Encoding target column: churn
2025-06-04 12:22:07,448 - StandardDataPreprocessor - INFO - Encoding target column: churn
2025-06-04 12:22:07,448 - StandardDataPreprocessor - INFO - Scaling numerical variables
2025-06-04 12:22:07,448 - StandardDataPreprocessor - INFO - Scaling numerical variables
2025-06-04 12:22:07,448 - StandardDataPreprocessor - DEBUG - Scaling numerical variables
2025-06-04 12:22:07,448 - StandardDataPreprocessor - DEBUG - Scaling numerical variables
2025-06-04 12:22:07,448 - StandardDataPreprocessor - INFO - Scaling 13 numerical columns
2025-06-04 12:22:07,448 - StandardDataPreprocessor - INFO - Scaling 13 numerical columns
2025-06-04 12:22:07,452 - StandardDataPreprocessor - INFO - Preprocessing completed successfully
2025-06-04 12:22:07,452 - StandardDataPreprocessor - INFO - Preprocessing completed successfully
2025-06-04 12:22:07,452 - StandardDataPreprocessor - INFO - Splitting features and target variable: churn
2025-06-04 12:22:07,452 - StandardDataPreprocessor - INFO - Splitting features and target variable: churn
2025-06-04 12:22:07,453 - StandardDataPreprocessor - INFO - Split complete: 5 features, 5 target values
2025-06-04 12:22:07,453 - StandardDataPreprocessor - INFO - Split complete: 5 features, 5 target values
2025-06-04 12:22:07,460 - StandardDataPreprocessor - INFO - Initializing StandardDataPreprocessor
2025-06-04 12:22:07,460 - StandardDataPreprocessor - INFO - Initializing StandardDataPreprocessor
2025-06-04 12:22:07,460 - StandardDataPreprocessor - INFO - Initializing StandardDataPreprocessor
2025-06-04 12:22:07,460 - StandardDataPreprocessor - INFO - Starting data preprocessing
2025-06-04 12:22:07,460 - StandardDataPreprocessor - INFO - Starting data preprocessing
2025-06-04 12:22:07,460 - StandardDataPreprocessor - INFO - Starting data preprocessing
2025-06-04 12:22:07,460 - StandardDataPreprocessor - INFO - Dropping customer_id column
2025-06-04 12:22:07,460 - StandardDataPreprocessor - INFO - Dropping customer_id column
2025-06-04 12:22:07,460 - StandardDataPreprocessor - INFO - Dropping customer_id column
2025-06-04 12:22:07,461 - StandardDataPreprocessor - INFO - Handling missing values
2025-06-04 12:22:07,461 - StandardDataPreprocessor - INFO - Handling missing values
2025-06-04 12:22:07,461 - StandardDataPreprocessor - INFO - Handling missing values
2025-06-04 12:22:07,461 - StandardDataPreprocessor - DEBUG - Handling missing values
2025-06-04 12:22:07,461 - StandardDataPreprocessor - DEBUG - Handling missing values
2025-06-04 12:22:07,461 - StandardDataPreprocessor - DEBUG - Handling missing values
2025-06-04 12:22:07,462 - StandardDataPreprocessor - INFO - Encoding categorical variables
2025-06-04 12:22:07,462 - StandardDataPreprocessor - INFO - Encoding categorical variables
2025-06-04 12:22:07,462 - StandardDataPreprocessor - INFO - Encoding categorical variables
2025-06-04 12:22:07,462 - StandardDataPreprocessor - DEBUG - Encoding categorical variables
2025-06-04 12:22:07,462 - StandardDataPreprocessor - DEBUG - Encoding categorical variables
2025-06-04 12:22:07,462 - StandardDataPreprocessor - DEBUG - Encoding categorical variables
2025-06-04 12:22:07,463 - StandardDataPreprocessor - INFO - Encoding categorical column: contract_type
2025-06-04 12:22:07,463 - StandardDataPreprocessor - INFO - Encoding categorical column: contract_type
2025-06-04 12:22:07,463 - StandardDataPreprocessor - INFO - Encoding categorical column: contract_type
2025-06-04 12:22:07,463 - StandardDataPreprocessor - INFO - Encoding categorical column: payment_method
2025-06-04 12:22:07,463 - StandardDataPreprocessor - INFO - Encoding categorical column: payment_method
2025-06-04 12:22:07,463 - StandardDataPreprocessor - INFO - Encoding categorical column: payment_method
2025-06-04 12:22:07,463 - StandardDataPreprocessor - INFO - Encoding categorical column: paperless_billing
2025-06-04 12:22:07,463 - StandardDataPreprocessor - INFO - Encoding categorical column: paperless_billing
2025-06-04 12:22:07,463 - StandardDataPreprocessor - INFO - Encoding categorical column: paperless_billing
2025-06-04 12:22:07,464 - StandardDataPreprocessor - INFO - Encoding categorical column: internet_service
2025-06-04 12:22:07,464 - StandardDataPreprocessor - INFO - Encoding categorical column: internet_service
2025-06-04 12:22:07,464 - StandardDataPreprocessor - INFO - Encoding categorical column: internet_service
2025-06-04 12:22:07,464 - StandardDataPreprocessor - INFO - Encoding categorical column: online_security
2025-06-04 12:22:07,464 - StandardDataPreprocessor - INFO - Encoding categorical column: online_security
2025-06-04 12:22:07,464 - StandardDataPreprocessor - INFO - Encoding categorical column: online_security
2025-06-04 12:22:07,464 - StandardDataPreprocessor - INFO - Encoding categorical column: online_backup
2025-06-04 12:22:07,464 - StandardDataPreprocessor - INFO - Encoding categorical column: online_backup
2025-06-04 12:22:07,464 - StandardDataPreprocessor - INFO - Encoding categorical column: online_backup
2025-06-04 12:22:07,464 - StandardDataPreprocessor - INFO - Encoding categorical column: device_protection
2025-06-04 12:22:07,464 - StandardDataPreprocessor - INFO - Encoding categorical column: device_protection
2025-06-04 12:22:07,464 - StandardDataPreprocessor - INFO - Encoding categorical column: device_protection
2025-06-04 12:22:07,465 - StandardDataPreprocessor - INFO - Encoding categorical column: tech_support
2025-06-04 12:22:07,465 - StandardDataPreprocessor - INFO - Encoding categorical column: tech_support
2025-06-04 12:22:07,465 - StandardDataPreprocessor - INFO - Encoding categorical column: tech_support
2025-06-04 12:22:07,465 - StandardDataPreprocessor - INFO - Encoding categorical column: streaming_tv
2025-06-04 12:22:07,465 - StandardDataPreprocessor - INFO - Encoding categorical column: streaming_tv
2025-06-04 12:22:07,465 - StandardDataPreprocessor - INFO - Encoding categorical column: streaming_tv
2025-06-04 12:22:07,465 - StandardDataPreprocessor - INFO - Encoding categorical column: streaming_movies
2025-06-04 12:22:07,465 - StandardDataPreprocessor - INFO - Encoding categorical column: streaming_movies
2025-06-04 12:22:07,465 - StandardDataPreprocessor - INFO - Encoding categorical column: streaming_movies
2025-06-04 12:22:07,465 - StandardDataPreprocessor - INFO - Encoding target column: churn
2025-06-04 12:22:07,465 - StandardDataPreprocessor - INFO - Encoding target column: churn
2025-06-04 12:22:07,465 - StandardDataPreprocessor - INFO - Encoding target column: churn
2025-06-04 12:22:07,466 - StandardDataPreprocessor - INFO - Scaling numerical variables
2025-06-04 12:22:07,466 - StandardDataPreprocessor - INFO - Scaling numerical variables
2025-06-04 12:22:07,466 - StandardDataPreprocessor - INFO - Scaling numerical variables
2025-06-04 12:22:07,466 - StandardDataPreprocessor - DEBUG - Scaling numerical variables
2025-06-04 12:22:07,466 - StandardDataPreprocessor - DEBUG - Scaling numerical variables
2025-06-04 12:22:07,466 - StandardDataPreprocessor - DEBUG - Scaling numerical variables
2025-06-04 12:22:07,466 - StandardDataPreprocessor - INFO - Scaling 13 numerical columns
2025-06-04 12:22:07,466 - StandardDataPreprocessor - INFO - Scaling 13 numerical columns
2025-06-04 12:22:07,466 - StandardDataPreprocessor - INFO - Scaling 13 numerical columns
2025-06-04 12:22:07,469 - StandardDataPreprocessor - INFO - Preprocessing completed successfully
2025-06-04 12:22:07,469 - StandardDataPreprocessor - INFO - Preprocessing completed successfully
2025-06-04 12:22:07,469 - StandardDataPreprocessor - INFO - Preprocessing completed successfully
2025-06-04 12:22:07,470 - StandardDataPreprocessor - INFO - Splitting features and target variable: churn
2025-06-04 12:22:07,470 - StandardDataPreprocessor - INFO - Splitting features and target variable: churn
2025-06-04 12:22:07,470 - StandardDataPreprocessor - INFO - Splitting features and target variable: churn
2025-06-04 12:22:07,470 - StandardDataPreprocessor - INFO - Split complete: 5 features, 5 target values
2025-06-04 12:22:07,470 - StandardDataPreprocessor - INFO - Split complete: 5 features, 5 target values
2025-06-04 12:22:07,470 - StandardDataPreprocessor - INFO - Split complete: 5 features, 5 target values
