2025-06-03 16:12:37,316 - StandardDataPreprocessor - INFO - Initializing StandardDataPreprocessor
2025-06-03 16:12:37,316 - StandardDataPreprocessor - INFO - Starting data preprocessing
2025-06-03 16:12:37,316 - StandardDataPreprocessor - INFO - Dropping customer_id column
2025-06-03 16:12:37,316 - StandardDataPreprocessor - INFO - Handling missing values
2025-06-03 16:12:37,316 - StandardDataPreprocessor - DEBUG - Handling missing values
2025-06-03 16:12:37,318 - StandardDataPreprocessor - INFO - Encoding categorical variables
2025-06-03 16:12:37,318 - StandardDataPreprocessor - DEBUG - Encoding categorical variables
2025-06-03 16:12:37,318 - StandardDataPreprocessor - INFO - Encoding categorical column: contract_type
2025-06-03 16:12:37,319 - StandardDataPreprocessor - INFO - Encoding categorical column: payment_method
2025-06-03 16:12:37,319 - StandardDataPreprocessor - INFO - Encoding categorical column: paperless_billing
2025-06-03 16:12:37,319 - StandardDataPreprocessor - INFO - Encoding categorical column: internet_service
2025-06-03 16:12:37,319 - StandardDataPreprocessor - INFO - Encoding categorical column: online_security
2025-06-03 16:12:37,320 - StandardDataPreprocessor - INFO - Encoding categorical column: online_backup
2025-06-03 16:12:37,320 - StandardDataPreprocessor - INFO - Encoding categorical column: device_protection
2025-06-03 16:12:37,320 - StandardDataPreprocessor - INFO - Encoding categorical column: tech_support
2025-06-03 16:12:37,321 - StandardDataPreprocessor - INFO - Encoding categorical column: streaming_tv
2025-06-03 16:12:37,321 - StandardDataPreprocessor - INFO - Encoding categorical column: streaming_movies
2025-06-03 16:12:37,321 - StandardDataPreprocessor - INFO - Encoding target column: churn
2025-06-03 16:12:37,321 - StandardDataPreprocessor - INFO - Scaling numerical variables
2025-06-03 16:12:37,321 - StandardDataPreprocessor - DEBUG - Scaling numerical variables
2025-06-03 16:12:37,322 - StandardDataPreprocessor - INFO - Scaling 13 numerical columns
2025-06-03 16:12:37,325 - StandardDataPreprocessor - INFO - Preprocessing completed successfully
2025-06-03 16:12:37,327 - StandardDataPreprocessor - INFO - Initializing StandardDataPreprocessor
2025-06-03 16:12:37,327 - StandardDataPreprocessor - INFO - Initializing StandardDataPreprocessor
2025-06-03 16:12:37,327 - StandardDataPreprocessor - INFO - Starting data preprocessing
2025-06-03 16:12:37,327 - StandardDataPreprocessor - INFO - Starting data preprocessing
2025-06-03 16:12:37,327 - StandardDataPreprocessor - INFO - Dropping customer_id column
2025-06-03 16:12:37,327 - StandardDataPreprocessor - INFO - Dropping customer_id column
2025-06-03 16:12:37,328 - StandardDataPreprocessor - INFO - Handling missing values
2025-06-03 16:12:37,328 - StandardDataPreprocessor - INFO - Handling missing values
2025-06-03 16:12:37,328 - StandardDataPreprocessor - DEBUG - Handling missing values
2025-06-03 16:12:37,328 - StandardDataPreprocessor - DEBUG - Handling missing values
2025-06-03 16:12:37,329 - StandardDataPreprocessor - INFO - Encoding categorical variables
2025-06-03 16:12:37,329 - StandardDataPreprocessor - INFO - Encoding categorical variables
2025-06-03 16:12:37,329 - StandardDataPreprocessor - DEBUG - Encoding categorical variables
2025-06-03 16:12:37,329 - StandardDataPreprocessor - DEBUG - Encoding categorical variables
2025-06-03 16:12:37,330 - StandardDataPreprocessor - INFO - Encoding categorical column: contract_type
2025-06-03 16:12:37,330 - StandardDataPreprocessor - INFO - Encoding categorical column: contract_type
2025-06-03 16:12:37,330 - StandardDataPreprocessor - INFO - Encoding categorical column: payment_method
2025-06-03 16:12:37,330 - StandardDataPreprocessor - INFO - Encoding categorical column: payment_method
2025-06-03 16:12:37,330 - StandardDataPreprocessor - INFO - Encoding categorical column: paperless_billing
2025-06-03 16:12:37,330 - StandardDataPreprocessor - INFO - Encoding categorical column: paperless_billing
2025-06-03 16:12:37,330 - StandardDataPreprocessor - INFO - Encoding categorical column: internet_service
2025-06-03 16:12:37,330 - StandardDataPreprocessor - INFO - Encoding categorical column: internet_service
2025-06-03 16:12:37,331 - StandardDataPreprocessor - INFO - Encoding categorical column: online_security
2025-06-03 16:12:37,331 - StandardDataPreprocessor - INFO - Encoding categorical column: online_security
2025-06-03 16:12:37,331 - StandardDataPreprocessor - INFO - Encoding categorical column: online_backup
2025-06-03 16:12:37,331 - StandardDataPreprocessor - INFO - Encoding categorical column: online_backup
2025-06-03 16:12:37,331 - StandardDataPreprocessor - INFO - Encoding categorical column: device_protection
2025-06-03 16:12:37,331 - StandardDataPreprocessor - INFO - Encoding categorical column: device_protection
2025-06-03 16:12:37,331 - StandardDataPreprocessor - INFO - Encoding categorical column: tech_support
2025-06-03 16:12:37,331 - StandardDataPreprocessor - INFO - Encoding categorical column: tech_support
2025-06-03 16:12:37,332 - StandardDataPreprocessor - INFO - Encoding categorical column: streaming_tv
2025-06-03 16:12:37,332 - StandardDataPreprocessor - INFO - Encoding categorical column: streaming_tv
2025-06-03 16:12:37,332 - StandardDataPreprocessor - INFO - Encoding categorical column: streaming_movies
2025-06-03 16:12:37,332 - StandardDataPreprocessor - INFO - Encoding categorical column: streaming_movies
2025-06-03 16:12:37,332 - StandardDataPreprocessor - INFO - Encoding target column: churn
2025-06-03 16:12:37,332 - StandardDataPreprocessor - INFO - Encoding target column: churn
2025-06-03 16:12:37,332 - StandardDataPreprocessor - INFO - Scaling numerical variables
2025-06-03 16:12:37,332 - StandardDataPreprocessor - INFO - Scaling numerical variables
2025-06-03 16:12:37,332 - StandardDataPreprocessor - DEBUG - Scaling numerical variables
2025-06-03 16:12:37,332 - StandardDataPreprocessor - DEBUG - Scaling numerical variables
2025-06-03 16:12:37,333 - StandardDataPreprocessor - INFO - Scaling 13 numerical columns
2025-06-03 16:12:37,333 - StandardDataPreprocessor - INFO - Scaling 13 numerical columns
2025-06-03 16:12:37,335 - StandardDataPreprocessor - INFO - Preprocessing completed successfully
2025-06-03 16:12:37,335 - StandardDataPreprocessor - INFO - Preprocessing completed successfully
2025-06-03 16:12:37,335 - StandardDataPreprocessor - INFO - Splitting features and target variable: churn
2025-06-03 16:12:37,335 - StandardDataPreprocessor - INFO - Splitting features and target variable: churn
2025-06-03 16:12:37,336 - StandardDataPreprocessor - INFO - Split complete: 5 features, 5 target values
2025-06-03 16:12:37,336 - StandardDataPreprocessor - INFO - Split complete: 5 features, 5 target values
2025-06-03 16:12:37,343 - StandardDataPreprocessor - INFO - Initializing StandardDataPreprocessor
2025-06-03 16:12:37,343 - StandardDataPreprocessor - INFO - Initializing StandardDataPreprocessor
2025-06-03 16:12:37,343 - StandardDataPreprocessor - INFO - Initializing StandardDataPreprocessor
2025-06-03 16:12:37,343 - StandardDataPreprocessor - INFO - Starting data preprocessing
2025-06-03 16:12:37,343 - StandardDataPreprocessor - INFO - Starting data preprocessing
2025-06-03 16:12:37,343 - StandardDataPreprocessor - INFO - Starting data preprocessing
2025-06-03 16:12:37,344 - StandardDataPreprocessor - INFO - Dropping customer_id column
2025-06-03 16:12:37,344 - StandardDataPreprocessor - INFO - Dropping customer_id column
2025-06-03 16:12:37,344 - StandardDataPreprocessor - INFO - Dropping customer_id column
2025-06-03 16:12:37,344 - StandardDataPreprocessor - INFO - Handling missing values
2025-06-03 16:12:37,344 - StandardDataPreprocessor - INFO - Handling missing values
2025-06-03 16:12:37,344 - StandardDataPreprocessor - INFO - Handling missing values
2025-06-03 16:12:37,344 - StandardDataPreprocessor - DEBUG - Handling missing values
2025-06-03 16:12:37,344 - StandardDataPreprocessor - DEBUG - Handling missing values
2025-06-03 16:12:37,344 - StandardDataPreprocessor - DEBUG - Handling missing values
2025-06-03 16:12:37,346 - StandardDataPreprocessor - INFO - Encoding categorical variables
2025-06-03 16:12:37,346 - StandardDataPreprocessor - INFO - Encoding categorical variables
2025-06-03 16:12:37,346 - StandardDataPreprocessor - INFO - Encoding categorical variables
2025-06-03 16:12:37,346 - StandardDataPreprocessor - DEBUG - Encoding categorical variables
2025-06-03 16:12:37,346 - StandardDataPreprocessor - DEBUG - Encoding categorical variables
2025-06-03 16:12:37,346 - StandardDataPreprocessor - DEBUG - Encoding categorical variables
2025-06-03 16:12:37,346 - StandardDataPreprocessor - INFO - Encoding categorical column: contract_type
2025-06-03 16:12:37,346 - StandardDataPreprocessor - INFO - Encoding categorical column: contract_type
2025-06-03 16:12:37,346 - StandardDataPreprocessor - INFO - Encoding categorical column: contract_type
2025-06-03 16:12:37,346 - StandardDataPreprocessor - INFO - Encoding categorical column: payment_method
2025-06-03 16:12:37,346 - StandardDataPreprocessor - INFO - Encoding categorical column: payment_method
2025-06-03 16:12:37,346 - StandardDataPreprocessor - INFO - Encoding categorical column: payment_method
2025-06-03 16:12:37,347 - StandardDataPreprocessor - INFO - Encoding categorical column: paperless_billing
2025-06-03 16:12:37,347 - StandardDataPreprocessor - INFO - Encoding categorical column: paperless_billing
2025-06-03 16:12:37,347 - StandardDataPreprocessor - INFO - Encoding categorical column: paperless_billing
2025-06-03 16:12:37,347 - StandardDataPreprocessor - INFO - Encoding categorical column: internet_service
2025-06-03 16:12:37,347 - StandardDataPreprocessor - INFO - Encoding categorical column: internet_service
2025-06-03 16:12:37,347 - StandardDataPreprocessor - INFO - Encoding categorical column: internet_service
2025-06-03 16:12:37,347 - StandardDataPreprocessor - INFO - Encoding categorical column: online_security
2025-06-03 16:12:37,347 - StandardDataPreprocessor - INFO - Encoding categorical column: online_security
2025-06-03 16:12:37,347 - StandardDataPreprocessor - INFO - Encoding categorical column: online_security
2025-06-03 16:12:37,348 - StandardDataPreprocessor - INFO - Encoding categorical column: online_backup
2025-06-03 16:12:37,348 - StandardDataPreprocessor - INFO - Encoding categorical column: online_backup
2025-06-03 16:12:37,348 - StandardDataPreprocessor - INFO - Encoding categorical column: online_backup
2025-06-03 16:12:37,348 - StandardDataPreprocessor - INFO - Encoding categorical column: device_protection
2025-06-03 16:12:37,348 - StandardDataPreprocessor - INFO - Encoding categorical column: device_protection
2025-06-03 16:12:37,348 - StandardDataPreprocessor - INFO - Encoding categorical column: device_protection
2025-06-03 16:12:37,348 - StandardDataPreprocessor - INFO - Encoding categorical column: tech_support
2025-06-03 16:12:37,348 - StandardDataPreprocessor - INFO - Encoding categorical column: tech_support
2025-06-03 16:12:37,348 - StandardDataPreprocessor - INFO - Encoding categorical column: tech_support
2025-06-03 16:12:37,348 - StandardDataPreprocessor - INFO - Encoding categorical column: streaming_tv
2025-06-03 16:12:37,348 - StandardDataPreprocessor - INFO - Encoding categorical column: streaming_tv
2025-06-03 16:12:37,348 - StandardDataPreprocessor - INFO - Encoding categorical column: streaming_tv
2025-06-03 16:12:37,349 - StandardDataPreprocessor - INFO - Encoding categorical column: streaming_movies
2025-06-03 16:12:37,349 - StandardDataPreprocessor - INFO - Encoding categorical column: streaming_movies
2025-06-03 16:12:37,349 - StandardDataPreprocessor - INFO - Encoding categorical column: streaming_movies
2025-06-03 16:12:37,349 - StandardDataPreprocessor - INFO - Encoding target column: churn
2025-06-03 16:12:37,349 - StandardDataPreprocessor - INFO - Encoding target column: churn
2025-06-03 16:12:37,349 - StandardDataPreprocessor - INFO - Encoding target column: churn
2025-06-03 16:12:37,349 - StandardDataPreprocessor - INFO - Scaling numerical variables
2025-06-03 16:12:37,349 - StandardDataPreprocessor - INFO - Scaling numerical variables
2025-06-03 16:12:37,349 - StandardDataPreprocessor - INFO - Scaling numerical variables
2025-06-03 16:12:37,349 - StandardDataPreprocessor - DEBUG - Scaling numerical variables
2025-06-03 16:12:37,349 - StandardDataPreprocessor - DEBUG - Scaling numerical variables
2025-06-03 16:12:37,349 - StandardDataPreprocessor - DEBUG - Scaling numerical variables
2025-06-03 16:12:37,350 - StandardDataPreprocessor - INFO - Scaling 13 numerical columns
2025-06-03 16:12:37,350 - StandardDataPreprocessor - INFO - Scaling 13 numerical columns
2025-06-03 16:12:37,350 - StandardDataPreprocessor - INFO - Scaling 13 numerical columns
2025-06-03 16:12:37,352 - StandardDataPreprocessor - INFO - Preprocessing completed successfully
2025-06-03 16:12:37,352 - StandardDataPreprocessor - INFO - Preprocessing completed successfully
2025-06-03 16:12:37,352 - StandardDataPreprocessor - INFO - Preprocessing completed successfully
2025-06-03 16:12:37,353 - StandardDataPreprocessor - INFO - Splitting features and target variable: churn
2025-06-03 16:12:37,353 - StandardDataPreprocessor - INFO - Splitting features and target variable: churn
2025-06-03 16:12:37,353 - StandardDataPreprocessor - INFO - Splitting features and target variable: churn
2025-06-03 16:12:37,353 - StandardDataPreprocessor - INFO - Split complete: 5 features, 5 target values
2025-06-03 16:12:37,353 - StandardDataPreprocessor - INFO - Split complete: 5 features, 5 target values
2025-06-03 16:12:37,353 - StandardDataPreprocessor - INFO - Split complete: 5 features, 5 target values
