2025-06-04 14:43:52,179 - StandardDataPreprocessor - INFO - Initializing StandardDataPreprocessor
2025-06-04 14:43:52,179 - StandardDataPreprocessor - INFO - Starting data preprocessing
2025-06-04 14:43:52,179 - StandardDataPreprocessor - INFO - Dropping customer_id column
2025-06-04 14:43:52,180 - StandardDataPreprocessor - INFO - Handling missing values
2025-06-04 14:43:52,180 - StandardDataPreprocessor - DEBUG - Handling missing values
2025-06-04 14:43:52,182 - StandardDataPreprocessor - INFO - Encoding categorical variables
2025-06-04 14:43:52,182 - StandardDataPreprocessor - DEBUG - Encoding categorical variables
2025-06-04 14:43:52,182 - StandardDataPreprocessor - INFO - Encoding categorical column: contract_type
2025-06-04 14:43:52,183 - StandardDataPreprocessor - INFO - Encoding categorical column: payment_method
2025-06-04 14:43:52,183 - StandardDataPreprocessor - INFO - Encoding categorical column: paperless_billing
2025-06-04 14:43:52,183 - StandardDataPreprocessor - INFO - Encoding categorical column: internet_service
2025-06-04 14:43:52,184 - StandardDataPreprocessor - INFO - Encoding categorical column: online_security
2025-06-04 14:43:52,184 - StandardDataPreprocessor - INFO - Encoding categorical column: online_backup
2025-06-04 14:43:52,184 - StandardDataPreprocessor - INFO - Encoding categorical column: device_protection
2025-06-04 14:43:52,185 - StandardDataPreprocessor - INFO - Encoding categorical column: tech_support
2025-06-04 14:43:52,185 - StandardDataPreprocessor - INFO - Encoding categorical column: streaming_tv
2025-06-04 14:43:52,185 - StandardDataPreprocessor - INFO - Encoding categorical column: streaming_movies
2025-06-04 14:43:52,185 - StandardDataPreprocessor - INFO - Encoding target column: churn
2025-06-04 14:43:52,186 - StandardDataPreprocessor - INFO - Scaling numerical variables
2025-06-04 14:43:52,186 - StandardDataPreprocessor - DEBUG - Scaling numerical variables
2025-06-04 14:43:52,186 - StandardDataPreprocessor - INFO - Scaling 13 numerical columns
2025-06-04 14:43:52,189 - StandardDataPreprocessor - INFO - Preprocessing completed successfully
2025-06-04 14:43:52,191 - StandardDataPreprocessor - INFO - Initializing StandardDataPreprocessor
2025-06-04 14:43:52,191 - StandardDataPreprocessor - INFO - Initializing StandardDataPreprocessor
2025-06-04 14:43:52,192 - StandardDataPreprocessor - INFO - Starting data preprocessing
2025-06-04 14:43:52,192 - StandardDataPreprocessor - INFO - Starting data preprocessing
2025-06-04 14:43:52,192 - StandardDataPreprocessor - INFO - Dropping customer_id column
2025-06-04 14:43:52,192 - StandardDataPreprocessor - INFO - Dropping customer_id column
2025-06-04 14:43:52,192 - StandardDataPreprocessor - INFO - Handling missing values
2025-06-04 14:43:52,192 - StandardDataPreprocessor - INFO - Handling missing values
2025-06-04 14:43:52,192 - StandardDataPreprocessor - DEBUG - Handling missing values
2025-06-04 14:43:52,192 - StandardDataPreprocessor - DEBUG - Handling missing values
2025-06-04 14:43:52,194 - StandardDataPreprocessor - INFO - Encoding categorical variables
2025-06-04 14:43:52,194 - StandardDataPreprocessor - INFO - Encoding categorical variables
2025-06-04 14:43:52,194 - StandardDataPreprocessor - DEBUG - Encoding categorical variables
2025-06-04 14:43:52,194 - StandardDataPreprocessor - DEBUG - Encoding categorical variables
2025-06-04 14:43:52,194 - StandardDataPreprocessor - INFO - Encoding categorical column: contract_type
2025-06-04 14:43:52,194 - StandardDataPreprocessor - INFO - Encoding categorical column: contract_type
2025-06-04 14:43:52,194 - StandardDataPreprocessor - INFO - Encoding categorical column: payment_method
2025-06-04 14:43:52,194 - StandardDataPreprocessor - INFO - Encoding categorical column: payment_method
2025-06-04 14:43:52,195 - StandardDataPreprocessor - INFO - Encoding categorical column: paperless_billing
2025-06-04 14:43:52,195 - StandardDataPreprocessor - INFO - Encoding categorical column: paperless_billing
2025-06-04 14:43:52,195 - StandardDataPreprocessor - INFO - Encoding categorical column: internet_service
2025-06-04 14:43:52,195 - StandardDataPreprocessor - INFO - Encoding categorical column: internet_service
2025-06-04 14:43:52,195 - StandardDataPreprocessor - INFO - Encoding categorical column: online_security
2025-06-04 14:43:52,195 - StandardDataPreprocessor - INFO - Encoding categorical column: online_security
2025-06-04 14:43:52,195 - StandardDataPreprocessor - INFO - Encoding categorical column: online_backup
2025-06-04 14:43:52,195 - StandardDataPreprocessor - INFO - Encoding categorical column: online_backup
2025-06-04 14:43:52,196 - StandardDataPreprocessor - INFO - Encoding categorical column: device_protection
2025-06-04 14:43:52,196 - StandardDataPreprocessor - INFO - Encoding categorical column: device_protection
2025-06-04 14:43:52,196 - StandardDataPreprocessor - INFO - Encoding categorical column: tech_support
2025-06-04 14:43:52,196 - StandardDataPreprocessor - INFO - Encoding categorical column: tech_support
2025-06-04 14:43:52,196 - StandardDataPreprocessor - INFO - Encoding categorical column: streaming_tv
2025-06-04 14:43:52,196 - StandardDataPreprocessor - INFO - Encoding categorical column: streaming_tv
2025-06-04 14:43:52,196 - StandardDataPreprocessor - INFO - Encoding categorical column: streaming_movies
2025-06-04 14:43:52,196 - StandardDataPreprocessor - INFO - Encoding categorical column: streaming_movies
2025-06-04 14:43:52,197 - StandardDataPreprocessor - INFO - Encoding target column: churn
2025-06-04 14:43:52,197 - StandardDataPreprocessor - INFO - Encoding target column: churn
2025-06-04 14:43:52,197 - StandardDataPreprocessor - INFO - Scaling numerical variables
2025-06-04 14:43:52,197 - StandardDataPreprocessor - INFO - Scaling numerical variables
2025-06-04 14:43:52,197 - StandardDataPreprocessor - DEBUG - Scaling numerical variables
2025-06-04 14:43:52,197 - StandardDataPreprocessor - DEBUG - Scaling numerical variables
2025-06-04 14:43:52,197 - StandardDataPreprocessor - INFO - Scaling 13 numerical columns
2025-06-04 14:43:52,197 - StandardDataPreprocessor - INFO - Scaling 13 numerical columns
2025-06-04 14:43:52,200 - StandardDataPreprocessor - INFO - Preprocessing completed successfully
2025-06-04 14:43:52,200 - StandardDataPreprocessor - INFO - Preprocessing completed successfully
2025-06-04 14:43:52,201 - StandardDataPreprocessor - INFO - Splitting features and target variable: churn
2025-06-04 14:43:52,201 - StandardDataPreprocessor - INFO - Splitting features and target variable: churn
2025-06-04 14:43:52,201 - StandardDataPreprocessor - INFO - Split complete: 5 features, 5 target values
2025-06-04 14:43:52,201 - StandardDataPreprocessor - INFO - Split complete: 5 features, 5 target values
2025-06-04 14:43:52,209 - StandardDataPreprocessor - INFO - Initializing StandardDataPreprocessor
2025-06-04 14:43:52,209 - StandardDataPreprocessor - INFO - Initializing StandardDataPreprocessor
2025-06-04 14:43:52,209 - StandardDataPreprocessor - INFO - Initializing StandardDataPreprocessor
2025-06-04 14:43:52,209 - StandardDataPreprocessor - INFO - Starting data preprocessing
2025-06-04 14:43:52,209 - StandardDataPreprocessor - INFO - Starting data preprocessing
2025-06-04 14:43:52,209 - StandardDataPreprocessor - INFO - Starting data preprocessing
2025-06-04 14:43:52,209 - StandardDataPreprocessor - INFO - Dropping customer_id column
2025-06-04 14:43:52,209 - StandardDataPreprocessor - INFO - Dropping customer_id column
2025-06-04 14:43:52,209 - StandardDataPreprocessor - INFO - Dropping customer_id column
2025-06-04 14:43:52,209 - StandardDataPreprocessor - INFO - Handling missing values
2025-06-04 14:43:52,209 - StandardDataPreprocessor - INFO - Handling missing values
2025-06-04 14:43:52,209 - StandardDataPreprocessor - INFO - Handling missing values
2025-06-04 14:43:52,209 - StandardDataPreprocessor - DEBUG - Handling missing values
2025-06-04 14:43:52,209 - StandardDataPreprocessor - DEBUG - Handling missing values
2025-06-04 14:43:52,209 - StandardDataPreprocessor - DEBUG - Handling missing values
2025-06-04 14:43:52,211 - StandardDataPreprocessor - INFO - Encoding categorical variables
2025-06-04 14:43:52,211 - StandardDataPreprocessor - INFO - Encoding categorical variables
2025-06-04 14:43:52,211 - StandardDataPreprocessor - INFO - Encoding categorical variables
2025-06-04 14:43:52,211 - StandardDataPreprocessor - DEBUG - Encoding categorical variables
2025-06-04 14:43:52,211 - StandardDataPreprocessor - DEBUG - Encoding categorical variables
2025-06-04 14:43:52,211 - StandardDataPreprocessor - DEBUG - Encoding categorical variables
2025-06-04 14:43:52,212 - StandardDataPreprocessor - INFO - Encoding categorical column: contract_type
2025-06-04 14:43:52,212 - StandardDataPreprocessor - INFO - Encoding categorical column: contract_type
2025-06-04 14:43:52,212 - StandardDataPreprocessor - INFO - Encoding categorical column: contract_type
2025-06-04 14:43:52,212 - StandardDataPreprocessor - INFO - Encoding categorical column: payment_method
2025-06-04 14:43:52,212 - StandardDataPreprocessor - INFO - Encoding categorical column: payment_method
2025-06-04 14:43:52,212 - StandardDataPreprocessor - INFO - Encoding categorical column: payment_method
2025-06-04 14:43:52,212 - StandardDataPreprocessor - INFO - Encoding categorical column: paperless_billing
2025-06-04 14:43:52,212 - StandardDataPreprocessor - INFO - Encoding categorical column: paperless_billing
2025-06-04 14:43:52,212 - StandardDataPreprocessor - INFO - Encoding categorical column: paperless_billing
2025-06-04 14:43:52,212 - StandardDataPreprocessor - INFO - Encoding categorical column: internet_service
2025-06-04 14:43:52,212 - StandardDataPreprocessor - INFO - Encoding categorical column: internet_service
2025-06-04 14:43:52,212 - StandardDataPreprocessor - INFO - Encoding categorical column: internet_service
2025-06-04 14:43:52,213 - StandardDataPreprocessor - INFO - Encoding categorical column: online_security
2025-06-04 14:43:52,213 - StandardDataPreprocessor - INFO - Encoding categorical column: online_security
2025-06-04 14:43:52,213 - StandardDataPreprocessor - INFO - Encoding categorical column: online_security
2025-06-04 14:43:52,213 - StandardDataPreprocessor - INFO - Encoding categorical column: online_backup
2025-06-04 14:43:52,213 - StandardDataPreprocessor - INFO - Encoding categorical column: online_backup
2025-06-04 14:43:52,213 - StandardDataPreprocessor - INFO - Encoding categorical column: online_backup
2025-06-04 14:43:52,213 - StandardDataPreprocessor - INFO - Encoding categorical column: device_protection
2025-06-04 14:43:52,213 - StandardDataPreprocessor - INFO - Encoding categorical column: device_protection
2025-06-04 14:43:52,213 - StandardDataPreprocessor - INFO - Encoding categorical column: device_protection
2025-06-04 14:43:52,213 - StandardDataPreprocessor - INFO - Encoding categorical column: tech_support
2025-06-04 14:43:52,213 - StandardDataPreprocessor - INFO - Encoding categorical column: tech_support
2025-06-04 14:43:52,213 - StandardDataPreprocessor - INFO - Encoding categorical column: tech_support
2025-06-04 14:43:52,214 - StandardDataPreprocessor - INFO - Encoding categorical column: streaming_tv
2025-06-04 14:43:52,214 - StandardDataPreprocessor - INFO - Encoding categorical column: streaming_tv
2025-06-04 14:43:52,214 - StandardDataPreprocessor - INFO - Encoding categorical column: streaming_tv
2025-06-04 14:43:52,214 - StandardDataPreprocessor - INFO - Encoding categorical column: streaming_movies
2025-06-04 14:43:52,214 - StandardDataPreprocessor - INFO - Encoding categorical column: streaming_movies
2025-06-04 14:43:52,214 - StandardDataPreprocessor - INFO - Encoding categorical column: streaming_movies
2025-06-04 14:43:52,214 - StandardDataPreprocessor - INFO - Encoding target column: churn
2025-06-04 14:43:52,214 - StandardDataPreprocessor - INFO - Encoding target column: churn
2025-06-04 14:43:52,214 - StandardDataPreprocessor - INFO - Encoding target column: churn
2025-06-04 14:43:52,214 - StandardDataPreprocessor - INFO - Scaling numerical variables
2025-06-04 14:43:52,214 - StandardDataPreprocessor - INFO - Scaling numerical variables
2025-06-04 14:43:52,214 - StandardDataPreprocessor - INFO - Scaling numerical variables
2025-06-04 14:43:52,214 - StandardDataPreprocessor - DEBUG - Scaling numerical variables
2025-06-04 14:43:52,214 - StandardDataPreprocessor - DEBUG - Scaling numerical variables
2025-06-04 14:43:52,214 - StandardDataPreprocessor - DEBUG - Scaling numerical variables
2025-06-04 14:43:52,215 - StandardDataPreprocessor - INFO - Scaling 13 numerical columns
2025-06-04 14:43:52,215 - StandardDataPreprocessor - INFO - Scaling 13 numerical columns
2025-06-04 14:43:52,215 - StandardDataPreprocessor - INFO - Scaling 13 numerical columns
2025-06-04 14:43:52,218 - StandardDataPreprocessor - INFO - Preprocessing completed successfully
2025-06-04 14:43:52,218 - StandardDataPreprocessor - INFO - Preprocessing completed successfully
2025-06-04 14:43:52,218 - StandardDataPreprocessor - INFO - Preprocessing completed successfully
2025-06-04 14:43:52,218 - StandardDataPreprocessor - INFO - Splitting features and target variable: churn
2025-06-04 14:43:52,218 - StandardDataPreprocessor - INFO - Splitting features and target variable: churn
2025-06-04 14:43:52,218 - StandardDataPreprocessor - INFO - Splitting features and target variable: churn
2025-06-04 14:43:52,219 - StandardDataPreprocessor - INFO - Split complete: 5 features, 5 target values
2025-06-04 14:43:52,219 - StandardDataPreprocessor - INFO - Split complete: 5 features, 5 target values
2025-06-04 14:43:52,219 - StandardDataPreprocessor - INFO - Split complete: 5 features, 5 target values
