2025-06-04 12:05:11,108 - StandardDataPreprocessor - INFO - Initializing StandardDataPreprocessor
2025-06-04 12:05:11,108 - StandardDataPreprocessor - INFO - Starting data preprocessing
2025-06-04 12:05:11,108 - StandardDataPreprocessor - INFO - Dropping customer_id column
2025-06-04 12:05:11,109 - StandardDataPreprocessor - INFO - Handling missing values
2025-06-04 12:05:11,109 - StandardDataPreprocessor - DEBUG - Handling missing values
2025-06-04 12:05:11,110 - StandardDataPreprocessor - INFO - Encoding categorical variables
2025-06-04 12:05:11,110 - StandardDataPreprocessor - DEBUG - Encoding categorical variables
2025-06-04 12:05:11,111 - StandardDataPreprocessor - INFO - Encoding categorical column: contract_type
2025-06-04 12:05:11,111 - StandardDataPreprocessor - INFO - Encoding categorical column: payment_method
2025-06-04 12:05:11,111 - StandardDataPreprocessor - INFO - Encoding categorical column: paperless_billing
2025-06-04 12:05:11,111 - StandardDataPreprocessor - INFO - Encoding categorical column: internet_service
2025-06-04 12:05:11,112 - StandardDataPreprocessor - INFO - Encoding categorical column: online_security
2025-06-04 12:05:11,112 - StandardDataPreprocessor - INFO - Encoding categorical column: online_backup
2025-06-04 12:05:11,112 - StandardDataPreprocessor - INFO - Encoding categorical column: device_protection
2025-06-04 12:05:11,112 - StandardDataPreprocessor - INFO - Encoding categorical column: tech_support
2025-06-04 12:05:11,112 - StandardDataPreprocessor - INFO - Encoding categorical column: streaming_tv
2025-06-04 12:05:11,112 - StandardDataPreprocessor - INFO - Encoding categorical column: streaming_movies
2025-06-04 12:05:11,113 - StandardDataPreprocessor - INFO - Encoding target column: churn
2025-06-04 12:05:11,113 - StandardDataPreprocessor - INFO - Scaling numerical variables
2025-06-04 12:05:11,113 - StandardDataPreprocessor - DEBUG - Scaling numerical variables
2025-06-04 12:05:11,113 - StandardDataPreprocessor - INFO - Scaling 13 numerical columns
2025-06-04 12:05:11,116 - StandardDataPreprocessor - INFO - Preprocessing completed successfully
2025-06-04 12:05:11,118 - StandardDataPreprocessor - INFO - Initializing StandardDataPreprocessor
2025-06-04 12:05:11,118 - StandardDataPreprocessor - INFO - Initializing StandardDataPreprocessor
2025-06-04 12:05:11,118 - StandardDataPreprocessor - INFO - Starting data preprocessing
2025-06-04 12:05:11,118 - StandardDataPreprocessor - INFO - Starting data preprocessing
2025-06-04 12:05:11,119 - StandardDataPreprocessor - INFO - Dropping customer_id column
2025-06-04 12:05:11,119 - StandardDataPreprocessor - INFO - Dropping customer_id column
2025-06-04 12:05:11,119 - StandardDataPreprocessor - INFO - Handling missing values
2025-06-04 12:05:11,119 - StandardDataPreprocessor - INFO - Handling missing values
2025-06-04 12:05:11,119 - StandardDataPreprocessor - DEBUG - Handling missing values
2025-06-04 12:05:11,119 - StandardDataPreprocessor - DEBUG - Handling missing values
2025-06-04 12:05:11,121 - StandardDataPreprocessor - INFO - Encoding categorical variables
2025-06-04 12:05:11,121 - StandardDataPreprocessor - INFO - Encoding categorical variables
2025-06-04 12:05:11,121 - StandardDataPreprocessor - DEBUG - Encoding categorical variables
2025-06-04 12:05:11,121 - StandardDataPreprocessor - DEBUG - Encoding categorical variables
2025-06-04 12:05:11,121 - StandardDataPreprocessor - INFO - Encoding categorical column: contract_type
2025-06-04 12:05:11,121 - StandardDataPreprocessor - INFO - Encoding categorical column: contract_type
2025-06-04 12:05:11,121 - StandardDataPreprocessor - INFO - Encoding categorical column: payment_method
2025-06-04 12:05:11,121 - StandardDataPreprocessor - INFO - Encoding categorical column: payment_method
2025-06-04 12:05:11,122 - StandardDataPreprocessor - INFO - Encoding categorical column: paperless_billing
2025-06-04 12:05:11,122 - StandardDataPreprocessor - INFO - Encoding categorical column: paperless_billing
2025-06-04 12:05:11,122 - StandardDataPreprocessor - INFO - Encoding categorical column: internet_service
2025-06-04 12:05:11,122 - StandardDataPreprocessor - INFO - Encoding categorical column: internet_service
2025-06-04 12:05:11,122 - StandardDataPreprocessor - INFO - Encoding categorical column: online_security
2025-06-04 12:05:11,122 - StandardDataPreprocessor - INFO - Encoding categorical column: online_security
2025-06-04 12:05:11,122 - StandardDataPreprocessor - INFO - Encoding categorical column: online_backup
2025-06-04 12:05:11,122 - StandardDataPreprocessor - INFO - Encoding categorical column: online_backup
2025-06-04 12:05:11,123 - StandardDataPreprocessor - INFO - Encoding categorical column: device_protection
2025-06-04 12:05:11,123 - StandardDataPreprocessor - INFO - Encoding categorical column: device_protection
2025-06-04 12:05:11,123 - StandardDataPreprocessor - INFO - Encoding categorical column: tech_support
2025-06-04 12:05:11,123 - StandardDataPreprocessor - INFO - Encoding categorical column: tech_support
2025-06-04 12:05:11,123 - StandardDataPreprocessor - INFO - Encoding categorical column: streaming_tv
2025-06-04 12:05:11,123 - StandardDataPreprocessor - INFO - Encoding categorical column: streaming_tv
2025-06-04 12:05:11,123 - StandardDataPreprocessor - INFO - Encoding categorical column: streaming_movies
2025-06-04 12:05:11,123 - StandardDataPreprocessor - INFO - Encoding categorical column: streaming_movies
2025-06-04 12:05:11,124 - StandardDataPreprocessor - INFO - Encoding target column: churn
2025-06-04 12:05:11,124 - StandardDataPreprocessor - INFO - Encoding target column: churn
2025-06-04 12:05:11,124 - StandardDataPreprocessor - INFO - Scaling numerical variables
2025-06-04 12:05:11,124 - StandardDataPreprocessor - INFO - Scaling numerical variables
2025-06-04 12:05:11,124 - StandardDataPreprocessor - DEBUG - Scaling numerical variables
2025-06-04 12:05:11,124 - StandardDataPreprocessor - DEBUG - Scaling numerical variables
2025-06-04 12:05:11,124 - StandardDataPreprocessor - INFO - Scaling 13 numerical columns
2025-06-04 12:05:11,124 - StandardDataPreprocessor - INFO - Scaling 13 numerical columns
2025-06-04 12:05:11,128 - StandardDataPreprocessor - INFO - Preprocessing completed successfully
2025-06-04 12:05:11,128 - StandardDataPreprocessor - INFO - Preprocessing completed successfully
2025-06-04 12:05:11,128 - StandardDataPreprocessor - INFO - Splitting features and target variable: churn
2025-06-04 12:05:11,128 - StandardDataPreprocessor - INFO - Splitting features and target variable: churn
2025-06-04 12:05:11,129 - StandardDataPreprocessor - INFO - Split complete: 5 features, 5 target values
2025-06-04 12:05:11,129 - StandardDataPreprocessor - INFO - Split complete: 5 features, 5 target values
2025-06-04 12:05:11,136 - StandardDataPreprocessor - INFO - Initializing StandardDataPreprocessor
2025-06-04 12:05:11,136 - StandardDataPreprocessor - INFO - Initializing StandardDataPreprocessor
2025-06-04 12:05:11,136 - StandardDataPreprocessor - INFO - Initializing StandardDataPreprocessor
2025-06-04 12:05:11,136 - StandardDataPreprocessor - INFO - Starting data preprocessing
2025-06-04 12:05:11,136 - StandardDataPreprocessor - INFO - Starting data preprocessing
2025-06-04 12:05:11,136 - StandardDataPreprocessor - INFO - Starting data preprocessing
2025-06-04 12:05:11,136 - StandardDataPreprocessor - INFO - Dropping customer_id column
2025-06-04 12:05:11,136 - StandardDataPreprocessor - INFO - Dropping customer_id column
2025-06-04 12:05:11,136 - StandardDataPreprocessor - INFO - Dropping customer_id column
2025-06-04 12:05:11,137 - StandardDataPreprocessor - INFO - Handling missing values
2025-06-04 12:05:11,137 - StandardDataPreprocessor - INFO - Handling missing values
2025-06-04 12:05:11,137 - StandardDataPreprocessor - INFO - Handling missing values
2025-06-04 12:05:11,137 - StandardDataPreprocessor - DEBUG - Handling missing values
2025-06-04 12:05:11,137 - StandardDataPreprocessor - DEBUG - Handling missing values
2025-06-04 12:05:11,137 - StandardDataPreprocessor - DEBUG - Handling missing values
2025-06-04 12:05:11,138 - StandardDataPreprocessor - INFO - Encoding categorical variables
2025-06-04 12:05:11,138 - StandardDataPreprocessor - INFO - Encoding categorical variables
2025-06-04 12:05:11,138 - StandardDataPreprocessor - INFO - Encoding categorical variables
2025-06-04 12:05:11,138 - StandardDataPreprocessor - DEBUG - Encoding categorical variables
2025-06-04 12:05:11,138 - StandardDataPreprocessor - DEBUG - Encoding categorical variables
2025-06-04 12:05:11,138 - StandardDataPreprocessor - DEBUG - Encoding categorical variables
2025-06-04 12:05:11,139 - StandardDataPreprocessor - INFO - Encoding categorical column: contract_type
2025-06-04 12:05:11,139 - StandardDataPreprocessor - INFO - Encoding categorical column: contract_type
2025-06-04 12:05:11,139 - StandardDataPreprocessor - INFO - Encoding categorical column: contract_type
2025-06-04 12:05:11,139 - StandardDataPreprocessor - INFO - Encoding categorical column: payment_method
2025-06-04 12:05:11,139 - StandardDataPreprocessor - INFO - Encoding categorical column: payment_method
2025-06-04 12:05:11,139 - StandardDataPreprocessor - INFO - Encoding categorical column: payment_method
2025-06-04 12:05:11,139 - StandardDataPreprocessor - INFO - Encoding categorical column: paperless_billing
2025-06-04 12:05:11,139 - StandardDataPreprocessor - INFO - Encoding categorical column: paperless_billing
2025-06-04 12:05:11,139 - StandardDataPreprocessor - INFO - Encoding categorical column: paperless_billing
2025-06-04 12:05:11,139 - StandardDataPreprocessor - INFO - Encoding categorical column: internet_service
2025-06-04 12:05:11,139 - StandardDataPreprocessor - INFO - Encoding categorical column: internet_service
2025-06-04 12:05:11,139 - StandardDataPreprocessor - INFO - Encoding categorical column: internet_service
2025-06-04 12:05:11,140 - StandardDataPreprocessor - INFO - Encoding categorical column: online_security
2025-06-04 12:05:11,140 - StandardDataPreprocessor - INFO - Encoding categorical column: online_security
2025-06-04 12:05:11,140 - StandardDataPreprocessor - INFO - Encoding categorical column: online_security
2025-06-04 12:05:11,140 - StandardDataPreprocessor - INFO - Encoding categorical column: online_backup
2025-06-04 12:05:11,140 - StandardDataPreprocessor - INFO - Encoding categorical column: online_backup
2025-06-04 12:05:11,140 - StandardDataPreprocessor - INFO - Encoding categorical column: online_backup
2025-06-04 12:05:11,140 - StandardDataPreprocessor - INFO - Encoding categorical column: device_protection
2025-06-04 12:05:11,140 - StandardDataPreprocessor - INFO - Encoding categorical column: device_protection
2025-06-04 12:05:11,140 - StandardDataPreprocessor - INFO - Encoding categorical column: device_protection
2025-06-04 12:05:11,140 - StandardDataPreprocessor - INFO - Encoding categorical column: tech_support
2025-06-04 12:05:11,140 - StandardDataPreprocessor - INFO - Encoding categorical column: tech_support
2025-06-04 12:05:11,140 - StandardDataPreprocessor - INFO - Encoding categorical column: tech_support
2025-06-04 12:05:11,141 - StandardDataPreprocessor - INFO - Encoding categorical column: streaming_tv
2025-06-04 12:05:11,141 - StandardDataPreprocessor - INFO - Encoding categorical column: streaming_tv
2025-06-04 12:05:11,141 - StandardDataPreprocessor - INFO - Encoding categorical column: streaming_tv
2025-06-04 12:05:11,141 - StandardDataPreprocessor - INFO - Encoding categorical column: streaming_movies
2025-06-04 12:05:11,141 - StandardDataPreprocessor - INFO - Encoding categorical column: streaming_movies
2025-06-04 12:05:11,141 - StandardDataPreprocessor - INFO - Encoding categorical column: streaming_movies
2025-06-04 12:05:11,142 - StandardDataPreprocessor - INFO - Encoding target column: churn
2025-06-04 12:05:11,142 - StandardDataPreprocessor - INFO - Encoding target column: churn
2025-06-04 12:05:11,142 - StandardDataPreprocessor - INFO - Encoding target column: churn
2025-06-04 12:05:11,142 - StandardDataPreprocessor - INFO - Scaling numerical variables
2025-06-04 12:05:11,142 - StandardDataPreprocessor - INFO - Scaling numerical variables
2025-06-04 12:05:11,142 - StandardDataPreprocessor - INFO - Scaling numerical variables
2025-06-04 12:05:11,142 - StandardDataPreprocessor - DEBUG - Scaling numerical variables
2025-06-04 12:05:11,142 - StandardDataPreprocessor - DEBUG - Scaling numerical variables
2025-06-04 12:05:11,142 - StandardDataPreprocessor - DEBUG - Scaling numerical variables
2025-06-04 12:05:11,143 - StandardDataPreprocessor - INFO - Scaling 13 numerical columns
2025-06-04 12:05:11,143 - StandardDataPreprocessor - INFO - Scaling 13 numerical columns
2025-06-04 12:05:11,143 - StandardDataPreprocessor - INFO - Scaling 13 numerical columns
2025-06-04 12:05:11,146 - StandardDataPreprocessor - INFO - Preprocessing completed successfully
2025-06-04 12:05:11,146 - StandardDataPreprocessor - INFO - Preprocessing completed successfully
2025-06-04 12:05:11,146 - StandardDataPreprocessor - INFO - Preprocessing completed successfully
2025-06-04 12:05:11,146 - StandardDataPreprocessor - INFO - Splitting features and target variable: churn
2025-06-04 12:05:11,146 - StandardDataPreprocessor - INFO - Splitting features and target variable: churn
2025-06-04 12:05:11,146 - StandardDataPreprocessor - INFO - Splitting features and target variable: churn
2025-06-04 12:05:11,147 - StandardDataPreprocessor - INFO - Split complete: 5 features, 5 target values
2025-06-04 12:05:11,147 - StandardDataPreprocessor - INFO - Split complete: 5 features, 5 target values
2025-06-04 12:05:11,147 - StandardDataPreprocessor - INFO - Split complete: 5 features, 5 target values
